[2025-05-18T12:49:02.205+0000] {processor.py:161} INFO - Started process (PID=106) to work on /home/airflow/.local/lib/python3.9/site-packages/airflow/example_dags/example_kubernetes_executor.py
[2025-05-18T12:49:02.206+0000] {processor.py:830} INFO - Processing file /home/airflow/.local/lib/python3.9/site-packages/airflow/example_dags/example_kubernetes_executor.py for tasks to queue
[2025-05-18T12:49:02.226+0000] {logging_mixin.py:188} INFO - [2025-05-18T12:49:02.226+0000] {dagbag.py:545} INFO - Filling up the DagBag from /home/airflow/.local/lib/python3.9/site-packages/airflow/example_dags/example_kubernetes_executor.py
[2025-05-18T12:49:02.332+0000] {processor.py:840} INFO - DAG(s) 'example_kubernetes_executor' retrieved from /home/airflow/.local/lib/python3.9/site-packages/airflow/example_dags/example_kubernetes_executor.py
[2025-05-18T12:49:02.425+0000] {logging_mixin.py:188} INFO - [2025-05-18T12:49:02.425+0000] {dag.py:3096} INFO - Sync 1 DAGs
[2025-05-18T12:49:02.556+0000] {logging_mixin.py:188} INFO - [2025-05-18T12:49:02.555+0000] {dag.py:3118} INFO - Creating ORM DAG for example_kubernetes_executor
[2025-05-18T12:49:02.567+0000] {logging_mixin.py:188} INFO - [2025-05-18T12:49:02.567+0000] {dag.py:3954} INFO - Setting next_dagrun for example_kubernetes_executor to None, run_after=None
[2025-05-18T12:49:02.691+0000] {processor.py:183} INFO - Processing /home/airflow/.local/lib/python3.9/site-packages/airflow/example_dags/example_kubernetes_executor.py took 0.545 seconds
[2025-05-18T12:49:34.109+0000] {processor.py:161} INFO - Started process (PID=172) to work on /home/airflow/.local/lib/python3.9/site-packages/airflow/example_dags/example_kubernetes_executor.py
[2025-05-18T12:49:34.110+0000] {processor.py:830} INFO - Processing file /home/airflow/.local/lib/python3.9/site-packages/airflow/example_dags/example_kubernetes_executor.py for tasks to queue
[2025-05-18T12:49:34.113+0000] {logging_mixin.py:188} INFO - [2025-05-18T12:49:34.113+0000] {dagbag.py:545} INFO - Filling up the DagBag from /home/airflow/.local/lib/python3.9/site-packages/airflow/example_dags/example_kubernetes_executor.py
[2025-05-18T12:49:34.173+0000] {processor.py:840} INFO - DAG(s) 'example_kubernetes_executor' retrieved from /home/airflow/.local/lib/python3.9/site-packages/airflow/example_dags/example_kubernetes_executor.py
[2025-05-18T12:49:34.769+0000] {logging_mixin.py:188} INFO - [2025-05-18T12:49:34.769+0000] {dag.py:3096} INFO - Sync 1 DAGs
[2025-05-18T12:49:34.846+0000] {logging_mixin.py:188} INFO - [2025-05-18T12:49:34.846+0000] {dag.py:3954} INFO - Setting next_dagrun for example_kubernetes_executor to None, run_after=None
[2025-05-18T12:49:35.006+0000] {processor.py:183} INFO - Processing /home/airflow/.local/lib/python3.9/site-packages/airflow/example_dags/example_kubernetes_executor.py took 0.941 seconds
[2025-05-18T12:50:05.535+0000] {processor.py:161} INFO - Started process (PID=238) to work on /home/airflow/.local/lib/python3.9/site-packages/airflow/example_dags/example_kubernetes_executor.py
[2025-05-18T12:50:05.545+0000] {processor.py:830} INFO - Processing file /home/airflow/.local/lib/python3.9/site-packages/airflow/example_dags/example_kubernetes_executor.py for tasks to queue
[2025-05-18T12:50:05.547+0000] {logging_mixin.py:188} INFO - [2025-05-18T12:50:05.547+0000] {dagbag.py:545} INFO - Filling up the DagBag from /home/airflow/.local/lib/python3.9/site-packages/airflow/example_dags/example_kubernetes_executor.py
[2025-05-18T12:50:05.591+0000] {processor.py:840} INFO - DAG(s) 'example_kubernetes_executor' retrieved from /home/airflow/.local/lib/python3.9/site-packages/airflow/example_dags/example_kubernetes_executor.py
[2025-05-18T12:50:05.705+0000] {logging_mixin.py:188} INFO - [2025-05-18T12:50:05.705+0000] {dag.py:3096} INFO - Sync 1 DAGs
[2025-05-18T12:50:05.731+0000] {logging_mixin.py:188} INFO - [2025-05-18T12:50:05.731+0000] {dag.py:3954} INFO - Setting next_dagrun for example_kubernetes_executor to None, run_after=None
[2025-05-18T12:50:05.808+0000] {processor.py:183} INFO - Processing /home/airflow/.local/lib/python3.9/site-packages/airflow/example_dags/example_kubernetes_executor.py took 0.282 seconds
[2025-05-18T12:50:36.271+0000] {processor.py:161} INFO - Started process (PID=304) to work on /home/airflow/.local/lib/python3.9/site-packages/airflow/example_dags/example_kubernetes_executor.py
[2025-05-18T12:50:36.272+0000] {processor.py:830} INFO - Processing file /home/airflow/.local/lib/python3.9/site-packages/airflow/example_dags/example_kubernetes_executor.py for tasks to queue
[2025-05-18T12:50:36.274+0000] {logging_mixin.py:188} INFO - [2025-05-18T12:50:36.274+0000] {dagbag.py:545} INFO - Filling up the DagBag from /home/airflow/.local/lib/python3.9/site-packages/airflow/example_dags/example_kubernetes_executor.py
[2025-05-18T12:50:36.296+0000] {processor.py:840} INFO - DAG(s) 'example_kubernetes_executor' retrieved from /home/airflow/.local/lib/python3.9/site-packages/airflow/example_dags/example_kubernetes_executor.py
[2025-05-18T12:50:36.391+0000] {logging_mixin.py:188} INFO - [2025-05-18T12:50:36.391+0000] {dag.py:3096} INFO - Sync 1 DAGs
[2025-05-18T12:50:36.428+0000] {logging_mixin.py:188} INFO - [2025-05-18T12:50:36.427+0000] {dag.py:3954} INFO - Setting next_dagrun for example_kubernetes_executor to None, run_after=None
[2025-05-18T12:50:36.474+0000] {processor.py:183} INFO - Processing /home/airflow/.local/lib/python3.9/site-packages/airflow/example_dags/example_kubernetes_executor.py took 0.213 seconds
[2025-05-18T12:51:06.791+0000] {processor.py:161} INFO - Started process (PID=370) to work on /home/airflow/.local/lib/python3.9/site-packages/airflow/example_dags/example_kubernetes_executor.py
[2025-05-18T12:51:06.792+0000] {processor.py:830} INFO - Processing file /home/airflow/.local/lib/python3.9/site-packages/airflow/example_dags/example_kubernetes_executor.py for tasks to queue
[2025-05-18T12:51:06.795+0000] {logging_mixin.py:188} INFO - [2025-05-18T12:51:06.794+0000] {dagbag.py:545} INFO - Filling up the DagBag from /home/airflow/.local/lib/python3.9/site-packages/airflow/example_dags/example_kubernetes_executor.py
[2025-05-18T12:51:06.830+0000] {processor.py:840} INFO - DAG(s) 'example_kubernetes_executor' retrieved from /home/airflow/.local/lib/python3.9/site-packages/airflow/example_dags/example_kubernetes_executor.py
[2025-05-18T12:51:06.911+0000] {logging_mixin.py:188} INFO - [2025-05-18T12:51:06.911+0000] {dag.py:3096} INFO - Sync 1 DAGs
[2025-05-18T12:51:06.943+0000] {logging_mixin.py:188} INFO - [2025-05-18T12:51:06.943+0000] {dag.py:3954} INFO - Setting next_dagrun for example_kubernetes_executor to None, run_after=None
[2025-05-18T12:51:06.990+0000] {processor.py:183} INFO - Processing /home/airflow/.local/lib/python3.9/site-packages/airflow/example_dags/example_kubernetes_executor.py took 0.217 seconds
[2025-05-18T12:51:37.051+0000] {processor.py:161} INFO - Started process (PID=436) to work on /home/airflow/.local/lib/python3.9/site-packages/airflow/example_dags/example_kubernetes_executor.py
[2025-05-18T12:51:37.052+0000] {processor.py:830} INFO - Processing file /home/airflow/.local/lib/python3.9/site-packages/airflow/example_dags/example_kubernetes_executor.py for tasks to queue
[2025-05-18T12:51:37.055+0000] {logging_mixin.py:188} INFO - [2025-05-18T12:51:37.054+0000] {dagbag.py:545} INFO - Filling up the DagBag from /home/airflow/.local/lib/python3.9/site-packages/airflow/example_dags/example_kubernetes_executor.py
[2025-05-18T12:51:37.073+0000] {processor.py:840} INFO - DAG(s) 'example_kubernetes_executor' retrieved from /home/airflow/.local/lib/python3.9/site-packages/airflow/example_dags/example_kubernetes_executor.py
[2025-05-18T12:51:37.151+0000] {logging_mixin.py:188} INFO - [2025-05-18T12:51:37.150+0000] {dag.py:3096} INFO - Sync 1 DAGs
[2025-05-18T12:51:37.185+0000] {logging_mixin.py:188} INFO - [2025-05-18T12:51:37.185+0000] {dag.py:3954} INFO - Setting next_dagrun for example_kubernetes_executor to None, run_after=None
[2025-05-18T12:51:37.246+0000] {processor.py:183} INFO - Processing /home/airflow/.local/lib/python3.9/site-packages/airflow/example_dags/example_kubernetes_executor.py took 0.203 seconds
[2025-05-18T12:52:07.327+0000] {processor.py:161} INFO - Started process (PID=502) to work on /home/airflow/.local/lib/python3.9/site-packages/airflow/example_dags/example_kubernetes_executor.py
[2025-05-18T12:52:07.329+0000] {processor.py:830} INFO - Processing file /home/airflow/.local/lib/python3.9/site-packages/airflow/example_dags/example_kubernetes_executor.py for tasks to queue
[2025-05-18T12:52:07.332+0000] {logging_mixin.py:188} INFO - [2025-05-18T12:52:07.331+0000] {dagbag.py:545} INFO - Filling up the DagBag from /home/airflow/.local/lib/python3.9/site-packages/airflow/example_dags/example_kubernetes_executor.py
[2025-05-18T12:52:07.369+0000] {processor.py:840} INFO - DAG(s) 'example_kubernetes_executor' retrieved from /home/airflow/.local/lib/python3.9/site-packages/airflow/example_dags/example_kubernetes_executor.py
[2025-05-18T12:52:07.494+0000] {logging_mixin.py:188} INFO - [2025-05-18T12:52:07.494+0000] {dag.py:3096} INFO - Sync 1 DAGs
[2025-05-18T12:52:07.513+0000] {logging_mixin.py:188} INFO - [2025-05-18T12:52:07.513+0000] {dag.py:3954} INFO - Setting next_dagrun for example_kubernetes_executor to None, run_after=None
[2025-05-18T12:52:07.539+0000] {processor.py:183} INFO - Processing /home/airflow/.local/lib/python3.9/site-packages/airflow/example_dags/example_kubernetes_executor.py took 0.231 seconds
[2025-05-18T12:52:37.936+0000] {processor.py:161} INFO - Started process (PID=568) to work on /home/airflow/.local/lib/python3.9/site-packages/airflow/example_dags/example_kubernetes_executor.py
[2025-05-18T12:52:37.945+0000] {processor.py:830} INFO - Processing file /home/airflow/.local/lib/python3.9/site-packages/airflow/example_dags/example_kubernetes_executor.py for tasks to queue
[2025-05-18T12:52:37.948+0000] {logging_mixin.py:188} INFO - [2025-05-18T12:52:37.947+0000] {dagbag.py:545} INFO - Filling up the DagBag from /home/airflow/.local/lib/python3.9/site-packages/airflow/example_dags/example_kubernetes_executor.py
[2025-05-18T12:52:37.966+0000] {processor.py:840} INFO - DAG(s) 'example_kubernetes_executor' retrieved from /home/airflow/.local/lib/python3.9/site-packages/airflow/example_dags/example_kubernetes_executor.py
[2025-05-18T12:52:38.035+0000] {logging_mixin.py:188} INFO - [2025-05-18T12:52:38.034+0000] {dag.py:3096} INFO - Sync 1 DAGs
[2025-05-18T12:52:38.054+0000] {logging_mixin.py:188} INFO - [2025-05-18T12:52:38.054+0000] {dag.py:3954} INFO - Setting next_dagrun for example_kubernetes_executor to None, run_after=None
[2025-05-18T12:52:38.078+0000] {processor.py:183} INFO - Processing /home/airflow/.local/lib/python3.9/site-packages/airflow/example_dags/example_kubernetes_executor.py took 0.152 seconds
[2025-05-18T12:53:08.767+0000] {processor.py:161} INFO - Started process (PID=634) to work on /home/airflow/.local/lib/python3.9/site-packages/airflow/example_dags/example_kubernetes_executor.py
[2025-05-18T12:53:08.768+0000] {processor.py:830} INFO - Processing file /home/airflow/.local/lib/python3.9/site-packages/airflow/example_dags/example_kubernetes_executor.py for tasks to queue
[2025-05-18T12:53:08.771+0000] {logging_mixin.py:188} INFO - [2025-05-18T12:53:08.771+0000] {dagbag.py:545} INFO - Filling up the DagBag from /home/airflow/.local/lib/python3.9/site-packages/airflow/example_dags/example_kubernetes_executor.py
[2025-05-18T12:53:08.804+0000] {processor.py:840} INFO - DAG(s) 'example_kubernetes_executor' retrieved from /home/airflow/.local/lib/python3.9/site-packages/airflow/example_dags/example_kubernetes_executor.py
[2025-05-18T12:53:08.879+0000] {logging_mixin.py:188} INFO - [2025-05-18T12:53:08.878+0000] {dag.py:3096} INFO - Sync 1 DAGs
[2025-05-18T12:53:08.917+0000] {logging_mixin.py:188} INFO - [2025-05-18T12:53:08.916+0000] {dag.py:3954} INFO - Setting next_dagrun for example_kubernetes_executor to None, run_after=None
[2025-05-18T12:53:08.944+0000] {processor.py:183} INFO - Processing /home/airflow/.local/lib/python3.9/site-packages/airflow/example_dags/example_kubernetes_executor.py took 0.196 seconds
[2025-05-18T12:53:39.304+0000] {processor.py:161} INFO - Started process (PID=706) to work on /home/airflow/.local/lib/python3.9/site-packages/airflow/example_dags/example_kubernetes_executor.py
[2025-05-18T12:53:39.306+0000] {processor.py:830} INFO - Processing file /home/airflow/.local/lib/python3.9/site-packages/airflow/example_dags/example_kubernetes_executor.py for tasks to queue
[2025-05-18T12:53:39.310+0000] {logging_mixin.py:188} INFO - [2025-05-18T12:53:39.309+0000] {dagbag.py:545} INFO - Filling up the DagBag from /home/airflow/.local/lib/python3.9/site-packages/airflow/example_dags/example_kubernetes_executor.py
[2025-05-18T12:53:39.353+0000] {processor.py:840} INFO - DAG(s) 'example_kubernetes_executor' retrieved from /home/airflow/.local/lib/python3.9/site-packages/airflow/example_dags/example_kubernetes_executor.py
[2025-05-18T12:53:39.473+0000] {logging_mixin.py:188} INFO - [2025-05-18T12:53:39.473+0000] {dag.py:3096} INFO - Sync 1 DAGs
[2025-05-18T12:53:39.513+0000] {logging_mixin.py:188} INFO - [2025-05-18T12:53:39.513+0000] {dag.py:3954} INFO - Setting next_dagrun for example_kubernetes_executor to None, run_after=None
[2025-05-18T12:53:39.561+0000] {processor.py:183} INFO - Processing /home/airflow/.local/lib/python3.9/site-packages/airflow/example_dags/example_kubernetes_executor.py took 0.286 seconds
[2025-05-18T12:54:09.630+0000] {processor.py:161} INFO - Started process (PID=773) to work on /home/airflow/.local/lib/python3.9/site-packages/airflow/example_dags/example_kubernetes_executor.py
[2025-05-18T12:54:09.631+0000] {processor.py:830} INFO - Processing file /home/airflow/.local/lib/python3.9/site-packages/airflow/example_dags/example_kubernetes_executor.py for tasks to queue
[2025-05-18T12:54:09.634+0000] {logging_mixin.py:188} INFO - [2025-05-18T12:54:09.633+0000] {dagbag.py:545} INFO - Filling up the DagBag from /home/airflow/.local/lib/python3.9/site-packages/airflow/example_dags/example_kubernetes_executor.py
[2025-05-18T12:54:09.668+0000] {processor.py:840} INFO - DAG(s) 'example_kubernetes_executor' retrieved from /home/airflow/.local/lib/python3.9/site-packages/airflow/example_dags/example_kubernetes_executor.py
[2025-05-18T12:54:09.754+0000] {logging_mixin.py:188} INFO - [2025-05-18T12:54:09.753+0000] {dag.py:3096} INFO - Sync 1 DAGs
[2025-05-18T12:54:09.790+0000] {logging_mixin.py:188} INFO - [2025-05-18T12:54:09.789+0000] {dag.py:3954} INFO - Setting next_dagrun for example_kubernetes_executor to None, run_after=None
[2025-05-18T12:54:09.832+0000] {processor.py:183} INFO - Processing /home/airflow/.local/lib/python3.9/site-packages/airflow/example_dags/example_kubernetes_executor.py took 0.212 seconds
[2025-05-18T12:54:39.934+0000] {processor.py:161} INFO - Started process (PID=840) to work on /home/airflow/.local/lib/python3.9/site-packages/airflow/example_dags/example_kubernetes_executor.py
[2025-05-18T12:54:39.935+0000] {processor.py:830} INFO - Processing file /home/airflow/.local/lib/python3.9/site-packages/airflow/example_dags/example_kubernetes_executor.py for tasks to queue
[2025-05-18T12:54:39.938+0000] {logging_mixin.py:188} INFO - [2025-05-18T12:54:39.938+0000] {dagbag.py:545} INFO - Filling up the DagBag from /home/airflow/.local/lib/python3.9/site-packages/airflow/example_dags/example_kubernetes_executor.py
[2025-05-18T12:54:39.972+0000] {processor.py:840} INFO - DAG(s) 'example_kubernetes_executor' retrieved from /home/airflow/.local/lib/python3.9/site-packages/airflow/example_dags/example_kubernetes_executor.py
[2025-05-18T12:54:40.048+0000] {logging_mixin.py:188} INFO - [2025-05-18T12:54:40.048+0000] {dag.py:3096} INFO - Sync 1 DAGs
[2025-05-18T12:54:40.073+0000] {logging_mixin.py:188} INFO - [2025-05-18T12:54:40.073+0000] {dag.py:3954} INFO - Setting next_dagrun for example_kubernetes_executor to None, run_after=None
[2025-05-18T12:54:40.104+0000] {processor.py:183} INFO - Processing /home/airflow/.local/lib/python3.9/site-packages/airflow/example_dags/example_kubernetes_executor.py took 0.188 seconds
[2025-05-18T12:55:10.558+0000] {processor.py:161} INFO - Started process (PID=907) to work on /home/airflow/.local/lib/python3.9/site-packages/airflow/example_dags/example_kubernetes_executor.py
[2025-05-18T12:55:10.559+0000] {processor.py:830} INFO - Processing file /home/airflow/.local/lib/python3.9/site-packages/airflow/example_dags/example_kubernetes_executor.py for tasks to queue
[2025-05-18T12:55:10.563+0000] {logging_mixin.py:188} INFO - [2025-05-18T12:55:10.562+0000] {dagbag.py:545} INFO - Filling up the DagBag from /home/airflow/.local/lib/python3.9/site-packages/airflow/example_dags/example_kubernetes_executor.py
[2025-05-18T12:55:10.591+0000] {processor.py:840} INFO - DAG(s) 'example_kubernetes_executor' retrieved from /home/airflow/.local/lib/python3.9/site-packages/airflow/example_dags/example_kubernetes_executor.py
[2025-05-18T12:55:10.679+0000] {logging_mixin.py:188} INFO - [2025-05-18T12:55:10.679+0000] {dag.py:3096} INFO - Sync 1 DAGs
[2025-05-18T12:55:10.704+0000] {logging_mixin.py:188} INFO - [2025-05-18T12:55:10.704+0000] {dag.py:3954} INFO - Setting next_dagrun for example_kubernetes_executor to None, run_after=None
[2025-05-18T12:55:10.740+0000] {processor.py:183} INFO - Processing /home/airflow/.local/lib/python3.9/site-packages/airflow/example_dags/example_kubernetes_executor.py took 0.195 seconds
[2025-05-18T12:55:40.929+0000] {processor.py:161} INFO - Started process (PID=981) to work on /home/airflow/.local/lib/python3.9/site-packages/airflow/example_dags/example_kubernetes_executor.py
[2025-05-18T12:55:40.931+0000] {processor.py:830} INFO - Processing file /home/airflow/.local/lib/python3.9/site-packages/airflow/example_dags/example_kubernetes_executor.py for tasks to queue
[2025-05-18T12:55:40.933+0000] {logging_mixin.py:188} INFO - [2025-05-18T12:55:40.933+0000] {dagbag.py:545} INFO - Filling up the DagBag from /home/airflow/.local/lib/python3.9/site-packages/airflow/example_dags/example_kubernetes_executor.py
[2025-05-18T12:55:40.956+0000] {processor.py:840} INFO - DAG(s) 'example_kubernetes_executor' retrieved from /home/airflow/.local/lib/python3.9/site-packages/airflow/example_dags/example_kubernetes_executor.py
[2025-05-18T12:55:41.058+0000] {logging_mixin.py:188} INFO - [2025-05-18T12:55:41.058+0000] {dag.py:3096} INFO - Sync 1 DAGs
[2025-05-18T12:55:41.076+0000] {logging_mixin.py:188} INFO - [2025-05-18T12:55:41.076+0000] {dag.py:3954} INFO - Setting next_dagrun for example_kubernetes_executor to None, run_after=None
[2025-05-18T12:55:41.126+0000] {processor.py:183} INFO - Processing /home/airflow/.local/lib/python3.9/site-packages/airflow/example_dags/example_kubernetes_executor.py took 0.206 seconds
[2025-05-18T12:56:11.476+0000] {processor.py:161} INFO - Started process (PID=1048) to work on /home/airflow/.local/lib/python3.9/site-packages/airflow/example_dags/example_kubernetes_executor.py
[2025-05-18T12:56:11.485+0000] {processor.py:830} INFO - Processing file /home/airflow/.local/lib/python3.9/site-packages/airflow/example_dags/example_kubernetes_executor.py for tasks to queue
[2025-05-18T12:56:11.488+0000] {logging_mixin.py:188} INFO - [2025-05-18T12:56:11.487+0000] {dagbag.py:545} INFO - Filling up the DagBag from /home/airflow/.local/lib/python3.9/site-packages/airflow/example_dags/example_kubernetes_executor.py
[2025-05-18T12:56:11.531+0000] {processor.py:840} INFO - DAG(s) 'example_kubernetes_executor' retrieved from /home/airflow/.local/lib/python3.9/site-packages/airflow/example_dags/example_kubernetes_executor.py
[2025-05-18T12:56:11.647+0000] {logging_mixin.py:188} INFO - [2025-05-18T12:56:11.647+0000] {dag.py:3096} INFO - Sync 1 DAGs
[2025-05-18T12:56:11.676+0000] {logging_mixin.py:188} INFO - [2025-05-18T12:56:11.676+0000] {dag.py:3954} INFO - Setting next_dagrun for example_kubernetes_executor to None, run_after=None
[2025-05-18T12:56:11.747+0000] {processor.py:183} INFO - Processing /home/airflow/.local/lib/python3.9/site-packages/airflow/example_dags/example_kubernetes_executor.py took 0.281 seconds
