[2025-05-18T12:49:07.225+0000] {processor.py:161} INFO - Started process (PID=122) to work on /home/airflow/.local/lib/python3.9/site-packages/airflow/example_dags/example_setup_teardown_taskflow.py
[2025-05-18T12:49:07.227+0000] {processor.py:830} INFO - Processing file /home/airflow/.local/lib/python3.9/site-packages/airflow/example_dags/example_setup_teardown_taskflow.py for tasks to queue
[2025-05-18T12:49:07.248+0000] {logging_mixin.py:188} INFO - [2025-05-18T12:49:07.247+0000] {dagbag.py:545} INFO - Filling up the DagBag from /home/airflow/.local/lib/python3.9/site-packages/airflow/example_dags/example_setup_teardown_taskflow.py
[2025-05-18T12:49:07.309+0000] {processor.py:840} INFO - DAG(s) 'example_setup_teardown_taskflow' retrieved from /home/airflow/.local/lib/python3.9/site-packages/airflow/example_dags/example_setup_teardown_taskflow.py
[2025-05-18T12:49:07.411+0000] {logging_mixin.py:188} INFO - [2025-05-18T12:49:07.410+0000] {dag.py:3096} INFO - Sync 1 DAGs
[2025-05-18T12:49:07.545+0000] {logging_mixin.py:188} INFO - [2025-05-18T12:49:07.532+0000] {dag.py:3118} INFO - Creating ORM DAG for example_setup_teardown_taskflow
[2025-05-18T12:49:07.628+0000] {logging_mixin.py:188} INFO - [2025-05-18T12:49:07.627+0000] {dag.py:3954} INFO - Setting next_dagrun for example_setup_teardown_taskflow to 2025-05-17 00:00:00+00:00, run_after=2025-05-18 00:00:00+00:00
[2025-05-18T12:49:07.810+0000] {processor.py:183} INFO - Processing /home/airflow/.local/lib/python3.9/site-packages/airflow/example_dags/example_setup_teardown_taskflow.py took 0.622 seconds
[2025-05-18T12:49:41.228+0000] {processor.py:161} INFO - Started process (PID=188) to work on /home/airflow/.local/lib/python3.9/site-packages/airflow/example_dags/example_setup_teardown_taskflow.py
[2025-05-18T12:49:41.231+0000] {processor.py:830} INFO - Processing file /home/airflow/.local/lib/python3.9/site-packages/airflow/example_dags/example_setup_teardown_taskflow.py for tasks to queue
[2025-05-18T12:49:41.234+0000] {logging_mixin.py:188} INFO - [2025-05-18T12:49:41.233+0000] {dagbag.py:545} INFO - Filling up the DagBag from /home/airflow/.local/lib/python3.9/site-packages/airflow/example_dags/example_setup_teardown_taskflow.py
[2025-05-18T12:49:41.253+0000] {processor.py:840} INFO - DAG(s) 'example_setup_teardown_taskflow' retrieved from /home/airflow/.local/lib/python3.9/site-packages/airflow/example_dags/example_setup_teardown_taskflow.py
[2025-05-18T12:49:41.491+0000] {logging_mixin.py:188} INFO - [2025-05-18T12:49:41.490+0000] {dag.py:3096} INFO - Sync 1 DAGs
[2025-05-18T12:49:41.528+0000] {logging_mixin.py:188} INFO - [2025-05-18T12:49:41.528+0000] {dag.py:3954} INFO - Setting next_dagrun for example_setup_teardown_taskflow to 2025-05-17 00:00:00+00:00, run_after=2025-05-18 00:00:00+00:00
[2025-05-18T12:49:41.571+0000] {processor.py:183} INFO - Processing /home/airflow/.local/lib/python3.9/site-packages/airflow/example_dags/example_setup_teardown_taskflow.py took 0.363 seconds
[2025-05-18T12:50:11.837+0000] {processor.py:161} INFO - Started process (PID=254) to work on /home/airflow/.local/lib/python3.9/site-packages/airflow/example_dags/example_setup_teardown_taskflow.py
[2025-05-18T12:50:11.838+0000] {processor.py:830} INFO - Processing file /home/airflow/.local/lib/python3.9/site-packages/airflow/example_dags/example_setup_teardown_taskflow.py for tasks to queue
[2025-05-18T12:50:11.841+0000] {logging_mixin.py:188} INFO - [2025-05-18T12:50:11.840+0000] {dagbag.py:545} INFO - Filling up the DagBag from /home/airflow/.local/lib/python3.9/site-packages/airflow/example_dags/example_setup_teardown_taskflow.py
[2025-05-18T12:50:11.853+0000] {processor.py:840} INFO - DAG(s) 'example_setup_teardown_taskflow' retrieved from /home/airflow/.local/lib/python3.9/site-packages/airflow/example_dags/example_setup_teardown_taskflow.py
[2025-05-18T12:50:11.897+0000] {logging_mixin.py:188} INFO - [2025-05-18T12:50:11.896+0000] {dag.py:3096} INFO - Sync 1 DAGs
[2025-05-18T12:50:11.941+0000] {logging_mixin.py:188} INFO - [2025-05-18T12:50:11.941+0000] {dag.py:3954} INFO - Setting next_dagrun for example_setup_teardown_taskflow to 2025-05-17 00:00:00+00:00, run_after=2025-05-18 00:00:00+00:00
[2025-05-18T12:50:11.970+0000] {processor.py:183} INFO - Processing /home/airflow/.local/lib/python3.9/site-packages/airflow/example_dags/example_setup_teardown_taskflow.py took 0.144 seconds
[2025-05-18T12:50:42.659+0000] {processor.py:161} INFO - Started process (PID=320) to work on /home/airflow/.local/lib/python3.9/site-packages/airflow/example_dags/example_setup_teardown_taskflow.py
[2025-05-18T12:50:42.660+0000] {processor.py:830} INFO - Processing file /home/airflow/.local/lib/python3.9/site-packages/airflow/example_dags/example_setup_teardown_taskflow.py for tasks to queue
[2025-05-18T12:50:42.662+0000] {logging_mixin.py:188} INFO - [2025-05-18T12:50:42.662+0000] {dagbag.py:545} INFO - Filling up the DagBag from /home/airflow/.local/lib/python3.9/site-packages/airflow/example_dags/example_setup_teardown_taskflow.py
[2025-05-18T12:50:42.674+0000] {processor.py:840} INFO - DAG(s) 'example_setup_teardown_taskflow' retrieved from /home/airflow/.local/lib/python3.9/site-packages/airflow/example_dags/example_setup_teardown_taskflow.py
[2025-05-18T12:50:42.705+0000] {logging_mixin.py:188} INFO - [2025-05-18T12:50:42.705+0000] {dag.py:3096} INFO - Sync 1 DAGs
[2025-05-18T12:50:42.734+0000] {logging_mixin.py:188} INFO - [2025-05-18T12:50:42.734+0000] {dag.py:3954} INFO - Setting next_dagrun for example_setup_teardown_taskflow to 2025-05-17 00:00:00+00:00, run_after=2025-05-18 00:00:00+00:00
[2025-05-18T12:50:42.760+0000] {processor.py:183} INFO - Processing /home/airflow/.local/lib/python3.9/site-packages/airflow/example_dags/example_setup_teardown_taskflow.py took 0.110 seconds
[2025-05-18T12:51:13.156+0000] {processor.py:161} INFO - Started process (PID=386) to work on /home/airflow/.local/lib/python3.9/site-packages/airflow/example_dags/example_setup_teardown_taskflow.py
[2025-05-18T12:51:13.158+0000] {processor.py:830} INFO - Processing file /home/airflow/.local/lib/python3.9/site-packages/airflow/example_dags/example_setup_teardown_taskflow.py for tasks to queue
[2025-05-18T12:51:13.164+0000] {logging_mixin.py:188} INFO - [2025-05-18T12:51:13.160+0000] {dagbag.py:545} INFO - Filling up the DagBag from /home/airflow/.local/lib/python3.9/site-packages/airflow/example_dags/example_setup_teardown_taskflow.py
[2025-05-18T12:51:13.186+0000] {processor.py:840} INFO - DAG(s) 'example_setup_teardown_taskflow' retrieved from /home/airflow/.local/lib/python3.9/site-packages/airflow/example_dags/example_setup_teardown_taskflow.py
[2025-05-18T12:51:13.237+0000] {logging_mixin.py:188} INFO - [2025-05-18T12:51:13.237+0000] {dag.py:3096} INFO - Sync 1 DAGs
[2025-05-18T12:51:13.292+0000] {logging_mixin.py:188} INFO - [2025-05-18T12:51:13.291+0000] {dag.py:3954} INFO - Setting next_dagrun for example_setup_teardown_taskflow to 2025-05-17 00:00:00+00:00, run_after=2025-05-18 00:00:00+00:00
[2025-05-18T12:51:13.346+0000] {processor.py:183} INFO - Processing /home/airflow/.local/lib/python3.9/site-packages/airflow/example_dags/example_setup_teardown_taskflow.py took 0.199 seconds
[2025-05-18T12:51:43.822+0000] {processor.py:161} INFO - Started process (PID=452) to work on /home/airflow/.local/lib/python3.9/site-packages/airflow/example_dags/example_setup_teardown_taskflow.py
[2025-05-18T12:51:43.824+0000] {processor.py:830} INFO - Processing file /home/airflow/.local/lib/python3.9/site-packages/airflow/example_dags/example_setup_teardown_taskflow.py for tasks to queue
[2025-05-18T12:51:43.828+0000] {logging_mixin.py:188} INFO - [2025-05-18T12:51:43.827+0000] {dagbag.py:545} INFO - Filling up the DagBag from /home/airflow/.local/lib/python3.9/site-packages/airflow/example_dags/example_setup_teardown_taskflow.py
[2025-05-18T12:51:43.845+0000] {processor.py:840} INFO - DAG(s) 'example_setup_teardown_taskflow' retrieved from /home/airflow/.local/lib/python3.9/site-packages/airflow/example_dags/example_setup_teardown_taskflow.py
[2025-05-18T12:51:43.900+0000] {logging_mixin.py:188} INFO - [2025-05-18T12:51:43.899+0000] {dag.py:3096} INFO - Sync 1 DAGs
[2025-05-18T12:51:43.933+0000] {logging_mixin.py:188} INFO - [2025-05-18T12:51:43.933+0000] {dag.py:3954} INFO - Setting next_dagrun for example_setup_teardown_taskflow to 2025-05-17 00:00:00+00:00, run_after=2025-05-18 00:00:00+00:00
[2025-05-18T12:51:43.962+0000] {processor.py:183} INFO - Processing /home/airflow/.local/lib/python3.9/site-packages/airflow/example_dags/example_setup_teardown_taskflow.py took 0.152 seconds
[2025-05-18T12:52:14.061+0000] {processor.py:161} INFO - Started process (PID=518) to work on /home/airflow/.local/lib/python3.9/site-packages/airflow/example_dags/example_setup_teardown_taskflow.py
[2025-05-18T12:52:14.062+0000] {processor.py:830} INFO - Processing file /home/airflow/.local/lib/python3.9/site-packages/airflow/example_dags/example_setup_teardown_taskflow.py for tasks to queue
[2025-05-18T12:52:14.065+0000] {logging_mixin.py:188} INFO - [2025-05-18T12:52:14.064+0000] {dagbag.py:545} INFO - Filling up the DagBag from /home/airflow/.local/lib/python3.9/site-packages/airflow/example_dags/example_setup_teardown_taskflow.py
[2025-05-18T12:52:14.077+0000] {processor.py:840} INFO - DAG(s) 'example_setup_teardown_taskflow' retrieved from /home/airflow/.local/lib/python3.9/site-packages/airflow/example_dags/example_setup_teardown_taskflow.py
[2025-05-18T12:52:14.114+0000] {logging_mixin.py:188} INFO - [2025-05-18T12:52:14.113+0000] {dag.py:3096} INFO - Sync 1 DAGs
[2025-05-18T12:52:14.147+0000] {logging_mixin.py:188} INFO - [2025-05-18T12:52:14.147+0000] {dag.py:3954} INFO - Setting next_dagrun for example_setup_teardown_taskflow to 2025-05-17 00:00:00+00:00, run_after=2025-05-18 00:00:00+00:00
[2025-05-18T12:52:14.173+0000] {processor.py:183} INFO - Processing /home/airflow/.local/lib/python3.9/site-packages/airflow/example_dags/example_setup_teardown_taskflow.py took 0.122 seconds
[2025-05-18T12:52:44.509+0000] {processor.py:161} INFO - Started process (PID=591) to work on /home/airflow/.local/lib/python3.9/site-packages/airflow/example_dags/example_setup_teardown_taskflow.py
[2025-05-18T12:52:44.510+0000] {processor.py:830} INFO - Processing file /home/airflow/.local/lib/python3.9/site-packages/airflow/example_dags/example_setup_teardown_taskflow.py for tasks to queue
[2025-05-18T12:52:44.513+0000] {logging_mixin.py:188} INFO - [2025-05-18T12:52:44.513+0000] {dagbag.py:545} INFO - Filling up the DagBag from /home/airflow/.local/lib/python3.9/site-packages/airflow/example_dags/example_setup_teardown_taskflow.py
[2025-05-18T12:52:44.533+0000] {processor.py:840} INFO - DAG(s) 'example_setup_teardown_taskflow' retrieved from /home/airflow/.local/lib/python3.9/site-packages/airflow/example_dags/example_setup_teardown_taskflow.py
[2025-05-18T12:52:44.595+0000] {logging_mixin.py:188} INFO - [2025-05-18T12:52:44.595+0000] {dag.py:3096} INFO - Sync 1 DAGs
[2025-05-18T12:52:44.646+0000] {logging_mixin.py:188} INFO - [2025-05-18T12:52:44.646+0000] {dag.py:3954} INFO - Setting next_dagrun for example_setup_teardown_taskflow to 2025-05-17 00:00:00+00:00, run_after=2025-05-18 00:00:00+00:00
[2025-05-18T12:52:44.674+0000] {processor.py:183} INFO - Processing /home/airflow/.local/lib/python3.9/site-packages/airflow/example_dags/example_setup_teardown_taskflow.py took 0.185 seconds
[2025-05-18T12:53:15.414+0000] {processor.py:161} INFO - Started process (PID=656) to work on /home/airflow/.local/lib/python3.9/site-packages/airflow/example_dags/example_setup_teardown_taskflow.py
[2025-05-18T12:53:15.416+0000] {processor.py:830} INFO - Processing file /home/airflow/.local/lib/python3.9/site-packages/airflow/example_dags/example_setup_teardown_taskflow.py for tasks to queue
[2025-05-18T12:53:15.418+0000] {logging_mixin.py:188} INFO - [2025-05-18T12:53:15.418+0000] {dagbag.py:545} INFO - Filling up the DagBag from /home/airflow/.local/lib/python3.9/site-packages/airflow/example_dags/example_setup_teardown_taskflow.py
[2025-05-18T12:53:15.432+0000] {processor.py:840} INFO - DAG(s) 'example_setup_teardown_taskflow' retrieved from /home/airflow/.local/lib/python3.9/site-packages/airflow/example_dags/example_setup_teardown_taskflow.py
[2025-05-18T12:53:15.491+0000] {logging_mixin.py:188} INFO - [2025-05-18T12:53:15.491+0000] {dag.py:3096} INFO - Sync 1 DAGs
[2025-05-18T12:53:15.535+0000] {logging_mixin.py:188} INFO - [2025-05-18T12:53:15.534+0000] {dag.py:3954} INFO - Setting next_dagrun for example_setup_teardown_taskflow to 2025-05-17 00:00:00+00:00, run_after=2025-05-18 00:00:00+00:00
[2025-05-18T12:53:15.574+0000] {processor.py:183} INFO - Processing /home/airflow/.local/lib/python3.9/site-packages/airflow/example_dags/example_setup_teardown_taskflow.py took 0.180 seconds
[2025-05-18T12:53:46.268+0000] {processor.py:161} INFO - Started process (PID=723) to work on /home/airflow/.local/lib/python3.9/site-packages/airflow/example_dags/example_setup_teardown_taskflow.py
[2025-05-18T12:53:46.269+0000] {processor.py:830} INFO - Processing file /home/airflow/.local/lib/python3.9/site-packages/airflow/example_dags/example_setup_teardown_taskflow.py for tasks to queue
[2025-05-18T12:53:46.272+0000] {logging_mixin.py:188} INFO - [2025-05-18T12:53:46.272+0000] {dagbag.py:545} INFO - Filling up the DagBag from /home/airflow/.local/lib/python3.9/site-packages/airflow/example_dags/example_setup_teardown_taskflow.py
[2025-05-18T12:53:46.289+0000] {processor.py:840} INFO - DAG(s) 'example_setup_teardown_taskflow' retrieved from /home/airflow/.local/lib/python3.9/site-packages/airflow/example_dags/example_setup_teardown_taskflow.py
[2025-05-18T12:53:46.328+0000] {logging_mixin.py:188} INFO - [2025-05-18T12:53:46.328+0000] {dag.py:3096} INFO - Sync 1 DAGs
[2025-05-18T12:53:46.371+0000] {logging_mixin.py:188} INFO - [2025-05-18T12:53:46.370+0000] {dag.py:3954} INFO - Setting next_dagrun for example_setup_teardown_taskflow to 2025-05-17 00:00:00+00:00, run_after=2025-05-18 00:00:00+00:00
[2025-05-18T12:53:46.399+0000] {processor.py:183} INFO - Processing /home/airflow/.local/lib/python3.9/site-packages/airflow/example_dags/example_setup_teardown_taskflow.py took 0.143 seconds
[2025-05-18T12:54:16.605+0000] {processor.py:161} INFO - Started process (PID=790) to work on /home/airflow/.local/lib/python3.9/site-packages/airflow/example_dags/example_setup_teardown_taskflow.py
[2025-05-18T12:54:16.607+0000] {processor.py:830} INFO - Processing file /home/airflow/.local/lib/python3.9/site-packages/airflow/example_dags/example_setup_teardown_taskflow.py for tasks to queue
[2025-05-18T12:54:16.609+0000] {logging_mixin.py:188} INFO - [2025-05-18T12:54:16.609+0000] {dagbag.py:545} INFO - Filling up the DagBag from /home/airflow/.local/lib/python3.9/site-packages/airflow/example_dags/example_setup_teardown_taskflow.py
[2025-05-18T12:54:16.622+0000] {processor.py:840} INFO - DAG(s) 'example_setup_teardown_taskflow' retrieved from /home/airflow/.local/lib/python3.9/site-packages/airflow/example_dags/example_setup_teardown_taskflow.py
[2025-05-18T12:54:16.654+0000] {logging_mixin.py:188} INFO - [2025-05-18T12:54:16.654+0000] {dag.py:3096} INFO - Sync 1 DAGs
[2025-05-18T12:54:16.684+0000] {logging_mixin.py:188} INFO - [2025-05-18T12:54:16.684+0000] {dag.py:3954} INFO - Setting next_dagrun for example_setup_teardown_taskflow to 2025-05-17 00:00:00+00:00, run_after=2025-05-18 00:00:00+00:00
[2025-05-18T12:54:16.706+0000] {processor.py:183} INFO - Processing /home/airflow/.local/lib/python3.9/site-packages/airflow/example_dags/example_setup_teardown_taskflow.py took 0.110 seconds
[2025-05-18T12:54:46.810+0000] {processor.py:161} INFO - Started process (PID=864) to work on /home/airflow/.local/lib/python3.9/site-packages/airflow/example_dags/example_setup_teardown_taskflow.py
[2025-05-18T12:54:46.811+0000] {processor.py:830} INFO - Processing file /home/airflow/.local/lib/python3.9/site-packages/airflow/example_dags/example_setup_teardown_taskflow.py for tasks to queue
[2025-05-18T12:54:46.814+0000] {logging_mixin.py:188} INFO - [2025-05-18T12:54:46.813+0000] {dagbag.py:545} INFO - Filling up the DagBag from /home/airflow/.local/lib/python3.9/site-packages/airflow/example_dags/example_setup_teardown_taskflow.py
[2025-05-18T12:54:46.831+0000] {processor.py:840} INFO - DAG(s) 'example_setup_teardown_taskflow' retrieved from /home/airflow/.local/lib/python3.9/site-packages/airflow/example_dags/example_setup_teardown_taskflow.py
[2025-05-18T12:54:46.877+0000] {logging_mixin.py:188} INFO - [2025-05-18T12:54:46.876+0000] {dag.py:3096} INFO - Sync 1 DAGs
[2025-05-18T12:54:46.927+0000] {logging_mixin.py:188} INFO - [2025-05-18T12:54:46.927+0000] {dag.py:3954} INFO - Setting next_dagrun for example_setup_teardown_taskflow to 2025-05-17 00:00:00+00:00, run_after=2025-05-18 00:00:00+00:00
[2025-05-18T12:54:46.954+0000] {processor.py:183} INFO - Processing /home/airflow/.local/lib/python3.9/site-packages/airflow/example_dags/example_setup_teardown_taskflow.py took 0.163 seconds
[2025-05-18T12:55:17.525+0000] {processor.py:161} INFO - Started process (PID=931) to work on /home/airflow/.local/lib/python3.9/site-packages/airflow/example_dags/example_setup_teardown_taskflow.py
[2025-05-18T12:55:17.526+0000] {processor.py:830} INFO - Processing file /home/airflow/.local/lib/python3.9/site-packages/airflow/example_dags/example_setup_teardown_taskflow.py for tasks to queue
[2025-05-18T12:55:17.530+0000] {logging_mixin.py:188} INFO - [2025-05-18T12:55:17.530+0000] {dagbag.py:545} INFO - Filling up the DagBag from /home/airflow/.local/lib/python3.9/site-packages/airflow/example_dags/example_setup_teardown_taskflow.py
[2025-05-18T12:55:17.552+0000] {processor.py:840} INFO - DAG(s) 'example_setup_teardown_taskflow' retrieved from /home/airflow/.local/lib/python3.9/site-packages/airflow/example_dags/example_setup_teardown_taskflow.py
[2025-05-18T12:55:17.611+0000] {logging_mixin.py:188} INFO - [2025-05-18T12:55:17.611+0000] {dag.py:3096} INFO - Sync 1 DAGs
[2025-05-18T12:55:17.646+0000] {logging_mixin.py:188} INFO - [2025-05-18T12:55:17.646+0000] {dag.py:3954} INFO - Setting next_dagrun for example_setup_teardown_taskflow to 2025-05-17 00:00:00+00:00, run_after=2025-05-18 00:00:00+00:00
[2025-05-18T12:55:17.675+0000] {processor.py:183} INFO - Processing /home/airflow/.local/lib/python3.9/site-packages/airflow/example_dags/example_setup_teardown_taskflow.py took 0.178 seconds
[2025-05-18T12:55:47.835+0000] {processor.py:161} INFO - Started process (PID=998) to work on /home/airflow/.local/lib/python3.9/site-packages/airflow/example_dags/example_setup_teardown_taskflow.py
[2025-05-18T12:55:47.837+0000] {processor.py:830} INFO - Processing file /home/airflow/.local/lib/python3.9/site-packages/airflow/example_dags/example_setup_teardown_taskflow.py for tasks to queue
[2025-05-18T12:55:47.840+0000] {logging_mixin.py:188} INFO - [2025-05-18T12:55:47.839+0000] {dagbag.py:545} INFO - Filling up the DagBag from /home/airflow/.local/lib/python3.9/site-packages/airflow/example_dags/example_setup_teardown_taskflow.py
[2025-05-18T12:55:47.857+0000] {processor.py:840} INFO - DAG(s) 'example_setup_teardown_taskflow' retrieved from /home/airflow/.local/lib/python3.9/site-packages/airflow/example_dags/example_setup_teardown_taskflow.py
[2025-05-18T12:55:47.929+0000] {logging_mixin.py:188} INFO - [2025-05-18T12:55:47.929+0000] {dag.py:3096} INFO - Sync 1 DAGs
[2025-05-18T12:55:47.990+0000] {logging_mixin.py:188} INFO - [2025-05-18T12:55:47.989+0000] {dag.py:3954} INFO - Setting next_dagrun for example_setup_teardown_taskflow to 2025-05-17 00:00:00+00:00, run_after=2025-05-18 00:00:00+00:00
[2025-05-18T12:55:48.015+0000] {processor.py:183} INFO - Processing /home/airflow/.local/lib/python3.9/site-packages/airflow/example_dags/example_setup_teardown_taskflow.py took 0.190 seconds
[2025-05-18T12:56:18.241+0000] {processor.py:161} INFO - Started process (PID=1065) to work on /home/airflow/.local/lib/python3.9/site-packages/airflow/example_dags/example_setup_teardown_taskflow.py
[2025-05-18T12:56:18.243+0000] {processor.py:830} INFO - Processing file /home/airflow/.local/lib/python3.9/site-packages/airflow/example_dags/example_setup_teardown_taskflow.py for tasks to queue
[2025-05-18T12:56:18.246+0000] {logging_mixin.py:188} INFO - [2025-05-18T12:56:18.246+0000] {dagbag.py:545} INFO - Filling up the DagBag from /home/airflow/.local/lib/python3.9/site-packages/airflow/example_dags/example_setup_teardown_taskflow.py
[2025-05-18T12:56:18.262+0000] {processor.py:840} INFO - DAG(s) 'example_setup_teardown_taskflow' retrieved from /home/airflow/.local/lib/python3.9/site-packages/airflow/example_dags/example_setup_teardown_taskflow.py
[2025-05-18T12:56:18.321+0000] {logging_mixin.py:188} INFO - [2025-05-18T12:56:18.321+0000] {dag.py:3096} INFO - Sync 1 DAGs
[2025-05-18T12:56:18.369+0000] {logging_mixin.py:188} INFO - [2025-05-18T12:56:18.368+0000] {dag.py:3954} INFO - Setting next_dagrun for example_setup_teardown_taskflow to 2025-05-17 00:00:00+00:00, run_after=2025-05-18 00:00:00+00:00
[2025-05-18T12:56:18.414+0000] {processor.py:183} INFO - Processing /home/airflow/.local/lib/python3.9/site-packages/airflow/example_dags/example_setup_teardown_taskflow.py took 0.194 seconds
