[2025-05-18T12:49:06.627+0000] {processor.py:161} INFO - Started process (PID=120) to work on /home/airflow/.local/lib/python3.9/site-packages/airflow/example_dags/example_sensors.py
[2025-05-18T12:49:06.628+0000] {processor.py:830} INFO - Processing file /home/airflow/.local/lib/python3.9/site-packages/airflow/example_dags/example_sensors.py for tasks to queue
[2025-05-18T12:49:06.631+0000] {logging_mixin.py:188} INFO - [2025-05-18T12:49:06.630+0000] {dagbag.py:545} INFO - Filling up the DagBag from /home/airflow/.local/lib/python3.9/site-packages/airflow/example_dags/example_sensors.py
[2025-05-18T12:49:06.725+0000] {processor.py:840} INFO - DAG(s) 'example_sensors' retrieved from /home/airflow/.local/lib/python3.9/site-packages/airflow/example_dags/example_sensors.py
[2025-05-18T12:49:06.829+0000] {logging_mixin.py:188} INFO - [2025-05-18T12:49:06.829+0000] {dag.py:3096} INFO - Sync 1 DAGs
[2025-05-18T12:49:06.895+0000] {logging_mixin.py:188} INFO - [2025-05-18T12:49:06.894+0000] {dag.py:3118} INFO - Creating ORM DAG for example_sensors
[2025-05-18T12:49:06.896+0000] {logging_mixin.py:188} INFO - [2025-05-18T12:49:06.895+0000] {dag.py:3954} INFO - Setting next_dagrun for example_sensors to None, run_after=None
[2025-05-18T12:49:07.087+0000] {processor.py:183} INFO - Processing /home/airflow/.local/lib/python3.9/site-packages/airflow/example_dags/example_sensors.py took 0.499 seconds
[2025-05-18T12:49:40.849+0000] {processor.py:161} INFO - Started process (PID=186) to work on /home/airflow/.local/lib/python3.9/site-packages/airflow/example_dags/example_sensors.py
[2025-05-18T12:49:40.850+0000] {processor.py:830} INFO - Processing file /home/airflow/.local/lib/python3.9/site-packages/airflow/example_dags/example_sensors.py for tasks to queue
[2025-05-18T12:49:40.852+0000] {logging_mixin.py:188} INFO - [2025-05-18T12:49:40.852+0000] {dagbag.py:545} INFO - Filling up the DagBag from /home/airflow/.local/lib/python3.9/site-packages/airflow/example_dags/example_sensors.py
[2025-05-18T12:49:40.875+0000] {processor.py:840} INFO - DAG(s) 'example_sensors' retrieved from /home/airflow/.local/lib/python3.9/site-packages/airflow/example_dags/example_sensors.py
[2025-05-18T12:49:41.110+0000] {logging_mixin.py:188} INFO - [2025-05-18T12:49:41.110+0000] {dag.py:3096} INFO - Sync 1 DAGs
[2025-05-18T12:49:41.131+0000] {logging_mixin.py:188} INFO - [2025-05-18T12:49:41.130+0000] {dag.py:3954} INFO - Setting next_dagrun for example_sensors to None, run_after=None
[2025-05-18T12:49:41.170+0000] {processor.py:183} INFO - Processing /home/airflow/.local/lib/python3.9/site-packages/airflow/example_dags/example_sensors.py took 0.341 seconds
[2025-05-18T12:50:11.705+0000] {processor.py:161} INFO - Started process (PID=252) to work on /home/airflow/.local/lib/python3.9/site-packages/airflow/example_dags/example_sensors.py
[2025-05-18T12:50:11.706+0000] {processor.py:830} INFO - Processing file /home/airflow/.local/lib/python3.9/site-packages/airflow/example_dags/example_sensors.py for tasks to queue
[2025-05-18T12:50:11.708+0000] {logging_mixin.py:188} INFO - [2025-05-18T12:50:11.708+0000] {dagbag.py:545} INFO - Filling up the DagBag from /home/airflow/.local/lib/python3.9/site-packages/airflow/example_dags/example_sensors.py
[2025-05-18T12:50:11.719+0000] {processor.py:840} INFO - DAG(s) 'example_sensors' retrieved from /home/airflow/.local/lib/python3.9/site-packages/airflow/example_dags/example_sensors.py
[2025-05-18T12:50:11.754+0000] {logging_mixin.py:188} INFO - [2025-05-18T12:50:11.753+0000] {dag.py:3096} INFO - Sync 1 DAGs
[2025-05-18T12:50:11.771+0000] {logging_mixin.py:188} INFO - [2025-05-18T12:50:11.770+0000] {dag.py:3954} INFO - Setting next_dagrun for example_sensors to None, run_after=None
[2025-05-18T12:50:11.796+0000] {processor.py:183} INFO - Processing /home/airflow/.local/lib/python3.9/site-packages/airflow/example_dags/example_sensors.py took 0.106 seconds
[2025-05-18T12:50:42.485+0000] {processor.py:161} INFO - Started process (PID=318) to work on /home/airflow/.local/lib/python3.9/site-packages/airflow/example_dags/example_sensors.py
[2025-05-18T12:50:42.487+0000] {processor.py:830} INFO - Processing file /home/airflow/.local/lib/python3.9/site-packages/airflow/example_dags/example_sensors.py for tasks to queue
[2025-05-18T12:50:42.491+0000] {logging_mixin.py:188} INFO - [2025-05-18T12:50:42.490+0000] {dagbag.py:545} INFO - Filling up the DagBag from /home/airflow/.local/lib/python3.9/site-packages/airflow/example_dags/example_sensors.py
[2025-05-18T12:50:42.507+0000] {processor.py:840} INFO - DAG(s) 'example_sensors' retrieved from /home/airflow/.local/lib/python3.9/site-packages/airflow/example_dags/example_sensors.py
[2025-05-18T12:50:42.556+0000] {logging_mixin.py:188} INFO - [2025-05-18T12:50:42.556+0000] {dag.py:3096} INFO - Sync 1 DAGs
[2025-05-18T12:50:42.582+0000] {logging_mixin.py:188} INFO - [2025-05-18T12:50:42.581+0000] {dag.py:3954} INFO - Setting next_dagrun for example_sensors to None, run_after=None
[2025-05-18T12:50:42.617+0000] {processor.py:183} INFO - Processing /home/airflow/.local/lib/python3.9/site-packages/airflow/example_dags/example_sensors.py took 0.144 seconds
[2025-05-18T12:51:12.925+0000] {processor.py:161} INFO - Started process (PID=384) to work on /home/airflow/.local/lib/python3.9/site-packages/airflow/example_dags/example_sensors.py
[2025-05-18T12:51:12.927+0000] {processor.py:830} INFO - Processing file /home/airflow/.local/lib/python3.9/site-packages/airflow/example_dags/example_sensors.py for tasks to queue
[2025-05-18T12:51:12.929+0000] {logging_mixin.py:188} INFO - [2025-05-18T12:51:12.929+0000] {dagbag.py:545} INFO - Filling up the DagBag from /home/airflow/.local/lib/python3.9/site-packages/airflow/example_dags/example_sensors.py
[2025-05-18T12:51:12.953+0000] {processor.py:840} INFO - DAG(s) 'example_sensors' retrieved from /home/airflow/.local/lib/python3.9/site-packages/airflow/example_dags/example_sensors.py
[2025-05-18T12:51:13.025+0000] {logging_mixin.py:188} INFO - [2025-05-18T12:51:13.025+0000] {dag.py:3096} INFO - Sync 1 DAGs
[2025-05-18T12:51:13.056+0000] {logging_mixin.py:188} INFO - [2025-05-18T12:51:13.056+0000] {dag.py:3954} INFO - Setting next_dagrun for example_sensors to None, run_after=None
[2025-05-18T12:51:13.093+0000] {processor.py:183} INFO - Processing /home/airflow/.local/lib/python3.9/site-packages/airflow/example_dags/example_sensors.py took 0.185 seconds
[2025-05-18T12:51:43.511+0000] {processor.py:161} INFO - Started process (PID=450) to work on /home/airflow/.local/lib/python3.9/site-packages/airflow/example_dags/example_sensors.py
[2025-05-18T12:51:43.512+0000] {processor.py:830} INFO - Processing file /home/airflow/.local/lib/python3.9/site-packages/airflow/example_dags/example_sensors.py for tasks to queue
[2025-05-18T12:51:43.515+0000] {logging_mixin.py:188} INFO - [2025-05-18T12:51:43.515+0000] {dagbag.py:545} INFO - Filling up the DagBag from /home/airflow/.local/lib/python3.9/site-packages/airflow/example_dags/example_sensors.py
[2025-05-18T12:51:43.528+0000] {processor.py:840} INFO - DAG(s) 'example_sensors' retrieved from /home/airflow/.local/lib/python3.9/site-packages/airflow/example_dags/example_sensors.py
[2025-05-18T12:51:43.565+0000] {logging_mixin.py:188} INFO - [2025-05-18T12:51:43.565+0000] {dag.py:3096} INFO - Sync 1 DAGs
[2025-05-18T12:51:43.582+0000] {logging_mixin.py:188} INFO - [2025-05-18T12:51:43.582+0000] {dag.py:3954} INFO - Setting next_dagrun for example_sensors to None, run_after=None
[2025-05-18T12:51:43.605+0000] {processor.py:183} INFO - Processing /home/airflow/.local/lib/python3.9/site-packages/airflow/example_dags/example_sensors.py took 0.103 seconds
[2025-05-18T12:52:13.770+0000] {processor.py:161} INFO - Started process (PID=516) to work on /home/airflow/.local/lib/python3.9/site-packages/airflow/example_dags/example_sensors.py
[2025-05-18T12:52:13.771+0000] {processor.py:830} INFO - Processing file /home/airflow/.local/lib/python3.9/site-packages/airflow/example_dags/example_sensors.py for tasks to queue
[2025-05-18T12:52:13.774+0000] {logging_mixin.py:188} INFO - [2025-05-18T12:52:13.774+0000] {dagbag.py:545} INFO - Filling up the DagBag from /home/airflow/.local/lib/python3.9/site-packages/airflow/example_dags/example_sensors.py
[2025-05-18T12:52:13.789+0000] {processor.py:840} INFO - DAG(s) 'example_sensors' retrieved from /home/airflow/.local/lib/python3.9/site-packages/airflow/example_dags/example_sensors.py
[2025-05-18T12:52:13.832+0000] {logging_mixin.py:188} INFO - [2025-05-18T12:52:13.831+0000] {dag.py:3096} INFO - Sync 1 DAGs
[2025-05-18T12:52:13.851+0000] {logging_mixin.py:188} INFO - [2025-05-18T12:52:13.851+0000] {dag.py:3954} INFO - Setting next_dagrun for example_sensors to None, run_after=None
[2025-05-18T12:52:13.878+0000] {processor.py:183} INFO - Processing /home/airflow/.local/lib/python3.9/site-packages/airflow/example_dags/example_sensors.py took 0.127 seconds
[2025-05-18T12:52:44.288+0000] {processor.py:161} INFO - Started process (PID=589) to work on /home/airflow/.local/lib/python3.9/site-packages/airflow/example_dags/example_sensors.py
[2025-05-18T12:52:44.289+0000] {processor.py:830} INFO - Processing file /home/airflow/.local/lib/python3.9/site-packages/airflow/example_dags/example_sensors.py for tasks to queue
[2025-05-18T12:52:44.292+0000] {logging_mixin.py:188} INFO - [2025-05-18T12:52:44.291+0000] {dagbag.py:545} INFO - Filling up the DagBag from /home/airflow/.local/lib/python3.9/site-packages/airflow/example_dags/example_sensors.py
[2025-05-18T12:52:44.307+0000] {processor.py:840} INFO - DAG(s) 'example_sensors' retrieved from /home/airflow/.local/lib/python3.9/site-packages/airflow/example_dags/example_sensors.py
[2025-05-18T12:52:44.368+0000] {logging_mixin.py:188} INFO - [2025-05-18T12:52:44.367+0000] {dag.py:3096} INFO - Sync 1 DAGs
[2025-05-18T12:52:44.410+0000] {logging_mixin.py:188} INFO - [2025-05-18T12:52:44.409+0000] {dag.py:3954} INFO - Setting next_dagrun for example_sensors to None, run_after=None
[2025-05-18T12:52:44.450+0000] {processor.py:183} INFO - Processing /home/airflow/.local/lib/python3.9/site-packages/airflow/example_dags/example_sensors.py took 0.176 seconds
[2025-05-18T12:53:15.224+0000] {processor.py:161} INFO - Started process (PID=654) to work on /home/airflow/.local/lib/python3.9/site-packages/airflow/example_dags/example_sensors.py
[2025-05-18T12:53:15.226+0000] {processor.py:830} INFO - Processing file /home/airflow/.local/lib/python3.9/site-packages/airflow/example_dags/example_sensors.py for tasks to queue
[2025-05-18T12:53:15.229+0000] {logging_mixin.py:188} INFO - [2025-05-18T12:53:15.228+0000] {dagbag.py:545} INFO - Filling up the DagBag from /home/airflow/.local/lib/python3.9/site-packages/airflow/example_dags/example_sensors.py
[2025-05-18T12:53:15.246+0000] {processor.py:840} INFO - DAG(s) 'example_sensors' retrieved from /home/airflow/.local/lib/python3.9/site-packages/airflow/example_dags/example_sensors.py
[2025-05-18T12:53:15.297+0000] {logging_mixin.py:188} INFO - [2025-05-18T12:53:15.297+0000] {dag.py:3096} INFO - Sync 1 DAGs
[2025-05-18T12:53:15.315+0000] {logging_mixin.py:188} INFO - [2025-05-18T12:53:15.315+0000] {dag.py:3954} INFO - Setting next_dagrun for example_sensors to None, run_after=None
[2025-05-18T12:53:15.339+0000] {processor.py:183} INFO - Processing /home/airflow/.local/lib/python3.9/site-packages/airflow/example_dags/example_sensors.py took 0.133 seconds
[2025-05-18T12:53:46.118+0000] {processor.py:161} INFO - Started process (PID=721) to work on /home/airflow/.local/lib/python3.9/site-packages/airflow/example_dags/example_sensors.py
[2025-05-18T12:53:46.119+0000] {processor.py:830} INFO - Processing file /home/airflow/.local/lib/python3.9/site-packages/airflow/example_dags/example_sensors.py for tasks to queue
[2025-05-18T12:53:46.121+0000] {logging_mixin.py:188} INFO - [2025-05-18T12:53:46.121+0000] {dagbag.py:545} INFO - Filling up the DagBag from /home/airflow/.local/lib/python3.9/site-packages/airflow/example_dags/example_sensors.py
[2025-05-18T12:53:46.132+0000] {processor.py:840} INFO - DAG(s) 'example_sensors' retrieved from /home/airflow/.local/lib/python3.9/site-packages/airflow/example_dags/example_sensors.py
[2025-05-18T12:53:46.176+0000] {logging_mixin.py:188} INFO - [2025-05-18T12:53:46.176+0000] {dag.py:3096} INFO - Sync 1 DAGs
[2025-05-18T12:53:46.199+0000] {logging_mixin.py:188} INFO - [2025-05-18T12:53:46.199+0000] {dag.py:3954} INFO - Setting next_dagrun for example_sensors to None, run_after=None
[2025-05-18T12:53:46.222+0000] {processor.py:183} INFO - Processing /home/airflow/.local/lib/python3.9/site-packages/airflow/example_dags/example_sensors.py took 0.113 seconds
[2025-05-18T12:54:16.316+0000] {processor.py:161} INFO - Started process (PID=788) to work on /home/airflow/.local/lib/python3.9/site-packages/airflow/example_dags/example_sensors.py
[2025-05-18T12:54:16.318+0000] {processor.py:830} INFO - Processing file /home/airflow/.local/lib/python3.9/site-packages/airflow/example_dags/example_sensors.py for tasks to queue
[2025-05-18T12:54:16.321+0000] {logging_mixin.py:188} INFO - [2025-05-18T12:54:16.320+0000] {dagbag.py:545} INFO - Filling up the DagBag from /home/airflow/.local/lib/python3.9/site-packages/airflow/example_dags/example_sensors.py
[2025-05-18T12:54:16.333+0000] {processor.py:840} INFO - DAG(s) 'example_sensors' retrieved from /home/airflow/.local/lib/python3.9/site-packages/airflow/example_dags/example_sensors.py
[2025-05-18T12:54:16.370+0000] {logging_mixin.py:188} INFO - [2025-05-18T12:54:16.370+0000] {dag.py:3096} INFO - Sync 1 DAGs
[2025-05-18T12:54:16.387+0000] {logging_mixin.py:188} INFO - [2025-05-18T12:54:16.386+0000] {dag.py:3954} INFO - Setting next_dagrun for example_sensors to None, run_after=None
[2025-05-18T12:54:16.411+0000] {processor.py:183} INFO - Processing /home/airflow/.local/lib/python3.9/site-packages/airflow/example_dags/example_sensors.py took 0.105 seconds
[2025-05-18T12:54:46.625+0000] {processor.py:161} INFO - Started process (PID=855) to work on /home/airflow/.local/lib/python3.9/site-packages/airflow/example_dags/example_sensors.py
[2025-05-18T12:54:46.626+0000] {processor.py:830} INFO - Processing file /home/airflow/.local/lib/python3.9/site-packages/airflow/example_dags/example_sensors.py for tasks to queue
[2025-05-18T12:54:46.629+0000] {logging_mixin.py:188} INFO - [2025-05-18T12:54:46.628+0000] {dagbag.py:545} INFO - Filling up the DagBag from /home/airflow/.local/lib/python3.9/site-packages/airflow/example_dags/example_sensors.py
[2025-05-18T12:54:46.641+0000] {processor.py:840} INFO - DAG(s) 'example_sensors' retrieved from /home/airflow/.local/lib/python3.9/site-packages/airflow/example_dags/example_sensors.py
[2025-05-18T12:54:46.699+0000] {logging_mixin.py:188} INFO - [2025-05-18T12:54:46.698+0000] {dag.py:3096} INFO - Sync 1 DAGs
[2025-05-18T12:54:46.718+0000] {logging_mixin.py:188} INFO - [2025-05-18T12:54:46.718+0000] {dag.py:3954} INFO - Setting next_dagrun for example_sensors to None, run_after=None
[2025-05-18T12:54:46.746+0000] {processor.py:183} INFO - Processing /home/airflow/.local/lib/python3.9/site-packages/airflow/example_dags/example_sensors.py took 0.130 seconds
[2025-05-18T12:55:17.251+0000] {processor.py:161} INFO - Started process (PID=929) to work on /home/airflow/.local/lib/python3.9/site-packages/airflow/example_dags/example_sensors.py
[2025-05-18T12:55:17.253+0000] {processor.py:830} INFO - Processing file /home/airflow/.local/lib/python3.9/site-packages/airflow/example_dags/example_sensors.py for tasks to queue
[2025-05-18T12:55:17.265+0000] {logging_mixin.py:188} INFO - [2025-05-18T12:55:17.256+0000] {dagbag.py:545} INFO - Filling up the DagBag from /home/airflow/.local/lib/python3.9/site-packages/airflow/example_dags/example_sensors.py
[2025-05-18T12:55:17.278+0000] {processor.py:840} INFO - DAG(s) 'example_sensors' retrieved from /home/airflow/.local/lib/python3.9/site-packages/airflow/example_dags/example_sensors.py
[2025-05-18T12:55:17.351+0000] {logging_mixin.py:188} INFO - [2025-05-18T12:55:17.350+0000] {dag.py:3096} INFO - Sync 1 DAGs
[2025-05-18T12:55:17.378+0000] {logging_mixin.py:188} INFO - [2025-05-18T12:55:17.378+0000] {dag.py:3954} INFO - Setting next_dagrun for example_sensors to None, run_after=None
[2025-05-18T12:55:17.432+0000] {processor.py:183} INFO - Processing /home/airflow/.local/lib/python3.9/site-packages/airflow/example_dags/example_sensors.py took 0.198 seconds
[2025-05-18T12:55:47.541+0000] {processor.py:161} INFO - Started process (PID=996) to work on /home/airflow/.local/lib/python3.9/site-packages/airflow/example_dags/example_sensors.py
[2025-05-18T12:55:47.545+0000] {processor.py:830} INFO - Processing file /home/airflow/.local/lib/python3.9/site-packages/airflow/example_dags/example_sensors.py for tasks to queue
[2025-05-18T12:55:47.549+0000] {logging_mixin.py:188} INFO - [2025-05-18T12:55:47.548+0000] {dagbag.py:545} INFO - Filling up the DagBag from /home/airflow/.local/lib/python3.9/site-packages/airflow/example_dags/example_sensors.py
[2025-05-18T12:55:47.561+0000] {processor.py:840} INFO - DAG(s) 'example_sensors' retrieved from /home/airflow/.local/lib/python3.9/site-packages/airflow/example_dags/example_sensors.py
[2025-05-18T12:55:47.600+0000] {logging_mixin.py:188} INFO - [2025-05-18T12:55:47.599+0000] {dag.py:3096} INFO - Sync 1 DAGs
[2025-05-18T12:55:47.618+0000] {logging_mixin.py:188} INFO - [2025-05-18T12:55:47.617+0000] {dag.py:3954} INFO - Setting next_dagrun for example_sensors to None, run_after=None
[2025-05-18T12:55:47.641+0000] {processor.py:183} INFO - Processing /home/airflow/.local/lib/python3.9/site-packages/airflow/example_dags/example_sensors.py took 0.110 seconds
[2025-05-18T12:56:18.061+0000] {processor.py:161} INFO - Started process (PID=1063) to work on /home/airflow/.local/lib/python3.9/site-packages/airflow/example_dags/example_sensors.py
[2025-05-18T12:56:18.062+0000] {processor.py:830} INFO - Processing file /home/airflow/.local/lib/python3.9/site-packages/airflow/example_dags/example_sensors.py for tasks to queue
[2025-05-18T12:56:18.065+0000] {logging_mixin.py:188} INFO - [2025-05-18T12:56:18.065+0000] {dagbag.py:545} INFO - Filling up the DagBag from /home/airflow/.local/lib/python3.9/site-packages/airflow/example_dags/example_sensors.py
[2025-05-18T12:56:18.078+0000] {processor.py:840} INFO - DAG(s) 'example_sensors' retrieved from /home/airflow/.local/lib/python3.9/site-packages/airflow/example_dags/example_sensors.py
[2025-05-18T12:56:18.132+0000] {logging_mixin.py:188} INFO - [2025-05-18T12:56:18.131+0000] {dag.py:3096} INFO - Sync 1 DAGs
[2025-05-18T12:56:18.154+0000] {logging_mixin.py:188} INFO - [2025-05-18T12:56:18.154+0000] {dag.py:3954} INFO - Setting next_dagrun for example_sensors to None, run_after=None
[2025-05-18T12:56:18.181+0000] {processor.py:183} INFO - Processing /home/airflow/.local/lib/python3.9/site-packages/airflow/example_dags/example_sensors.py took 0.130 seconds
