[2025-05-18T12:48:44.931+0000] {processor.py:161} INFO - Started process (PID=75) to work on /home/airflow/.local/lib/python3.9/site-packages/airflow/example_dags/example_params_ui_tutorial.py
[2025-05-18T12:48:44.945+0000] {processor.py:830} INFO - Processing file /home/airflow/.local/lib/python3.9/site-packages/airflow/example_dags/example_params_ui_tutorial.py for tasks to queue
[2025-05-18T12:48:44.954+0000] {logging_mixin.py:188} INFO - [2025-05-18T12:48:44.953+0000] {dagbag.py:545} INFO - Filling up the DagBag from /home/airflow/.local/lib/python3.9/site-packages/airflow/example_dags/example_params_ui_tutorial.py
[2025-05-18T12:48:45.144+0000] {processor.py:840} INFO - DAG(s) 'example_params_ui_tutorial' retrieved from /home/airflow/.local/lib/python3.9/site-packages/airflow/example_dags/example_params_ui_tutorial.py
[2025-05-18T12:48:46.444+0000] {logging_mixin.py:188} INFO - [2025-05-18T12:48:46.427+0000] {override.py:1829} INFO - Created Permission View: can delete on DAG:example_params_ui_tutorial
[2025-05-18T12:48:46.529+0000] {logging_mixin.py:188} INFO - [2025-05-18T12:48:46.528+0000] {override.py:1829} INFO - Created Permission View: can edit on DAG:example_params_ui_tutorial
[2025-05-18T12:48:46.568+0000] {logging_mixin.py:188} INFO - [2025-05-18T12:48:46.567+0000] {override.py:1829} INFO - Created Permission View: can read on DAG:example_params_ui_tutorial
[2025-05-18T12:48:46.585+0000] {logging_mixin.py:188} INFO - [2025-05-18T12:48:46.584+0000] {dag.py:3096} INFO - Sync 1 DAGs
[2025-05-18T12:48:46.667+0000] {logging_mixin.py:188} INFO - [2025-05-18T12:48:46.667+0000] {dag.py:3118} INFO - Creating ORM DAG for example_params_ui_tutorial
[2025-05-18T12:48:46.685+0000] {logging_mixin.py:188} INFO - [2025-05-18T12:48:46.685+0000] {dag.py:3954} INFO - Setting next_dagrun for example_params_ui_tutorial to None, run_after=None
[2025-05-18T12:48:46.867+0000] {processor.py:183} INFO - Processing /home/airflow/.local/lib/python3.9/site-packages/airflow/example_dags/example_params_ui_tutorial.py took 2.019 seconds
[2025-05-18T12:49:17.285+0000] {processor.py:161} INFO - Started process (PID=141) to work on /home/airflow/.local/lib/python3.9/site-packages/airflow/example_dags/example_params_ui_tutorial.py
[2025-05-18T12:49:17.287+0000] {processor.py:830} INFO - Processing file /home/airflow/.local/lib/python3.9/site-packages/airflow/example_dags/example_params_ui_tutorial.py for tasks to queue
[2025-05-18T12:49:17.306+0000] {logging_mixin.py:188} INFO - [2025-05-18T12:49:17.306+0000] {dagbag.py:545} INFO - Filling up the DagBag from /home/airflow/.local/lib/python3.9/site-packages/airflow/example_dags/example_params_ui_tutorial.py
[2025-05-18T12:49:17.330+0000] {processor.py:840} INFO - DAG(s) 'example_params_ui_tutorial' retrieved from /home/airflow/.local/lib/python3.9/site-packages/airflow/example_dags/example_params_ui_tutorial.py
[2025-05-18T12:49:17.806+0000] {logging_mixin.py:188} INFO - [2025-05-18T12:49:17.805+0000] {dag.py:3096} INFO - Sync 1 DAGs
[2025-05-18T12:49:17.855+0000] {logging_mixin.py:188} INFO - [2025-05-18T12:49:17.854+0000] {dag.py:3954} INFO - Setting next_dagrun for example_params_ui_tutorial to None, run_after=None
[2025-05-18T12:49:17.948+0000] {processor.py:183} INFO - Processing /home/airflow/.local/lib/python3.9/site-packages/airflow/example_dags/example_params_ui_tutorial.py took 0.722 seconds
[2025-05-18T12:49:48.163+0000] {processor.py:161} INFO - Started process (PID=200) to work on /home/airflow/.local/lib/python3.9/site-packages/airflow/example_dags/example_params_ui_tutorial.py
[2025-05-18T12:49:48.165+0000] {processor.py:830} INFO - Processing file /home/airflow/.local/lib/python3.9/site-packages/airflow/example_dags/example_params_ui_tutorial.py for tasks to queue
[2025-05-18T12:49:48.169+0000] {logging_mixin.py:188} INFO - [2025-05-18T12:49:48.168+0000] {dagbag.py:545} INFO - Filling up the DagBag from /home/airflow/.local/lib/python3.9/site-packages/airflow/example_dags/example_params_ui_tutorial.py
[2025-05-18T12:49:48.205+0000] {processor.py:840} INFO - DAG(s) 'example_params_ui_tutorial' retrieved from /home/airflow/.local/lib/python3.9/site-packages/airflow/example_dags/example_params_ui_tutorial.py
[2025-05-18T12:49:48.297+0000] {logging_mixin.py:188} INFO - [2025-05-18T12:49:48.296+0000] {dag.py:3096} INFO - Sync 1 DAGs
[2025-05-18T12:49:48.317+0000] {logging_mixin.py:188} INFO - [2025-05-18T12:49:48.316+0000] {dag.py:3954} INFO - Setting next_dagrun for example_params_ui_tutorial to None, run_after=None
[2025-05-18T12:49:48.342+0000] {processor.py:183} INFO - Processing /home/airflow/.local/lib/python3.9/site-packages/airflow/example_dags/example_params_ui_tutorial.py took 0.191 seconds
[2025-05-18T12:50:18.588+0000] {processor.py:161} INFO - Started process (PID=266) to work on /home/airflow/.local/lib/python3.9/site-packages/airflow/example_dags/example_params_ui_tutorial.py
[2025-05-18T12:50:18.591+0000] {processor.py:830} INFO - Processing file /home/airflow/.local/lib/python3.9/site-packages/airflow/example_dags/example_params_ui_tutorial.py for tasks to queue
[2025-05-18T12:50:18.606+0000] {logging_mixin.py:188} INFO - [2025-05-18T12:50:18.605+0000] {dagbag.py:545} INFO - Filling up the DagBag from /home/airflow/.local/lib/python3.9/site-packages/airflow/example_dags/example_params_ui_tutorial.py
[2025-05-18T12:50:18.648+0000] {processor.py:840} INFO - DAG(s) 'example_params_ui_tutorial' retrieved from /home/airflow/.local/lib/python3.9/site-packages/airflow/example_dags/example_params_ui_tutorial.py
[2025-05-18T12:50:18.807+0000] {logging_mixin.py:188} INFO - [2025-05-18T12:50:18.807+0000] {dag.py:3096} INFO - Sync 1 DAGs
[2025-05-18T12:50:18.834+0000] {logging_mixin.py:188} INFO - [2025-05-18T12:50:18.834+0000] {dag.py:3954} INFO - Setting next_dagrun for example_params_ui_tutorial to None, run_after=None
[2025-05-18T12:50:18.876+0000] {processor.py:183} INFO - Processing /home/airflow/.local/lib/python3.9/site-packages/airflow/example_dags/example_params_ui_tutorial.py took 0.349 seconds
[2025-05-18T12:50:49.545+0000] {processor.py:161} INFO - Started process (PID=339) to work on /home/airflow/.local/lib/python3.9/site-packages/airflow/example_dags/example_params_ui_tutorial.py
[2025-05-18T12:50:49.547+0000] {processor.py:830} INFO - Processing file /home/airflow/.local/lib/python3.9/site-packages/airflow/example_dags/example_params_ui_tutorial.py for tasks to queue
[2025-05-18T12:50:49.550+0000] {logging_mixin.py:188} INFO - [2025-05-18T12:50:49.549+0000] {dagbag.py:545} INFO - Filling up the DagBag from /home/airflow/.local/lib/python3.9/site-packages/airflow/example_dags/example_params_ui_tutorial.py
[2025-05-18T12:50:49.575+0000] {processor.py:840} INFO - DAG(s) 'example_params_ui_tutorial' retrieved from /home/airflow/.local/lib/python3.9/site-packages/airflow/example_dags/example_params_ui_tutorial.py
[2025-05-18T12:50:49.725+0000] {logging_mixin.py:188} INFO - [2025-05-18T12:50:49.725+0000] {dag.py:3096} INFO - Sync 1 DAGs
[2025-05-18T12:50:49.756+0000] {logging_mixin.py:188} INFO - [2025-05-18T12:50:49.755+0000] {dag.py:3954} INFO - Setting next_dagrun for example_params_ui_tutorial to None, run_after=None
[2025-05-18T12:50:49.850+0000] {processor.py:183} INFO - Processing /home/airflow/.local/lib/python3.9/site-packages/airflow/example_dags/example_params_ui_tutorial.py took 0.319 seconds
[2025-05-18T12:51:20.326+0000] {processor.py:161} INFO - Started process (PID=403) to work on /home/airflow/.local/lib/python3.9/site-packages/airflow/example_dags/example_params_ui_tutorial.py
[2025-05-18T12:51:20.327+0000] {processor.py:830} INFO - Processing file /home/airflow/.local/lib/python3.9/site-packages/airflow/example_dags/example_params_ui_tutorial.py for tasks to queue
[2025-05-18T12:51:20.330+0000] {logging_mixin.py:188} INFO - [2025-05-18T12:51:20.329+0000] {dagbag.py:545} INFO - Filling up the DagBag from /home/airflow/.local/lib/python3.9/site-packages/airflow/example_dags/example_params_ui_tutorial.py
[2025-05-18T12:51:20.353+0000] {processor.py:840} INFO - DAG(s) 'example_params_ui_tutorial' retrieved from /home/airflow/.local/lib/python3.9/site-packages/airflow/example_dags/example_params_ui_tutorial.py
[2025-05-18T12:51:20.462+0000] {logging_mixin.py:188} INFO - [2025-05-18T12:51:20.461+0000] {dag.py:3096} INFO - Sync 1 DAGs
[2025-05-18T12:51:20.490+0000] {logging_mixin.py:188} INFO - [2025-05-18T12:51:20.489+0000] {dag.py:3954} INFO - Setting next_dagrun for example_params_ui_tutorial to None, run_after=None
[2025-05-18T12:51:20.531+0000] {processor.py:183} INFO - Processing /home/airflow/.local/lib/python3.9/site-packages/airflow/example_dags/example_params_ui_tutorial.py took 0.213 seconds
[2025-05-18T12:51:50.590+0000] {processor.py:161} INFO - Started process (PID=469) to work on /home/airflow/.local/lib/python3.9/site-packages/airflow/example_dags/example_params_ui_tutorial.py
[2025-05-18T12:51:50.592+0000] {processor.py:830} INFO - Processing file /home/airflow/.local/lib/python3.9/site-packages/airflow/example_dags/example_params_ui_tutorial.py for tasks to queue
[2025-05-18T12:51:50.594+0000] {logging_mixin.py:188} INFO - [2025-05-18T12:51:50.594+0000] {dagbag.py:545} INFO - Filling up the DagBag from /home/airflow/.local/lib/python3.9/site-packages/airflow/example_dags/example_params_ui_tutorial.py
[2025-05-18T12:51:50.610+0000] {processor.py:840} INFO - DAG(s) 'example_params_ui_tutorial' retrieved from /home/airflow/.local/lib/python3.9/site-packages/airflow/example_dags/example_params_ui_tutorial.py
[2025-05-18T12:51:50.708+0000] {logging_mixin.py:188} INFO - [2025-05-18T12:51:50.708+0000] {dag.py:3096} INFO - Sync 1 DAGs
[2025-05-18T12:51:50.733+0000] {logging_mixin.py:188} INFO - [2025-05-18T12:51:50.733+0000] {dag.py:3954} INFO - Setting next_dagrun for example_params_ui_tutorial to None, run_after=None
[2025-05-18T12:51:50.761+0000] {processor.py:183} INFO - Processing /home/airflow/.local/lib/python3.9/site-packages/airflow/example_dags/example_params_ui_tutorial.py took 0.181 seconds
[2025-05-18T12:52:21.105+0000] {processor.py:161} INFO - Started process (PID=535) to work on /home/airflow/.local/lib/python3.9/site-packages/airflow/example_dags/example_params_ui_tutorial.py
[2025-05-18T12:52:21.108+0000] {processor.py:830} INFO - Processing file /home/airflow/.local/lib/python3.9/site-packages/airflow/example_dags/example_params_ui_tutorial.py for tasks to queue
[2025-05-18T12:52:21.111+0000] {logging_mixin.py:188} INFO - [2025-05-18T12:52:21.111+0000] {dagbag.py:545} INFO - Filling up the DagBag from /home/airflow/.local/lib/python3.9/site-packages/airflow/example_dags/example_params_ui_tutorial.py
[2025-05-18T12:52:21.147+0000] {processor.py:840} INFO - DAG(s) 'example_params_ui_tutorial' retrieved from /home/airflow/.local/lib/python3.9/site-packages/airflow/example_dags/example_params_ui_tutorial.py
[2025-05-18T12:52:21.249+0000] {logging_mixin.py:188} INFO - [2025-05-18T12:52:21.249+0000] {dag.py:3096} INFO - Sync 1 DAGs
[2025-05-18T12:52:21.267+0000] {logging_mixin.py:188} INFO - [2025-05-18T12:52:21.266+0000] {dag.py:3954} INFO - Setting next_dagrun for example_params_ui_tutorial to None, run_after=None
[2025-05-18T12:52:21.310+0000] {processor.py:183} INFO - Processing /home/airflow/.local/lib/python3.9/site-packages/airflow/example_dags/example_params_ui_tutorial.py took 0.230 seconds
[2025-05-18T12:52:51.426+0000] {processor.py:161} INFO - Started process (PID=601) to work on /home/airflow/.local/lib/python3.9/site-packages/airflow/example_dags/example_params_ui_tutorial.py
[2025-05-18T12:52:51.427+0000] {processor.py:830} INFO - Processing file /home/airflow/.local/lib/python3.9/site-packages/airflow/example_dags/example_params_ui_tutorial.py for tasks to queue
[2025-05-18T12:52:51.430+0000] {logging_mixin.py:188} INFO - [2025-05-18T12:52:51.429+0000] {dagbag.py:545} INFO - Filling up the DagBag from /home/airflow/.local/lib/python3.9/site-packages/airflow/example_dags/example_params_ui_tutorial.py
[2025-05-18T12:52:51.447+0000] {processor.py:840} INFO - DAG(s) 'example_params_ui_tutorial' retrieved from /home/airflow/.local/lib/python3.9/site-packages/airflow/example_dags/example_params_ui_tutorial.py
[2025-05-18T12:52:51.515+0000] {logging_mixin.py:188} INFO - [2025-05-18T12:52:51.514+0000] {dag.py:3096} INFO - Sync 1 DAGs
[2025-05-18T12:52:51.532+0000] {logging_mixin.py:188} INFO - [2025-05-18T12:52:51.531+0000] {dag.py:3954} INFO - Setting next_dagrun for example_params_ui_tutorial to None, run_after=None
[2025-05-18T12:52:51.557+0000] {processor.py:183} INFO - Processing /home/airflow/.local/lib/python3.9/site-packages/airflow/example_dags/example_params_ui_tutorial.py took 0.140 seconds
[2025-05-18T12:53:21.676+0000] {processor.py:161} INFO - Started process (PID=666) to work on /home/airflow/.local/lib/python3.9/site-packages/airflow/example_dags/example_params_ui_tutorial.py
[2025-05-18T12:53:21.677+0000] {processor.py:830} INFO - Processing file /home/airflow/.local/lib/python3.9/site-packages/airflow/example_dags/example_params_ui_tutorial.py for tasks to queue
[2025-05-18T12:53:21.684+0000] {logging_mixin.py:188} INFO - [2025-05-18T12:53:21.680+0000] {dagbag.py:545} INFO - Filling up the DagBag from /home/airflow/.local/lib/python3.9/site-packages/airflow/example_dags/example_params_ui_tutorial.py
[2025-05-18T12:53:21.713+0000] {processor.py:840} INFO - DAG(s) 'example_params_ui_tutorial' retrieved from /home/airflow/.local/lib/python3.9/site-packages/airflow/example_dags/example_params_ui_tutorial.py
[2025-05-18T12:53:21.811+0000] {logging_mixin.py:188} INFO - [2025-05-18T12:53:21.811+0000] {dag.py:3096} INFO - Sync 1 DAGs
[2025-05-18T12:53:21.833+0000] {logging_mixin.py:188} INFO - [2025-05-18T12:53:21.833+0000] {dag.py:3954} INFO - Setting next_dagrun for example_params_ui_tutorial to None, run_after=None
[2025-05-18T12:53:21.862+0000] {processor.py:183} INFO - Processing /home/airflow/.local/lib/python3.9/site-packages/airflow/example_dags/example_params_ui_tutorial.py took 0.196 seconds
[2025-05-18T12:53:52.487+0000] {processor.py:161} INFO - Started process (PID=740) to work on /home/airflow/.local/lib/python3.9/site-packages/airflow/example_dags/example_params_ui_tutorial.py
[2025-05-18T12:53:52.505+0000] {processor.py:830} INFO - Processing file /home/airflow/.local/lib/python3.9/site-packages/airflow/example_dags/example_params_ui_tutorial.py for tasks to queue
[2025-05-18T12:53:52.508+0000] {logging_mixin.py:188} INFO - [2025-05-18T12:53:52.508+0000] {dagbag.py:545} INFO - Filling up the DagBag from /home/airflow/.local/lib/python3.9/site-packages/airflow/example_dags/example_params_ui_tutorial.py
[2025-05-18T12:53:52.569+0000] {processor.py:840} INFO - DAG(s) 'example_params_ui_tutorial' retrieved from /home/airflow/.local/lib/python3.9/site-packages/airflow/example_dags/example_params_ui_tutorial.py
[2025-05-18T12:53:52.789+0000] {logging_mixin.py:188} INFO - [2025-05-18T12:53:52.789+0000] {dag.py:3096} INFO - Sync 1 DAGs
[2025-05-18T12:53:52.831+0000] {logging_mixin.py:188} INFO - [2025-05-18T12:53:52.831+0000] {dag.py:3954} INFO - Setting next_dagrun for example_params_ui_tutorial to None, run_after=None
[2025-05-18T12:53:52.926+0000] {processor.py:183} INFO - Processing /home/airflow/.local/lib/python3.9/site-packages/airflow/example_dags/example_params_ui_tutorial.py took 0.476 seconds
[2025-05-18T12:54:23.619+0000] {processor.py:161} INFO - Started process (PID=807) to work on /home/airflow/.local/lib/python3.9/site-packages/airflow/example_dags/example_params_ui_tutorial.py
[2025-05-18T12:54:23.625+0000] {processor.py:830} INFO - Processing file /home/airflow/.local/lib/python3.9/site-packages/airflow/example_dags/example_params_ui_tutorial.py for tasks to queue
[2025-05-18T12:54:23.627+0000] {logging_mixin.py:188} INFO - [2025-05-18T12:54:23.627+0000] {dagbag.py:545} INFO - Filling up the DagBag from /home/airflow/.local/lib/python3.9/site-packages/airflow/example_dags/example_params_ui_tutorial.py
[2025-05-18T12:54:23.651+0000] {processor.py:840} INFO - DAG(s) 'example_params_ui_tutorial' retrieved from /home/airflow/.local/lib/python3.9/site-packages/airflow/example_dags/example_params_ui_tutorial.py
[2025-05-18T12:54:23.771+0000] {logging_mixin.py:188} INFO - [2025-05-18T12:54:23.771+0000] {dag.py:3096} INFO - Sync 1 DAGs
[2025-05-18T12:54:23.795+0000] {logging_mixin.py:188} INFO - [2025-05-18T12:54:23.795+0000] {dag.py:3954} INFO - Setting next_dagrun for example_params_ui_tutorial to None, run_after=None
[2025-05-18T12:54:23.854+0000] {processor.py:183} INFO - Processing /home/airflow/.local/lib/python3.9/site-packages/airflow/example_dags/example_params_ui_tutorial.py took 0.244 seconds
[2025-05-18T12:54:54.095+0000] {processor.py:161} INFO - Started process (PID=874) to work on /home/airflow/.local/lib/python3.9/site-packages/airflow/example_dags/example_params_ui_tutorial.py
[2025-05-18T12:54:54.096+0000] {processor.py:830} INFO - Processing file /home/airflow/.local/lib/python3.9/site-packages/airflow/example_dags/example_params_ui_tutorial.py for tasks to queue
[2025-05-18T12:54:54.099+0000] {logging_mixin.py:188} INFO - [2025-05-18T12:54:54.099+0000] {dagbag.py:545} INFO - Filling up the DagBag from /home/airflow/.local/lib/python3.9/site-packages/airflow/example_dags/example_params_ui_tutorial.py
[2025-05-18T12:54:54.116+0000] {processor.py:840} INFO - DAG(s) 'example_params_ui_tutorial' retrieved from /home/airflow/.local/lib/python3.9/site-packages/airflow/example_dags/example_params_ui_tutorial.py
[2025-05-18T12:54:54.189+0000] {logging_mixin.py:188} INFO - [2025-05-18T12:54:54.188+0000] {dag.py:3096} INFO - Sync 1 DAGs
[2025-05-18T12:54:54.206+0000] {logging_mixin.py:188} INFO - [2025-05-18T12:54:54.206+0000] {dag.py:3954} INFO - Setting next_dagrun for example_params_ui_tutorial to None, run_after=None
[2025-05-18T12:54:54.230+0000] {processor.py:183} INFO - Processing /home/airflow/.local/lib/python3.9/site-packages/airflow/example_dags/example_params_ui_tutorial.py took 0.145 seconds
[2025-05-18T12:55:24.318+0000] {processor.py:161} INFO - Started process (PID=941) to work on /home/airflow/.local/lib/python3.9/site-packages/airflow/example_dags/example_params_ui_tutorial.py
[2025-05-18T12:55:24.319+0000] {processor.py:830} INFO - Processing file /home/airflow/.local/lib/python3.9/site-packages/airflow/example_dags/example_params_ui_tutorial.py for tasks to queue
[2025-05-18T12:55:24.322+0000] {logging_mixin.py:188} INFO - [2025-05-18T12:55:24.321+0000] {dagbag.py:545} INFO - Filling up the DagBag from /home/airflow/.local/lib/python3.9/site-packages/airflow/example_dags/example_params_ui_tutorial.py
[2025-05-18T12:55:24.337+0000] {processor.py:840} INFO - DAG(s) 'example_params_ui_tutorial' retrieved from /home/airflow/.local/lib/python3.9/site-packages/airflow/example_dags/example_params_ui_tutorial.py
[2025-05-18T12:55:24.427+0000] {logging_mixin.py:188} INFO - [2025-05-18T12:55:24.427+0000] {dag.py:3096} INFO - Sync 1 DAGs
[2025-05-18T12:55:24.453+0000] {logging_mixin.py:188} INFO - [2025-05-18T12:55:24.452+0000] {dag.py:3954} INFO - Setting next_dagrun for example_params_ui_tutorial to None, run_after=None
[2025-05-18T12:55:24.485+0000] {processor.py:183} INFO - Processing /home/airflow/.local/lib/python3.9/site-packages/airflow/example_dags/example_params_ui_tutorial.py took 0.178 seconds
[2025-05-18T12:55:54.536+0000] {processor.py:161} INFO - Started process (PID=1008) to work on /home/airflow/.local/lib/python3.9/site-packages/airflow/example_dags/example_params_ui_tutorial.py
[2025-05-18T12:55:54.537+0000] {processor.py:830} INFO - Processing file /home/airflow/.local/lib/python3.9/site-packages/airflow/example_dags/example_params_ui_tutorial.py for tasks to queue
[2025-05-18T12:55:54.540+0000] {logging_mixin.py:188} INFO - [2025-05-18T12:55:54.539+0000] {dagbag.py:545} INFO - Filling up the DagBag from /home/airflow/.local/lib/python3.9/site-packages/airflow/example_dags/example_params_ui_tutorial.py
[2025-05-18T12:55:54.556+0000] {processor.py:840} INFO - DAG(s) 'example_params_ui_tutorial' retrieved from /home/airflow/.local/lib/python3.9/site-packages/airflow/example_dags/example_params_ui_tutorial.py
[2025-05-18T12:55:54.623+0000] {logging_mixin.py:188} INFO - [2025-05-18T12:55:54.623+0000] {dag.py:3096} INFO - Sync 1 DAGs
[2025-05-18T12:55:54.641+0000] {logging_mixin.py:188} INFO - [2025-05-18T12:55:54.641+0000] {dag.py:3954} INFO - Setting next_dagrun for example_params_ui_tutorial to None, run_after=None
[2025-05-18T12:55:54.668+0000] {processor.py:183} INFO - Processing /home/airflow/.local/lib/python3.9/site-packages/airflow/example_dags/example_params_ui_tutorial.py took 0.142 seconds
[2025-05-18T12:56:24.905+0000] {processor.py:161} INFO - Started process (PID=1082) to work on /home/airflow/.local/lib/python3.9/site-packages/airflow/example_dags/example_params_ui_tutorial.py
[2025-05-18T12:56:24.907+0000] {processor.py:830} INFO - Processing file /home/airflow/.local/lib/python3.9/site-packages/airflow/example_dags/example_params_ui_tutorial.py for tasks to queue
[2025-05-18T12:56:24.909+0000] {logging_mixin.py:188} INFO - [2025-05-18T12:56:24.909+0000] {dagbag.py:545} INFO - Filling up the DagBag from /home/airflow/.local/lib/python3.9/site-packages/airflow/example_dags/example_params_ui_tutorial.py
[2025-05-18T12:56:24.935+0000] {processor.py:840} INFO - DAG(s) 'example_params_ui_tutorial' retrieved from /home/airflow/.local/lib/python3.9/site-packages/airflow/example_dags/example_params_ui_tutorial.py
[2025-05-18T12:56:25.069+0000] {logging_mixin.py:188} INFO - [2025-05-18T12:56:25.068+0000] {dag.py:3096} INFO - Sync 1 DAGs
[2025-05-18T12:56:25.087+0000] {logging_mixin.py:188} INFO - [2025-05-18T12:56:25.087+0000] {dag.py:3954} INFO - Setting next_dagrun for example_params_ui_tutorial to None, run_after=None
[2025-05-18T12:56:25.128+0000] {processor.py:183} INFO - Processing /home/airflow/.local/lib/python3.9/site-packages/airflow/example_dags/example_params_ui_tutorial.py took 0.241 seconds
