[2025-05-18T12:49:04.968+0000] {processor.py:161} INFO - Started process (PID=115) to work on /home/airflow/.local/lib/python3.9/site-packages/airflow/example_dags/example_latest_only.py
[2025-05-18T12:49:04.969+0000] {processor.py:830} INFO - Processing file /home/airflow/.local/lib/python3.9/site-packages/airflow/example_dags/example_latest_only.py for tasks to queue
[2025-05-18T12:49:04.973+0000] {logging_mixin.py:188} INFO - [2025-05-18T12:49:04.972+0000] {dagbag.py:545} INFO - Filling up the DagBag from /home/airflow/.local/lib/python3.9/site-packages/airflow/example_dags/example_latest_only.py
[2025-05-18T12:49:05.007+0000] {processor.py:840} INFO - DAG(s) 'latest_only' retrieved from /home/airflow/.local/lib/python3.9/site-packages/airflow/example_dags/example_latest_only.py
[2025-05-18T12:49:05.066+0000] {logging_mixin.py:188} INFO - [2025-05-18T12:49:05.066+0000] {dag.py:3096} INFO - Sync 1 DAGs
[2025-05-18T12:49:05.155+0000] {logging_mixin.py:188} INFO - [2025-05-18T12:49:05.155+0000] {dag.py:3118} INFO - Creating ORM DAG for latest_only
[2025-05-18T12:49:05.207+0000] {logging_mixin.py:188} INFO - [2025-05-18T12:49:05.207+0000] {dag.py:3954} INFO - Setting next_dagrun for latest_only to 2025-05-18 08:00:00+00:00, run_after=2025-05-18 12:00:00+00:00
[2025-05-18T12:49:05.347+0000] {processor.py:183} INFO - Processing /home/airflow/.local/lib/python3.9/site-packages/airflow/example_dags/example_latest_only.py took 0.413 seconds
[2025-05-18T12:49:38.714+0000] {processor.py:161} INFO - Started process (PID=181) to work on /home/airflow/.local/lib/python3.9/site-packages/airflow/example_dags/example_latest_only.py
[2025-05-18T12:49:38.725+0000] {processor.py:830} INFO - Processing file /home/airflow/.local/lib/python3.9/site-packages/airflow/example_dags/example_latest_only.py for tasks to queue
[2025-05-18T12:49:38.727+0000] {logging_mixin.py:188} INFO - [2025-05-18T12:49:38.727+0000] {dagbag.py:545} INFO - Filling up the DagBag from /home/airflow/.local/lib/python3.9/site-packages/airflow/example_dags/example_latest_only.py
[2025-05-18T12:49:38.734+0000] {processor.py:840} INFO - DAG(s) 'latest_only' retrieved from /home/airflow/.local/lib/python3.9/site-packages/airflow/example_dags/example_latest_only.py
[2025-05-18T12:49:39.114+0000] {logging_mixin.py:188} INFO - [2025-05-18T12:49:39.114+0000] {dag.py:3096} INFO - Sync 1 DAGs
[2025-05-18T12:49:39.190+0000] {logging_mixin.py:188} INFO - [2025-05-18T12:49:39.189+0000] {dag.py:3954} INFO - Setting next_dagrun for latest_only to 2025-05-18 08:00:00+00:00, run_after=2025-05-18 12:00:00+00:00
[2025-05-18T12:49:39.293+0000] {processor.py:183} INFO - Processing /home/airflow/.local/lib/python3.9/site-packages/airflow/example_dags/example_latest_only.py took 0.588 seconds
[2025-05-18T12:50:10.131+0000] {processor.py:161} INFO - Started process (PID=247) to work on /home/airflow/.local/lib/python3.9/site-packages/airflow/example_dags/example_latest_only.py
[2025-05-18T12:50:10.132+0000] {processor.py:830} INFO - Processing file /home/airflow/.local/lib/python3.9/site-packages/airflow/example_dags/example_latest_only.py for tasks to queue
[2025-05-18T12:50:10.135+0000] {logging_mixin.py:188} INFO - [2025-05-18T12:50:10.134+0000] {dagbag.py:545} INFO - Filling up the DagBag from /home/airflow/.local/lib/python3.9/site-packages/airflow/example_dags/example_latest_only.py
[2025-05-18T12:50:10.142+0000] {processor.py:840} INFO - DAG(s) 'latest_only' retrieved from /home/airflow/.local/lib/python3.9/site-packages/airflow/example_dags/example_latest_only.py
[2025-05-18T12:50:10.194+0000] {logging_mixin.py:188} INFO - [2025-05-18T12:50:10.193+0000] {dag.py:3096} INFO - Sync 1 DAGs
[2025-05-18T12:50:10.288+0000] {logging_mixin.py:188} INFO - [2025-05-18T12:50:10.287+0000] {dag.py:3954} INFO - Setting next_dagrun for latest_only to 2025-05-18 08:00:00+00:00, run_after=2025-05-18 12:00:00+00:00
[2025-05-18T12:50:10.349+0000] {processor.py:183} INFO - Processing /home/airflow/.local/lib/python3.9/site-packages/airflow/example_dags/example_latest_only.py took 0.227 seconds
[2025-05-18T12:50:40.981+0000] {processor.py:161} INFO - Started process (PID=313) to work on /home/airflow/.local/lib/python3.9/site-packages/airflow/example_dags/example_latest_only.py
[2025-05-18T12:50:40.984+0000] {processor.py:830} INFO - Processing file /home/airflow/.local/lib/python3.9/site-packages/airflow/example_dags/example_latest_only.py for tasks to queue
[2025-05-18T12:50:40.987+0000] {logging_mixin.py:188} INFO - [2025-05-18T12:50:40.987+0000] {dagbag.py:545} INFO - Filling up the DagBag from /home/airflow/.local/lib/python3.9/site-packages/airflow/example_dags/example_latest_only.py
[2025-05-18T12:50:40.994+0000] {processor.py:840} INFO - DAG(s) 'latest_only' retrieved from /home/airflow/.local/lib/python3.9/site-packages/airflow/example_dags/example_latest_only.py
[2025-05-18T12:50:41.036+0000] {logging_mixin.py:188} INFO - [2025-05-18T12:50:41.035+0000] {dag.py:3096} INFO - Sync 1 DAGs
[2025-05-18T12:50:41.072+0000] {logging_mixin.py:188} INFO - [2025-05-18T12:50:41.072+0000] {dag.py:3954} INFO - Setting next_dagrun for latest_only to 2025-05-18 08:00:00+00:00, run_after=2025-05-18 12:00:00+00:00
[2025-05-18T12:50:41.097+0000] {processor.py:183} INFO - Processing /home/airflow/.local/lib/python3.9/site-packages/airflow/example_dags/example_latest_only.py took 0.125 seconds
[2025-05-18T12:51:11.334+0000] {processor.py:161} INFO - Started process (PID=379) to work on /home/airflow/.local/lib/python3.9/site-packages/airflow/example_dags/example_latest_only.py
[2025-05-18T12:51:11.336+0000] {processor.py:830} INFO - Processing file /home/airflow/.local/lib/python3.9/site-packages/airflow/example_dags/example_latest_only.py for tasks to queue
[2025-05-18T12:51:11.339+0000] {logging_mixin.py:188} INFO - [2025-05-18T12:51:11.338+0000] {dagbag.py:545} INFO - Filling up the DagBag from /home/airflow/.local/lib/python3.9/site-packages/airflow/example_dags/example_latest_only.py
[2025-05-18T12:51:11.351+0000] {processor.py:840} INFO - DAG(s) 'latest_only' retrieved from /home/airflow/.local/lib/python3.9/site-packages/airflow/example_dags/example_latest_only.py
[2025-05-18T12:51:11.389+0000] {logging_mixin.py:188} INFO - [2025-05-18T12:51:11.388+0000] {dag.py:3096} INFO - Sync 1 DAGs
[2025-05-18T12:51:11.429+0000] {logging_mixin.py:188} INFO - [2025-05-18T12:51:11.429+0000] {dag.py:3954} INFO - Setting next_dagrun for latest_only to 2025-05-18 08:00:00+00:00, run_after=2025-05-18 12:00:00+00:00
[2025-05-18T12:51:11.486+0000] {processor.py:183} INFO - Processing /home/airflow/.local/lib/python3.9/site-packages/airflow/example_dags/example_latest_only.py took 0.163 seconds
[2025-05-18T12:51:41.748+0000] {processor.py:161} INFO - Started process (PID=445) to work on /home/airflow/.local/lib/python3.9/site-packages/airflow/example_dags/example_latest_only.py
[2025-05-18T12:51:41.750+0000] {processor.py:830} INFO - Processing file /home/airflow/.local/lib/python3.9/site-packages/airflow/example_dags/example_latest_only.py for tasks to queue
[2025-05-18T12:51:41.753+0000] {logging_mixin.py:188} INFO - [2025-05-18T12:51:41.752+0000] {dagbag.py:545} INFO - Filling up the DagBag from /home/airflow/.local/lib/python3.9/site-packages/airflow/example_dags/example_latest_only.py
[2025-05-18T12:51:41.766+0000] {processor.py:840} INFO - DAG(s) 'latest_only' retrieved from /home/airflow/.local/lib/python3.9/site-packages/airflow/example_dags/example_latest_only.py
[2025-05-18T12:51:41.814+0000] {logging_mixin.py:188} INFO - [2025-05-18T12:51:41.813+0000] {dag.py:3096} INFO - Sync 1 DAGs
[2025-05-18T12:51:41.866+0000] {logging_mixin.py:188} INFO - [2025-05-18T12:51:41.866+0000] {dag.py:3954} INFO - Setting next_dagrun for latest_only to 2025-05-18 08:00:00+00:00, run_after=2025-05-18 12:00:00+00:00
[2025-05-18T12:51:41.930+0000] {processor.py:183} INFO - Processing /home/airflow/.local/lib/python3.9/site-packages/airflow/example_dags/example_latest_only.py took 0.201 seconds
[2025-05-18T12:52:12.233+0000] {processor.py:161} INFO - Started process (PID=511) to work on /home/airflow/.local/lib/python3.9/site-packages/airflow/example_dags/example_latest_only.py
[2025-05-18T12:52:12.235+0000] {processor.py:830} INFO - Processing file /home/airflow/.local/lib/python3.9/site-packages/airflow/example_dags/example_latest_only.py for tasks to queue
[2025-05-18T12:52:12.237+0000] {logging_mixin.py:188} INFO - [2025-05-18T12:52:12.237+0000] {dagbag.py:545} INFO - Filling up the DagBag from /home/airflow/.local/lib/python3.9/site-packages/airflow/example_dags/example_latest_only.py
[2025-05-18T12:52:12.245+0000] {processor.py:840} INFO - DAG(s) 'latest_only' retrieved from /home/airflow/.local/lib/python3.9/site-packages/airflow/example_dags/example_latest_only.py
[2025-05-18T12:52:12.276+0000] {logging_mixin.py:188} INFO - [2025-05-18T12:52:12.275+0000] {dag.py:3096} INFO - Sync 1 DAGs
[2025-05-18T12:52:12.326+0000] {logging_mixin.py:188} INFO - [2025-05-18T12:52:12.326+0000] {dag.py:3954} INFO - Setting next_dagrun for latest_only to 2025-05-18 08:00:00+00:00, run_after=2025-05-18 12:00:00+00:00
[2025-05-18T12:52:12.351+0000] {processor.py:183} INFO - Processing /home/airflow/.local/lib/python3.9/site-packages/airflow/example_dags/example_latest_only.py took 0.128 seconds
[2025-05-18T12:52:42.576+0000] {processor.py:161} INFO - Started process (PID=584) to work on /home/airflow/.local/lib/python3.9/site-packages/airflow/example_dags/example_latest_only.py
[2025-05-18T12:52:42.586+0000] {processor.py:830} INFO - Processing file /home/airflow/.local/lib/python3.9/site-packages/airflow/example_dags/example_latest_only.py for tasks to queue
[2025-05-18T12:52:42.588+0000] {logging_mixin.py:188} INFO - [2025-05-18T12:52:42.588+0000] {dagbag.py:545} INFO - Filling up the DagBag from /home/airflow/.local/lib/python3.9/site-packages/airflow/example_dags/example_latest_only.py
[2025-05-18T12:52:42.604+0000] {processor.py:840} INFO - DAG(s) 'latest_only' retrieved from /home/airflow/.local/lib/python3.9/site-packages/airflow/example_dags/example_latest_only.py
[2025-05-18T12:52:42.653+0000] {logging_mixin.py:188} INFO - [2025-05-18T12:52:42.653+0000] {dag.py:3096} INFO - Sync 1 DAGs
[2025-05-18T12:52:42.704+0000] {logging_mixin.py:188} INFO - [2025-05-18T12:52:42.696+0000] {dag.py:3954} INFO - Setting next_dagrun for latest_only to 2025-05-18 08:00:00+00:00, run_after=2025-05-18 12:00:00+00:00
[2025-05-18T12:52:42.747+0000] {processor.py:183} INFO - Processing /home/airflow/.local/lib/python3.9/site-packages/airflow/example_dags/example_latest_only.py took 0.181 seconds
[2025-05-18T12:53:13.673+0000] {processor.py:161} INFO - Started process (PID=649) to work on /home/airflow/.local/lib/python3.9/site-packages/airflow/example_dags/example_latest_only.py
[2025-05-18T12:53:13.675+0000] {processor.py:830} INFO - Processing file /home/airflow/.local/lib/python3.9/site-packages/airflow/example_dags/example_latest_only.py for tasks to queue
[2025-05-18T12:53:13.677+0000] {logging_mixin.py:188} INFO - [2025-05-18T12:53:13.677+0000] {dagbag.py:545} INFO - Filling up the DagBag from /home/airflow/.local/lib/python3.9/site-packages/airflow/example_dags/example_latest_only.py
[2025-05-18T12:53:13.689+0000] {processor.py:840} INFO - DAG(s) 'latest_only' retrieved from /home/airflow/.local/lib/python3.9/site-packages/airflow/example_dags/example_latest_only.py
[2025-05-18T12:53:13.721+0000] {logging_mixin.py:188} INFO - [2025-05-18T12:53:13.721+0000] {dag.py:3096} INFO - Sync 1 DAGs
[2025-05-18T12:53:13.753+0000] {logging_mixin.py:188} INFO - [2025-05-18T12:53:13.752+0000] {dag.py:3954} INFO - Setting next_dagrun for latest_only to 2025-05-18 08:00:00+00:00, run_after=2025-05-18 12:00:00+00:00
[2025-05-18T12:53:13.776+0000] {processor.py:183} INFO - Processing /home/airflow/.local/lib/python3.9/site-packages/airflow/example_dags/example_latest_only.py took 0.112 seconds
[2025-05-18T12:53:44.607+0000] {processor.py:161} INFO - Started process (PID=716) to work on /home/airflow/.local/lib/python3.9/site-packages/airflow/example_dags/example_latest_only.py
[2025-05-18T12:53:44.609+0000] {processor.py:830} INFO - Processing file /home/airflow/.local/lib/python3.9/site-packages/airflow/example_dags/example_latest_only.py for tasks to queue
[2025-05-18T12:53:44.612+0000] {logging_mixin.py:188} INFO - [2025-05-18T12:53:44.611+0000] {dagbag.py:545} INFO - Filling up the DagBag from /home/airflow/.local/lib/python3.9/site-packages/airflow/example_dags/example_latest_only.py
[2025-05-18T12:53:44.628+0000] {processor.py:840} INFO - DAG(s) 'latest_only' retrieved from /home/airflow/.local/lib/python3.9/site-packages/airflow/example_dags/example_latest_only.py
[2025-05-18T12:53:44.675+0000] {logging_mixin.py:188} INFO - [2025-05-18T12:53:44.674+0000] {dag.py:3096} INFO - Sync 1 DAGs
[2025-05-18T12:53:44.727+0000] {logging_mixin.py:188} INFO - [2025-05-18T12:53:44.727+0000] {dag.py:3954} INFO - Setting next_dagrun for latest_only to 2025-05-18 08:00:00+00:00, run_after=2025-05-18 12:00:00+00:00
[2025-05-18T12:53:44.767+0000] {processor.py:183} INFO - Processing /home/airflow/.local/lib/python3.9/site-packages/airflow/example_dags/example_latest_only.py took 0.178 seconds
[2025-05-18T12:54:14.845+0000] {processor.py:161} INFO - Started process (PID=783) to work on /home/airflow/.local/lib/python3.9/site-packages/airflow/example_dags/example_latest_only.py
[2025-05-18T12:54:14.847+0000] {processor.py:830} INFO - Processing file /home/airflow/.local/lib/python3.9/site-packages/airflow/example_dags/example_latest_only.py for tasks to queue
[2025-05-18T12:54:14.850+0000] {logging_mixin.py:188} INFO - [2025-05-18T12:54:14.849+0000] {dagbag.py:545} INFO - Filling up the DagBag from /home/airflow/.local/lib/python3.9/site-packages/airflow/example_dags/example_latest_only.py
[2025-05-18T12:54:14.858+0000] {processor.py:840} INFO - DAG(s) 'latest_only' retrieved from /home/airflow/.local/lib/python3.9/site-packages/airflow/example_dags/example_latest_only.py
[2025-05-18T12:54:14.891+0000] {logging_mixin.py:188} INFO - [2025-05-18T12:54:14.890+0000] {dag.py:3096} INFO - Sync 1 DAGs
[2025-05-18T12:54:14.922+0000] {logging_mixin.py:188} INFO - [2025-05-18T12:54:14.922+0000] {dag.py:3954} INFO - Setting next_dagrun for latest_only to 2025-05-18 08:00:00+00:00, run_after=2025-05-18 12:00:00+00:00
[2025-05-18T12:54:14.945+0000] {processor.py:183} INFO - Processing /home/airflow/.local/lib/python3.9/site-packages/airflow/example_dags/example_latest_only.py took 0.110 seconds
[2025-05-18T12:54:44.985+0000] {processor.py:161} INFO - Started process (PID=849) to work on /home/airflow/.local/lib/python3.9/site-packages/airflow/example_dags/example_latest_only.py
[2025-05-18T12:54:44.987+0000] {processor.py:830} INFO - Processing file /home/airflow/.local/lib/python3.9/site-packages/airflow/example_dags/example_latest_only.py for tasks to queue
[2025-05-18T12:54:44.989+0000] {logging_mixin.py:188} INFO - [2025-05-18T12:54:44.989+0000] {dagbag.py:545} INFO - Filling up the DagBag from /home/airflow/.local/lib/python3.9/site-packages/airflow/example_dags/example_latest_only.py
[2025-05-18T12:54:44.997+0000] {processor.py:840} INFO - DAG(s) 'latest_only' retrieved from /home/airflow/.local/lib/python3.9/site-packages/airflow/example_dags/example_latest_only.py
[2025-05-18T12:54:45.034+0000] {logging_mixin.py:188} INFO - [2025-05-18T12:54:45.033+0000] {dag.py:3096} INFO - Sync 1 DAGs
[2025-05-18T12:54:45.069+0000] {logging_mixin.py:188} INFO - [2025-05-18T12:54:45.068+0000] {dag.py:3954} INFO - Setting next_dagrun for latest_only to 2025-05-18 08:00:00+00:00, run_after=2025-05-18 12:00:00+00:00
[2025-05-18T12:54:45.094+0000] {processor.py:183} INFO - Processing /home/airflow/.local/lib/python3.9/site-packages/airflow/example_dags/example_latest_only.py took 0.118 seconds
[2025-05-18T12:55:15.282+0000] {processor.py:161} INFO - Started process (PID=923) to work on /home/airflow/.local/lib/python3.9/site-packages/airflow/example_dags/example_latest_only.py
[2025-05-18T12:55:15.284+0000] {processor.py:830} INFO - Processing file /home/airflow/.local/lib/python3.9/site-packages/airflow/example_dags/example_latest_only.py for tasks to queue
[2025-05-18T12:55:15.286+0000] {logging_mixin.py:188} INFO - [2025-05-18T12:55:15.286+0000] {dagbag.py:545} INFO - Filling up the DagBag from /home/airflow/.local/lib/python3.9/site-packages/airflow/example_dags/example_latest_only.py
[2025-05-18T12:55:15.294+0000] {processor.py:840} INFO - DAG(s) 'latest_only' retrieved from /home/airflow/.local/lib/python3.9/site-packages/airflow/example_dags/example_latest_only.py
[2025-05-18T12:55:15.327+0000] {logging_mixin.py:188} INFO - [2025-05-18T12:55:15.327+0000] {dag.py:3096} INFO - Sync 1 DAGs
[2025-05-18T12:55:15.366+0000] {logging_mixin.py:188} INFO - [2025-05-18T12:55:15.366+0000] {dag.py:3954} INFO - Setting next_dagrun for latest_only to 2025-05-18 08:00:00+00:00, run_after=2025-05-18 12:00:00+00:00
[2025-05-18T12:55:15.408+0000] {processor.py:183} INFO - Processing /home/airflow/.local/lib/python3.9/site-packages/airflow/example_dags/example_latest_only.py took 0.138 seconds
[2025-05-18T12:55:45.834+0000] {processor.py:161} INFO - Started process (PID=991) to work on /home/airflow/.local/lib/python3.9/site-packages/airflow/example_dags/example_latest_only.py
[2025-05-18T12:55:45.836+0000] {processor.py:830} INFO - Processing file /home/airflow/.local/lib/python3.9/site-packages/airflow/example_dags/example_latest_only.py for tasks to queue
[2025-05-18T12:55:45.839+0000] {logging_mixin.py:188} INFO - [2025-05-18T12:55:45.839+0000] {dagbag.py:545} INFO - Filling up the DagBag from /home/airflow/.local/lib/python3.9/site-packages/airflow/example_dags/example_latest_only.py
[2025-05-18T12:55:45.854+0000] {processor.py:840} INFO - DAG(s) 'latest_only' retrieved from /home/airflow/.local/lib/python3.9/site-packages/airflow/example_dags/example_latest_only.py
[2025-05-18T12:55:45.915+0000] {logging_mixin.py:188} INFO - [2025-05-18T12:55:45.915+0000] {dag.py:3096} INFO - Sync 1 DAGs
[2025-05-18T12:55:45.993+0000] {logging_mixin.py:188} INFO - [2025-05-18T12:55:45.993+0000] {dag.py:3954} INFO - Setting next_dagrun for latest_only to 2025-05-18 08:00:00+00:00, run_after=2025-05-18 12:00:00+00:00
[2025-05-18T12:55:46.070+0000] {processor.py:183} INFO - Processing /home/airflow/.local/lib/python3.9/site-packages/airflow/example_dags/example_latest_only.py took 0.256 seconds
[2025-05-18T12:56:16.658+0000] {processor.py:161} INFO - Started process (PID=1058) to work on /home/airflow/.local/lib/python3.9/site-packages/airflow/example_dags/example_latest_only.py
[2025-05-18T12:56:16.665+0000] {processor.py:830} INFO - Processing file /home/airflow/.local/lib/python3.9/site-packages/airflow/example_dags/example_latest_only.py for tasks to queue
[2025-05-18T12:56:16.667+0000] {logging_mixin.py:188} INFO - [2025-05-18T12:56:16.667+0000] {dagbag.py:545} INFO - Filling up the DagBag from /home/airflow/.local/lib/python3.9/site-packages/airflow/example_dags/example_latest_only.py
[2025-05-18T12:56:16.674+0000] {processor.py:840} INFO - DAG(s) 'latest_only' retrieved from /home/airflow/.local/lib/python3.9/site-packages/airflow/example_dags/example_latest_only.py
[2025-05-18T12:56:16.709+0000] {logging_mixin.py:188} INFO - [2025-05-18T12:56:16.708+0000] {dag.py:3096} INFO - Sync 1 DAGs
[2025-05-18T12:56:16.739+0000] {logging_mixin.py:188} INFO - [2025-05-18T12:56:16.739+0000] {dag.py:3954} INFO - Setting next_dagrun for latest_only to 2025-05-18 08:00:00+00:00, run_after=2025-05-18 12:00:00+00:00
[2025-05-18T12:56:16.765+0000] {processor.py:183} INFO - Processing /home/airflow/.local/lib/python3.9/site-packages/airflow/example_dags/example_latest_only.py took 0.115 seconds
