[2025-05-18T12:49:00.607+0000] {processor.py:161} INFO - Started process (PID=103) to work on /home/airflow/.local/lib/python3.9/site-packages/airflow/example_dags/example_branch_labels.py
[2025-05-18T12:49:00.609+0000] {processor.py:830} INFO - Processing file /home/airflow/.local/lib/python3.9/site-packages/airflow/example_dags/example_branch_labels.py for tasks to queue
[2025-05-18T12:49:00.612+0000] {logging_mixin.py:188} INFO - [2025-05-18T12:49:00.611+0000] {dagbag.py:545} INFO - Filling up the DagBag from /home/airflow/.local/lib/python3.9/site-packages/airflow/example_dags/example_branch_labels.py
[2025-05-18T12:49:00.686+0000] {processor.py:840} INFO - DAG(s) 'example_branch_labels' retrieved from /home/airflow/.local/lib/python3.9/site-packages/airflow/example_dags/example_branch_labels.py
[2025-05-18T12:49:00.790+0000] {logging_mixin.py:188} INFO - [2025-05-18T12:49:00.789+0000] {dag.py:3096} INFO - Sync 1 DAGs
[2025-05-18T12:49:00.907+0000] {logging_mixin.py:188} INFO - [2025-05-18T12:49:00.907+0000] {dag.py:3118} INFO - Creating ORM DAG for example_branch_labels
[2025-05-18T12:49:01.011+0000] {logging_mixin.py:188} INFO - [2025-05-18T12:49:01.010+0000] {dag.py:3954} INFO - Setting next_dagrun for example_branch_labels to 2025-05-17 00:00:00+00:00, run_after=2025-05-18 00:00:00+00:00
[2025-05-18T12:49:01.189+0000] {processor.py:183} INFO - Processing /home/airflow/.local/lib/python3.9/site-packages/airflow/example_dags/example_branch_labels.py took 0.661 seconds
[2025-05-18T12:49:32.424+0000] {processor.py:161} INFO - Started process (PID=169) to work on /home/airflow/.local/lib/python3.9/site-packages/airflow/example_dags/example_branch_labels.py
[2025-05-18T12:49:32.426+0000] {processor.py:830} INFO - Processing file /home/airflow/.local/lib/python3.9/site-packages/airflow/example_dags/example_branch_labels.py for tasks to queue
[2025-05-18T12:49:32.429+0000] {logging_mixin.py:188} INFO - [2025-05-18T12:49:32.428+0000] {dagbag.py:545} INFO - Filling up the DagBag from /home/airflow/.local/lib/python3.9/site-packages/airflow/example_dags/example_branch_labels.py
[2025-05-18T12:49:32.450+0000] {processor.py:840} INFO - DAG(s) 'example_branch_labels' retrieved from /home/airflow/.local/lib/python3.9/site-packages/airflow/example_dags/example_branch_labels.py
[2025-05-18T12:49:32.849+0000] {logging_mixin.py:188} INFO - [2025-05-18T12:49:32.848+0000] {dag.py:3096} INFO - Sync 1 DAGs
[2025-05-18T12:49:32.927+0000] {logging_mixin.py:188} INFO - [2025-05-18T12:49:32.927+0000] {dag.py:3954} INFO - Setting next_dagrun for example_branch_labels to 2025-05-17 00:00:00+00:00, run_after=2025-05-18 00:00:00+00:00
[2025-05-18T12:49:33.026+0000] {processor.py:183} INFO - Processing /home/airflow/.local/lib/python3.9/site-packages/airflow/example_dags/example_branch_labels.py took 0.638 seconds
[2025-05-18T12:50:03.131+0000] {processor.py:161} INFO - Started process (PID=227) to work on /home/airflow/.local/lib/python3.9/site-packages/airflow/example_dags/example_branch_labels.py
[2025-05-18T12:50:03.145+0000] {processor.py:830} INFO - Processing file /home/airflow/.local/lib/python3.9/site-packages/airflow/example_dags/example_branch_labels.py for tasks to queue
[2025-05-18T12:50:03.149+0000] {logging_mixin.py:188} INFO - [2025-05-18T12:50:03.149+0000] {dagbag.py:545} INFO - Filling up the DagBag from /home/airflow/.local/lib/python3.9/site-packages/airflow/example_dags/example_branch_labels.py
[2025-05-18T12:50:03.170+0000] {processor.py:840} INFO - DAG(s) 'example_branch_labels' retrieved from /home/airflow/.local/lib/python3.9/site-packages/airflow/example_dags/example_branch_labels.py
[2025-05-18T12:50:03.203+0000] {logging_mixin.py:188} INFO - [2025-05-18T12:50:03.203+0000] {dag.py:3096} INFO - Sync 1 DAGs
[2025-05-18T12:50:03.234+0000] {logging_mixin.py:188} INFO - [2025-05-18T12:50:03.233+0000] {dag.py:3954} INFO - Setting next_dagrun for example_branch_labels to 2025-05-17 00:00:00+00:00, run_after=2025-05-18 00:00:00+00:00
[2025-05-18T12:50:03.255+0000] {processor.py:183} INFO - Processing /home/airflow/.local/lib/python3.9/site-packages/airflow/example_dags/example_branch_labels.py took 0.142 seconds
[2025-05-18T12:50:33.628+0000] {processor.py:161} INFO - Started process (PID=293) to work on /home/airflow/.local/lib/python3.9/site-packages/airflow/example_dags/example_branch_labels.py
[2025-05-18T12:50:33.629+0000] {processor.py:830} INFO - Processing file /home/airflow/.local/lib/python3.9/site-packages/airflow/example_dags/example_branch_labels.py for tasks to queue
[2025-05-18T12:50:33.645+0000] {logging_mixin.py:188} INFO - [2025-05-18T12:50:33.644+0000] {dagbag.py:545} INFO - Filling up the DagBag from /home/airflow/.local/lib/python3.9/site-packages/airflow/example_dags/example_branch_labels.py
[2025-05-18T12:50:33.664+0000] {processor.py:840} INFO - DAG(s) 'example_branch_labels' retrieved from /home/airflow/.local/lib/python3.9/site-packages/airflow/example_dags/example_branch_labels.py
[2025-05-18T12:50:33.749+0000] {logging_mixin.py:188} INFO - [2025-05-18T12:50:33.749+0000] {dag.py:3096} INFO - Sync 1 DAGs
[2025-05-18T12:50:33.855+0000] {logging_mixin.py:188} INFO - [2025-05-18T12:50:33.854+0000] {dag.py:3954} INFO - Setting next_dagrun for example_branch_labels to 2025-05-17 00:00:00+00:00, run_after=2025-05-18 00:00:00+00:00
[2025-05-18T12:50:33.986+0000] {processor.py:183} INFO - Processing /home/airflow/.local/lib/python3.9/site-packages/airflow/example_dags/example_branch_labels.py took 0.377 seconds
[2025-05-18T12:51:04.190+0000] {processor.py:161} INFO - Started process (PID=367) to work on /home/airflow/.local/lib/python3.9/site-packages/airflow/example_dags/example_branch_labels.py
[2025-05-18T12:51:04.192+0000] {processor.py:830} INFO - Processing file /home/airflow/.local/lib/python3.9/site-packages/airflow/example_dags/example_branch_labels.py for tasks to queue
[2025-05-18T12:51:04.195+0000] {logging_mixin.py:188} INFO - [2025-05-18T12:51:04.195+0000] {dagbag.py:545} INFO - Filling up the DagBag from /home/airflow/.local/lib/python3.9/site-packages/airflow/example_dags/example_branch_labels.py
[2025-05-18T12:51:04.215+0000] {processor.py:840} INFO - DAG(s) 'example_branch_labels' retrieved from /home/airflow/.local/lib/python3.9/site-packages/airflow/example_dags/example_branch_labels.py
[2025-05-18T12:51:04.348+0000] {logging_mixin.py:188} INFO - [2025-05-18T12:51:04.348+0000] {dag.py:3096} INFO - Sync 1 DAGs
[2025-05-18T12:51:04.466+0000] {logging_mixin.py:188} INFO - [2025-05-18T12:51:04.465+0000] {dag.py:3954} INFO - Setting next_dagrun for example_branch_labels to 2025-05-17 00:00:00+00:00, run_after=2025-05-18 00:00:00+00:00
[2025-05-18T12:51:04.566+0000] {processor.py:183} INFO - Processing /home/airflow/.local/lib/python3.9/site-packages/airflow/example_dags/example_branch_labels.py took 0.394 seconds
[2025-05-18T12:51:34.634+0000] {processor.py:161} INFO - Started process (PID=433) to work on /home/airflow/.local/lib/python3.9/site-packages/airflow/example_dags/example_branch_labels.py
[2025-05-18T12:51:34.635+0000] {processor.py:830} INFO - Processing file /home/airflow/.local/lib/python3.9/site-packages/airflow/example_dags/example_branch_labels.py for tasks to queue
[2025-05-18T12:51:34.647+0000] {logging_mixin.py:188} INFO - [2025-05-18T12:51:34.645+0000] {dagbag.py:545} INFO - Filling up the DagBag from /home/airflow/.local/lib/python3.9/site-packages/airflow/example_dags/example_branch_labels.py
[2025-05-18T12:51:34.664+0000] {processor.py:840} INFO - DAG(s) 'example_branch_labels' retrieved from /home/airflow/.local/lib/python3.9/site-packages/airflow/example_dags/example_branch_labels.py
[2025-05-18T12:51:34.745+0000] {logging_mixin.py:188} INFO - [2025-05-18T12:51:34.745+0000] {dag.py:3096} INFO - Sync 1 DAGs
[2025-05-18T12:51:34.832+0000] {logging_mixin.py:188} INFO - [2025-05-18T12:51:34.832+0000] {dag.py:3954} INFO - Setting next_dagrun for example_branch_labels to 2025-05-17 00:00:00+00:00, run_after=2025-05-18 00:00:00+00:00
[2025-05-18T12:51:34.892+0000] {processor.py:183} INFO - Processing /home/airflow/.local/lib/python3.9/site-packages/airflow/example_dags/example_branch_labels.py took 0.266 seconds
[2025-05-18T12:52:05.774+0000] {processor.py:161} INFO - Started process (PID=499) to work on /home/airflow/.local/lib/python3.9/site-packages/airflow/example_dags/example_branch_labels.py
[2025-05-18T12:52:05.775+0000] {processor.py:830} INFO - Processing file /home/airflow/.local/lib/python3.9/site-packages/airflow/example_dags/example_branch_labels.py for tasks to queue
[2025-05-18T12:52:05.779+0000] {logging_mixin.py:188} INFO - [2025-05-18T12:52:05.778+0000] {dagbag.py:545} INFO - Filling up the DagBag from /home/airflow/.local/lib/python3.9/site-packages/airflow/example_dags/example_branch_labels.py
[2025-05-18T12:52:05.792+0000] {processor.py:840} INFO - DAG(s) 'example_branch_labels' retrieved from /home/airflow/.local/lib/python3.9/site-packages/airflow/example_dags/example_branch_labels.py
[2025-05-18T12:52:05.840+0000] {logging_mixin.py:188} INFO - [2025-05-18T12:52:05.840+0000] {dag.py:3096} INFO - Sync 1 DAGs
[2025-05-18T12:52:05.886+0000] {logging_mixin.py:188} INFO - [2025-05-18T12:52:05.885+0000] {dag.py:3954} INFO - Setting next_dagrun for example_branch_labels to 2025-05-17 00:00:00+00:00, run_after=2025-05-18 00:00:00+00:00
[2025-05-18T12:52:05.916+0000] {processor.py:183} INFO - Processing /home/airflow/.local/lib/python3.9/site-packages/airflow/example_dags/example_branch_labels.py took 0.154 seconds
[2025-05-18T12:52:36.545+0000] {processor.py:161} INFO - Started process (PID=565) to work on /home/airflow/.local/lib/python3.9/site-packages/airflow/example_dags/example_branch_labels.py
[2025-05-18T12:52:36.547+0000] {processor.py:830} INFO - Processing file /home/airflow/.local/lib/python3.9/site-packages/airflow/example_dags/example_branch_labels.py for tasks to queue
[2025-05-18T12:52:36.550+0000] {logging_mixin.py:188} INFO - [2025-05-18T12:52:36.550+0000] {dagbag.py:545} INFO - Filling up the DagBag from /home/airflow/.local/lib/python3.9/site-packages/airflow/example_dags/example_branch_labels.py
[2025-05-18T12:52:36.570+0000] {processor.py:840} INFO - DAG(s) 'example_branch_labels' retrieved from /home/airflow/.local/lib/python3.9/site-packages/airflow/example_dags/example_branch_labels.py
[2025-05-18T12:52:36.650+0000] {logging_mixin.py:188} INFO - [2025-05-18T12:52:36.649+0000] {dag.py:3096} INFO - Sync 1 DAGs
[2025-05-18T12:52:36.736+0000] {logging_mixin.py:188} INFO - [2025-05-18T12:52:36.735+0000] {dag.py:3954} INFO - Setting next_dagrun for example_branch_labels to 2025-05-17 00:00:00+00:00, run_after=2025-05-18 00:00:00+00:00
[2025-05-18T12:52:36.786+0000] {processor.py:183} INFO - Processing /home/airflow/.local/lib/python3.9/site-packages/airflow/example_dags/example_branch_labels.py took 0.270 seconds
[2025-05-18T12:53:07.402+0000] {processor.py:161} INFO - Started process (PID=631) to work on /home/airflow/.local/lib/python3.9/site-packages/airflow/example_dags/example_branch_labels.py
[2025-05-18T12:53:07.404+0000] {processor.py:830} INFO - Processing file /home/airflow/.local/lib/python3.9/site-packages/airflow/example_dags/example_branch_labels.py for tasks to queue
[2025-05-18T12:53:07.408+0000] {logging_mixin.py:188} INFO - [2025-05-18T12:53:07.407+0000] {dagbag.py:545} INFO - Filling up the DagBag from /home/airflow/.local/lib/python3.9/site-packages/airflow/example_dags/example_branch_labels.py
[2025-05-18T12:53:07.419+0000] {processor.py:840} INFO - DAG(s) 'example_branch_labels' retrieved from /home/airflow/.local/lib/python3.9/site-packages/airflow/example_dags/example_branch_labels.py
[2025-05-18T12:53:07.459+0000] {logging_mixin.py:188} INFO - [2025-05-18T12:53:07.458+0000] {dag.py:3096} INFO - Sync 1 DAGs
[2025-05-18T12:53:07.501+0000] {logging_mixin.py:188} INFO - [2025-05-18T12:53:07.500+0000] {dag.py:3954} INFO - Setting next_dagrun for example_branch_labels to 2025-05-17 00:00:00+00:00, run_after=2025-05-18 00:00:00+00:00
[2025-05-18T12:53:07.527+0000] {processor.py:183} INFO - Processing /home/airflow/.local/lib/python3.9/site-packages/airflow/example_dags/example_branch_labels.py took 0.135 seconds
[2025-05-18T12:53:38.835+0000] {processor.py:161} INFO - Started process (PID=703) to work on /home/airflow/.local/lib/python3.9/site-packages/airflow/example_dags/example_branch_labels.py
[2025-05-18T12:53:38.836+0000] {processor.py:830} INFO - Processing file /home/airflow/.local/lib/python3.9/site-packages/airflow/example_dags/example_branch_labels.py for tasks to queue
[2025-05-18T12:53:38.839+0000] {logging_mixin.py:188} INFO - [2025-05-18T12:53:38.839+0000] {dagbag.py:545} INFO - Filling up the DagBag from /home/airflow/.local/lib/python3.9/site-packages/airflow/example_dags/example_branch_labels.py
[2025-05-18T12:53:38.852+0000] {processor.py:840} INFO - DAG(s) 'example_branch_labels' retrieved from /home/airflow/.local/lib/python3.9/site-packages/airflow/example_dags/example_branch_labels.py
[2025-05-18T12:53:38.893+0000] {logging_mixin.py:188} INFO - [2025-05-18T12:53:38.893+0000] {dag.py:3096} INFO - Sync 1 DAGs
[2025-05-18T12:53:38.934+0000] {logging_mixin.py:188} INFO - [2025-05-18T12:53:38.934+0000] {dag.py:3954} INFO - Setting next_dagrun for example_branch_labels to 2025-05-17 00:00:00+00:00, run_after=2025-05-18 00:00:00+00:00
[2025-05-18T12:53:38.958+0000] {processor.py:183} INFO - Processing /home/airflow/.local/lib/python3.9/site-packages/airflow/example_dags/example_branch_labels.py took 0.134 seconds
[2025-05-18T12:54:09.301+0000] {processor.py:161} INFO - Started process (PID=770) to work on /home/airflow/.local/lib/python3.9/site-packages/airflow/example_dags/example_branch_labels.py
[2025-05-18T12:54:09.302+0000] {processor.py:830} INFO - Processing file /home/airflow/.local/lib/python3.9/site-packages/airflow/example_dags/example_branch_labels.py for tasks to queue
[2025-05-18T12:54:09.305+0000] {logging_mixin.py:188} INFO - [2025-05-18T12:54:09.305+0000] {dagbag.py:545} INFO - Filling up the DagBag from /home/airflow/.local/lib/python3.9/site-packages/airflow/example_dags/example_branch_labels.py
[2025-05-18T12:54:09.316+0000] {processor.py:840} INFO - DAG(s) 'example_branch_labels' retrieved from /home/airflow/.local/lib/python3.9/site-packages/airflow/example_dags/example_branch_labels.py
[2025-05-18T12:54:09.350+0000] {logging_mixin.py:188} INFO - [2025-05-18T12:54:09.350+0000] {dag.py:3096} INFO - Sync 1 DAGs
[2025-05-18T12:54:09.385+0000] {logging_mixin.py:188} INFO - [2025-05-18T12:54:09.384+0000] {dag.py:3954} INFO - Setting next_dagrun for example_branch_labels to 2025-05-17 00:00:00+00:00, run_after=2025-05-18 00:00:00+00:00
[2025-05-18T12:54:09.408+0000] {processor.py:183} INFO - Processing /home/airflow/.local/lib/python3.9/site-packages/airflow/example_dags/example_branch_labels.py took 0.117 seconds
[2025-05-18T12:54:39.533+0000] {processor.py:161} INFO - Started process (PID=837) to work on /home/airflow/.local/lib/python3.9/site-packages/airflow/example_dags/example_branch_labels.py
[2025-05-18T12:54:39.534+0000] {processor.py:830} INFO - Processing file /home/airflow/.local/lib/python3.9/site-packages/airflow/example_dags/example_branch_labels.py for tasks to queue
[2025-05-18T12:54:39.547+0000] {logging_mixin.py:188} INFO - [2025-05-18T12:54:39.546+0000] {dagbag.py:545} INFO - Filling up the DagBag from /home/airflow/.local/lib/python3.9/site-packages/airflow/example_dags/example_branch_labels.py
[2025-05-18T12:54:39.568+0000] {processor.py:840} INFO - DAG(s) 'example_branch_labels' retrieved from /home/airflow/.local/lib/python3.9/site-packages/airflow/example_dags/example_branch_labels.py
[2025-05-18T12:54:39.645+0000] {logging_mixin.py:188} INFO - [2025-05-18T12:54:39.645+0000] {dag.py:3096} INFO - Sync 1 DAGs
[2025-05-18T12:54:39.694+0000] {logging_mixin.py:188} INFO - [2025-05-18T12:54:39.693+0000] {dag.py:3954} INFO - Setting next_dagrun for example_branch_labels to 2025-05-17 00:00:00+00:00, run_after=2025-05-18 00:00:00+00:00
[2025-05-18T12:54:39.731+0000] {processor.py:183} INFO - Processing /home/airflow/.local/lib/python3.9/site-packages/airflow/example_dags/example_branch_labels.py took 0.218 seconds
[2025-05-18T12:55:10.216+0000] {processor.py:161} INFO - Started process (PID=904) to work on /home/airflow/.local/lib/python3.9/site-packages/airflow/example_dags/example_branch_labels.py
[2025-05-18T12:55:10.218+0000] {processor.py:830} INFO - Processing file /home/airflow/.local/lib/python3.9/site-packages/airflow/example_dags/example_branch_labels.py for tasks to queue
[2025-05-18T12:55:10.221+0000] {logging_mixin.py:188} INFO - [2025-05-18T12:55:10.221+0000] {dagbag.py:545} INFO - Filling up the DagBag from /home/airflow/.local/lib/python3.9/site-packages/airflow/example_dags/example_branch_labels.py
[2025-05-18T12:55:10.233+0000] {processor.py:840} INFO - DAG(s) 'example_branch_labels' retrieved from /home/airflow/.local/lib/python3.9/site-packages/airflow/example_dags/example_branch_labels.py
[2025-05-18T12:55:10.264+0000] {logging_mixin.py:188} INFO - [2025-05-18T12:55:10.264+0000] {dag.py:3096} INFO - Sync 1 DAGs
[2025-05-18T12:55:10.295+0000] {logging_mixin.py:188} INFO - [2025-05-18T12:55:10.295+0000] {dag.py:3954} INFO - Setting next_dagrun for example_branch_labels to 2025-05-17 00:00:00+00:00, run_after=2025-05-18 00:00:00+00:00
[2025-05-18T12:55:10.317+0000] {processor.py:183} INFO - Processing /home/airflow/.local/lib/python3.9/site-packages/airflow/example_dags/example_branch_labels.py took 0.113 seconds
[2025-05-18T12:55:40.580+0000] {processor.py:161} INFO - Started process (PID=971) to work on /home/airflow/.local/lib/python3.9/site-packages/airflow/example_dags/example_branch_labels.py
[2025-05-18T12:55:40.581+0000] {processor.py:830} INFO - Processing file /home/airflow/.local/lib/python3.9/site-packages/airflow/example_dags/example_branch_labels.py for tasks to queue
[2025-05-18T12:55:40.584+0000] {logging_mixin.py:188} INFO - [2025-05-18T12:55:40.584+0000] {dagbag.py:545} INFO - Filling up the DagBag from /home/airflow/.local/lib/python3.9/site-packages/airflow/example_dags/example_branch_labels.py
[2025-05-18T12:55:40.595+0000] {processor.py:840} INFO - DAG(s) 'example_branch_labels' retrieved from /home/airflow/.local/lib/python3.9/site-packages/airflow/example_dags/example_branch_labels.py
[2025-05-18T12:55:40.628+0000] {logging_mixin.py:188} INFO - [2025-05-18T12:55:40.628+0000] {dag.py:3096} INFO - Sync 1 DAGs
[2025-05-18T12:55:40.677+0000] {logging_mixin.py:188} INFO - [2025-05-18T12:55:40.677+0000] {dag.py:3954} INFO - Setting next_dagrun for example_branch_labels to 2025-05-17 00:00:00+00:00, run_after=2025-05-18 00:00:00+00:00
[2025-05-18T12:55:40.707+0000] {processor.py:183} INFO - Processing /home/airflow/.local/lib/python3.9/site-packages/airflow/example_dags/example_branch_labels.py took 0.137 seconds
[2025-05-18T12:56:11.032+0000] {processor.py:161} INFO - Started process (PID=1045) to work on /home/airflow/.local/lib/python3.9/site-packages/airflow/example_dags/example_branch_labels.py
[2025-05-18T12:56:11.033+0000] {processor.py:830} INFO - Processing file /home/airflow/.local/lib/python3.9/site-packages/airflow/example_dags/example_branch_labels.py for tasks to queue
[2025-05-18T12:56:11.045+0000] {logging_mixin.py:188} INFO - [2025-05-18T12:56:11.045+0000] {dagbag.py:545} INFO - Filling up the DagBag from /home/airflow/.local/lib/python3.9/site-packages/airflow/example_dags/example_branch_labels.py
[2025-05-18T12:56:11.056+0000] {processor.py:840} INFO - DAG(s) 'example_branch_labels' retrieved from /home/airflow/.local/lib/python3.9/site-packages/airflow/example_dags/example_branch_labels.py
[2025-05-18T12:56:11.127+0000] {logging_mixin.py:188} INFO - [2025-05-18T12:56:11.127+0000] {dag.py:3096} INFO - Sync 1 DAGs
[2025-05-18T12:56:11.173+0000] {logging_mixin.py:188} INFO - [2025-05-18T12:56:11.172+0000] {dag.py:3954} INFO - Setting next_dagrun for example_branch_labels to 2025-05-17 00:00:00+00:00, run_after=2025-05-18 00:00:00+00:00
[2025-05-18T12:56:11.229+0000] {processor.py:183} INFO - Processing /home/airflow/.local/lib/python3.9/site-packages/airflow/example_dags/example_branch_labels.py took 0.215 seconds
