[2025-05-18T12:48:47.086+0000] {processor.py:161} INFO - Started process (PID=78) to work on /home/airflow/.local/lib/python3.9/site-packages/airflow/example_dags/example_setup_teardown.py
[2025-05-18T12:48:47.088+0000] {processor.py:830} INFO - Processing file /home/airflow/.local/lib/python3.9/site-packages/airflow/example_dags/example_setup_teardown.py for tasks to queue
[2025-05-18T12:48:47.090+0000] {logging_mixin.py:188} INFO - [2025-05-18T12:48:47.090+0000] {dagbag.py:545} INFO - Filling up the DagBag from /home/airflow/.local/lib/python3.9/site-packages/airflow/example_dags/example_setup_teardown.py
[2025-05-18T12:48:47.147+0000] {processor.py:840} INFO - DAG(s) 'example_setup_teardown' retrieved from /home/airflow/.local/lib/python3.9/site-packages/airflow/example_dags/example_setup_teardown.py
[2025-05-18T12:48:47.927+0000] {logging_mixin.py:188} INFO - [2025-05-18T12:48:47.926+0000] {override.py:1829} INFO - Created Permission View: can delete on DAG:example_setup_teardown
[2025-05-18T12:48:48.007+0000] {logging_mixin.py:188} INFO - [2025-05-18T12:48:48.006+0000] {override.py:1829} INFO - Created Permission View: can edit on DAG:example_setup_teardown
[2025-05-18T12:48:48.050+0000] {logging_mixin.py:188} INFO - [2025-05-18T12:48:48.049+0000] {override.py:1829} INFO - Created Permission View: can read on DAG:example_setup_teardown
[2025-05-18T12:48:48.051+0000] {logging_mixin.py:188} INFO - [2025-05-18T12:48:48.050+0000] {dag.py:3096} INFO - Sync 1 DAGs
[2025-05-18T12:48:48.126+0000] {logging_mixin.py:188} INFO - [2025-05-18T12:48:48.126+0000] {dag.py:3118} INFO - Creating ORM DAG for example_setup_teardown
[2025-05-18T12:48:48.228+0000] {logging_mixin.py:188} INFO - [2025-05-18T12:48:48.227+0000] {dag.py:3954} INFO - Setting next_dagrun for example_setup_teardown to 2025-05-17 00:00:00+00:00, run_after=2025-05-18 00:00:00+00:00
[2025-05-18T12:48:48.389+0000] {processor.py:183} INFO - Processing /home/airflow/.local/lib/python3.9/site-packages/airflow/example_dags/example_setup_teardown.py took 1.382 seconds
[2025-05-18T12:49:19.109+0000] {processor.py:161} INFO - Started process (PID=144) to work on /home/airflow/.local/lib/python3.9/site-packages/airflow/example_dags/example_setup_teardown.py
[2025-05-18T12:49:19.110+0000] {processor.py:830} INFO - Processing file /home/airflow/.local/lib/python3.9/site-packages/airflow/example_dags/example_setup_teardown.py for tasks to queue
[2025-05-18T12:49:19.113+0000] {logging_mixin.py:188} INFO - [2025-05-18T12:49:19.112+0000] {dagbag.py:545} INFO - Filling up the DagBag from /home/airflow/.local/lib/python3.9/site-packages/airflow/example_dags/example_setup_teardown.py
[2025-05-18T12:49:19.164+0000] {processor.py:840} INFO - DAG(s) 'example_setup_teardown' retrieved from /home/airflow/.local/lib/python3.9/site-packages/airflow/example_dags/example_setup_teardown.py
[2025-05-18T12:49:19.366+0000] {logging_mixin.py:188} INFO - [2025-05-18T12:49:19.365+0000] {dag.py:3096} INFO - Sync 1 DAGs
[2025-05-18T12:49:19.454+0000] {logging_mixin.py:188} INFO - [2025-05-18T12:49:19.454+0000] {dag.py:3954} INFO - Setting next_dagrun for example_setup_teardown to 2025-05-17 00:00:00+00:00, run_after=2025-05-18 00:00:00+00:00
[2025-05-18T12:49:19.587+0000] {processor.py:183} INFO - Processing /home/airflow/.local/lib/python3.9/site-packages/airflow/example_dags/example_setup_teardown.py took 0.537 seconds
[2025-05-18T12:49:50.424+0000] {processor.py:161} INFO - Started process (PID=203) to work on /home/airflow/.local/lib/python3.9/site-packages/airflow/example_dags/example_setup_teardown.py
[2025-05-18T12:49:50.426+0000] {processor.py:830} INFO - Processing file /home/airflow/.local/lib/python3.9/site-packages/airflow/example_dags/example_setup_teardown.py for tasks to queue
[2025-05-18T12:49:50.430+0000] {logging_mixin.py:188} INFO - [2025-05-18T12:49:50.429+0000] {dagbag.py:545} INFO - Filling up the DagBag from /home/airflow/.local/lib/python3.9/site-packages/airflow/example_dags/example_setup_teardown.py
[2025-05-18T12:49:50.468+0000] {processor.py:840} INFO - DAG(s) 'example_setup_teardown' retrieved from /home/airflow/.local/lib/python3.9/site-packages/airflow/example_dags/example_setup_teardown.py
[2025-05-18T12:49:50.567+0000] {logging_mixin.py:188} INFO - [2025-05-18T12:49:50.566+0000] {dag.py:3096} INFO - Sync 1 DAGs
[2025-05-18T12:49:50.626+0000] {logging_mixin.py:188} INFO - [2025-05-18T12:49:50.626+0000] {dag.py:3954} INFO - Setting next_dagrun for example_setup_teardown to 2025-05-17 00:00:00+00:00, run_after=2025-05-18 00:00:00+00:00
[2025-05-18T12:49:50.688+0000] {processor.py:183} INFO - Processing /home/airflow/.local/lib/python3.9/site-packages/airflow/example_dags/example_setup_teardown.py took 0.320 seconds
[2025-05-18T12:50:20.909+0000] {processor.py:161} INFO - Started process (PID=276) to work on /home/airflow/.local/lib/python3.9/site-packages/airflow/example_dags/example_setup_teardown.py
[2025-05-18T12:50:20.911+0000] {processor.py:830} INFO - Processing file /home/airflow/.local/lib/python3.9/site-packages/airflow/example_dags/example_setup_teardown.py for tasks to queue
[2025-05-18T12:50:20.927+0000] {logging_mixin.py:188} INFO - [2025-05-18T12:50:20.926+0000] {dagbag.py:545} INFO - Filling up the DagBag from /home/airflow/.local/lib/python3.9/site-packages/airflow/example_dags/example_setup_teardown.py
[2025-05-18T12:50:20.947+0000] {processor.py:840} INFO - DAG(s) 'example_setup_teardown' retrieved from /home/airflow/.local/lib/python3.9/site-packages/airflow/example_dags/example_setup_teardown.py
[2025-05-18T12:50:21.008+0000] {logging_mixin.py:188} INFO - [2025-05-18T12:50:21.008+0000] {dag.py:3096} INFO - Sync 1 DAGs
[2025-05-18T12:50:21.054+0000] {logging_mixin.py:188} INFO - [2025-05-18T12:50:21.054+0000] {dag.py:3954} INFO - Setting next_dagrun for example_setup_teardown to 2025-05-17 00:00:00+00:00, run_after=2025-05-18 00:00:00+00:00
[2025-05-18T12:50:21.095+0000] {processor.py:183} INFO - Processing /home/airflow/.local/lib/python3.9/site-packages/airflow/example_dags/example_setup_teardown.py took 0.204 seconds
[2025-05-18T12:50:51.939+0000] {processor.py:161} INFO - Started process (PID=342) to work on /home/airflow/.local/lib/python3.9/site-packages/airflow/example_dags/example_setup_teardown.py
[2025-05-18T12:50:51.945+0000] {processor.py:830} INFO - Processing file /home/airflow/.local/lib/python3.9/site-packages/airflow/example_dags/example_setup_teardown.py for tasks to queue
[2025-05-18T12:50:51.947+0000] {logging_mixin.py:188} INFO - [2025-05-18T12:50:51.947+0000] {dagbag.py:545} INFO - Filling up the DagBag from /home/airflow/.local/lib/python3.9/site-packages/airflow/example_dags/example_setup_teardown.py
[2025-05-18T12:50:51.965+0000] {processor.py:840} INFO - DAG(s) 'example_setup_teardown' retrieved from /home/airflow/.local/lib/python3.9/site-packages/airflow/example_dags/example_setup_teardown.py
[2025-05-18T12:50:52.031+0000] {logging_mixin.py:188} INFO - [2025-05-18T12:50:52.030+0000] {dag.py:3096} INFO - Sync 1 DAGs
[2025-05-18T12:50:52.094+0000] {logging_mixin.py:188} INFO - [2025-05-18T12:50:52.093+0000] {dag.py:3954} INFO - Setting next_dagrun for example_setup_teardown to 2025-05-17 00:00:00+00:00, run_after=2025-05-18 00:00:00+00:00
[2025-05-18T12:50:52.151+0000] {processor.py:183} INFO - Processing /home/airflow/.local/lib/python3.9/site-packages/airflow/example_dags/example_setup_teardown.py took 0.222 seconds
[2025-05-18T12:51:22.395+0000] {processor.py:161} INFO - Started process (PID=408) to work on /home/airflow/.local/lib/python3.9/site-packages/airflow/example_dags/example_setup_teardown.py
[2025-05-18T12:51:22.396+0000] {processor.py:830} INFO - Processing file /home/airflow/.local/lib/python3.9/site-packages/airflow/example_dags/example_setup_teardown.py for tasks to queue
[2025-05-18T12:51:22.399+0000] {logging_mixin.py:188} INFO - [2025-05-18T12:51:22.398+0000] {dagbag.py:545} INFO - Filling up the DagBag from /home/airflow/.local/lib/python3.9/site-packages/airflow/example_dags/example_setup_teardown.py
[2025-05-18T12:51:22.412+0000] {processor.py:840} INFO - DAG(s) 'example_setup_teardown' retrieved from /home/airflow/.local/lib/python3.9/site-packages/airflow/example_dags/example_setup_teardown.py
[2025-05-18T12:51:22.450+0000] {logging_mixin.py:188} INFO - [2025-05-18T12:51:22.450+0000] {dag.py:3096} INFO - Sync 1 DAGs
[2025-05-18T12:51:22.481+0000] {logging_mixin.py:188} INFO - [2025-05-18T12:51:22.480+0000] {dag.py:3954} INFO - Setting next_dagrun for example_setup_teardown to 2025-05-17 00:00:00+00:00, run_after=2025-05-18 00:00:00+00:00
[2025-05-18T12:51:22.506+0000] {processor.py:183} INFO - Processing /home/airflow/.local/lib/python3.9/site-packages/airflow/example_dags/example_setup_teardown.py took 0.120 seconds
[2025-05-18T12:51:52.558+0000] {processor.py:161} INFO - Started process (PID=474) to work on /home/airflow/.local/lib/python3.9/site-packages/airflow/example_dags/example_setup_teardown.py
[2025-05-18T12:51:52.560+0000] {processor.py:830} INFO - Processing file /home/airflow/.local/lib/python3.9/site-packages/airflow/example_dags/example_setup_teardown.py for tasks to queue
[2025-05-18T12:51:52.563+0000] {logging_mixin.py:188} INFO - [2025-05-18T12:51:52.562+0000] {dagbag.py:545} INFO - Filling up the DagBag from /home/airflow/.local/lib/python3.9/site-packages/airflow/example_dags/example_setup_teardown.py
[2025-05-18T12:51:52.574+0000] {processor.py:840} INFO - DAG(s) 'example_setup_teardown' retrieved from /home/airflow/.local/lib/python3.9/site-packages/airflow/example_dags/example_setup_teardown.py
[2025-05-18T12:51:52.652+0000] {logging_mixin.py:188} INFO - [2025-05-18T12:51:52.652+0000] {dag.py:3096} INFO - Sync 1 DAGs
[2025-05-18T12:51:52.710+0000] {logging_mixin.py:188} INFO - [2025-05-18T12:51:52.710+0000] {dag.py:3954} INFO - Setting next_dagrun for example_setup_teardown to 2025-05-17 00:00:00+00:00, run_after=2025-05-18 00:00:00+00:00
[2025-05-18T12:51:52.768+0000] {processor.py:183} INFO - Processing /home/airflow/.local/lib/python3.9/site-packages/airflow/example_dags/example_setup_teardown.py took 0.220 seconds
[2025-05-18T12:52:23.351+0000] {processor.py:161} INFO - Started process (PID=538) to work on /home/airflow/.local/lib/python3.9/site-packages/airflow/example_dags/example_setup_teardown.py
[2025-05-18T12:52:23.353+0000] {processor.py:830} INFO - Processing file /home/airflow/.local/lib/python3.9/site-packages/airflow/example_dags/example_setup_teardown.py for tasks to queue
[2025-05-18T12:52:23.356+0000] {logging_mixin.py:188} INFO - [2025-05-18T12:52:23.355+0000] {dagbag.py:545} INFO - Filling up the DagBag from /home/airflow/.local/lib/python3.9/site-packages/airflow/example_dags/example_setup_teardown.py
[2025-05-18T12:52:23.375+0000] {processor.py:840} INFO - DAG(s) 'example_setup_teardown' retrieved from /home/airflow/.local/lib/python3.9/site-packages/airflow/example_dags/example_setup_teardown.py
[2025-05-18T12:52:23.425+0000] {logging_mixin.py:188} INFO - [2025-05-18T12:52:23.425+0000] {dag.py:3096} INFO - Sync 1 DAGs
[2025-05-18T12:52:23.474+0000] {logging_mixin.py:188} INFO - [2025-05-18T12:52:23.474+0000] {dag.py:3954} INFO - Setting next_dagrun for example_setup_teardown to 2025-05-17 00:00:00+00:00, run_after=2025-05-18 00:00:00+00:00
[2025-05-18T12:52:23.514+0000] {processor.py:183} INFO - Processing /home/airflow/.local/lib/python3.9/site-packages/airflow/example_dags/example_setup_teardown.py took 0.185 seconds
[2025-05-18T12:52:53.625+0000] {processor.py:161} INFO - Started process (PID=604) to work on /home/airflow/.local/lib/python3.9/site-packages/airflow/example_dags/example_setup_teardown.py
[2025-05-18T12:52:53.627+0000] {processor.py:830} INFO - Processing file /home/airflow/.local/lib/python3.9/site-packages/airflow/example_dags/example_setup_teardown.py for tasks to queue
[2025-05-18T12:52:53.629+0000] {logging_mixin.py:188} INFO - [2025-05-18T12:52:53.629+0000] {dagbag.py:545} INFO - Filling up the DagBag from /home/airflow/.local/lib/python3.9/site-packages/airflow/example_dags/example_setup_teardown.py
[2025-05-18T12:52:53.640+0000] {processor.py:840} INFO - DAG(s) 'example_setup_teardown' retrieved from /home/airflow/.local/lib/python3.9/site-packages/airflow/example_dags/example_setup_teardown.py
[2025-05-18T12:52:53.679+0000] {logging_mixin.py:188} INFO - [2025-05-18T12:52:53.679+0000] {dag.py:3096} INFO - Sync 1 DAGs
[2025-05-18T12:52:53.718+0000] {logging_mixin.py:188} INFO - [2025-05-18T12:52:53.717+0000] {dag.py:3954} INFO - Setting next_dagrun for example_setup_teardown to 2025-05-17 00:00:00+00:00, run_after=2025-05-18 00:00:00+00:00
[2025-05-18T12:52:53.745+0000] {processor.py:183} INFO - Processing /home/airflow/.local/lib/python3.9/site-packages/airflow/example_dags/example_setup_teardown.py took 0.133 seconds
[2025-05-18T12:53:23.934+0000] {processor.py:161} INFO - Started process (PID=676) to work on /home/airflow/.local/lib/python3.9/site-packages/airflow/example_dags/example_setup_teardown.py
[2025-05-18T12:53:23.935+0000] {processor.py:830} INFO - Processing file /home/airflow/.local/lib/python3.9/site-packages/airflow/example_dags/example_setup_teardown.py for tasks to queue
[2025-05-18T12:53:23.946+0000] {logging_mixin.py:188} INFO - [2025-05-18T12:53:23.946+0000] {dagbag.py:545} INFO - Filling up the DagBag from /home/airflow/.local/lib/python3.9/site-packages/airflow/example_dags/example_setup_teardown.py
[2025-05-18T12:53:23.967+0000] {processor.py:840} INFO - DAG(s) 'example_setup_teardown' retrieved from /home/airflow/.local/lib/python3.9/site-packages/airflow/example_dags/example_setup_teardown.py
[2025-05-18T12:53:24.033+0000] {logging_mixin.py:188} INFO - [2025-05-18T12:53:24.032+0000] {dag.py:3096} INFO - Sync 1 DAGs
[2025-05-18T12:53:24.109+0000] {logging_mixin.py:188} INFO - [2025-05-18T12:53:24.109+0000] {dag.py:3954} INFO - Setting next_dagrun for example_setup_teardown to 2025-05-17 00:00:00+00:00, run_after=2025-05-18 00:00:00+00:00
[2025-05-18T12:53:24.189+0000] {processor.py:183} INFO - Processing /home/airflow/.local/lib/python3.9/site-packages/airflow/example_dags/example_setup_teardown.py took 0.275 seconds
[2025-05-18T12:53:54.968+0000] {processor.py:161} INFO - Started process (PID=743) to work on /home/airflow/.local/lib/python3.9/site-packages/airflow/example_dags/example_setup_teardown.py
[2025-05-18T12:53:54.985+0000] {processor.py:830} INFO - Processing file /home/airflow/.local/lib/python3.9/site-packages/airflow/example_dags/example_setup_teardown.py for tasks to queue
[2025-05-18T12:53:54.988+0000] {logging_mixin.py:188} INFO - [2025-05-18T12:53:54.988+0000] {dagbag.py:545} INFO - Filling up the DagBag from /home/airflow/.local/lib/python3.9/site-packages/airflow/example_dags/example_setup_teardown.py
[2025-05-18T12:53:55.007+0000] {processor.py:840} INFO - DAG(s) 'example_setup_teardown' retrieved from /home/airflow/.local/lib/python3.9/site-packages/airflow/example_dags/example_setup_teardown.py
[2025-05-18T12:53:55.110+0000] {logging_mixin.py:188} INFO - [2025-05-18T12:53:55.109+0000] {dag.py:3096} INFO - Sync 1 DAGs
[2025-05-18T12:53:55.205+0000] {logging_mixin.py:188} INFO - [2025-05-18T12:53:55.196+0000] {dag.py:3954} INFO - Setting next_dagrun for example_setup_teardown to 2025-05-17 00:00:00+00:00, run_after=2025-05-18 00:00:00+00:00
[2025-05-18T12:53:55.312+0000] {processor.py:183} INFO - Processing /home/airflow/.local/lib/python3.9/site-packages/airflow/example_dags/example_setup_teardown.py took 0.363 seconds
[2025-05-18T12:54:25.892+0000] {processor.py:161} INFO - Started process (PID=810) to work on /home/airflow/.local/lib/python3.9/site-packages/airflow/example_dags/example_setup_teardown.py
[2025-05-18T12:54:25.905+0000] {processor.py:830} INFO - Processing file /home/airflow/.local/lib/python3.9/site-packages/airflow/example_dags/example_setup_teardown.py for tasks to queue
[2025-05-18T12:54:25.908+0000] {logging_mixin.py:188} INFO - [2025-05-18T12:54:25.907+0000] {dagbag.py:545} INFO - Filling up the DagBag from /home/airflow/.local/lib/python3.9/site-packages/airflow/example_dags/example_setup_teardown.py
[2025-05-18T12:54:25.930+0000] {processor.py:840} INFO - DAG(s) 'example_setup_teardown' retrieved from /home/airflow/.local/lib/python3.9/site-packages/airflow/example_dags/example_setup_teardown.py
[2025-05-18T12:54:25.974+0000] {logging_mixin.py:188} INFO - [2025-05-18T12:54:25.974+0000] {dag.py:3096} INFO - Sync 1 DAGs
[2025-05-18T12:54:26.029+0000] {logging_mixin.py:188} INFO - [2025-05-18T12:54:26.028+0000] {dag.py:3954} INFO - Setting next_dagrun for example_setup_teardown to 2025-05-17 00:00:00+00:00, run_after=2025-05-18 00:00:00+00:00
[2025-05-18T12:54:26.128+0000] {processor.py:183} INFO - Processing /home/airflow/.local/lib/python3.9/site-packages/airflow/example_dags/example_setup_teardown.py took 0.254 seconds
[2025-05-18T12:54:56.293+0000] {processor.py:161} INFO - Started process (PID=877) to work on /home/airflow/.local/lib/python3.9/site-packages/airflow/example_dags/example_setup_teardown.py
[2025-05-18T12:54:56.294+0000] {processor.py:830} INFO - Processing file /home/airflow/.local/lib/python3.9/site-packages/airflow/example_dags/example_setup_teardown.py for tasks to queue
[2025-05-18T12:54:56.297+0000] {logging_mixin.py:188} INFO - [2025-05-18T12:54:56.297+0000] {dagbag.py:545} INFO - Filling up the DagBag from /home/airflow/.local/lib/python3.9/site-packages/airflow/example_dags/example_setup_teardown.py
[2025-05-18T12:54:56.308+0000] {processor.py:840} INFO - DAG(s) 'example_setup_teardown' retrieved from /home/airflow/.local/lib/python3.9/site-packages/airflow/example_dags/example_setup_teardown.py
[2025-05-18T12:54:56.357+0000] {logging_mixin.py:188} INFO - [2025-05-18T12:54:56.357+0000] {dag.py:3096} INFO - Sync 1 DAGs
[2025-05-18T12:54:56.412+0000] {logging_mixin.py:188} INFO - [2025-05-18T12:54:56.411+0000] {dag.py:3954} INFO - Setting next_dagrun for example_setup_teardown to 2025-05-17 00:00:00+00:00, run_after=2025-05-18 00:00:00+00:00
[2025-05-18T12:54:56.444+0000] {processor.py:183} INFO - Processing /home/airflow/.local/lib/python3.9/site-packages/airflow/example_dags/example_setup_teardown.py took 0.161 seconds
[2025-05-18T12:55:26.550+0000] {processor.py:161} INFO - Started process (PID=944) to work on /home/airflow/.local/lib/python3.9/site-packages/airflow/example_dags/example_setup_teardown.py
[2025-05-18T12:55:26.551+0000] {processor.py:830} INFO - Processing file /home/airflow/.local/lib/python3.9/site-packages/airflow/example_dags/example_setup_teardown.py for tasks to queue
[2025-05-18T12:55:26.567+0000] {logging_mixin.py:188} INFO - [2025-05-18T12:55:26.566+0000] {dagbag.py:545} INFO - Filling up the DagBag from /home/airflow/.local/lib/python3.9/site-packages/airflow/example_dags/example_setup_teardown.py
[2025-05-18T12:55:26.585+0000] {processor.py:840} INFO - DAG(s) 'example_setup_teardown' retrieved from /home/airflow/.local/lib/python3.9/site-packages/airflow/example_dags/example_setup_teardown.py
[2025-05-18T12:55:26.654+0000] {logging_mixin.py:188} INFO - [2025-05-18T12:55:26.654+0000] {dag.py:3096} INFO - Sync 1 DAGs
[2025-05-18T12:55:26.704+0000] {logging_mixin.py:188} INFO - [2025-05-18T12:55:26.703+0000] {dag.py:3954} INFO - Setting next_dagrun for example_setup_teardown to 2025-05-17 00:00:00+00:00, run_after=2025-05-18 00:00:00+00:00
[2025-05-18T12:55:26.731+0000] {processor.py:183} INFO - Processing /home/airflow/.local/lib/python3.9/site-packages/airflow/example_dags/example_setup_teardown.py took 0.191 seconds
[2025-05-18T12:55:56.888+0000] {processor.py:161} INFO - Started process (PID=1018) to work on /home/airflow/.local/lib/python3.9/site-packages/airflow/example_dags/example_setup_teardown.py
[2025-05-18T12:55:56.889+0000] {processor.py:830} INFO - Processing file /home/airflow/.local/lib/python3.9/site-packages/airflow/example_dags/example_setup_teardown.py for tasks to queue
[2025-05-18T12:55:56.892+0000] {logging_mixin.py:188} INFO - [2025-05-18T12:55:56.891+0000] {dagbag.py:545} INFO - Filling up the DagBag from /home/airflow/.local/lib/python3.9/site-packages/airflow/example_dags/example_setup_teardown.py
[2025-05-18T12:55:56.909+0000] {processor.py:840} INFO - DAG(s) 'example_setup_teardown' retrieved from /home/airflow/.local/lib/python3.9/site-packages/airflow/example_dags/example_setup_teardown.py
[2025-05-18T12:55:56.976+0000] {logging_mixin.py:188} INFO - [2025-05-18T12:55:56.976+0000] {dag.py:3096} INFO - Sync 1 DAGs
[2025-05-18T12:55:57.018+0000] {logging_mixin.py:188} INFO - [2025-05-18T12:55:57.018+0000] {dag.py:3954} INFO - Setting next_dagrun for example_setup_teardown to 2025-05-17 00:00:00+00:00, run_after=2025-05-18 00:00:00+00:00
[2025-05-18T12:55:57.051+0000] {processor.py:183} INFO - Processing /home/airflow/.local/lib/python3.9/site-packages/airflow/example_dags/example_setup_teardown.py took 0.180 seconds
[2025-05-18T12:56:27.225+0000] {processor.py:161} INFO - Started process (PID=1085) to work on /home/airflow/.local/lib/python3.9/site-packages/airflow/example_dags/example_setup_teardown.py
[2025-05-18T12:56:27.226+0000] {processor.py:830} INFO - Processing file /home/airflow/.local/lib/python3.9/site-packages/airflow/example_dags/example_setup_teardown.py for tasks to queue
[2025-05-18T12:56:27.229+0000] {logging_mixin.py:188} INFO - [2025-05-18T12:56:27.229+0000] {dagbag.py:545} INFO - Filling up the DagBag from /home/airflow/.local/lib/python3.9/site-packages/airflow/example_dags/example_setup_teardown.py
[2025-05-18T12:56:27.247+0000] {processor.py:840} INFO - DAG(s) 'example_setup_teardown' retrieved from /home/airflow/.local/lib/python3.9/site-packages/airflow/example_dags/example_setup_teardown.py
[2025-05-18T12:56:27.328+0000] {logging_mixin.py:188} INFO - [2025-05-18T12:56:27.327+0000] {dag.py:3096} INFO - Sync 1 DAGs
[2025-05-18T12:56:27.387+0000] {logging_mixin.py:188} INFO - [2025-05-18T12:56:27.387+0000] {dag.py:3954} INFO - Setting next_dagrun for example_setup_teardown to 2025-05-17 00:00:00+00:00, run_after=2025-05-18 00:00:00+00:00
[2025-05-18T12:56:27.433+0000] {processor.py:183} INFO - Processing /home/airflow/.local/lib/python3.9/site-packages/airflow/example_dags/example_setup_teardown.py took 0.225 seconds
