[2025-05-18T12:48:50.190+0000] {processor.py:161} INFO - Started process (PID=88) to work on /home/airflow/.local/lib/python3.9/site-packages/airflow/example_dags/example_external_task_marker_dag.py
[2025-05-18T12:48:50.192+0000] {processor.py:830} INFO - Processing file /home/airflow/.local/lib/python3.9/site-packages/airflow/example_dags/example_external_task_marker_dag.py for tasks to queue
[2025-05-18T12:48:50.246+0000] {logging_mixin.py:188} INFO - [2025-05-18T12:48:50.246+0000] {dagbag.py:545} INFO - Filling up the DagBag from /home/airflow/.local/lib/python3.9/site-packages/airflow/example_dags/example_external_task_marker_dag.py
[2025-05-18T12:48:50.371+0000] {processor.py:840} INFO - DAG(s) 'example_external_task_marker_child', 'example_external_task_marker_parent' retrieved from /home/airflow/.local/lib/python3.9/site-packages/airflow/example_dags/example_external_task_marker_dag.py
[2025-05-18T12:48:51.388+0000] {logging_mixin.py:188} INFO - [2025-05-18T12:48:51.387+0000] {override.py:1829} INFO - Created Permission View: can delete on DAG:example_external_task_marker_child
[2025-05-18T12:48:51.545+0000] {logging_mixin.py:188} INFO - [2025-05-18T12:48:51.544+0000] {override.py:1829} INFO - Created Permission View: can edit on DAG:example_external_task_marker_child
[2025-05-18T12:48:51.605+0000] {logging_mixin.py:188} INFO - [2025-05-18T12:48:51.604+0000] {override.py:1829} INFO - Created Permission View: can read on DAG:example_external_task_marker_child
[2025-05-18T12:48:51.808+0000] {logging_mixin.py:188} INFO - [2025-05-18T12:48:51.807+0000] {override.py:1829} INFO - Created Permission View: can delete on DAG:example_external_task_marker_parent
[2025-05-18T12:48:51.888+0000] {logging_mixin.py:188} INFO - [2025-05-18T12:48:51.887+0000] {override.py:1829} INFO - Created Permission View: can edit on DAG:example_external_task_marker_parent
[2025-05-18T12:48:52.045+0000] {logging_mixin.py:188} INFO - [2025-05-18T12:48:52.044+0000] {override.py:1829} INFO - Created Permission View: can read on DAG:example_external_task_marker_parent
[2025-05-18T12:48:52.046+0000] {logging_mixin.py:188} INFO - [2025-05-18T12:48:52.046+0000] {dag.py:3096} INFO - Sync 2 DAGs
[2025-05-18T12:48:52.167+0000] {logging_mixin.py:188} INFO - [2025-05-18T12:48:52.166+0000] {dag.py:3118} INFO - Creating ORM DAG for example_external_task_marker_child
[2025-05-18T12:48:52.185+0000] {logging_mixin.py:188} INFO - [2025-05-18T12:48:52.168+0000] {dag.py:3118} INFO - Creating ORM DAG for example_external_task_marker_parent
[2025-05-18T12:48:52.186+0000] {logging_mixin.py:188} INFO - [2025-05-18T12:48:52.185+0000] {dag.py:3954} INFO - Setting next_dagrun for example_external_task_marker_child to None, run_after=None
[2025-05-18T12:48:52.187+0000] {logging_mixin.py:188} INFO - [2025-05-18T12:48:52.187+0000] {dag.py:3954} INFO - Setting next_dagrun for example_external_task_marker_parent to None, run_after=None
[2025-05-18T12:48:52.385+0000] {processor.py:183} INFO - Processing /home/airflow/.local/lib/python3.9/site-packages/airflow/example_dags/example_external_task_marker_dag.py took 2.240 seconds
[2025-05-18T12:49:22.765+0000] {processor.py:161} INFO - Started process (PID=147) to work on /home/airflow/.local/lib/python3.9/site-packages/airflow/example_dags/example_external_task_marker_dag.py
[2025-05-18T12:49:22.766+0000] {processor.py:830} INFO - Processing file /home/airflow/.local/lib/python3.9/site-packages/airflow/example_dags/example_external_task_marker_dag.py for tasks to queue
[2025-05-18T12:49:22.786+0000] {logging_mixin.py:188} INFO - [2025-05-18T12:49:22.785+0000] {dagbag.py:545} INFO - Filling up the DagBag from /home/airflow/.local/lib/python3.9/site-packages/airflow/example_dags/example_external_task_marker_dag.py
[2025-05-18T12:49:22.846+0000] {processor.py:840} INFO - DAG(s) 'example_external_task_marker_parent', 'example_external_task_marker_child' retrieved from /home/airflow/.local/lib/python3.9/site-packages/airflow/example_dags/example_external_task_marker_dag.py
[2025-05-18T12:49:22.945+0000] {logging_mixin.py:188} INFO - [2025-05-18T12:49:22.944+0000] {dag.py:3096} INFO - Sync 2 DAGs
[2025-05-18T12:49:22.968+0000] {logging_mixin.py:188} INFO - [2025-05-18T12:49:22.967+0000] {dag.py:3954} INFO - Setting next_dagrun for example_external_task_marker_child to None, run_after=None
[2025-05-18T12:49:22.990+0000] {logging_mixin.py:188} INFO - [2025-05-18T12:49:22.989+0000] {dag.py:3954} INFO - Setting next_dagrun for example_external_task_marker_parent to None, run_after=None
[2025-05-18T12:49:23.087+0000] {processor.py:183} INFO - Processing /home/airflow/.local/lib/python3.9/site-packages/airflow/example_dags/example_external_task_marker_dag.py took 0.374 seconds
[2025-05-18T12:49:53.809+0000] {processor.py:161} INFO - Started process (PID=213) to work on /home/airflow/.local/lib/python3.9/site-packages/airflow/example_dags/example_external_task_marker_dag.py
[2025-05-18T12:49:53.810+0000] {processor.py:830} INFO - Processing file /home/airflow/.local/lib/python3.9/site-packages/airflow/example_dags/example_external_task_marker_dag.py for tasks to queue
[2025-05-18T12:49:53.826+0000] {logging_mixin.py:188} INFO - [2025-05-18T12:49:53.825+0000] {dagbag.py:545} INFO - Filling up the DagBag from /home/airflow/.local/lib/python3.9/site-packages/airflow/example_dags/example_external_task_marker_dag.py
[2025-05-18T12:49:53.844+0000] {processor.py:840} INFO - DAG(s) 'example_external_task_marker_child', 'example_external_task_marker_parent' retrieved from /home/airflow/.local/lib/python3.9/site-packages/airflow/example_dags/example_external_task_marker_dag.py
[2025-05-18T12:49:53.972+0000] {logging_mixin.py:188} INFO - [2025-05-18T12:49:53.971+0000] {dag.py:3096} INFO - Sync 2 DAGs
[2025-05-18T12:49:54.009+0000] {logging_mixin.py:188} INFO - [2025-05-18T12:49:54.009+0000] {dag.py:3954} INFO - Setting next_dagrun for example_external_task_marker_child to None, run_after=None
[2025-05-18T12:49:54.026+0000] {logging_mixin.py:188} INFO - [2025-05-18T12:49:54.025+0000] {dag.py:3954} INFO - Setting next_dagrun for example_external_task_marker_parent to None, run_after=None
[2025-05-18T12:49:54.074+0000] {processor.py:183} INFO - Processing /home/airflow/.local/lib/python3.9/site-packages/airflow/example_dags/example_external_task_marker_dag.py took 0.283 seconds
[2025-05-18T12:50:24.269+0000] {processor.py:161} INFO - Started process (PID=279) to work on /home/airflow/.local/lib/python3.9/site-packages/airflow/example_dags/example_external_task_marker_dag.py
[2025-05-18T12:50:24.271+0000] {processor.py:830} INFO - Processing file /home/airflow/.local/lib/python3.9/site-packages/airflow/example_dags/example_external_task_marker_dag.py for tasks to queue
[2025-05-18T12:50:24.275+0000] {logging_mixin.py:188} INFO - [2025-05-18T12:50:24.274+0000] {dagbag.py:545} INFO - Filling up the DagBag from /home/airflow/.local/lib/python3.9/site-packages/airflow/example_dags/example_external_task_marker_dag.py
[2025-05-18T12:50:24.286+0000] {processor.py:840} INFO - DAG(s) 'example_external_task_marker_child', 'example_external_task_marker_parent' retrieved from /home/airflow/.local/lib/python3.9/site-packages/airflow/example_dags/example_external_task_marker_dag.py
[2025-05-18T12:50:24.341+0000] {logging_mixin.py:188} INFO - [2025-05-18T12:50:24.340+0000] {dag.py:3096} INFO - Sync 2 DAGs
[2025-05-18T12:50:24.368+0000] {logging_mixin.py:188} INFO - [2025-05-18T12:50:24.368+0000] {dag.py:3954} INFO - Setting next_dagrun for example_external_task_marker_child to None, run_after=None
[2025-05-18T12:50:24.374+0000] {logging_mixin.py:188} INFO - [2025-05-18T12:50:24.374+0000] {dag.py:3954} INFO - Setting next_dagrun for example_external_task_marker_parent to None, run_after=None
[2025-05-18T12:50:24.396+0000] {processor.py:183} INFO - Processing /home/airflow/.local/lib/python3.9/site-packages/airflow/example_dags/example_external_task_marker_dag.py took 0.139 seconds
[2025-05-18T12:50:54.484+0000] {processor.py:161} INFO - Started process (PID=345) to work on /home/airflow/.local/lib/python3.9/site-packages/airflow/example_dags/example_external_task_marker_dag.py
[2025-05-18T12:50:54.486+0000] {processor.py:830} INFO - Processing file /home/airflow/.local/lib/python3.9/site-packages/airflow/example_dags/example_external_task_marker_dag.py for tasks to queue
[2025-05-18T12:50:54.489+0000] {logging_mixin.py:188} INFO - [2025-05-18T12:50:54.488+0000] {dagbag.py:545} INFO - Filling up the DagBag from /home/airflow/.local/lib/python3.9/site-packages/airflow/example_dags/example_external_task_marker_dag.py
[2025-05-18T12:50:54.498+0000] {processor.py:840} INFO - DAG(s) 'example_external_task_marker_child', 'example_external_task_marker_parent' retrieved from /home/airflow/.local/lib/python3.9/site-packages/airflow/example_dags/example_external_task_marker_dag.py
[2025-05-18T12:50:54.537+0000] {logging_mixin.py:188} INFO - [2025-05-18T12:50:54.536+0000] {dag.py:3096} INFO - Sync 2 DAGs
[2025-05-18T12:50:54.559+0000] {logging_mixin.py:188} INFO - [2025-05-18T12:50:54.558+0000] {dag.py:3954} INFO - Setting next_dagrun for example_external_task_marker_child to None, run_after=None
[2025-05-18T12:50:54.564+0000] {logging_mixin.py:188} INFO - [2025-05-18T12:50:54.564+0000] {dag.py:3954} INFO - Setting next_dagrun for example_external_task_marker_parent to None, run_after=None
[2025-05-18T12:50:54.587+0000] {processor.py:183} INFO - Processing /home/airflow/.local/lib/python3.9/site-packages/airflow/example_dags/example_external_task_marker_dag.py took 0.113 seconds
[2025-05-18T12:51:24.691+0000] {processor.py:161} INFO - Started process (PID=411) to work on /home/airflow/.local/lib/python3.9/site-packages/airflow/example_dags/example_external_task_marker_dag.py
[2025-05-18T12:51:24.693+0000] {processor.py:830} INFO - Processing file /home/airflow/.local/lib/python3.9/site-packages/airflow/example_dags/example_external_task_marker_dag.py for tasks to queue
[2025-05-18T12:51:24.695+0000] {logging_mixin.py:188} INFO - [2025-05-18T12:51:24.695+0000] {dagbag.py:545} INFO - Filling up the DagBag from /home/airflow/.local/lib/python3.9/site-packages/airflow/example_dags/example_external_task_marker_dag.py
[2025-05-18T12:51:24.705+0000] {processor.py:840} INFO - DAG(s) 'example_external_task_marker_parent', 'example_external_task_marker_child' retrieved from /home/airflow/.local/lib/python3.9/site-packages/airflow/example_dags/example_external_task_marker_dag.py
[2025-05-18T12:51:24.752+0000] {logging_mixin.py:188} INFO - [2025-05-18T12:51:24.752+0000] {dag.py:3096} INFO - Sync 2 DAGs
[2025-05-18T12:51:24.783+0000] {logging_mixin.py:188} INFO - [2025-05-18T12:51:24.782+0000] {dag.py:3954} INFO - Setting next_dagrun for example_external_task_marker_child to None, run_after=None
[2025-05-18T12:51:24.792+0000] {logging_mixin.py:188} INFO - [2025-05-18T12:51:24.792+0000] {dag.py:3954} INFO - Setting next_dagrun for example_external_task_marker_parent to None, run_after=None
[2025-05-18T12:51:24.822+0000] {processor.py:183} INFO - Processing /home/airflow/.local/lib/python3.9/site-packages/airflow/example_dags/example_external_task_marker_dag.py took 0.144 seconds
[2025-05-18T12:51:54.926+0000] {processor.py:161} INFO - Started process (PID=477) to work on /home/airflow/.local/lib/python3.9/site-packages/airflow/example_dags/example_external_task_marker_dag.py
[2025-05-18T12:51:54.927+0000] {processor.py:830} INFO - Processing file /home/airflow/.local/lib/python3.9/site-packages/airflow/example_dags/example_external_task_marker_dag.py for tasks to queue
[2025-05-18T12:51:54.930+0000] {logging_mixin.py:188} INFO - [2025-05-18T12:51:54.929+0000] {dagbag.py:545} INFO - Filling up the DagBag from /home/airflow/.local/lib/python3.9/site-packages/airflow/example_dags/example_external_task_marker_dag.py
[2025-05-18T12:51:54.938+0000] {processor.py:840} INFO - DAG(s) 'example_external_task_marker_child', 'example_external_task_marker_parent' retrieved from /home/airflow/.local/lib/python3.9/site-packages/airflow/example_dags/example_external_task_marker_dag.py
[2025-05-18T12:51:54.978+0000] {logging_mixin.py:188} INFO - [2025-05-18T12:51:54.978+0000] {dag.py:3096} INFO - Sync 2 DAGs
[2025-05-18T12:51:55.003+0000] {logging_mixin.py:188} INFO - [2025-05-18T12:51:55.002+0000] {dag.py:3954} INFO - Setting next_dagrun for example_external_task_marker_child to None, run_after=None
[2025-05-18T12:51:55.009+0000] {logging_mixin.py:188} INFO - [2025-05-18T12:51:55.009+0000] {dag.py:3954} INFO - Setting next_dagrun for example_external_task_marker_parent to None, run_after=None
[2025-05-18T12:51:55.035+0000] {processor.py:183} INFO - Processing /home/airflow/.local/lib/python3.9/site-packages/airflow/example_dags/example_external_task_marker_dag.py took 0.118 seconds
[2025-05-18T12:52:25.337+0000] {processor.py:161} INFO - Started process (PID=543) to work on /home/airflow/.local/lib/python3.9/site-packages/airflow/example_dags/example_external_task_marker_dag.py
[2025-05-18T12:52:25.339+0000] {processor.py:830} INFO - Processing file /home/airflow/.local/lib/python3.9/site-packages/airflow/example_dags/example_external_task_marker_dag.py for tasks to queue
[2025-05-18T12:52:25.341+0000] {logging_mixin.py:188} INFO - [2025-05-18T12:52:25.341+0000] {dagbag.py:545} INFO - Filling up the DagBag from /home/airflow/.local/lib/python3.9/site-packages/airflow/example_dags/example_external_task_marker_dag.py
[2025-05-18T12:52:25.350+0000] {processor.py:840} INFO - DAG(s) 'example_external_task_marker_parent', 'example_external_task_marker_child' retrieved from /home/airflow/.local/lib/python3.9/site-packages/airflow/example_dags/example_external_task_marker_dag.py
[2025-05-18T12:52:25.395+0000] {logging_mixin.py:188} INFO - [2025-05-18T12:52:25.395+0000] {dag.py:3096} INFO - Sync 2 DAGs
[2025-05-18T12:52:25.418+0000] {logging_mixin.py:188} INFO - [2025-05-18T12:52:25.418+0000] {dag.py:3954} INFO - Setting next_dagrun for example_external_task_marker_child to None, run_after=None
[2025-05-18T12:52:25.423+0000] {logging_mixin.py:188} INFO - [2025-05-18T12:52:25.423+0000] {dag.py:3954} INFO - Setting next_dagrun for example_external_task_marker_parent to None, run_after=None
[2025-05-18T12:52:25.447+0000] {processor.py:183} INFO - Processing /home/airflow/.local/lib/python3.9/site-packages/airflow/example_dags/example_external_task_marker_dag.py took 0.120 seconds
[2025-05-18T12:52:55.770+0000] {processor.py:161} INFO - Started process (PID=616) to work on /home/airflow/.local/lib/python3.9/site-packages/airflow/example_dags/example_external_task_marker_dag.py
[2025-05-18T12:52:55.771+0000] {processor.py:830} INFO - Processing file /home/airflow/.local/lib/python3.9/site-packages/airflow/example_dags/example_external_task_marker_dag.py for tasks to queue
[2025-05-18T12:52:55.774+0000] {logging_mixin.py:188} INFO - [2025-05-18T12:52:55.774+0000] {dagbag.py:545} INFO - Filling up the DagBag from /home/airflow/.local/lib/python3.9/site-packages/airflow/example_dags/example_external_task_marker_dag.py
[2025-05-18T12:52:55.788+0000] {processor.py:840} INFO - DAG(s) 'example_external_task_marker_child', 'example_external_task_marker_parent' retrieved from /home/airflow/.local/lib/python3.9/site-packages/airflow/example_dags/example_external_task_marker_dag.py
[2025-05-18T12:52:55.829+0000] {logging_mixin.py:188} INFO - [2025-05-18T12:52:55.828+0000] {dag.py:3096} INFO - Sync 2 DAGs
[2025-05-18T12:52:55.849+0000] {logging_mixin.py:188} INFO - [2025-05-18T12:52:55.849+0000] {dag.py:3954} INFO - Setting next_dagrun for example_external_task_marker_child to None, run_after=None
[2025-05-18T12:52:55.854+0000] {logging_mixin.py:188} INFO - [2025-05-18T12:52:55.854+0000] {dag.py:3954} INFO - Setting next_dagrun for example_external_task_marker_parent to None, run_after=None
[2025-05-18T12:52:55.878+0000] {processor.py:183} INFO - Processing /home/airflow/.local/lib/python3.9/site-packages/airflow/example_dags/example_external_task_marker_dag.py took 0.118 seconds
[2025-05-18T12:53:26.474+0000] {processor.py:161} INFO - Started process (PID=679) to work on /home/airflow/.local/lib/python3.9/site-packages/airflow/example_dags/example_external_task_marker_dag.py
[2025-05-18T12:53:26.475+0000] {processor.py:830} INFO - Processing file /home/airflow/.local/lib/python3.9/site-packages/airflow/example_dags/example_external_task_marker_dag.py for tasks to queue
[2025-05-18T12:53:26.496+0000] {logging_mixin.py:188} INFO - [2025-05-18T12:53:26.495+0000] {dagbag.py:545} INFO - Filling up the DagBag from /home/airflow/.local/lib/python3.9/site-packages/airflow/example_dags/example_external_task_marker_dag.py
[2025-05-18T12:53:26.514+0000] {processor.py:840} INFO - DAG(s) 'example_external_task_marker_child', 'example_external_task_marker_parent' retrieved from /home/airflow/.local/lib/python3.9/site-packages/airflow/example_dags/example_external_task_marker_dag.py
[2025-05-18T12:53:26.607+0000] {logging_mixin.py:188} INFO - [2025-05-18T12:53:26.606+0000] {dag.py:3096} INFO - Sync 2 DAGs
[2025-05-18T12:53:26.639+0000] {logging_mixin.py:188} INFO - [2025-05-18T12:53:26.639+0000] {dag.py:3954} INFO - Setting next_dagrun for example_external_task_marker_child to None, run_after=None
[2025-05-18T12:53:26.651+0000] {logging_mixin.py:188} INFO - [2025-05-18T12:53:26.651+0000] {dag.py:3954} INFO - Setting next_dagrun for example_external_task_marker_parent to None, run_after=None
[2025-05-18T12:53:26.690+0000] {processor.py:183} INFO - Processing /home/airflow/.local/lib/python3.9/site-packages/airflow/example_dags/example_external_task_marker_dag.py took 0.233 seconds
[2025-05-18T12:53:57.709+0000] {processor.py:161} INFO - Started process (PID=746) to work on /home/airflow/.local/lib/python3.9/site-packages/airflow/example_dags/example_external_task_marker_dag.py
[2025-05-18T12:53:57.710+0000] {processor.py:830} INFO - Processing file /home/airflow/.local/lib/python3.9/site-packages/airflow/example_dags/example_external_task_marker_dag.py for tasks to queue
[2025-05-18T12:53:57.713+0000] {logging_mixin.py:188} INFO - [2025-05-18T12:53:57.713+0000] {dagbag.py:545} INFO - Filling up the DagBag from /home/airflow/.local/lib/python3.9/site-packages/airflow/example_dags/example_external_task_marker_dag.py
[2025-05-18T12:53:57.730+0000] {processor.py:840} INFO - DAG(s) 'example_external_task_marker_parent', 'example_external_task_marker_child' retrieved from /home/airflow/.local/lib/python3.9/site-packages/airflow/example_dags/example_external_task_marker_dag.py
[2025-05-18T12:53:57.812+0000] {logging_mixin.py:188} INFO - [2025-05-18T12:53:57.811+0000] {dag.py:3096} INFO - Sync 2 DAGs
[2025-05-18T12:53:57.839+0000] {logging_mixin.py:188} INFO - [2025-05-18T12:53:57.838+0000] {dag.py:3954} INFO - Setting next_dagrun for example_external_task_marker_child to None, run_after=None
[2025-05-18T12:53:57.849+0000] {logging_mixin.py:188} INFO - [2025-05-18T12:53:57.848+0000] {dag.py:3954} INFO - Setting next_dagrun for example_external_task_marker_parent to None, run_after=None
[2025-05-18T12:53:57.888+0000] {processor.py:183} INFO - Processing /home/airflow/.local/lib/python3.9/site-packages/airflow/example_dags/example_external_task_marker_dag.py took 0.188 seconds
[2025-05-18T12:54:28.372+0000] {processor.py:161} INFO - Started process (PID=813) to work on /home/airflow/.local/lib/python3.9/site-packages/airflow/example_dags/example_external_task_marker_dag.py
[2025-05-18T12:54:28.373+0000] {processor.py:830} INFO - Processing file /home/airflow/.local/lib/python3.9/site-packages/airflow/example_dags/example_external_task_marker_dag.py for tasks to queue
[2025-05-18T12:54:28.376+0000] {logging_mixin.py:188} INFO - [2025-05-18T12:54:28.375+0000] {dagbag.py:545} INFO - Filling up the DagBag from /home/airflow/.local/lib/python3.9/site-packages/airflow/example_dags/example_external_task_marker_dag.py
[2025-05-18T12:54:28.384+0000] {processor.py:840} INFO - DAG(s) 'example_external_task_marker_parent', 'example_external_task_marker_child' retrieved from /home/airflow/.local/lib/python3.9/site-packages/airflow/example_dags/example_external_task_marker_dag.py
[2025-05-18T12:54:28.453+0000] {logging_mixin.py:188} INFO - [2025-05-18T12:54:28.452+0000] {dag.py:3096} INFO - Sync 2 DAGs
[2025-05-18T12:54:28.483+0000] {logging_mixin.py:188} INFO - [2025-05-18T12:54:28.483+0000] {dag.py:3954} INFO - Setting next_dagrun for example_external_task_marker_child to None, run_after=None
[2025-05-18T12:54:28.488+0000] {logging_mixin.py:188} INFO - [2025-05-18T12:54:28.488+0000] {dag.py:3954} INFO - Setting next_dagrun for example_external_task_marker_parent to None, run_after=None
[2025-05-18T12:54:28.515+0000] {processor.py:183} INFO - Processing /home/airflow/.local/lib/python3.9/site-packages/airflow/example_dags/example_external_task_marker_dag.py took 0.153 seconds
[2025-05-18T12:54:58.639+0000] {processor.py:161} INFO - Started process (PID=880) to work on /home/airflow/.local/lib/python3.9/site-packages/airflow/example_dags/example_external_task_marker_dag.py
[2025-05-18T12:54:58.640+0000] {processor.py:830} INFO - Processing file /home/airflow/.local/lib/python3.9/site-packages/airflow/example_dags/example_external_task_marker_dag.py for tasks to queue
[2025-05-18T12:54:58.643+0000] {logging_mixin.py:188} INFO - [2025-05-18T12:54:58.643+0000] {dagbag.py:545} INFO - Filling up the DagBag from /home/airflow/.local/lib/python3.9/site-packages/airflow/example_dags/example_external_task_marker_dag.py
[2025-05-18T12:54:58.652+0000] {processor.py:840} INFO - DAG(s) 'example_external_task_marker_parent', 'example_external_task_marker_child' retrieved from /home/airflow/.local/lib/python3.9/site-packages/airflow/example_dags/example_external_task_marker_dag.py
[2025-05-18T12:54:58.690+0000] {logging_mixin.py:188} INFO - [2025-05-18T12:54:58.689+0000] {dag.py:3096} INFO - Sync 2 DAGs
[2025-05-18T12:54:58.707+0000] {logging_mixin.py:188} INFO - [2025-05-18T12:54:58.707+0000] {dag.py:3954} INFO - Setting next_dagrun for example_external_task_marker_child to None, run_after=None
[2025-05-18T12:54:58.711+0000] {logging_mixin.py:188} INFO - [2025-05-18T12:54:58.711+0000] {dag.py:3954} INFO - Setting next_dagrun for example_external_task_marker_parent to None, run_after=None
[2025-05-18T12:54:58.733+0000] {processor.py:183} INFO - Processing /home/airflow/.local/lib/python3.9/site-packages/airflow/example_dags/example_external_task_marker_dag.py took 0.104 seconds
[2025-05-18T12:55:28.854+0000] {processor.py:161} INFO - Started process (PID=954) to work on /home/airflow/.local/lib/python3.9/site-packages/airflow/example_dags/example_external_task_marker_dag.py
[2025-05-18T12:55:28.856+0000] {processor.py:830} INFO - Processing file /home/airflow/.local/lib/python3.9/site-packages/airflow/example_dags/example_external_task_marker_dag.py for tasks to queue
[2025-05-18T12:55:28.859+0000] {logging_mixin.py:188} INFO - [2025-05-18T12:55:28.858+0000] {dagbag.py:545} INFO - Filling up the DagBag from /home/airflow/.local/lib/python3.9/site-packages/airflow/example_dags/example_external_task_marker_dag.py
[2025-05-18T12:55:28.868+0000] {processor.py:840} INFO - DAG(s) 'example_external_task_marker_child', 'example_external_task_marker_parent' retrieved from /home/airflow/.local/lib/python3.9/site-packages/airflow/example_dags/example_external_task_marker_dag.py
[2025-05-18T12:55:28.933+0000] {logging_mixin.py:188} INFO - [2025-05-18T12:55:28.932+0000] {dag.py:3096} INFO - Sync 2 DAGs
[2025-05-18T12:55:28.968+0000] {logging_mixin.py:188} INFO - [2025-05-18T12:55:28.967+0000] {dag.py:3954} INFO - Setting next_dagrun for example_external_task_marker_child to None, run_after=None
[2025-05-18T12:55:28.972+0000] {logging_mixin.py:188} INFO - [2025-05-18T12:55:28.972+0000] {dag.py:3954} INFO - Setting next_dagrun for example_external_task_marker_parent to None, run_after=None
[2025-05-18T12:55:28.994+0000] {processor.py:183} INFO - Processing /home/airflow/.local/lib/python3.9/site-packages/airflow/example_dags/example_external_task_marker_dag.py took 0.149 seconds
[2025-05-18T12:55:59.165+0000] {processor.py:161} INFO - Started process (PID=1021) to work on /home/airflow/.local/lib/python3.9/site-packages/airflow/example_dags/example_external_task_marker_dag.py
[2025-05-18T12:55:59.166+0000] {processor.py:830} INFO - Processing file /home/airflow/.local/lib/python3.9/site-packages/airflow/example_dags/example_external_task_marker_dag.py for tasks to queue
[2025-05-18T12:55:59.169+0000] {logging_mixin.py:188} INFO - [2025-05-18T12:55:59.168+0000] {dagbag.py:545} INFO - Filling up the DagBag from /home/airflow/.local/lib/python3.9/site-packages/airflow/example_dags/example_external_task_marker_dag.py
[2025-05-18T12:55:59.179+0000] {processor.py:840} INFO - DAG(s) 'example_external_task_marker_parent', 'example_external_task_marker_child' retrieved from /home/airflow/.local/lib/python3.9/site-packages/airflow/example_dags/example_external_task_marker_dag.py
[2025-05-18T12:55:59.216+0000] {logging_mixin.py:188} INFO - [2025-05-18T12:55:59.216+0000] {dag.py:3096} INFO - Sync 2 DAGs
[2025-05-18T12:55:59.237+0000] {logging_mixin.py:188} INFO - [2025-05-18T12:55:59.237+0000] {dag.py:3954} INFO - Setting next_dagrun for example_external_task_marker_child to None, run_after=None
[2025-05-18T12:55:59.242+0000] {logging_mixin.py:188} INFO - [2025-05-18T12:55:59.242+0000] {dag.py:3954} INFO - Setting next_dagrun for example_external_task_marker_parent to None, run_after=None
[2025-05-18T12:55:59.272+0000] {processor.py:183} INFO - Processing /home/airflow/.local/lib/python3.9/site-packages/airflow/example_dags/example_external_task_marker_dag.py took 0.124 seconds
[2025-05-18T12:56:29.661+0000] {processor.py:161} INFO - Started process (PID=1088) to work on /home/airflow/.local/lib/python3.9/site-packages/airflow/example_dags/example_external_task_marker_dag.py
[2025-05-18T12:56:29.662+0000] {processor.py:830} INFO - Processing file /home/airflow/.local/lib/python3.9/site-packages/airflow/example_dags/example_external_task_marker_dag.py for tasks to queue
[2025-05-18T12:56:29.665+0000] {logging_mixin.py:188} INFO - [2025-05-18T12:56:29.664+0000] {dagbag.py:545} INFO - Filling up the DagBag from /home/airflow/.local/lib/python3.9/site-packages/airflow/example_dags/example_external_task_marker_dag.py
[2025-05-18T12:56:29.673+0000] {processor.py:840} INFO - DAG(s) 'example_external_task_marker_child', 'example_external_task_marker_parent' retrieved from /home/airflow/.local/lib/python3.9/site-packages/airflow/example_dags/example_external_task_marker_dag.py
[2025-05-18T12:56:29.709+0000] {logging_mixin.py:188} INFO - [2025-05-18T12:56:29.709+0000] {dag.py:3096} INFO - Sync 2 DAGs
[2025-05-18T12:56:29.727+0000] {logging_mixin.py:188} INFO - [2025-05-18T12:56:29.727+0000] {dag.py:3954} INFO - Setting next_dagrun for example_external_task_marker_child to None, run_after=None
[2025-05-18T12:56:29.731+0000] {logging_mixin.py:188} INFO - [2025-05-18T12:56:29.731+0000] {dag.py:3954} INFO - Setting next_dagrun for example_external_task_marker_parent to None, run_after=None
[2025-05-18T12:56:29.750+0000] {processor.py:183} INFO - Processing /home/airflow/.local/lib/python3.9/site-packages/airflow/example_dags/example_external_task_marker_dag.py took 0.099 seconds
