[2025-05-18T12:49:05.491+0000] {processor.py:161} INFO - Started process (PID=117) to work on /home/airflow/.local/lib/python3.9/site-packages/airflow/example_dags/example_branch_operator.py
[2025-05-18T12:49:05.505+0000] {processor.py:830} INFO - Processing file /home/airflow/.local/lib/python3.9/site-packages/airflow/example_dags/example_branch_operator.py for tasks to queue
[2025-05-18T12:49:05.508+0000] {logging_mixin.py:188} INFO - [2025-05-18T12:49:05.507+0000] {dagbag.py:545} INFO - Filling up the DagBag from /home/airflow/.local/lib/python3.9/site-packages/airflow/example_dags/example_branch_operator.py
[2025-05-18T12:49:05.608+0000] {processor.py:840} INFO - DAG(s) 'example_branch_operator' retrieved from /home/airflow/.local/lib/python3.9/site-packages/airflow/example_dags/example_branch_operator.py
[2025-05-18T12:49:05.744+0000] {logging_mixin.py:188} INFO - [2025-05-18T12:49:05.732+0000] {dag.py:3096} INFO - Sync 1 DAGs
[2025-05-18T12:49:05.889+0000] {logging_mixin.py:188} INFO - [2025-05-18T12:49:05.888+0000] {dag.py:3118} INFO - Creating ORM DAG for example_branch_operator
[2025-05-18T12:49:05.985+0000] {logging_mixin.py:188} INFO - [2025-05-18T12:49:05.984+0000] {dag.py:3954} INFO - Setting next_dagrun for example_branch_operator to 2025-05-17 00:00:00+00:00, run_after=2025-05-18 00:00:00+00:00
[2025-05-18T12:49:06.089+0000] {processor.py:183} INFO - Processing /home/airflow/.local/lib/python3.9/site-packages/airflow/example_dags/example_branch_operator.py took 0.642 seconds
[2025-05-18T12:49:39.733+0000] {processor.py:161} INFO - Started process (PID=183) to work on /home/airflow/.local/lib/python3.9/site-packages/airflow/example_dags/example_branch_operator.py
[2025-05-18T12:49:39.744+0000] {processor.py:830} INFO - Processing file /home/airflow/.local/lib/python3.9/site-packages/airflow/example_dags/example_branch_operator.py for tasks to queue
[2025-05-18T12:49:39.747+0000] {logging_mixin.py:188} INFO - [2025-05-18T12:49:39.747+0000] {dagbag.py:545} INFO - Filling up the DagBag from /home/airflow/.local/lib/python3.9/site-packages/airflow/example_dags/example_branch_operator.py
[2025-05-18T12:49:39.784+0000] {processor.py:840} INFO - DAG(s) 'example_branch_operator' retrieved from /home/airflow/.local/lib/python3.9/site-packages/airflow/example_dags/example_branch_operator.py
[2025-05-18T12:49:40.045+0000] {logging_mixin.py:188} INFO - [2025-05-18T12:49:40.045+0000] {dag.py:3096} INFO - Sync 1 DAGs
[2025-05-18T12:49:40.112+0000] {logging_mixin.py:188} INFO - [2025-05-18T12:49:40.112+0000] {dag.py:3954} INFO - Setting next_dagrun for example_branch_operator to 2025-05-17 00:00:00+00:00, run_after=2025-05-18 00:00:00+00:00
[2025-05-18T12:49:40.188+0000] {processor.py:183} INFO - Processing /home/airflow/.local/lib/python3.9/site-packages/airflow/example_dags/example_branch_operator.py took 0.464 seconds
[2025-05-18T12:50:10.538+0000] {processor.py:161} INFO - Started process (PID=249) to work on /home/airflow/.local/lib/python3.9/site-packages/airflow/example_dags/example_branch_operator.py
[2025-05-18T12:50:10.540+0000] {processor.py:830} INFO - Processing file /home/airflow/.local/lib/python3.9/site-packages/airflow/example_dags/example_branch_operator.py for tasks to queue
[2025-05-18T12:50:10.543+0000] {logging_mixin.py:188} INFO - [2025-05-18T12:50:10.542+0000] {dagbag.py:545} INFO - Filling up the DagBag from /home/airflow/.local/lib/python3.9/site-packages/airflow/example_dags/example_branch_operator.py
[2025-05-18T12:50:10.567+0000] {processor.py:840} INFO - DAG(s) 'example_branch_operator' retrieved from /home/airflow/.local/lib/python3.9/site-packages/airflow/example_dags/example_branch_operator.py
[2025-05-18T12:50:10.611+0000] {logging_mixin.py:188} INFO - [2025-05-18T12:50:10.611+0000] {dag.py:3096} INFO - Sync 1 DAGs
[2025-05-18T12:50:10.650+0000] {logging_mixin.py:188} INFO - [2025-05-18T12:50:10.649+0000] {dag.py:3954} INFO - Setting next_dagrun for example_branch_operator to 2025-05-17 00:00:00+00:00, run_after=2025-05-18 00:00:00+00:00
[2025-05-18T12:50:10.695+0000] {processor.py:183} INFO - Processing /home/airflow/.local/lib/python3.9/site-packages/airflow/example_dags/example_branch_operator.py took 0.168 seconds
[2025-05-18T12:50:41.270+0000] {processor.py:161} INFO - Started process (PID=315) to work on /home/airflow/.local/lib/python3.9/site-packages/airflow/example_dags/example_branch_operator.py
[2025-05-18T12:50:41.272+0000] {processor.py:830} INFO - Processing file /home/airflow/.local/lib/python3.9/site-packages/airflow/example_dags/example_branch_operator.py for tasks to queue
[2025-05-18T12:50:41.274+0000] {logging_mixin.py:188} INFO - [2025-05-18T12:50:41.274+0000] {dagbag.py:545} INFO - Filling up the DagBag from /home/airflow/.local/lib/python3.9/site-packages/airflow/example_dags/example_branch_operator.py
[2025-05-18T12:50:41.298+0000] {processor.py:840} INFO - DAG(s) 'example_branch_operator' retrieved from /home/airflow/.local/lib/python3.9/site-packages/airflow/example_dags/example_branch_operator.py
[2025-05-18T12:50:41.336+0000] {logging_mixin.py:188} INFO - [2025-05-18T12:50:41.336+0000] {dag.py:3096} INFO - Sync 1 DAGs
[2025-05-18T12:50:41.370+0000] {logging_mixin.py:188} INFO - [2025-05-18T12:50:41.369+0000] {dag.py:3954} INFO - Setting next_dagrun for example_branch_operator to 2025-05-17 00:00:00+00:00, run_after=2025-05-18 00:00:00+00:00
[2025-05-18T12:50:41.400+0000] {processor.py:183} INFO - Processing /home/airflow/.local/lib/python3.9/site-packages/airflow/example_dags/example_branch_operator.py took 0.139 seconds
[2025-05-18T12:51:11.549+0000] {processor.py:161} INFO - Started process (PID=381) to work on /home/airflow/.local/lib/python3.9/site-packages/airflow/example_dags/example_branch_operator.py
[2025-05-18T12:51:11.550+0000] {processor.py:830} INFO - Processing file /home/airflow/.local/lib/python3.9/site-packages/airflow/example_dags/example_branch_operator.py for tasks to queue
[2025-05-18T12:51:11.553+0000] {logging_mixin.py:188} INFO - [2025-05-18T12:51:11.553+0000] {dagbag.py:545} INFO - Filling up the DagBag from /home/airflow/.local/lib/python3.9/site-packages/airflow/example_dags/example_branch_operator.py
[2025-05-18T12:51:11.588+0000] {processor.py:840} INFO - DAG(s) 'example_branch_operator' retrieved from /home/airflow/.local/lib/python3.9/site-packages/airflow/example_dags/example_branch_operator.py
[2025-05-18T12:51:11.648+0000] {logging_mixin.py:188} INFO - [2025-05-18T12:51:11.647+0000] {dag.py:3096} INFO - Sync 1 DAGs
[2025-05-18T12:51:11.699+0000] {logging_mixin.py:188} INFO - [2025-05-18T12:51:11.699+0000] {dag.py:3954} INFO - Setting next_dagrun for example_branch_operator to 2025-05-17 00:00:00+00:00, run_after=2025-05-18 00:00:00+00:00
[2025-05-18T12:51:11.733+0000] {processor.py:183} INFO - Processing /home/airflow/.local/lib/python3.9/site-packages/airflow/example_dags/example_branch_operator.py took 0.199 seconds
[2025-05-18T12:51:42.088+0000] {processor.py:161} INFO - Started process (PID=447) to work on /home/airflow/.local/lib/python3.9/site-packages/airflow/example_dags/example_branch_operator.py
[2025-05-18T12:51:42.090+0000] {processor.py:830} INFO - Processing file /home/airflow/.local/lib/python3.9/site-packages/airflow/example_dags/example_branch_operator.py for tasks to queue
[2025-05-18T12:51:42.093+0000] {logging_mixin.py:188} INFO - [2025-05-18T12:51:42.092+0000] {dagbag.py:545} INFO - Filling up the DagBag from /home/airflow/.local/lib/python3.9/site-packages/airflow/example_dags/example_branch_operator.py
[2025-05-18T12:51:42.130+0000] {processor.py:840} INFO - DAG(s) 'example_branch_operator' retrieved from /home/airflow/.local/lib/python3.9/site-packages/airflow/example_dags/example_branch_operator.py
[2025-05-18T12:51:42.251+0000] {logging_mixin.py:188} INFO - [2025-05-18T12:51:42.251+0000] {dag.py:3096} INFO - Sync 1 DAGs
[2025-05-18T12:51:42.316+0000] {logging_mixin.py:188} INFO - [2025-05-18T12:51:42.315+0000] {dag.py:3954} INFO - Setting next_dagrun for example_branch_operator to 2025-05-17 00:00:00+00:00, run_after=2025-05-18 00:00:00+00:00
[2025-05-18T12:51:42.354+0000] {processor.py:183} INFO - Processing /home/airflow/.local/lib/python3.9/site-packages/airflow/example_dags/example_branch_operator.py took 0.284 seconds
[2025-05-18T12:52:12.528+0000] {processor.py:161} INFO - Started process (PID=513) to work on /home/airflow/.local/lib/python3.9/site-packages/airflow/example_dags/example_branch_operator.py
[2025-05-18T12:52:12.529+0000] {processor.py:830} INFO - Processing file /home/airflow/.local/lib/python3.9/site-packages/airflow/example_dags/example_branch_operator.py for tasks to queue
[2025-05-18T12:52:12.532+0000] {logging_mixin.py:188} INFO - [2025-05-18T12:52:12.532+0000] {dagbag.py:545} INFO - Filling up the DagBag from /home/airflow/.local/lib/python3.9/site-packages/airflow/example_dags/example_branch_operator.py
[2025-05-18T12:52:12.557+0000] {processor.py:840} INFO - DAG(s) 'example_branch_operator' retrieved from /home/airflow/.local/lib/python3.9/site-packages/airflow/example_dags/example_branch_operator.py
[2025-05-18T12:52:12.599+0000] {logging_mixin.py:188} INFO - [2025-05-18T12:52:12.598+0000] {dag.py:3096} INFO - Sync 1 DAGs
[2025-05-18T12:52:12.630+0000] {logging_mixin.py:188} INFO - [2025-05-18T12:52:12.630+0000] {dag.py:3954} INFO - Setting next_dagrun for example_branch_operator to 2025-05-17 00:00:00+00:00, run_after=2025-05-18 00:00:00+00:00
[2025-05-18T12:52:12.653+0000] {processor.py:183} INFO - Processing /home/airflow/.local/lib/python3.9/site-packages/airflow/example_dags/example_branch_operator.py took 0.136 seconds
[2025-05-18T12:52:42.963+0000] {processor.py:161} INFO - Started process (PID=586) to work on /home/airflow/.local/lib/python3.9/site-packages/airflow/example_dags/example_branch_operator.py
[2025-05-18T12:52:42.965+0000] {processor.py:830} INFO - Processing file /home/airflow/.local/lib/python3.9/site-packages/airflow/example_dags/example_branch_operator.py for tasks to queue
[2025-05-18T12:52:42.967+0000] {logging_mixin.py:188} INFO - [2025-05-18T12:52:42.967+0000] {dagbag.py:545} INFO - Filling up the DagBag from /home/airflow/.local/lib/python3.9/site-packages/airflow/example_dags/example_branch_operator.py
[2025-05-18T12:52:42.990+0000] {processor.py:840} INFO - DAG(s) 'example_branch_operator' retrieved from /home/airflow/.local/lib/python3.9/site-packages/airflow/example_dags/example_branch_operator.py
[2025-05-18T12:52:43.050+0000] {logging_mixin.py:188} INFO - [2025-05-18T12:52:43.050+0000] {dag.py:3096} INFO - Sync 1 DAGs
[2025-05-18T12:52:43.091+0000] {logging_mixin.py:188} INFO - [2025-05-18T12:52:43.090+0000] {dag.py:3954} INFO - Setting next_dagrun for example_branch_operator to 2025-05-17 00:00:00+00:00, run_after=2025-05-18 00:00:00+00:00
[2025-05-18T12:52:43.117+0000] {processor.py:183} INFO - Processing /home/airflow/.local/lib/python3.9/site-packages/airflow/example_dags/example_branch_operator.py took 0.163 seconds
[2025-05-18T12:53:13.979+0000] {processor.py:161} INFO - Started process (PID=651) to work on /home/airflow/.local/lib/python3.9/site-packages/airflow/example_dags/example_branch_operator.py
[2025-05-18T12:53:13.980+0000] {processor.py:830} INFO - Processing file /home/airflow/.local/lib/python3.9/site-packages/airflow/example_dags/example_branch_operator.py for tasks to queue
[2025-05-18T12:53:13.982+0000] {logging_mixin.py:188} INFO - [2025-05-18T12:53:13.982+0000] {dagbag.py:545} INFO - Filling up the DagBag from /home/airflow/.local/lib/python3.9/site-packages/airflow/example_dags/example_branch_operator.py
[2025-05-18T12:53:14.008+0000] {processor.py:840} INFO - DAG(s) 'example_branch_operator' retrieved from /home/airflow/.local/lib/python3.9/site-packages/airflow/example_dags/example_branch_operator.py
[2025-05-18T12:53:14.058+0000] {logging_mixin.py:188} INFO - [2025-05-18T12:53:14.057+0000] {dag.py:3096} INFO - Sync 1 DAGs
[2025-05-18T12:53:14.090+0000] {logging_mixin.py:188} INFO - [2025-05-18T12:53:14.090+0000] {dag.py:3954} INFO - Setting next_dagrun for example_branch_operator to 2025-05-17 00:00:00+00:00, run_after=2025-05-18 00:00:00+00:00
[2025-05-18T12:53:14.113+0000] {processor.py:183} INFO - Processing /home/airflow/.local/lib/python3.9/site-packages/airflow/example_dags/example_branch_operator.py took 0.144 seconds
[2025-05-18T12:53:44.975+0000] {processor.py:161} INFO - Started process (PID=718) to work on /home/airflow/.local/lib/python3.9/site-packages/airflow/example_dags/example_branch_operator.py
[2025-05-18T12:53:44.976+0000] {processor.py:830} INFO - Processing file /home/airflow/.local/lib/python3.9/site-packages/airflow/example_dags/example_branch_operator.py for tasks to queue
[2025-05-18T12:53:44.979+0000] {logging_mixin.py:188} INFO - [2025-05-18T12:53:44.978+0000] {dagbag.py:545} INFO - Filling up the DagBag from /home/airflow/.local/lib/python3.9/site-packages/airflow/example_dags/example_branch_operator.py
[2025-05-18T12:53:45.008+0000] {processor.py:840} INFO - DAG(s) 'example_branch_operator' retrieved from /home/airflow/.local/lib/python3.9/site-packages/airflow/example_dags/example_branch_operator.py
[2025-05-18T12:53:45.059+0000] {logging_mixin.py:188} INFO - [2025-05-18T12:53:45.059+0000] {dag.py:3096} INFO - Sync 1 DAGs
[2025-05-18T12:53:45.095+0000] {logging_mixin.py:188} INFO - [2025-05-18T12:53:45.095+0000] {dag.py:3954} INFO - Setting next_dagrun for example_branch_operator to 2025-05-17 00:00:00+00:00, run_after=2025-05-18 00:00:00+00:00
[2025-05-18T12:53:45.122+0000] {processor.py:183} INFO - Processing /home/airflow/.local/lib/python3.9/site-packages/airflow/example_dags/example_branch_operator.py took 0.158 seconds
[2025-05-18T12:54:16.010+0000] {processor.py:161} INFO - Started process (PID=785) to work on /home/airflow/.local/lib/python3.9/site-packages/airflow/example_dags/example_branch_operator.py
[2025-05-18T12:54:16.011+0000] {processor.py:830} INFO - Processing file /home/airflow/.local/lib/python3.9/site-packages/airflow/example_dags/example_branch_operator.py for tasks to queue
[2025-05-18T12:54:16.014+0000] {logging_mixin.py:188} INFO - [2025-05-18T12:54:16.013+0000] {dagbag.py:545} INFO - Filling up the DagBag from /home/airflow/.local/lib/python3.9/site-packages/airflow/example_dags/example_branch_operator.py
[2025-05-18T12:54:16.039+0000] {processor.py:840} INFO - DAG(s) 'example_branch_operator' retrieved from /home/airflow/.local/lib/python3.9/site-packages/airflow/example_dags/example_branch_operator.py
[2025-05-18T12:54:16.083+0000] {logging_mixin.py:188} INFO - [2025-05-18T12:54:16.082+0000] {dag.py:3096} INFO - Sync 1 DAGs
[2025-05-18T12:54:16.117+0000] {logging_mixin.py:188} INFO - [2025-05-18T12:54:16.117+0000] {dag.py:3954} INFO - Setting next_dagrun for example_branch_operator to 2025-05-17 00:00:00+00:00, run_after=2025-05-18 00:00:00+00:00
[2025-05-18T12:54:16.143+0000] {processor.py:183} INFO - Processing /home/airflow/.local/lib/python3.9/site-packages/airflow/example_dags/example_branch_operator.py took 0.147 seconds
[2025-05-18T12:54:46.316+0000] {processor.py:161} INFO - Started process (PID=852) to work on /home/airflow/.local/lib/python3.9/site-packages/airflow/example_dags/example_branch_operator.py
[2025-05-18T12:54:46.325+0000] {processor.py:830} INFO - Processing file /home/airflow/.local/lib/python3.9/site-packages/airflow/example_dags/example_branch_operator.py for tasks to queue
[2025-05-18T12:54:46.328+0000] {logging_mixin.py:188} INFO - [2025-05-18T12:54:46.328+0000] {dagbag.py:545} INFO - Filling up the DagBag from /home/airflow/.local/lib/python3.9/site-packages/airflow/example_dags/example_branch_operator.py
[2025-05-18T12:54:46.353+0000] {processor.py:840} INFO - DAG(s) 'example_branch_operator' retrieved from /home/airflow/.local/lib/python3.9/site-packages/airflow/example_dags/example_branch_operator.py
[2025-05-18T12:54:46.405+0000] {logging_mixin.py:188} INFO - [2025-05-18T12:54:46.405+0000] {dag.py:3096} INFO - Sync 1 DAGs
[2025-05-18T12:54:46.445+0000] {logging_mixin.py:188} INFO - [2025-05-18T12:54:46.445+0000] {dag.py:3954} INFO - Setting next_dagrun for example_branch_operator to 2025-05-17 00:00:00+00:00, run_after=2025-05-18 00:00:00+00:00
[2025-05-18T12:54:46.475+0000] {processor.py:183} INFO - Processing /home/airflow/.local/lib/python3.9/site-packages/airflow/example_dags/example_branch_operator.py took 0.170 seconds
[2025-05-18T12:55:16.691+0000] {processor.py:161} INFO - Started process (PID=926) to work on /home/airflow/.local/lib/python3.9/site-packages/airflow/example_dags/example_branch_operator.py
[2025-05-18T12:55:16.693+0000] {processor.py:830} INFO - Processing file /home/airflow/.local/lib/python3.9/site-packages/airflow/example_dags/example_branch_operator.py for tasks to queue
[2025-05-18T12:55:16.695+0000] {logging_mixin.py:188} INFO - [2025-05-18T12:55:16.695+0000] {dagbag.py:545} INFO - Filling up the DagBag from /home/airflow/.local/lib/python3.9/site-packages/airflow/example_dags/example_branch_operator.py
[2025-05-18T12:55:16.735+0000] {processor.py:840} INFO - DAG(s) 'example_branch_operator' retrieved from /home/airflow/.local/lib/python3.9/site-packages/airflow/example_dags/example_branch_operator.py
[2025-05-18T12:55:16.846+0000] {logging_mixin.py:188} INFO - [2025-05-18T12:55:16.846+0000] {dag.py:3096} INFO - Sync 1 DAGs
[2025-05-18T12:55:16.904+0000] {logging_mixin.py:188} INFO - [2025-05-18T12:55:16.900+0000] {dag.py:3954} INFO - Setting next_dagrun for example_branch_operator to 2025-05-17 00:00:00+00:00, run_after=2025-05-18 00:00:00+00:00
[2025-05-18T12:55:16.990+0000] {processor.py:183} INFO - Processing /home/airflow/.local/lib/python3.9/site-packages/airflow/example_dags/example_branch_operator.py took 0.317 seconds
[2025-05-18T12:55:47.188+0000] {processor.py:161} INFO - Started process (PID=993) to work on /home/airflow/.local/lib/python3.9/site-packages/airflow/example_dags/example_branch_operator.py
[2025-05-18T12:55:47.190+0000] {processor.py:830} INFO - Processing file /home/airflow/.local/lib/python3.9/site-packages/airflow/example_dags/example_branch_operator.py for tasks to queue
[2025-05-18T12:55:47.192+0000] {logging_mixin.py:188} INFO - [2025-05-18T12:55:47.192+0000] {dagbag.py:545} INFO - Filling up the DagBag from /home/airflow/.local/lib/python3.9/site-packages/airflow/example_dags/example_branch_operator.py
[2025-05-18T12:55:47.227+0000] {processor.py:840} INFO - DAG(s) 'example_branch_operator' retrieved from /home/airflow/.local/lib/python3.9/site-packages/airflow/example_dags/example_branch_operator.py
[2025-05-18T12:55:47.289+0000] {logging_mixin.py:188} INFO - [2025-05-18T12:55:47.289+0000] {dag.py:3096} INFO - Sync 1 DAGs
[2025-05-18T12:55:47.332+0000] {logging_mixin.py:188} INFO - [2025-05-18T12:55:47.331+0000] {dag.py:3954} INFO - Setting next_dagrun for example_branch_operator to 2025-05-17 00:00:00+00:00, run_after=2025-05-18 00:00:00+00:00
[2025-05-18T12:55:47.366+0000] {processor.py:183} INFO - Processing /home/airflow/.local/lib/python3.9/site-packages/airflow/example_dags/example_branch_operator.py took 0.192 seconds
[2025-05-18T12:56:17.822+0000] {processor.py:161} INFO - Started process (PID=1060) to work on /home/airflow/.local/lib/python3.9/site-packages/airflow/example_dags/example_branch_operator.py
[2025-05-18T12:56:17.823+0000] {processor.py:830} INFO - Processing file /home/airflow/.local/lib/python3.9/site-packages/airflow/example_dags/example_branch_operator.py for tasks to queue
[2025-05-18T12:56:17.826+0000] {logging_mixin.py:188} INFO - [2025-05-18T12:56:17.826+0000] {dagbag.py:545} INFO - Filling up the DagBag from /home/airflow/.local/lib/python3.9/site-packages/airflow/example_dags/example_branch_operator.py
[2025-05-18T12:56:17.854+0000] {processor.py:840} INFO - DAG(s) 'example_branch_operator' retrieved from /home/airflow/.local/lib/python3.9/site-packages/airflow/example_dags/example_branch_operator.py
[2025-05-18T12:56:17.929+0000] {logging_mixin.py:188} INFO - [2025-05-18T12:56:17.928+0000] {dag.py:3096} INFO - Sync 1 DAGs
[2025-05-18T12:56:17.982+0000] {logging_mixin.py:188} INFO - [2025-05-18T12:56:17.982+0000] {dag.py:3954} INFO - Setting next_dagrun for example_branch_operator to 2025-05-17 00:00:00+00:00, run_after=2025-05-18 00:00:00+00:00
[2025-05-18T12:56:18.014+0000] {processor.py:183} INFO - Processing /home/airflow/.local/lib/python3.9/site-packages/airflow/example_dags/example_branch_operator.py took 0.210 seconds
