[2025-05-18T12:48:54.105+0000] {processor.py:161} INFO - Started process (PID=92) to work on /home/airflow/.local/lib/python3.9/site-packages/airflow/example_dags/example_datasets.py
[2025-05-18T12:48:54.107+0000] {processor.py:830} INFO - Processing file /home/airflow/.local/lib/python3.9/site-packages/airflow/example_dags/example_datasets.py for tasks to queue
[2025-05-18T12:48:54.126+0000] {logging_mixin.py:188} INFO - [2025-05-18T12:48:54.125+0000] {dagbag.py:545} INFO - Filling up the DagBag from /home/airflow/.local/lib/python3.9/site-packages/airflow/example_dags/example_datasets.py
[2025-05-18T12:48:54.246+0000] {processor.py:840} INFO - DAG(s) 'consume_1_or_2_with_dataset_expressions', 'dataset_consumes_unknown_never_scheduled', 'dataset_consumes_1_and_2', 'consume_1_and_2_with_dataset_expressions', 'consume_1_or_both_2_and_3_with_dataset_expressions', 'dataset_consumes_1_never_scheduled', 'dataset_consumes_1', 'conditional_dataset_and_time_based_timetable', 'dataset_produces_2', 'dataset_produces_1' retrieved from /home/airflow/.local/lib/python3.9/site-packages/airflow/example_dags/example_datasets.py
[2025-05-18T12:48:55.030+0000] {logging_mixin.py:188} INFO - [2025-05-18T12:48:55.028+0000] {override.py:1829} INFO - Created Permission View: can delete on DAG:consume_1_or_2_with_dataset_expressions
[2025-05-18T12:48:55.089+0000] {logging_mixin.py:188} INFO - [2025-05-18T12:48:55.088+0000] {override.py:1829} INFO - Created Permission View: can edit on DAG:consume_1_or_2_with_dataset_expressions
[2025-05-18T12:48:55.167+0000] {logging_mixin.py:188} INFO - [2025-05-18T12:48:55.166+0000] {override.py:1829} INFO - Created Permission View: can read on DAG:consume_1_or_2_with_dataset_expressions
[2025-05-18T12:48:55.306+0000] {logging_mixin.py:188} INFO - [2025-05-18T12:48:55.306+0000] {override.py:1829} INFO - Created Permission View: can delete on DAG:dataset_consumes_unknown_never_scheduled
[2025-05-18T12:48:55.385+0000] {logging_mixin.py:188} INFO - [2025-05-18T12:48:55.384+0000] {override.py:1829} INFO - Created Permission View: can edit on DAG:dataset_consumes_unknown_never_scheduled
[2025-05-18T12:48:55.427+0000] {logging_mixin.py:188} INFO - [2025-05-18T12:48:55.426+0000] {override.py:1829} INFO - Created Permission View: can read on DAG:dataset_consumes_unknown_never_scheduled
[2025-05-18T12:48:55.527+0000] {logging_mixin.py:188} INFO - [2025-05-18T12:48:55.526+0000] {override.py:1829} INFO - Created Permission View: can delete on DAG:dataset_consumes_1_and_2
[2025-05-18T12:48:55.565+0000] {logging_mixin.py:188} INFO - [2025-05-18T12:48:55.564+0000] {override.py:1829} INFO - Created Permission View: can edit on DAG:dataset_consumes_1_and_2
[2025-05-18T12:48:55.589+0000] {logging_mixin.py:188} INFO - [2025-05-18T12:48:55.588+0000] {override.py:1829} INFO - Created Permission View: can read on DAG:dataset_consumes_1_and_2
[2025-05-18T12:48:55.669+0000] {logging_mixin.py:188} INFO - [2025-05-18T12:48:55.668+0000] {override.py:1829} INFO - Created Permission View: can delete on DAG:consume_1_and_2_with_dataset_expressions
[2025-05-18T12:48:55.708+0000] {logging_mixin.py:188} INFO - [2025-05-18T12:48:55.707+0000] {override.py:1829} INFO - Created Permission View: can edit on DAG:consume_1_and_2_with_dataset_expressions
[2025-05-18T12:48:55.732+0000] {logging_mixin.py:188} INFO - [2025-05-18T12:48:55.731+0000] {override.py:1829} INFO - Created Permission View: can read on DAG:consume_1_and_2_with_dataset_expressions
[2025-05-18T12:48:55.789+0000] {logging_mixin.py:188} INFO - [2025-05-18T12:48:55.788+0000] {override.py:1829} INFO - Created Permission View: can delete on DAG:consume_1_or_both_2_and_3_with_dataset_expressions
[2025-05-18T12:48:55.865+0000] {logging_mixin.py:188} INFO - [2025-05-18T12:48:55.864+0000] {override.py:1829} INFO - Created Permission View: can edit on DAG:consume_1_or_both_2_and_3_with_dataset_expressions
[2025-05-18T12:48:55.909+0000] {logging_mixin.py:188} INFO - [2025-05-18T12:48:55.908+0000] {override.py:1829} INFO - Created Permission View: can read on DAG:consume_1_or_both_2_and_3_with_dataset_expressions
[2025-05-18T12:48:56.047+0000] {logging_mixin.py:188} INFO - [2025-05-18T12:48:56.046+0000] {override.py:1829} INFO - Created Permission View: can delete on DAG:dataset_consumes_1_never_scheduled
[2025-05-18T12:48:56.127+0000] {logging_mixin.py:188} INFO - [2025-05-18T12:48:56.126+0000] {override.py:1832} ERROR - Creation of Permission View Error: (psycopg2.errors.UniqueViolation) duplicate key value violates unique constraint "ab_permission_view_permission_id_view_menu_id_uq"
DETAIL:  Key (permission_id, view_menu_id)=(1, 72) already exists.

[SQL: INSERT INTO ab_permission_view (permission_id, view_menu_id) VALUES (%(permission_id)s, %(view_menu_id)s) RETURNING ab_permission_view.id]
[parameters: {'permission_id': 1, 'view_menu_id': 72}]
(Background on this error at: https://sqlalche.me/e/14/gkpj)
[2025-05-18T12:48:56.165+0000] {logging_mixin.py:188} INFO - [2025-05-18T12:48:56.164+0000] {override.py:1829} INFO - Created Permission View: can read on DAG:dataset_consumes_1_never_scheduled
[2025-05-18T12:48:56.327+0000] {logging_mixin.py:188} INFO - [2025-05-18T12:48:56.327+0000] {override.py:1829} INFO - Created Permission View: can delete on DAG:dataset_consumes_1
[2025-05-18T12:48:56.390+0000] {logging_mixin.py:188} INFO - [2025-05-18T12:48:56.390+0000] {override.py:1829} INFO - Created Permission View: can edit on DAG:dataset_consumes_1
[2025-05-18T12:48:56.525+0000] {logging_mixin.py:188} INFO - [2025-05-18T12:48:56.507+0000] {override.py:1829} INFO - Created Permission View: can read on DAG:dataset_consumes_1
[2025-05-18T12:48:56.706+0000] {logging_mixin.py:188} INFO - [2025-05-18T12:48:56.706+0000] {override.py:1829} INFO - Created Permission View: can delete on DAG:dataset_produces_1
[2025-05-18T12:48:56.784+0000] {logging_mixin.py:188} INFO - [2025-05-18T12:48:56.767+0000] {override.py:1829} INFO - Created Permission View: can edit on DAG:dataset_produces_1
[2025-05-18T12:48:56.867+0000] {logging_mixin.py:188} INFO - [2025-05-18T12:48:56.866+0000] {override.py:1829} INFO - Created Permission View: can read on DAG:dataset_produces_1
[2025-05-18T12:48:56.884+0000] {logging_mixin.py:188} INFO - [2025-05-18T12:48:56.868+0000] {dag.py:3096} INFO - Sync 10 DAGs
[2025-05-18T12:48:56.990+0000] {logging_mixin.py:188} INFO - [2025-05-18T12:48:56.990+0000] {dag.py:3118} INFO - Creating ORM DAG for dataset_consumes_1_never_scheduled
[2025-05-18T12:48:56.991+0000] {logging_mixin.py:188} INFO - [2025-05-18T12:48:56.991+0000] {dag.py:3118} INFO - Creating ORM DAG for dataset_consumes_1
[2025-05-18T12:48:56.992+0000] {logging_mixin.py:188} INFO - [2025-05-18T12:48:56.992+0000] {dag.py:3118} INFO - Creating ORM DAG for dataset_produces_1
[2025-05-18T12:48:57.005+0000] {logging_mixin.py:188} INFO - [2025-05-18T12:48:57.004+0000] {dag.py:3118} INFO - Creating ORM DAG for dataset_consumes_unknown_never_scheduled
[2025-05-18T12:48:57.006+0000] {logging_mixin.py:188} INFO - [2025-05-18T12:48:57.006+0000] {dag.py:3118} INFO - Creating ORM DAG for conditional_dataset_and_time_based_timetable
[2025-05-18T12:48:57.007+0000] {logging_mixin.py:188} INFO - [2025-05-18T12:48:57.006+0000] {dag.py:3118} INFO - Creating ORM DAG for consume_1_and_2_with_dataset_expressions
[2025-05-18T12:48:57.008+0000] {logging_mixin.py:188} INFO - [2025-05-18T12:48:57.007+0000] {dag.py:3118} INFO - Creating ORM DAG for consume_1_or_both_2_and_3_with_dataset_expressions
[2025-05-18T12:48:57.025+0000] {logging_mixin.py:188} INFO - [2025-05-18T12:48:57.024+0000] {dag.py:3118} INFO - Creating ORM DAG for dataset_consumes_1_and_2
[2025-05-18T12:48:57.026+0000] {logging_mixin.py:188} INFO - [2025-05-18T12:48:57.026+0000] {dag.py:3118} INFO - Creating ORM DAG for consume_1_or_2_with_dataset_expressions
[2025-05-18T12:48:57.027+0000] {logging_mixin.py:188} INFO - [2025-05-18T12:48:57.027+0000] {dag.py:3118} INFO - Creating ORM DAG for dataset_produces_2
[2025-05-18T12:48:57.088+0000] {logging_mixin.py:188} INFO - [2025-05-18T12:48:57.088+0000] {dag.py:3954} INFO - Setting next_dagrun for conditional_dataset_and_time_based_timetable to 2025-05-14 01:00:00+00:00, run_after=2025-05-14 01:00:00+00:00
[2025-05-18T12:48:57.106+0000] {logging_mixin.py:188} INFO - [2025-05-18T12:48:57.106+0000] {dag.py:3954} INFO - Setting next_dagrun for consume_1_and_2_with_dataset_expressions to None, run_after=None
[2025-05-18T12:48:57.107+0000] {logging_mixin.py:188} INFO - [2025-05-18T12:48:57.106+0000] {dag.py:3954} INFO - Setting next_dagrun for consume_1_or_2_with_dataset_expressions to None, run_after=None
[2025-05-18T12:48:57.107+0000] {logging_mixin.py:188} INFO - [2025-05-18T12:48:57.107+0000] {dag.py:3954} INFO - Setting next_dagrun for consume_1_or_both_2_and_3_with_dataset_expressions to None, run_after=None
[2025-05-18T12:48:57.108+0000] {logging_mixin.py:188} INFO - [2025-05-18T12:48:57.108+0000] {dag.py:3954} INFO - Setting next_dagrun for dataset_consumes_1 to None, run_after=None
[2025-05-18T12:48:57.109+0000] {logging_mixin.py:188} INFO - [2025-05-18T12:48:57.109+0000] {dag.py:3954} INFO - Setting next_dagrun for dataset_consumes_1_and_2 to None, run_after=None
[2025-05-18T12:48:57.110+0000] {logging_mixin.py:188} INFO - [2025-05-18T12:48:57.110+0000] {dag.py:3954} INFO - Setting next_dagrun for dataset_consumes_1_never_scheduled to None, run_after=None
[2025-05-18T12:48:57.111+0000] {logging_mixin.py:188} INFO - [2025-05-18T12:48:57.111+0000] {dag.py:3954} INFO - Setting next_dagrun for dataset_consumes_unknown_never_scheduled to None, run_after=None
[2025-05-18T12:48:57.126+0000] {logging_mixin.py:188} INFO - [2025-05-18T12:48:57.125+0000] {dag.py:3954} INFO - Setting next_dagrun for dataset_produces_1 to 2025-05-17 00:00:00+00:00, run_after=2025-05-18 00:00:00+00:00
[2025-05-18T12:48:57.127+0000] {logging_mixin.py:188} INFO - [2025-05-18T12:48:57.126+0000] {dag.py:3954} INFO - Setting next_dagrun for dataset_produces_2 to None, run_after=None
[2025-05-18T12:48:57.485+0000] {processor.py:183} INFO - Processing /home/airflow/.local/lib/python3.9/site-packages/airflow/example_dags/example_datasets.py took 3.397 seconds
[2025-05-18T12:49:28.147+0000] {processor.py:161} INFO - Started process (PID=151) to work on /home/airflow/.local/lib/python3.9/site-packages/airflow/example_dags/example_datasets.py
[2025-05-18T12:49:28.148+0000] {processor.py:830} INFO - Processing file /home/airflow/.local/lib/python3.9/site-packages/airflow/example_dags/example_datasets.py for tasks to queue
[2025-05-18T12:49:28.151+0000] {logging_mixin.py:188} INFO - [2025-05-18T12:49:28.150+0000] {dagbag.py:545} INFO - Filling up the DagBag from /home/airflow/.local/lib/python3.9/site-packages/airflow/example_dags/example_datasets.py
[2025-05-18T12:49:28.190+0000] {processor.py:840} INFO - DAG(s) 'dataset_consumes_1_and_2', 'dataset_produces_1', 'dataset_produces_2', 'conditional_dataset_and_time_based_timetable', 'consume_1_and_2_with_dataset_expressions', 'consume_1_or_2_with_dataset_expressions', 'dataset_consumes_unknown_never_scheduled', 'consume_1_or_both_2_and_3_with_dataset_expressions', 'dataset_consumes_1', 'dataset_consumes_1_never_scheduled' retrieved from /home/airflow/.local/lib/python3.9/site-packages/airflow/example_dags/example_datasets.py
[2025-05-18T12:49:28.754+0000] {logging_mixin.py:188} INFO - [2025-05-18T12:49:28.754+0000] {dag.py:3096} INFO - Sync 10 DAGs
[2025-05-18T12:49:28.870+0000] {logging_mixin.py:188} INFO - [2025-05-18T12:49:28.869+0000] {dag.py:3954} INFO - Setting next_dagrun for conditional_dataset_and_time_based_timetable to 2025-05-14 01:00:00+00:00, run_after=2025-05-14 01:00:00+00:00
[2025-05-18T12:49:28.887+0000] {logging_mixin.py:188} INFO - [2025-05-18T12:49:28.887+0000] {dag.py:3954} INFO - Setting next_dagrun for consume_1_and_2_with_dataset_expressions to None, run_after=None
[2025-05-18T12:49:28.891+0000] {logging_mixin.py:188} INFO - [2025-05-18T12:49:28.890+0000] {dag.py:3954} INFO - Setting next_dagrun for consume_1_or_2_with_dataset_expressions to None, run_after=None
[2025-05-18T12:49:28.893+0000] {logging_mixin.py:188} INFO - [2025-05-18T12:49:28.892+0000] {dag.py:3954} INFO - Setting next_dagrun for consume_1_or_both_2_and_3_with_dataset_expressions to None, run_after=None
[2025-05-18T12:49:28.906+0000] {logging_mixin.py:188} INFO - [2025-05-18T12:49:28.905+0000] {dag.py:3954} INFO - Setting next_dagrun for dataset_consumes_1 to None, run_after=None
[2025-05-18T12:49:28.908+0000] {logging_mixin.py:188} INFO - [2025-05-18T12:49:28.908+0000] {dag.py:3954} INFO - Setting next_dagrun for dataset_consumes_1_and_2 to None, run_after=None
[2025-05-18T12:49:28.909+0000] {logging_mixin.py:188} INFO - [2025-05-18T12:49:28.909+0000] {dag.py:3954} INFO - Setting next_dagrun for dataset_consumes_1_never_scheduled to None, run_after=None
[2025-05-18T12:49:28.911+0000] {logging_mixin.py:188} INFO - [2025-05-18T12:49:28.911+0000] {dag.py:3954} INFO - Setting next_dagrun for dataset_consumes_unknown_never_scheduled to None, run_after=None
[2025-05-18T12:49:28.927+0000] {logging_mixin.py:188} INFO - [2025-05-18T12:49:28.927+0000] {dag.py:3954} INFO - Setting next_dagrun for dataset_produces_1 to 2025-05-17 00:00:00+00:00, run_after=2025-05-18 00:00:00+00:00
[2025-05-18T12:49:28.946+0000] {logging_mixin.py:188} INFO - [2025-05-18T12:49:28.945+0000] {dag.py:3954} INFO - Setting next_dagrun for dataset_produces_2 to None, run_after=None
[2025-05-18T12:49:29.131+0000] {processor.py:183} INFO - Processing /home/airflow/.local/lib/python3.9/site-packages/airflow/example_dags/example_datasets.py took 1.035 seconds
[2025-05-18T12:49:59.289+0000] {processor.py:161} INFO - Started process (PID=217) to work on /home/airflow/.local/lib/python3.9/site-packages/airflow/example_dags/example_datasets.py
[2025-05-18T12:49:59.292+0000] {processor.py:830} INFO - Processing file /home/airflow/.local/lib/python3.9/site-packages/airflow/example_dags/example_datasets.py for tasks to queue
[2025-05-18T12:49:59.295+0000] {logging_mixin.py:188} INFO - [2025-05-18T12:49:59.295+0000] {dagbag.py:545} INFO - Filling up the DagBag from /home/airflow/.local/lib/python3.9/site-packages/airflow/example_dags/example_datasets.py
[2025-05-18T12:49:59.318+0000] {processor.py:840} INFO - DAG(s) 'consume_1_and_2_with_dataset_expressions', 'dataset_produces_1', 'dataset_consumes_1', 'conditional_dataset_and_time_based_timetable', 'dataset_consumes_1_and_2', 'consume_1_or_both_2_and_3_with_dataset_expressions', 'dataset_produces_2', 'dataset_consumes_1_never_scheduled', 'consume_1_or_2_with_dataset_expressions', 'dataset_consumes_unknown_never_scheduled' retrieved from /home/airflow/.local/lib/python3.9/site-packages/airflow/example_dags/example_datasets.py
[2025-05-18T12:49:59.432+0000] {logging_mixin.py:188} INFO - [2025-05-18T12:49:59.432+0000] {dag.py:3096} INFO - Sync 10 DAGs
[2025-05-18T12:49:59.488+0000] {logging_mixin.py:188} INFO - [2025-05-18T12:49:59.487+0000] {dag.py:3954} INFO - Setting next_dagrun for conditional_dataset_and_time_based_timetable to 2025-05-14 01:00:00+00:00, run_after=2025-05-14 01:00:00+00:00
[2025-05-18T12:49:59.493+0000] {logging_mixin.py:188} INFO - [2025-05-18T12:49:59.493+0000] {dag.py:3954} INFO - Setting next_dagrun for consume_1_and_2_with_dataset_expressions to None, run_after=None
[2025-05-18T12:49:59.494+0000] {logging_mixin.py:188} INFO - [2025-05-18T12:49:59.494+0000] {dag.py:3954} INFO - Setting next_dagrun for consume_1_or_2_with_dataset_expressions to None, run_after=None
[2025-05-18T12:49:59.495+0000] {logging_mixin.py:188} INFO - [2025-05-18T12:49:59.495+0000] {dag.py:3954} INFO - Setting next_dagrun for consume_1_or_both_2_and_3_with_dataset_expressions to None, run_after=None
[2025-05-18T12:49:59.496+0000] {logging_mixin.py:188} INFO - [2025-05-18T12:49:59.496+0000] {dag.py:3954} INFO - Setting next_dagrun for dataset_consumes_1 to None, run_after=None
[2025-05-18T12:49:59.498+0000] {logging_mixin.py:188} INFO - [2025-05-18T12:49:59.498+0000] {dag.py:3954} INFO - Setting next_dagrun for dataset_consumes_1_and_2 to None, run_after=None
[2025-05-18T12:49:59.499+0000] {logging_mixin.py:188} INFO - [2025-05-18T12:49:59.499+0000] {dag.py:3954} INFO - Setting next_dagrun for dataset_consumes_1_never_scheduled to None, run_after=None
[2025-05-18T12:49:59.500+0000] {logging_mixin.py:188} INFO - [2025-05-18T12:49:59.500+0000] {dag.py:3954} INFO - Setting next_dagrun for dataset_consumes_unknown_never_scheduled to None, run_after=None
[2025-05-18T12:49:59.502+0000] {logging_mixin.py:188} INFO - [2025-05-18T12:49:59.502+0000] {dag.py:3954} INFO - Setting next_dagrun for dataset_produces_1 to 2025-05-17 00:00:00+00:00, run_after=2025-05-18 00:00:00+00:00
[2025-05-18T12:49:59.503+0000] {logging_mixin.py:188} INFO - [2025-05-18T12:49:59.503+0000] {dag.py:3954} INFO - Setting next_dagrun for dataset_produces_2 to None, run_after=None
[2025-05-18T12:49:59.544+0000] {processor.py:183} INFO - Processing /home/airflow/.local/lib/python3.9/site-packages/airflow/example_dags/example_datasets.py took 0.264 seconds
[2025-05-18T12:50:29.607+0000] {processor.py:161} INFO - Started process (PID=283) to work on /home/airflow/.local/lib/python3.9/site-packages/airflow/example_dags/example_datasets.py
[2025-05-18T12:50:29.608+0000] {processor.py:830} INFO - Processing file /home/airflow/.local/lib/python3.9/site-packages/airflow/example_dags/example_datasets.py for tasks to queue
[2025-05-18T12:50:29.611+0000] {logging_mixin.py:188} INFO - [2025-05-18T12:50:29.611+0000] {dagbag.py:545} INFO - Filling up the DagBag from /home/airflow/.local/lib/python3.9/site-packages/airflow/example_dags/example_datasets.py
[2025-05-18T12:50:29.630+0000] {processor.py:840} INFO - DAG(s) 'consume_1_or_2_with_dataset_expressions', 'dataset_consumes_1', 'dataset_produces_2', 'consume_1_or_both_2_and_3_with_dataset_expressions', 'consume_1_and_2_with_dataset_expressions', 'dataset_consumes_1_never_scheduled', 'dataset_consumes_1_and_2', 'dataset_produces_1', 'dataset_consumes_unknown_never_scheduled', 'conditional_dataset_and_time_based_timetable' retrieved from /home/airflow/.local/lib/python3.9/site-packages/airflow/example_dags/example_datasets.py
[2025-05-18T12:50:29.720+0000] {logging_mixin.py:188} INFO - [2025-05-18T12:50:29.720+0000] {dag.py:3096} INFO - Sync 10 DAGs
[2025-05-18T12:50:29.759+0000] {logging_mixin.py:188} INFO - [2025-05-18T12:50:29.758+0000] {dag.py:3954} INFO - Setting next_dagrun for conditional_dataset_and_time_based_timetable to 2025-05-14 01:00:00+00:00, run_after=2025-05-14 01:00:00+00:00
[2025-05-18T12:50:29.770+0000] {logging_mixin.py:188} INFO - [2025-05-18T12:50:29.769+0000] {dag.py:3954} INFO - Setting next_dagrun for consume_1_and_2_with_dataset_expressions to None, run_after=None
[2025-05-18T12:50:29.773+0000] {logging_mixin.py:188} INFO - [2025-05-18T12:50:29.772+0000] {dag.py:3954} INFO - Setting next_dagrun for consume_1_or_2_with_dataset_expressions to None, run_after=None
[2025-05-18T12:50:29.775+0000] {logging_mixin.py:188} INFO - [2025-05-18T12:50:29.774+0000] {dag.py:3954} INFO - Setting next_dagrun for consume_1_or_both_2_and_3_with_dataset_expressions to None, run_after=None
[2025-05-18T12:50:29.777+0000] {logging_mixin.py:188} INFO - [2025-05-18T12:50:29.776+0000] {dag.py:3954} INFO - Setting next_dagrun for dataset_consumes_1 to None, run_after=None
[2025-05-18T12:50:29.778+0000] {logging_mixin.py:188} INFO - [2025-05-18T12:50:29.778+0000] {dag.py:3954} INFO - Setting next_dagrun for dataset_consumes_1_and_2 to None, run_after=None
[2025-05-18T12:50:29.780+0000] {logging_mixin.py:188} INFO - [2025-05-18T12:50:29.779+0000] {dag.py:3954} INFO - Setting next_dagrun for dataset_consumes_1_never_scheduled to None, run_after=None
[2025-05-18T12:50:29.785+0000] {logging_mixin.py:188} INFO - [2025-05-18T12:50:29.785+0000] {dag.py:3954} INFO - Setting next_dagrun for dataset_consumes_unknown_never_scheduled to None, run_after=None
[2025-05-18T12:50:29.788+0000] {logging_mixin.py:188} INFO - [2025-05-18T12:50:29.787+0000] {dag.py:3954} INFO - Setting next_dagrun for dataset_produces_1 to 2025-05-17 00:00:00+00:00, run_after=2025-05-18 00:00:00+00:00
[2025-05-18T12:50:29.789+0000] {logging_mixin.py:188} INFO - [2025-05-18T12:50:29.789+0000] {dag.py:3954} INFO - Setting next_dagrun for dataset_produces_2 to None, run_after=None
[2025-05-18T12:50:29.836+0000] {processor.py:183} INFO - Processing /home/airflow/.local/lib/python3.9/site-packages/airflow/example_dags/example_datasets.py took 0.239 seconds
[2025-05-18T12:51:00.071+0000] {processor.py:161} INFO - Started process (PID=351) to work on /home/airflow/.local/lib/python3.9/site-packages/airflow/example_dags/example_datasets.py
[2025-05-18T12:51:00.073+0000] {processor.py:830} INFO - Processing file /home/airflow/.local/lib/python3.9/site-packages/airflow/example_dags/example_datasets.py for tasks to queue
[2025-05-18T12:51:00.076+0000] {logging_mixin.py:188} INFO - [2025-05-18T12:51:00.075+0000] {dagbag.py:545} INFO - Filling up the DagBag from /home/airflow/.local/lib/python3.9/site-packages/airflow/example_dags/example_datasets.py
[2025-05-18T12:51:00.113+0000] {processor.py:840} INFO - DAG(s) 'consume_1_or_both_2_and_3_with_dataset_expressions', 'dataset_consumes_1_never_scheduled', 'dataset_consumes_1', 'dataset_produces_1', 'dataset_produces_2', 'dataset_consumes_1_and_2', 'consume_1_or_2_with_dataset_expressions', 'consume_1_and_2_with_dataset_expressions', 'conditional_dataset_and_time_based_timetable', 'dataset_consumes_unknown_never_scheduled' retrieved from /home/airflow/.local/lib/python3.9/site-packages/airflow/example_dags/example_datasets.py
[2025-05-18T12:51:00.207+0000] {logging_mixin.py:188} INFO - [2025-05-18T12:51:00.206+0000] {dag.py:3096} INFO - Sync 10 DAGs
[2025-05-18T12:51:00.244+0000] {logging_mixin.py:188} INFO - [2025-05-18T12:51:00.244+0000] {dag.py:3954} INFO - Setting next_dagrun for conditional_dataset_and_time_based_timetable to 2025-05-14 01:00:00+00:00, run_after=2025-05-14 01:00:00+00:00
[2025-05-18T12:51:00.249+0000] {logging_mixin.py:188} INFO - [2025-05-18T12:51:00.249+0000] {dag.py:3954} INFO - Setting next_dagrun for consume_1_and_2_with_dataset_expressions to None, run_after=None
[2025-05-18T12:51:00.251+0000] {logging_mixin.py:188} INFO - [2025-05-18T12:51:00.251+0000] {dag.py:3954} INFO - Setting next_dagrun for consume_1_or_2_with_dataset_expressions to None, run_after=None
[2025-05-18T12:51:00.252+0000] {logging_mixin.py:188} INFO - [2025-05-18T12:51:00.252+0000] {dag.py:3954} INFO - Setting next_dagrun for consume_1_or_both_2_and_3_with_dataset_expressions to None, run_after=None
[2025-05-18T12:51:00.254+0000] {logging_mixin.py:188} INFO - [2025-05-18T12:51:00.253+0000] {dag.py:3954} INFO - Setting next_dagrun for dataset_consumes_1 to None, run_after=None
[2025-05-18T12:51:00.255+0000] {logging_mixin.py:188} INFO - [2025-05-18T12:51:00.255+0000] {dag.py:3954} INFO - Setting next_dagrun for dataset_consumes_1_and_2 to None, run_after=None
[2025-05-18T12:51:00.256+0000] {logging_mixin.py:188} INFO - [2025-05-18T12:51:00.256+0000] {dag.py:3954} INFO - Setting next_dagrun for dataset_consumes_1_never_scheduled to None, run_after=None
[2025-05-18T12:51:00.258+0000] {logging_mixin.py:188} INFO - [2025-05-18T12:51:00.257+0000] {dag.py:3954} INFO - Setting next_dagrun for dataset_consumes_unknown_never_scheduled to None, run_after=None
[2025-05-18T12:51:00.264+0000] {logging_mixin.py:188} INFO - [2025-05-18T12:51:00.264+0000] {dag.py:3954} INFO - Setting next_dagrun for dataset_produces_1 to 2025-05-17 00:00:00+00:00, run_after=2025-05-18 00:00:00+00:00
[2025-05-18T12:51:00.266+0000] {logging_mixin.py:188} INFO - [2025-05-18T12:51:00.266+0000] {dag.py:3954} INFO - Setting next_dagrun for dataset_produces_2 to None, run_after=None
[2025-05-18T12:51:00.309+0000] {processor.py:183} INFO - Processing /home/airflow/.local/lib/python3.9/site-packages/airflow/example_dags/example_datasets.py took 0.256 seconds
[2025-05-18T12:51:31.306+0000] {processor.py:161} INFO - Started process (PID=417) to work on /home/airflow/.local/lib/python3.9/site-packages/airflow/example_dags/example_datasets.py
[2025-05-18T12:51:31.307+0000] {processor.py:830} INFO - Processing file /home/airflow/.local/lib/python3.9/site-packages/airflow/example_dags/example_datasets.py for tasks to queue
[2025-05-18T12:51:31.310+0000] {logging_mixin.py:188} INFO - [2025-05-18T12:51:31.310+0000] {dagbag.py:545} INFO - Filling up the DagBag from /home/airflow/.local/lib/python3.9/site-packages/airflow/example_dags/example_datasets.py
[2025-05-18T12:51:31.329+0000] {processor.py:840} INFO - DAG(s) 'conditional_dataset_and_time_based_timetable', 'consume_1_and_2_with_dataset_expressions', 'dataset_produces_2', 'consume_1_or_both_2_and_3_with_dataset_expressions', 'dataset_consumes_1_and_2', 'dataset_consumes_1', 'dataset_consumes_1_never_scheduled', 'dataset_produces_1', 'dataset_consumes_unknown_never_scheduled', 'consume_1_or_2_with_dataset_expressions' retrieved from /home/airflow/.local/lib/python3.9/site-packages/airflow/example_dags/example_datasets.py
[2025-05-18T12:51:31.390+0000] {logging_mixin.py:188} INFO - [2025-05-18T12:51:31.390+0000] {dag.py:3096} INFO - Sync 10 DAGs
[2025-05-18T12:51:31.423+0000] {logging_mixin.py:188} INFO - [2025-05-18T12:51:31.423+0000] {dag.py:3954} INFO - Setting next_dagrun for conditional_dataset_and_time_based_timetable to 2025-05-14 01:00:00+00:00, run_after=2025-05-14 01:00:00+00:00
[2025-05-18T12:51:31.427+0000] {logging_mixin.py:188} INFO - [2025-05-18T12:51:31.427+0000] {dag.py:3954} INFO - Setting next_dagrun for consume_1_and_2_with_dataset_expressions to None, run_after=None
[2025-05-18T12:51:31.429+0000] {logging_mixin.py:188} INFO - [2025-05-18T12:51:31.429+0000] {dag.py:3954} INFO - Setting next_dagrun for consume_1_or_2_with_dataset_expressions to None, run_after=None
[2025-05-18T12:51:31.430+0000] {logging_mixin.py:188} INFO - [2025-05-18T12:51:31.430+0000] {dag.py:3954} INFO - Setting next_dagrun for consume_1_or_both_2_and_3_with_dataset_expressions to None, run_after=None
[2025-05-18T12:51:31.431+0000] {logging_mixin.py:188} INFO - [2025-05-18T12:51:31.431+0000] {dag.py:3954} INFO - Setting next_dagrun for dataset_consumes_1 to None, run_after=None
[2025-05-18T12:51:31.433+0000] {logging_mixin.py:188} INFO - [2025-05-18T12:51:31.432+0000] {dag.py:3954} INFO - Setting next_dagrun for dataset_consumes_1_and_2 to None, run_after=None
[2025-05-18T12:51:31.434+0000] {logging_mixin.py:188} INFO - [2025-05-18T12:51:31.434+0000] {dag.py:3954} INFO - Setting next_dagrun for dataset_consumes_1_never_scheduled to None, run_after=None
[2025-05-18T12:51:31.435+0000] {logging_mixin.py:188} INFO - [2025-05-18T12:51:31.435+0000] {dag.py:3954} INFO - Setting next_dagrun for dataset_consumes_unknown_never_scheduled to None, run_after=None
[2025-05-18T12:51:31.438+0000] {logging_mixin.py:188} INFO - [2025-05-18T12:51:31.438+0000] {dag.py:3954} INFO - Setting next_dagrun for dataset_produces_1 to 2025-05-17 00:00:00+00:00, run_after=2025-05-18 00:00:00+00:00
[2025-05-18T12:51:31.439+0000] {logging_mixin.py:188} INFO - [2025-05-18T12:51:31.439+0000] {dag.py:3954} INFO - Setting next_dagrun for dataset_produces_2 to None, run_after=None
[2025-05-18T12:51:31.488+0000] {processor.py:183} INFO - Processing /home/airflow/.local/lib/python3.9/site-packages/airflow/example_dags/example_datasets.py took 0.191 seconds
[2025-05-18T12:52:01.571+0000] {processor.py:161} INFO - Started process (PID=490) to work on /home/airflow/.local/lib/python3.9/site-packages/airflow/example_dags/example_datasets.py
[2025-05-18T12:52:01.573+0000] {processor.py:830} INFO - Processing file /home/airflow/.local/lib/python3.9/site-packages/airflow/example_dags/example_datasets.py for tasks to queue
[2025-05-18T12:52:01.575+0000] {logging_mixin.py:188} INFO - [2025-05-18T12:52:01.575+0000] {dagbag.py:545} INFO - Filling up the DagBag from /home/airflow/.local/lib/python3.9/site-packages/airflow/example_dags/example_datasets.py
[2025-05-18T12:52:01.594+0000] {processor.py:840} INFO - DAG(s) 'dataset_consumes_1', 'dataset_produces_2', 'dataset_consumes_unknown_never_scheduled', 'dataset_consumes_1_and_2', 'consume_1_and_2_with_dataset_expressions', 'dataset_produces_1', 'conditional_dataset_and_time_based_timetable', 'dataset_consumes_1_never_scheduled', 'consume_1_or_2_with_dataset_expressions', 'consume_1_or_both_2_and_3_with_dataset_expressions' retrieved from /home/airflow/.local/lib/python3.9/site-packages/airflow/example_dags/example_datasets.py
[2025-05-18T12:52:01.712+0000] {logging_mixin.py:188} INFO - [2025-05-18T12:52:01.712+0000] {dag.py:3096} INFO - Sync 10 DAGs
[2025-05-18T12:52:01.794+0000] {logging_mixin.py:188} INFO - [2025-05-18T12:52:01.794+0000] {dag.py:3954} INFO - Setting next_dagrun for conditional_dataset_and_time_based_timetable to 2025-05-14 01:00:00+00:00, run_after=2025-05-14 01:00:00+00:00
[2025-05-18T12:52:01.808+0000] {logging_mixin.py:188} INFO - [2025-05-18T12:52:01.808+0000] {dag.py:3954} INFO - Setting next_dagrun for consume_1_and_2_with_dataset_expressions to None, run_after=None
[2025-05-18T12:52:01.810+0000] {logging_mixin.py:188} INFO - [2025-05-18T12:52:01.810+0000] {dag.py:3954} INFO - Setting next_dagrun for consume_1_or_2_with_dataset_expressions to None, run_after=None
[2025-05-18T12:52:01.812+0000] {logging_mixin.py:188} INFO - [2025-05-18T12:52:01.811+0000] {dag.py:3954} INFO - Setting next_dagrun for consume_1_or_both_2_and_3_with_dataset_expressions to None, run_after=None
[2025-05-18T12:52:01.813+0000] {logging_mixin.py:188} INFO - [2025-05-18T12:52:01.813+0000] {dag.py:3954} INFO - Setting next_dagrun for dataset_consumes_1 to None, run_after=None
[2025-05-18T12:52:01.814+0000] {logging_mixin.py:188} INFO - [2025-05-18T12:52:01.814+0000] {dag.py:3954} INFO - Setting next_dagrun for dataset_consumes_1_and_2 to None, run_after=None
[2025-05-18T12:52:01.825+0000] {logging_mixin.py:188} INFO - [2025-05-18T12:52:01.825+0000] {dag.py:3954} INFO - Setting next_dagrun for dataset_consumes_1_never_scheduled to None, run_after=None
[2025-05-18T12:52:01.827+0000] {logging_mixin.py:188} INFO - [2025-05-18T12:52:01.827+0000] {dag.py:3954} INFO - Setting next_dagrun for dataset_consumes_unknown_never_scheduled to None, run_after=None
[2025-05-18T12:52:01.830+0000] {logging_mixin.py:188} INFO - [2025-05-18T12:52:01.830+0000] {dag.py:3954} INFO - Setting next_dagrun for dataset_produces_1 to 2025-05-17 00:00:00+00:00, run_after=2025-05-18 00:00:00+00:00
[2025-05-18T12:52:01.845+0000] {logging_mixin.py:188} INFO - [2025-05-18T12:52:01.845+0000] {dag.py:3954} INFO - Setting next_dagrun for dataset_produces_2 to None, run_after=None
[2025-05-18T12:52:01.947+0000] {processor.py:183} INFO - Processing /home/airflow/.local/lib/python3.9/site-packages/airflow/example_dags/example_datasets.py took 0.394 seconds
[2025-05-18T12:52:32.791+0000] {processor.py:161} INFO - Started process (PID=556) to work on /home/airflow/.local/lib/python3.9/site-packages/airflow/example_dags/example_datasets.py
[2025-05-18T12:52:32.792+0000] {processor.py:830} INFO - Processing file /home/airflow/.local/lib/python3.9/site-packages/airflow/example_dags/example_datasets.py for tasks to queue
[2025-05-18T12:52:32.794+0000] {logging_mixin.py:188} INFO - [2025-05-18T12:52:32.794+0000] {dagbag.py:545} INFO - Filling up the DagBag from /home/airflow/.local/lib/python3.9/site-packages/airflow/example_dags/example_datasets.py
[2025-05-18T12:52:32.813+0000] {processor.py:840} INFO - DAG(s) 'consume_1_or_both_2_and_3_with_dataset_expressions', 'dataset_consumes_1', 'dataset_consumes_1_and_2', 'consume_1_or_2_with_dataset_expressions', 'dataset_produces_1', 'consume_1_and_2_with_dataset_expressions', 'dataset_consumes_unknown_never_scheduled', 'dataset_produces_2', 'dataset_consumes_1_never_scheduled', 'conditional_dataset_and_time_based_timetable' retrieved from /home/airflow/.local/lib/python3.9/site-packages/airflow/example_dags/example_datasets.py
[2025-05-18T12:52:32.876+0000] {logging_mixin.py:188} INFO - [2025-05-18T12:52:32.876+0000] {dag.py:3096} INFO - Sync 10 DAGs
[2025-05-18T12:52:32.914+0000] {logging_mixin.py:188} INFO - [2025-05-18T12:52:32.914+0000] {dag.py:3954} INFO - Setting next_dagrun for conditional_dataset_and_time_based_timetable to 2025-05-14 01:00:00+00:00, run_after=2025-05-14 01:00:00+00:00
[2025-05-18T12:52:32.918+0000] {logging_mixin.py:188} INFO - [2025-05-18T12:52:32.918+0000] {dag.py:3954} INFO - Setting next_dagrun for consume_1_and_2_with_dataset_expressions to None, run_after=None
[2025-05-18T12:52:32.919+0000] {logging_mixin.py:188} INFO - [2025-05-18T12:52:32.919+0000] {dag.py:3954} INFO - Setting next_dagrun for consume_1_or_2_with_dataset_expressions to None, run_after=None
[2025-05-18T12:52:32.921+0000] {logging_mixin.py:188} INFO - [2025-05-18T12:52:32.921+0000] {dag.py:3954} INFO - Setting next_dagrun for consume_1_or_both_2_and_3_with_dataset_expressions to None, run_after=None
[2025-05-18T12:52:32.925+0000] {logging_mixin.py:188} INFO - [2025-05-18T12:52:32.924+0000] {dag.py:3954} INFO - Setting next_dagrun for dataset_consumes_1 to None, run_after=None
[2025-05-18T12:52:32.926+0000] {logging_mixin.py:188} INFO - [2025-05-18T12:52:32.926+0000] {dag.py:3954} INFO - Setting next_dagrun for dataset_consumes_1_and_2 to None, run_after=None
[2025-05-18T12:52:32.927+0000] {logging_mixin.py:188} INFO - [2025-05-18T12:52:32.927+0000] {dag.py:3954} INFO - Setting next_dagrun for dataset_consumes_1_never_scheduled to None, run_after=None
[2025-05-18T12:52:32.928+0000] {logging_mixin.py:188} INFO - [2025-05-18T12:52:32.928+0000] {dag.py:3954} INFO - Setting next_dagrun for dataset_consumes_unknown_never_scheduled to None, run_after=None
[2025-05-18T12:52:32.931+0000] {logging_mixin.py:188} INFO - [2025-05-18T12:52:32.930+0000] {dag.py:3954} INFO - Setting next_dagrun for dataset_produces_1 to 2025-05-17 00:00:00+00:00, run_after=2025-05-18 00:00:00+00:00
[2025-05-18T12:52:32.932+0000] {logging_mixin.py:188} INFO - [2025-05-18T12:52:32.931+0000] {dag.py:3954} INFO - Setting next_dagrun for dataset_produces_2 to None, run_after=None
[2025-05-18T12:52:32.981+0000] {processor.py:183} INFO - Processing /home/airflow/.local/lib/python3.9/site-packages/airflow/example_dags/example_datasets.py took 0.199 seconds
[2025-05-18T12:53:03.408+0000] {processor.py:161} INFO - Started process (PID=622) to work on /home/airflow/.local/lib/python3.9/site-packages/airflow/example_dags/example_datasets.py
[2025-05-18T12:53:03.409+0000] {processor.py:830} INFO - Processing file /home/airflow/.local/lib/python3.9/site-packages/airflow/example_dags/example_datasets.py for tasks to queue
[2025-05-18T12:53:03.411+0000] {logging_mixin.py:188} INFO - [2025-05-18T12:53:03.411+0000] {dagbag.py:545} INFO - Filling up the DagBag from /home/airflow/.local/lib/python3.9/site-packages/airflow/example_dags/example_datasets.py
[2025-05-18T12:53:03.433+0000] {processor.py:840} INFO - DAG(s) 'consume_1_and_2_with_dataset_expressions', 'dataset_produces_2', 'dataset_produces_1', 'dataset_consumes_1', 'consume_1_or_2_with_dataset_expressions', 'conditional_dataset_and_time_based_timetable', 'dataset_consumes_1_and_2', 'consume_1_or_both_2_and_3_with_dataset_expressions', 'dataset_consumes_unknown_never_scheduled', 'dataset_consumes_1_never_scheduled' retrieved from /home/airflow/.local/lib/python3.9/site-packages/airflow/example_dags/example_datasets.py
[2025-05-18T12:53:03.585+0000] {logging_mixin.py:188} INFO - [2025-05-18T12:53:03.584+0000] {dag.py:3096} INFO - Sync 10 DAGs
[2025-05-18T12:53:03.669+0000] {logging_mixin.py:188} INFO - [2025-05-18T12:53:03.668+0000] {dag.py:3954} INFO - Setting next_dagrun for conditional_dataset_and_time_based_timetable to 2025-05-14 01:00:00+00:00, run_after=2025-05-14 01:00:00+00:00
[2025-05-18T12:53:03.677+0000] {logging_mixin.py:188} INFO - [2025-05-18T12:53:03.677+0000] {dag.py:3954} INFO - Setting next_dagrun for consume_1_and_2_with_dataset_expressions to None, run_after=None
[2025-05-18T12:53:03.685+0000] {logging_mixin.py:188} INFO - [2025-05-18T12:53:03.685+0000] {dag.py:3954} INFO - Setting next_dagrun for consume_1_or_2_with_dataset_expressions to None, run_after=None
[2025-05-18T12:53:03.687+0000] {logging_mixin.py:188} INFO - [2025-05-18T12:53:03.687+0000] {dag.py:3954} INFO - Setting next_dagrun for consume_1_or_both_2_and_3_with_dataset_expressions to None, run_after=None
[2025-05-18T12:53:03.689+0000] {logging_mixin.py:188} INFO - [2025-05-18T12:53:03.688+0000] {dag.py:3954} INFO - Setting next_dagrun for dataset_consumes_1 to None, run_after=None
[2025-05-18T12:53:03.690+0000] {logging_mixin.py:188} INFO - [2025-05-18T12:53:03.690+0000] {dag.py:3954} INFO - Setting next_dagrun for dataset_consumes_1_and_2 to None, run_after=None
[2025-05-18T12:53:03.692+0000] {logging_mixin.py:188} INFO - [2025-05-18T12:53:03.691+0000] {dag.py:3954} INFO - Setting next_dagrun for dataset_consumes_1_never_scheduled to None, run_after=None
[2025-05-18T12:53:03.695+0000] {logging_mixin.py:188} INFO - [2025-05-18T12:53:03.695+0000] {dag.py:3954} INFO - Setting next_dagrun for dataset_consumes_unknown_never_scheduled to None, run_after=None
[2025-05-18T12:53:03.699+0000] {logging_mixin.py:188} INFO - [2025-05-18T12:53:03.698+0000] {dag.py:3954} INFO - Setting next_dagrun for dataset_produces_1 to 2025-05-17 00:00:00+00:00, run_after=2025-05-18 00:00:00+00:00
[2025-05-18T12:53:03.700+0000] {logging_mixin.py:188} INFO - [2025-05-18T12:53:03.700+0000] {dag.py:3954} INFO - Setting next_dagrun for dataset_produces_2 to None, run_after=None
[2025-05-18T12:53:03.810+0000] {processor.py:183} INFO - Processing /home/airflow/.local/lib/python3.9/site-packages/airflow/example_dags/example_datasets.py took 0.416 seconds
[2025-05-18T12:53:33.881+0000] {processor.py:161} INFO - Started process (PID=688) to work on /home/airflow/.local/lib/python3.9/site-packages/airflow/example_dags/example_datasets.py
[2025-05-18T12:53:33.882+0000] {processor.py:830} INFO - Processing file /home/airflow/.local/lib/python3.9/site-packages/airflow/example_dags/example_datasets.py for tasks to queue
[2025-05-18T12:53:33.885+0000] {logging_mixin.py:188} INFO - [2025-05-18T12:53:33.885+0000] {dagbag.py:545} INFO - Filling up the DagBag from /home/airflow/.local/lib/python3.9/site-packages/airflow/example_dags/example_datasets.py
[2025-05-18T12:53:33.904+0000] {processor.py:840} INFO - DAG(s) 'dataset_consumes_1_never_scheduled', 'conditional_dataset_and_time_based_timetable', 'dataset_consumes_unknown_never_scheduled', 'dataset_consumes_1', 'consume_1_or_both_2_and_3_with_dataset_expressions', 'dataset_consumes_1_and_2', 'consume_1_or_2_with_dataset_expressions', 'dataset_produces_2', 'dataset_produces_1', 'consume_1_and_2_with_dataset_expressions' retrieved from /home/airflow/.local/lib/python3.9/site-packages/airflow/example_dags/example_datasets.py
[2025-05-18T12:53:33.979+0000] {logging_mixin.py:188} INFO - [2025-05-18T12:53:33.979+0000] {dag.py:3096} INFO - Sync 10 DAGs
[2025-05-18T12:53:34.028+0000] {logging_mixin.py:188} INFO - [2025-05-18T12:53:34.027+0000] {dag.py:3954} INFO - Setting next_dagrun for conditional_dataset_and_time_based_timetable to 2025-05-14 01:00:00+00:00, run_after=2025-05-14 01:00:00+00:00
[2025-05-18T12:53:34.034+0000] {logging_mixin.py:188} INFO - [2025-05-18T12:53:34.033+0000] {dag.py:3954} INFO - Setting next_dagrun for consume_1_and_2_with_dataset_expressions to None, run_after=None
[2025-05-18T12:53:34.036+0000] {logging_mixin.py:188} INFO - [2025-05-18T12:53:34.035+0000] {dag.py:3954} INFO - Setting next_dagrun for consume_1_or_2_with_dataset_expressions to None, run_after=None
[2025-05-18T12:53:34.038+0000] {logging_mixin.py:188} INFO - [2025-05-18T12:53:34.037+0000] {dag.py:3954} INFO - Setting next_dagrun for consume_1_or_both_2_and_3_with_dataset_expressions to None, run_after=None
[2025-05-18T12:53:34.039+0000] {logging_mixin.py:188} INFO - [2025-05-18T12:53:34.039+0000] {dag.py:3954} INFO - Setting next_dagrun for dataset_consumes_1 to None, run_after=None
[2025-05-18T12:53:34.041+0000] {logging_mixin.py:188} INFO - [2025-05-18T12:53:34.041+0000] {dag.py:3954} INFO - Setting next_dagrun for dataset_consumes_1_and_2 to None, run_after=None
[2025-05-18T12:53:34.042+0000] {logging_mixin.py:188} INFO - [2025-05-18T12:53:34.042+0000] {dag.py:3954} INFO - Setting next_dagrun for dataset_consumes_1_never_scheduled to None, run_after=None
[2025-05-18T12:53:34.045+0000] {logging_mixin.py:188} INFO - [2025-05-18T12:53:34.045+0000] {dag.py:3954} INFO - Setting next_dagrun for dataset_consumes_unknown_never_scheduled to None, run_after=None
[2025-05-18T12:53:34.049+0000] {logging_mixin.py:188} INFO - [2025-05-18T12:53:34.049+0000] {dag.py:3954} INFO - Setting next_dagrun for dataset_produces_1 to 2025-05-17 00:00:00+00:00, run_after=2025-05-18 00:00:00+00:00
[2025-05-18T12:53:34.051+0000] {logging_mixin.py:188} INFO - [2025-05-18T12:53:34.051+0000] {dag.py:3954} INFO - Setting next_dagrun for dataset_produces_2 to None, run_after=None
[2025-05-18T12:53:34.108+0000] {processor.py:183} INFO - Processing /home/airflow/.local/lib/python3.9/site-packages/airflow/example_dags/example_datasets.py took 0.237 seconds
[2025-05-18T12:54:04.185+0000] {processor.py:161} INFO - Started process (PID=754) to work on /home/airflow/.local/lib/python3.9/site-packages/airflow/example_dags/example_datasets.py
[2025-05-18T12:54:04.186+0000] {processor.py:830} INFO - Processing file /home/airflow/.local/lib/python3.9/site-packages/airflow/example_dags/example_datasets.py for tasks to queue
[2025-05-18T12:54:04.189+0000] {logging_mixin.py:188} INFO - [2025-05-18T12:54:04.189+0000] {dagbag.py:545} INFO - Filling up the DagBag from /home/airflow/.local/lib/python3.9/site-packages/airflow/example_dags/example_datasets.py
[2025-05-18T12:54:04.208+0000] {processor.py:840} INFO - DAG(s) 'consume_1_and_2_with_dataset_expressions', 'conditional_dataset_and_time_based_timetable', 'dataset_consumes_1', 'dataset_consumes_1_and_2', 'consume_1_or_2_with_dataset_expressions', 'dataset_consumes_1_never_scheduled', 'dataset_produces_2', 'dataset_produces_1', 'consume_1_or_both_2_and_3_with_dataset_expressions', 'dataset_consumes_unknown_never_scheduled' retrieved from /home/airflow/.local/lib/python3.9/site-packages/airflow/example_dags/example_datasets.py
[2025-05-18T12:54:04.271+0000] {logging_mixin.py:188} INFO - [2025-05-18T12:54:04.271+0000] {dag.py:3096} INFO - Sync 10 DAGs
[2025-05-18T12:54:04.309+0000] {logging_mixin.py:188} INFO - [2025-05-18T12:54:04.309+0000] {dag.py:3954} INFO - Setting next_dagrun for conditional_dataset_and_time_based_timetable to 2025-05-14 01:00:00+00:00, run_after=2025-05-14 01:00:00+00:00
[2025-05-18T12:54:04.314+0000] {logging_mixin.py:188} INFO - [2025-05-18T12:54:04.314+0000] {dag.py:3954} INFO - Setting next_dagrun for consume_1_and_2_with_dataset_expressions to None, run_after=None
[2025-05-18T12:54:04.316+0000] {logging_mixin.py:188} INFO - [2025-05-18T12:54:04.315+0000] {dag.py:3954} INFO - Setting next_dagrun for consume_1_or_2_with_dataset_expressions to None, run_after=None
[2025-05-18T12:54:04.317+0000] {logging_mixin.py:188} INFO - [2025-05-18T12:54:04.317+0000] {dag.py:3954} INFO - Setting next_dagrun for consume_1_or_both_2_and_3_with_dataset_expressions to None, run_after=None
[2025-05-18T12:54:04.318+0000] {logging_mixin.py:188} INFO - [2025-05-18T12:54:04.318+0000] {dag.py:3954} INFO - Setting next_dagrun for dataset_consumes_1 to None, run_after=None
[2025-05-18T12:54:04.320+0000] {logging_mixin.py:188} INFO - [2025-05-18T12:54:04.320+0000] {dag.py:3954} INFO - Setting next_dagrun for dataset_consumes_1_and_2 to None, run_after=None
[2025-05-18T12:54:04.325+0000] {logging_mixin.py:188} INFO - [2025-05-18T12:54:04.324+0000] {dag.py:3954} INFO - Setting next_dagrun for dataset_consumes_1_never_scheduled to None, run_after=None
[2025-05-18T12:54:04.326+0000] {logging_mixin.py:188} INFO - [2025-05-18T12:54:04.326+0000] {dag.py:3954} INFO - Setting next_dagrun for dataset_consumes_unknown_never_scheduled to None, run_after=None
[2025-05-18T12:54:04.329+0000] {logging_mixin.py:188} INFO - [2025-05-18T12:54:04.329+0000] {dag.py:3954} INFO - Setting next_dagrun for dataset_produces_1 to 2025-05-17 00:00:00+00:00, run_after=2025-05-18 00:00:00+00:00
[2025-05-18T12:54:04.330+0000] {logging_mixin.py:188} INFO - [2025-05-18T12:54:04.330+0000] {dag.py:3954} INFO - Setting next_dagrun for dataset_produces_2 to None, run_after=None
[2025-05-18T12:54:04.378+0000] {processor.py:183} INFO - Processing /home/airflow/.local/lib/python3.9/site-packages/airflow/example_dags/example_datasets.py took 0.203 seconds
[2025-05-18T12:54:34.470+0000] {processor.py:161} INFO - Started process (PID=828) to work on /home/airflow/.local/lib/python3.9/site-packages/airflow/example_dags/example_datasets.py
[2025-05-18T12:54:34.471+0000] {processor.py:830} INFO - Processing file /home/airflow/.local/lib/python3.9/site-packages/airflow/example_dags/example_datasets.py for tasks to queue
[2025-05-18T12:54:34.474+0000] {logging_mixin.py:188} INFO - [2025-05-18T12:54:34.473+0000] {dagbag.py:545} INFO - Filling up the DagBag from /home/airflow/.local/lib/python3.9/site-packages/airflow/example_dags/example_datasets.py
[2025-05-18T12:54:34.513+0000] {processor.py:840} INFO - DAG(s) 'dataset_consumes_1', 'consume_1_or_2_with_dataset_expressions', 'dataset_consumes_1_never_scheduled', 'consume_1_and_2_with_dataset_expressions', 'conditional_dataset_and_time_based_timetable', 'dataset_consumes_1_and_2', 'dataset_produces_2', 'consume_1_or_both_2_and_3_with_dataset_expressions', 'dataset_produces_1', 'dataset_consumes_unknown_never_scheduled' retrieved from /home/airflow/.local/lib/python3.9/site-packages/airflow/example_dags/example_datasets.py
[2025-05-18T12:54:34.628+0000] {logging_mixin.py:188} INFO - [2025-05-18T12:54:34.628+0000] {dag.py:3096} INFO - Sync 10 DAGs
[2025-05-18T12:54:34.699+0000] {logging_mixin.py:188} INFO - [2025-05-18T12:54:34.699+0000] {dag.py:3954} INFO - Setting next_dagrun for conditional_dataset_and_time_based_timetable to 2025-05-14 01:00:00+00:00, run_after=2025-05-14 01:00:00+00:00
[2025-05-18T12:54:34.709+0000] {logging_mixin.py:188} INFO - [2025-05-18T12:54:34.709+0000] {dag.py:3954} INFO - Setting next_dagrun for consume_1_and_2_with_dataset_expressions to None, run_after=None
[2025-05-18T12:54:34.711+0000] {logging_mixin.py:188} INFO - [2025-05-18T12:54:34.711+0000] {dag.py:3954} INFO - Setting next_dagrun for consume_1_or_2_with_dataset_expressions to None, run_after=None
[2025-05-18T12:54:34.713+0000] {logging_mixin.py:188} INFO - [2025-05-18T12:54:34.713+0000] {dag.py:3954} INFO - Setting next_dagrun for consume_1_or_both_2_and_3_with_dataset_expressions to None, run_after=None
[2025-05-18T12:54:34.715+0000] {logging_mixin.py:188} INFO - [2025-05-18T12:54:34.715+0000] {dag.py:3954} INFO - Setting next_dagrun for dataset_consumes_1 to None, run_after=None
[2025-05-18T12:54:34.717+0000] {logging_mixin.py:188} INFO - [2025-05-18T12:54:34.716+0000] {dag.py:3954} INFO - Setting next_dagrun for dataset_consumes_1_and_2 to None, run_after=None
[2025-05-18T12:54:34.725+0000] {logging_mixin.py:188} INFO - [2025-05-18T12:54:34.725+0000] {dag.py:3954} INFO - Setting next_dagrun for dataset_consumes_1_never_scheduled to None, run_after=None
[2025-05-18T12:54:34.727+0000] {logging_mixin.py:188} INFO - [2025-05-18T12:54:34.726+0000] {dag.py:3954} INFO - Setting next_dagrun for dataset_consumes_unknown_never_scheduled to None, run_after=None
[2025-05-18T12:54:34.729+0000] {logging_mixin.py:188} INFO - [2025-05-18T12:54:34.729+0000] {dag.py:3954} INFO - Setting next_dagrun for dataset_produces_1 to 2025-05-17 00:00:00+00:00, run_after=2025-05-18 00:00:00+00:00
[2025-05-18T12:54:34.731+0000] {logging_mixin.py:188} INFO - [2025-05-18T12:54:34.731+0000] {dag.py:3954} INFO - Setting next_dagrun for dataset_produces_2 to None, run_after=None
[2025-05-18T12:54:34.816+0000] {processor.py:183} INFO - Processing /home/airflow/.local/lib/python3.9/site-packages/airflow/example_dags/example_datasets.py took 0.360 seconds
[2025-05-18T12:55:05.035+0000] {processor.py:161} INFO - Started process (PID=895) to work on /home/airflow/.local/lib/python3.9/site-packages/airflow/example_dags/example_datasets.py
[2025-05-18T12:55:05.037+0000] {processor.py:830} INFO - Processing file /home/airflow/.local/lib/python3.9/site-packages/airflow/example_dags/example_datasets.py for tasks to queue
[2025-05-18T12:55:05.049+0000] {logging_mixin.py:188} INFO - [2025-05-18T12:55:05.048+0000] {dagbag.py:545} INFO - Filling up the DagBag from /home/airflow/.local/lib/python3.9/site-packages/airflow/example_dags/example_datasets.py
[2025-05-18T12:55:05.089+0000] {processor.py:840} INFO - DAG(s) 'conditional_dataset_and_time_based_timetable', 'dataset_produces_1', 'consume_1_and_2_with_dataset_expressions', 'dataset_produces_2', 'consume_1_or_both_2_and_3_with_dataset_expressions', 'dataset_consumes_unknown_never_scheduled', 'consume_1_or_2_with_dataset_expressions', 'dataset_consumes_1', 'dataset_consumes_1_and_2', 'dataset_consumes_1_never_scheduled' retrieved from /home/airflow/.local/lib/python3.9/site-packages/airflow/example_dags/example_datasets.py
[2025-05-18T12:55:05.178+0000] {logging_mixin.py:188} INFO - [2025-05-18T12:55:05.178+0000] {dag.py:3096} INFO - Sync 10 DAGs
[2025-05-18T12:55:05.240+0000] {logging_mixin.py:188} INFO - [2025-05-18T12:55:05.239+0000] {dag.py:3954} INFO - Setting next_dagrun for conditional_dataset_and_time_based_timetable to 2025-05-14 01:00:00+00:00, run_after=2025-05-14 01:00:00+00:00
[2025-05-18T12:55:05.249+0000] {logging_mixin.py:188} INFO - [2025-05-18T12:55:05.249+0000] {dag.py:3954} INFO - Setting next_dagrun for consume_1_and_2_with_dataset_expressions to None, run_after=None
[2025-05-18T12:55:05.251+0000] {logging_mixin.py:188} INFO - [2025-05-18T12:55:05.250+0000] {dag.py:3954} INFO - Setting next_dagrun for consume_1_or_2_with_dataset_expressions to None, run_after=None
[2025-05-18T12:55:05.252+0000] {logging_mixin.py:188} INFO - [2025-05-18T12:55:05.252+0000] {dag.py:3954} INFO - Setting next_dagrun for consume_1_or_both_2_and_3_with_dataset_expressions to None, run_after=None
[2025-05-18T12:55:05.253+0000] {logging_mixin.py:188} INFO - [2025-05-18T12:55:05.253+0000] {dag.py:3954} INFO - Setting next_dagrun for dataset_consumes_1 to None, run_after=None
[2025-05-18T12:55:05.254+0000] {logging_mixin.py:188} INFO - [2025-05-18T12:55:05.254+0000] {dag.py:3954} INFO - Setting next_dagrun for dataset_consumes_1_and_2 to None, run_after=None
[2025-05-18T12:55:05.265+0000] {logging_mixin.py:188} INFO - [2025-05-18T12:55:05.265+0000] {dag.py:3954} INFO - Setting next_dagrun for dataset_consumes_1_never_scheduled to None, run_after=None
[2025-05-18T12:55:05.267+0000] {logging_mixin.py:188} INFO - [2025-05-18T12:55:05.267+0000] {dag.py:3954} INFO - Setting next_dagrun for dataset_consumes_unknown_never_scheduled to None, run_after=None
[2025-05-18T12:55:05.271+0000] {logging_mixin.py:188} INFO - [2025-05-18T12:55:05.271+0000] {dag.py:3954} INFO - Setting next_dagrun for dataset_produces_1 to 2025-05-17 00:00:00+00:00, run_after=2025-05-18 00:00:00+00:00
[2025-05-18T12:55:05.273+0000] {logging_mixin.py:188} INFO - [2025-05-18T12:55:05.273+0000] {dag.py:3954} INFO - Setting next_dagrun for dataset_produces_2 to None, run_after=None
[2025-05-18T12:55:05.357+0000] {processor.py:183} INFO - Processing /home/airflow/.local/lib/python3.9/site-packages/airflow/example_dags/example_datasets.py took 0.342 seconds
[2025-05-18T12:55:35.731+0000] {processor.py:161} INFO - Started process (PID=962) to work on /home/airflow/.local/lib/python3.9/site-packages/airflow/example_dags/example_datasets.py
[2025-05-18T12:55:35.734+0000] {processor.py:830} INFO - Processing file /home/airflow/.local/lib/python3.9/site-packages/airflow/example_dags/example_datasets.py for tasks to queue
[2025-05-18T12:55:35.737+0000] {logging_mixin.py:188} INFO - [2025-05-18T12:55:35.736+0000] {dagbag.py:545} INFO - Filling up the DagBag from /home/airflow/.local/lib/python3.9/site-packages/airflow/example_dags/example_datasets.py
[2025-05-18T12:55:35.761+0000] {processor.py:840} INFO - DAG(s) 'conditional_dataset_and_time_based_timetable', 'consume_1_and_2_with_dataset_expressions', 'dataset_consumes_1', 'dataset_consumes_1_never_scheduled', 'dataset_produces_1', 'consume_1_or_both_2_and_3_with_dataset_expressions', 'dataset_consumes_1_and_2', 'consume_1_or_2_with_dataset_expressions', 'dataset_produces_2', 'dataset_consumes_unknown_never_scheduled' retrieved from /home/airflow/.local/lib/python3.9/site-packages/airflow/example_dags/example_datasets.py
[2025-05-18T12:55:35.844+0000] {logging_mixin.py:188} INFO - [2025-05-18T12:55:35.844+0000] {dag.py:3096} INFO - Sync 10 DAGs
[2025-05-18T12:55:35.896+0000] {logging_mixin.py:188} INFO - [2025-05-18T12:55:35.896+0000] {dag.py:3954} INFO - Setting next_dagrun for conditional_dataset_and_time_based_timetable to 2025-05-14 01:00:00+00:00, run_after=2025-05-14 01:00:00+00:00
[2025-05-18T12:55:35.906+0000] {logging_mixin.py:188} INFO - [2025-05-18T12:55:35.906+0000] {dag.py:3954} INFO - Setting next_dagrun for consume_1_and_2_with_dataset_expressions to None, run_after=None
[2025-05-18T12:55:35.908+0000] {logging_mixin.py:188} INFO - [2025-05-18T12:55:35.908+0000] {dag.py:3954} INFO - Setting next_dagrun for consume_1_or_2_with_dataset_expressions to None, run_after=None
[2025-05-18T12:55:35.909+0000] {logging_mixin.py:188} INFO - [2025-05-18T12:55:35.909+0000] {dag.py:3954} INFO - Setting next_dagrun for consume_1_or_both_2_and_3_with_dataset_expressions to None, run_after=None
[2025-05-18T12:55:35.911+0000] {logging_mixin.py:188} INFO - [2025-05-18T12:55:35.911+0000] {dag.py:3954} INFO - Setting next_dagrun for dataset_consumes_1 to None, run_after=None
[2025-05-18T12:55:35.912+0000] {logging_mixin.py:188} INFO - [2025-05-18T12:55:35.912+0000] {dag.py:3954} INFO - Setting next_dagrun for dataset_consumes_1_and_2 to None, run_after=None
[2025-05-18T12:55:35.913+0000] {logging_mixin.py:188} INFO - [2025-05-18T12:55:35.913+0000] {dag.py:3954} INFO - Setting next_dagrun for dataset_consumes_1_never_scheduled to None, run_after=None
[2025-05-18T12:55:35.915+0000] {logging_mixin.py:188} INFO - [2025-05-18T12:55:35.915+0000] {dag.py:3954} INFO - Setting next_dagrun for dataset_consumes_unknown_never_scheduled to None, run_after=None
[2025-05-18T12:55:35.918+0000] {logging_mixin.py:188} INFO - [2025-05-18T12:55:35.917+0000] {dag.py:3954} INFO - Setting next_dagrun for dataset_produces_1 to 2025-05-17 00:00:00+00:00, run_after=2025-05-18 00:00:00+00:00
[2025-05-18T12:55:35.919+0000] {logging_mixin.py:188} INFO - [2025-05-18T12:55:35.919+0000] {dag.py:3954} INFO - Setting next_dagrun for dataset_produces_2 to None, run_after=None
[2025-05-18T12:55:35.973+0000] {processor.py:183} INFO - Processing /home/airflow/.local/lib/python3.9/site-packages/airflow/example_dags/example_datasets.py took 0.254 seconds
[2025-05-18T12:56:06.111+0000] {processor.py:161} INFO - Started process (PID=1029) to work on /home/airflow/.local/lib/python3.9/site-packages/airflow/example_dags/example_datasets.py
[2025-05-18T12:56:06.112+0000] {processor.py:830} INFO - Processing file /home/airflow/.local/lib/python3.9/site-packages/airflow/example_dags/example_datasets.py for tasks to queue
[2025-05-18T12:56:06.114+0000] {logging_mixin.py:188} INFO - [2025-05-18T12:56:06.114+0000] {dagbag.py:545} INFO - Filling up the DagBag from /home/airflow/.local/lib/python3.9/site-packages/airflow/example_dags/example_datasets.py
[2025-05-18T12:56:06.132+0000] {processor.py:840} INFO - DAG(s) 'consume_1_and_2_with_dataset_expressions', 'dataset_consumes_1', 'consume_1_or_both_2_and_3_with_dataset_expressions', 'conditional_dataset_and_time_based_timetable', 'dataset_produces_2', 'dataset_consumes_1_never_scheduled', 'dataset_consumes_unknown_never_scheduled', 'dataset_produces_1', 'dataset_consumes_1_and_2', 'consume_1_or_2_with_dataset_expressions' retrieved from /home/airflow/.local/lib/python3.9/site-packages/airflow/example_dags/example_datasets.py
[2025-05-18T12:56:06.200+0000] {logging_mixin.py:188} INFO - [2025-05-18T12:56:06.199+0000] {dag.py:3096} INFO - Sync 10 DAGs
[2025-05-18T12:56:06.241+0000] {logging_mixin.py:188} INFO - [2025-05-18T12:56:06.241+0000] {dag.py:3954} INFO - Setting next_dagrun for conditional_dataset_and_time_based_timetable to 2025-05-14 01:00:00+00:00, run_after=2025-05-14 01:00:00+00:00
[2025-05-18T12:56:06.246+0000] {logging_mixin.py:188} INFO - [2025-05-18T12:56:06.245+0000] {dag.py:3954} INFO - Setting next_dagrun for consume_1_and_2_with_dataset_expressions to None, run_after=None
[2025-05-18T12:56:06.247+0000] {logging_mixin.py:188} INFO - [2025-05-18T12:56:06.247+0000] {dag.py:3954} INFO - Setting next_dagrun for consume_1_or_2_with_dataset_expressions to None, run_after=None
[2025-05-18T12:56:06.249+0000] {logging_mixin.py:188} INFO - [2025-05-18T12:56:06.249+0000] {dag.py:3954} INFO - Setting next_dagrun for consume_1_or_both_2_and_3_with_dataset_expressions to None, run_after=None
[2025-05-18T12:56:06.250+0000] {logging_mixin.py:188} INFO - [2025-05-18T12:56:06.250+0000] {dag.py:3954} INFO - Setting next_dagrun for dataset_consumes_1 to None, run_after=None
[2025-05-18T12:56:06.252+0000] {logging_mixin.py:188} INFO - [2025-05-18T12:56:06.251+0000] {dag.py:3954} INFO - Setting next_dagrun for dataset_consumes_1_and_2 to None, run_after=None
[2025-05-18T12:56:06.253+0000] {logging_mixin.py:188} INFO - [2025-05-18T12:56:06.253+0000] {dag.py:3954} INFO - Setting next_dagrun for dataset_consumes_1_never_scheduled to None, run_after=None
[2025-05-18T12:56:06.255+0000] {logging_mixin.py:188} INFO - [2025-05-18T12:56:06.254+0000] {dag.py:3954} INFO - Setting next_dagrun for dataset_consumes_unknown_never_scheduled to None, run_after=None
[2025-05-18T12:56:06.257+0000] {logging_mixin.py:188} INFO - [2025-05-18T12:56:06.257+0000] {dag.py:3954} INFO - Setting next_dagrun for dataset_produces_1 to 2025-05-17 00:00:00+00:00, run_after=2025-05-18 00:00:00+00:00
[2025-05-18T12:56:06.258+0000] {logging_mixin.py:188} INFO - [2025-05-18T12:56:06.258+0000] {dag.py:3954} INFO - Setting next_dagrun for dataset_produces_2 to None, run_after=None
[2025-05-18T12:56:06.312+0000] {processor.py:183} INFO - Processing /home/airflow/.local/lib/python3.9/site-packages/airflow/example_dags/example_datasets.py took 0.211 seconds
