[2025-05-18T12:49:07.987+0000] {processor.py:161} INFO - Started process (PID=124) to work on /home/airflow/.local/lib/python3.9/site-packages/airflow/example_dags/example_xcomargs.py
[2025-05-18T12:49:07.989+0000] {processor.py:830} INFO - Processing file /home/airflow/.local/lib/python3.9/site-packages/airflow/example_dags/example_xcomargs.py for tasks to queue
[2025-05-18T12:49:07.991+0000] {logging_mixin.py:188} INFO - [2025-05-18T12:49:07.991+0000] {dagbag.py:545} INFO - Filling up the DagBag from /home/airflow/.local/lib/python3.9/site-packages/airflow/example_dags/example_xcomargs.py
[2025-05-18T12:49:08.045+0000] {processor.py:840} INFO - DAG(s) 'example_xcom_args', 'example_xcom_args_with_operators' retrieved from /home/airflow/.local/lib/python3.9/site-packages/airflow/example_dags/example_xcomargs.py
[2025-05-18T12:49:08.125+0000] {logging_mixin.py:188} INFO - [2025-05-18T12:49:08.125+0000] {dag.py:3096} INFO - Sync 2 DAGs
[2025-05-18T12:49:08.154+0000] {logging_mixin.py:188} INFO - [2025-05-18T12:49:08.154+0000] {dag.py:3118} INFO - Creating ORM DAG for example_xcom_args
[2025-05-18T12:49:08.155+0000] {logging_mixin.py:188} INFO - [2025-05-18T12:49:08.155+0000] {dag.py:3118} INFO - Creating ORM DAG for example_xcom_args_with_operators
[2025-05-18T12:49:08.156+0000] {logging_mixin.py:188} INFO - [2025-05-18T12:49:08.155+0000] {dag.py:3954} INFO - Setting next_dagrun for example_xcom_args to None, run_after=None
[2025-05-18T12:49:08.165+0000] {logging_mixin.py:188} INFO - [2025-05-18T12:49:08.164+0000] {dag.py:3954} INFO - Setting next_dagrun for example_xcom_args_with_operators to None, run_after=None
[2025-05-18T12:49:08.230+0000] {processor.py:183} INFO - Processing /home/airflow/.local/lib/python3.9/site-packages/airflow/example_dags/example_xcomargs.py took 0.260 seconds
[2025-05-18T12:49:41.609+0000] {processor.py:161} INFO - Started process (PID=189) to work on /home/airflow/.local/lib/python3.9/site-packages/airflow/example_dags/example_xcomargs.py
[2025-05-18T12:49:41.611+0000] {processor.py:830} INFO - Processing file /home/airflow/.local/lib/python3.9/site-packages/airflow/example_dags/example_xcomargs.py for tasks to queue
[2025-05-18T12:49:41.614+0000] {logging_mixin.py:188} INFO - [2025-05-18T12:49:41.614+0000] {dagbag.py:545} INFO - Filling up the DagBag from /home/airflow/.local/lib/python3.9/site-packages/airflow/example_dags/example_xcomargs.py
[2025-05-18T12:49:41.647+0000] {processor.py:840} INFO - DAG(s) 'example_xcom_args_with_operators', 'example_xcom_args' retrieved from /home/airflow/.local/lib/python3.9/site-packages/airflow/example_dags/example_xcomargs.py
[2025-05-18T12:49:41.955+0000] {logging_mixin.py:188} INFO - [2025-05-18T12:49:41.955+0000] {dag.py:3096} INFO - Sync 2 DAGs
[2025-05-18T12:49:41.991+0000] {logging_mixin.py:188} INFO - [2025-05-18T12:49:41.990+0000] {dag.py:3954} INFO - Setting next_dagrun for example_xcom_args to None, run_after=None
[2025-05-18T12:49:41.995+0000] {logging_mixin.py:188} INFO - [2025-05-18T12:49:41.995+0000] {dag.py:3954} INFO - Setting next_dagrun for example_xcom_args_with_operators to None, run_after=None
[2025-05-18T12:49:42.048+0000] {processor.py:183} INFO - Processing /home/airflow/.local/lib/python3.9/site-packages/airflow/example_dags/example_xcomargs.py took 0.461 seconds
[2025-05-18T12:50:12.913+0000] {processor.py:161} INFO - Started process (PID=256) to work on /home/airflow/.local/lib/python3.9/site-packages/airflow/example_dags/example_xcomargs.py
[2025-05-18T12:50:12.915+0000] {processor.py:830} INFO - Processing file /home/airflow/.local/lib/python3.9/site-packages/airflow/example_dags/example_xcomargs.py for tasks to queue
[2025-05-18T12:50:12.917+0000] {logging_mixin.py:188} INFO - [2025-05-18T12:50:12.917+0000] {dagbag.py:545} INFO - Filling up the DagBag from /home/airflow/.local/lib/python3.9/site-packages/airflow/example_dags/example_xcomargs.py
[2025-05-18T12:50:12.928+0000] {processor.py:840} INFO - DAG(s) 'example_xcom_args_with_operators', 'example_xcom_args' retrieved from /home/airflow/.local/lib/python3.9/site-packages/airflow/example_dags/example_xcomargs.py
[2025-05-18T12:50:12.973+0000] {logging_mixin.py:188} INFO - [2025-05-18T12:50:12.972+0000] {dag.py:3096} INFO - Sync 2 DAGs
[2025-05-18T12:50:12.996+0000] {logging_mixin.py:188} INFO - [2025-05-18T12:50:12.995+0000] {dag.py:3954} INFO - Setting next_dagrun for example_xcom_args to None, run_after=None
[2025-05-18T12:50:13.001+0000] {logging_mixin.py:188} INFO - [2025-05-18T12:50:13.001+0000] {dag.py:3954} INFO - Setting next_dagrun for example_xcom_args_with_operators to None, run_after=None
[2025-05-18T12:50:13.032+0000] {processor.py:183} INFO - Processing /home/airflow/.local/lib/python3.9/site-packages/airflow/example_dags/example_xcomargs.py took 0.128 seconds
[2025-05-18T12:50:43.731+0000] {processor.py:161} INFO - Started process (PID=322) to work on /home/airflow/.local/lib/python3.9/site-packages/airflow/example_dags/example_xcomargs.py
[2025-05-18T12:50:43.732+0000] {processor.py:830} INFO - Processing file /home/airflow/.local/lib/python3.9/site-packages/airflow/example_dags/example_xcomargs.py for tasks to queue
[2025-05-18T12:50:43.735+0000] {logging_mixin.py:188} INFO - [2025-05-18T12:50:43.735+0000] {dagbag.py:545} INFO - Filling up the DagBag from /home/airflow/.local/lib/python3.9/site-packages/airflow/example_dags/example_xcomargs.py
[2025-05-18T12:50:43.769+0000] {processor.py:840} INFO - DAG(s) 'example_xcom_args', 'example_xcom_args_with_operators' retrieved from /home/airflow/.local/lib/python3.9/site-packages/airflow/example_dags/example_xcomargs.py
[2025-05-18T12:50:43.870+0000] {logging_mixin.py:188} INFO - [2025-05-18T12:50:43.870+0000] {dag.py:3096} INFO - Sync 2 DAGs
[2025-05-18T12:50:43.929+0000] {logging_mixin.py:188} INFO - [2025-05-18T12:50:43.929+0000] {dag.py:3954} INFO - Setting next_dagrun for example_xcom_args to None, run_after=None
[2025-05-18T12:50:43.935+0000] {logging_mixin.py:188} INFO - [2025-05-18T12:50:43.934+0000] {dag.py:3954} INFO - Setting next_dagrun for example_xcom_args_with_operators to None, run_after=None
[2025-05-18T12:50:43.959+0000] {processor.py:183} INFO - Processing /home/airflow/.local/lib/python3.9/site-packages/airflow/example_dags/example_xcomargs.py took 0.271 seconds
[2025-05-18T12:51:14.253+0000] {processor.py:161} INFO - Started process (PID=388) to work on /home/airflow/.local/lib/python3.9/site-packages/airflow/example_dags/example_xcomargs.py
[2025-05-18T12:51:14.254+0000] {processor.py:830} INFO - Processing file /home/airflow/.local/lib/python3.9/site-packages/airflow/example_dags/example_xcomargs.py for tasks to queue
[2025-05-18T12:51:14.265+0000] {logging_mixin.py:188} INFO - [2025-05-18T12:51:14.264+0000] {dagbag.py:545} INFO - Filling up the DagBag from /home/airflow/.local/lib/python3.9/site-packages/airflow/example_dags/example_xcomargs.py
[2025-05-18T12:51:14.286+0000] {processor.py:840} INFO - DAG(s) 'example_xcom_args', 'example_xcom_args_with_operators' retrieved from /home/airflow/.local/lib/python3.9/site-packages/airflow/example_dags/example_xcomargs.py
[2025-05-18T12:51:14.357+0000] {logging_mixin.py:188} INFO - [2025-05-18T12:51:14.357+0000] {dag.py:3096} INFO - Sync 2 DAGs
[2025-05-18T12:51:14.394+0000] {logging_mixin.py:188} INFO - [2025-05-18T12:51:14.394+0000] {dag.py:3954} INFO - Setting next_dagrun for example_xcom_args to None, run_after=None
[2025-05-18T12:51:14.408+0000] {logging_mixin.py:188} INFO - [2025-05-18T12:51:14.407+0000] {dag.py:3954} INFO - Setting next_dagrun for example_xcom_args_with_operators to None, run_after=None
[2025-05-18T12:51:14.435+0000] {processor.py:183} INFO - Processing /home/airflow/.local/lib/python3.9/site-packages/airflow/example_dags/example_xcomargs.py took 0.210 seconds
[2025-05-18T12:51:44.836+0000] {processor.py:161} INFO - Started process (PID=453) to work on /home/airflow/.local/lib/python3.9/site-packages/airflow/example_dags/example_xcomargs.py
[2025-05-18T12:51:44.837+0000] {processor.py:830} INFO - Processing file /home/airflow/.local/lib/python3.9/site-packages/airflow/example_dags/example_xcomargs.py for tasks to queue
[2025-05-18T12:51:44.840+0000] {logging_mixin.py:188} INFO - [2025-05-18T12:51:44.839+0000] {dagbag.py:545} INFO - Filling up the DagBag from /home/airflow/.local/lib/python3.9/site-packages/airflow/example_dags/example_xcomargs.py
[2025-05-18T12:51:44.851+0000] {processor.py:840} INFO - DAG(s) 'example_xcom_args', 'example_xcom_args_with_operators' retrieved from /home/airflow/.local/lib/python3.9/site-packages/airflow/example_dags/example_xcomargs.py
[2025-05-18T12:51:44.897+0000] {logging_mixin.py:188} INFO - [2025-05-18T12:51:44.897+0000] {dag.py:3096} INFO - Sync 2 DAGs
[2025-05-18T12:51:44.915+0000] {logging_mixin.py:188} INFO - [2025-05-18T12:51:44.915+0000] {dag.py:3954} INFO - Setting next_dagrun for example_xcom_args to None, run_after=None
[2025-05-18T12:51:44.920+0000] {logging_mixin.py:188} INFO - [2025-05-18T12:51:44.920+0000] {dag.py:3954} INFO - Setting next_dagrun for example_xcom_args_with_operators to None, run_after=None
[2025-05-18T12:51:44.941+0000] {processor.py:183} INFO - Processing /home/airflow/.local/lib/python3.9/site-packages/airflow/example_dags/example_xcomargs.py took 0.114 seconds
[2025-05-18T12:52:15.074+0000] {processor.py:161} INFO - Started process (PID=526) to work on /home/airflow/.local/lib/python3.9/site-packages/airflow/example_dags/example_xcomargs.py
[2025-05-18T12:52:15.075+0000] {processor.py:830} INFO - Processing file /home/airflow/.local/lib/python3.9/site-packages/airflow/example_dags/example_xcomargs.py for tasks to queue
[2025-05-18T12:52:15.078+0000] {logging_mixin.py:188} INFO - [2025-05-18T12:52:15.078+0000] {dagbag.py:545} INFO - Filling up the DagBag from /home/airflow/.local/lib/python3.9/site-packages/airflow/example_dags/example_xcomargs.py
[2025-05-18T12:52:15.093+0000] {processor.py:840} INFO - DAG(s) 'example_xcom_args', 'example_xcom_args_with_operators' retrieved from /home/airflow/.local/lib/python3.9/site-packages/airflow/example_dags/example_xcomargs.py
[2025-05-18T12:52:15.155+0000] {logging_mixin.py:188} INFO - [2025-05-18T12:52:15.154+0000] {dag.py:3096} INFO - Sync 2 DAGs
[2025-05-18T12:52:15.207+0000] {logging_mixin.py:188} INFO - [2025-05-18T12:52:15.207+0000] {dag.py:3954} INFO - Setting next_dagrun for example_xcom_args to None, run_after=None
[2025-05-18T12:52:15.227+0000] {logging_mixin.py:188} INFO - [2025-05-18T12:52:15.226+0000] {dag.py:3954} INFO - Setting next_dagrun for example_xcom_args_with_operators to None, run_after=None
[2025-05-18T12:52:15.305+0000] {processor.py:183} INFO - Processing /home/airflow/.local/lib/python3.9/site-packages/airflow/example_dags/example_xcomargs.py took 0.240 seconds
[2025-05-18T12:52:45.600+0000] {processor.py:161} INFO - Started process (PID=592) to work on /home/airflow/.local/lib/python3.9/site-packages/airflow/example_dags/example_xcomargs.py
[2025-05-18T12:52:45.601+0000] {processor.py:830} INFO - Processing file /home/airflow/.local/lib/python3.9/site-packages/airflow/example_dags/example_xcomargs.py for tasks to queue
[2025-05-18T12:52:45.604+0000] {logging_mixin.py:188} INFO - [2025-05-18T12:52:45.603+0000] {dagbag.py:545} INFO - Filling up the DagBag from /home/airflow/.local/lib/python3.9/site-packages/airflow/example_dags/example_xcomargs.py
[2025-05-18T12:52:45.615+0000] {processor.py:840} INFO - DAG(s) 'example_xcom_args_with_operators', 'example_xcom_args' retrieved from /home/airflow/.local/lib/python3.9/site-packages/airflow/example_dags/example_xcomargs.py
[2025-05-18T12:52:45.675+0000] {logging_mixin.py:188} INFO - [2025-05-18T12:52:45.675+0000] {dag.py:3096} INFO - Sync 2 DAGs
[2025-05-18T12:52:45.699+0000] {logging_mixin.py:188} INFO - [2025-05-18T12:52:45.698+0000] {dag.py:3954} INFO - Setting next_dagrun for example_xcom_args to None, run_after=None
[2025-05-18T12:52:45.710+0000] {logging_mixin.py:188} INFO - [2025-05-18T12:52:45.710+0000] {dag.py:3954} INFO - Setting next_dagrun for example_xcom_args_with_operators to None, run_after=None
[2025-05-18T12:52:45.736+0000] {processor.py:183} INFO - Processing /home/airflow/.local/lib/python3.9/site-packages/airflow/example_dags/example_xcomargs.py took 0.145 seconds
[2025-05-18T12:53:16.631+0000] {processor.py:161} INFO - Started process (PID=658) to work on /home/airflow/.local/lib/python3.9/site-packages/airflow/example_dags/example_xcomargs.py
[2025-05-18T12:53:16.632+0000] {processor.py:830} INFO - Processing file /home/airflow/.local/lib/python3.9/site-packages/airflow/example_dags/example_xcomargs.py for tasks to queue
[2025-05-18T12:53:16.635+0000] {logging_mixin.py:188} INFO - [2025-05-18T12:53:16.634+0000] {dagbag.py:545} INFO - Filling up the DagBag from /home/airflow/.local/lib/python3.9/site-packages/airflow/example_dags/example_xcomargs.py
[2025-05-18T12:53:16.657+0000] {processor.py:840} INFO - DAG(s) 'example_xcom_args', 'example_xcom_args_with_operators' retrieved from /home/airflow/.local/lib/python3.9/site-packages/airflow/example_dags/example_xcomargs.py
[2025-05-18T12:53:16.714+0000] {logging_mixin.py:188} INFO - [2025-05-18T12:53:16.713+0000] {dag.py:3096} INFO - Sync 2 DAGs
[2025-05-18T12:53:16.748+0000] {logging_mixin.py:188} INFO - [2025-05-18T12:53:16.748+0000] {dag.py:3954} INFO - Setting next_dagrun for example_xcom_args to None, run_after=None
[2025-05-18T12:53:16.754+0000] {logging_mixin.py:188} INFO - [2025-05-18T12:53:16.753+0000] {dag.py:3954} INFO - Setting next_dagrun for example_xcom_args_with_operators to None, run_after=None
[2025-05-18T12:53:16.793+0000] {processor.py:183} INFO - Processing /home/airflow/.local/lib/python3.9/site-packages/airflow/example_dags/example_xcomargs.py took 0.180 seconds
[2025-05-18T12:53:47.338+0000] {processor.py:161} INFO - Started process (PID=725) to work on /home/airflow/.local/lib/python3.9/site-packages/airflow/example_dags/example_xcomargs.py
[2025-05-18T12:53:47.339+0000] {processor.py:830} INFO - Processing file /home/airflow/.local/lib/python3.9/site-packages/airflow/example_dags/example_xcomargs.py for tasks to queue
[2025-05-18T12:53:47.346+0000] {logging_mixin.py:188} INFO - [2025-05-18T12:53:47.345+0000] {dagbag.py:545} INFO - Filling up the DagBag from /home/airflow/.local/lib/python3.9/site-packages/airflow/example_dags/example_xcomargs.py
[2025-05-18T12:53:47.367+0000] {processor.py:840} INFO - DAG(s) 'example_xcom_args', 'example_xcom_args_with_operators' retrieved from /home/airflow/.local/lib/python3.9/site-packages/airflow/example_dags/example_xcomargs.py
[2025-05-18T12:53:47.427+0000] {logging_mixin.py:188} INFO - [2025-05-18T12:53:47.426+0000] {dag.py:3096} INFO - Sync 2 DAGs
[2025-05-18T12:53:47.454+0000] {logging_mixin.py:188} INFO - [2025-05-18T12:53:47.454+0000] {dag.py:3954} INFO - Setting next_dagrun for example_xcom_args to None, run_after=None
[2025-05-18T12:53:47.469+0000] {logging_mixin.py:188} INFO - [2025-05-18T12:53:47.469+0000] {dag.py:3954} INFO - Setting next_dagrun for example_xcom_args_with_operators to None, run_after=None
[2025-05-18T12:53:47.506+0000] {processor.py:183} INFO - Processing /home/airflow/.local/lib/python3.9/site-packages/airflow/example_dags/example_xcomargs.py took 0.178 seconds
[2025-05-18T12:54:17.627+0000] {processor.py:161} INFO - Started process (PID=791) to work on /home/airflow/.local/lib/python3.9/site-packages/airflow/example_dags/example_xcomargs.py
[2025-05-18T12:54:17.628+0000] {processor.py:830} INFO - Processing file /home/airflow/.local/lib/python3.9/site-packages/airflow/example_dags/example_xcomargs.py for tasks to queue
[2025-05-18T12:54:17.631+0000] {logging_mixin.py:188} INFO - [2025-05-18T12:54:17.630+0000] {dagbag.py:545} INFO - Filling up the DagBag from /home/airflow/.local/lib/python3.9/site-packages/airflow/example_dags/example_xcomargs.py
[2025-05-18T12:54:17.643+0000] {processor.py:840} INFO - DAG(s) 'example_xcom_args', 'example_xcom_args_with_operators' retrieved from /home/airflow/.local/lib/python3.9/site-packages/airflow/example_dags/example_xcomargs.py
[2025-05-18T12:54:17.686+0000] {logging_mixin.py:188} INFO - [2025-05-18T12:54:17.686+0000] {dag.py:3096} INFO - Sync 2 DAGs
[2025-05-18T12:54:17.722+0000] {logging_mixin.py:188} INFO - [2025-05-18T12:54:17.721+0000] {dag.py:3954} INFO - Setting next_dagrun for example_xcom_args to None, run_after=None
[2025-05-18T12:54:17.730+0000] {logging_mixin.py:188} INFO - [2025-05-18T12:54:17.729+0000] {dag.py:3954} INFO - Setting next_dagrun for example_xcom_args_with_operators to None, run_after=None
[2025-05-18T12:54:17.765+0000] {processor.py:183} INFO - Processing /home/airflow/.local/lib/python3.9/site-packages/airflow/example_dags/example_xcomargs.py took 0.148 seconds
[2025-05-18T12:54:47.818+0000] {processor.py:161} INFO - Started process (PID=865) to work on /home/airflow/.local/lib/python3.9/site-packages/airflow/example_dags/example_xcomargs.py
[2025-05-18T12:54:47.819+0000] {processor.py:830} INFO - Processing file /home/airflow/.local/lib/python3.9/site-packages/airflow/example_dags/example_xcomargs.py for tasks to queue
[2025-05-18T12:54:47.826+0000] {logging_mixin.py:188} INFO - [2025-05-18T12:54:47.825+0000] {dagbag.py:545} INFO - Filling up the DagBag from /home/airflow/.local/lib/python3.9/site-packages/airflow/example_dags/example_xcomargs.py
[2025-05-18T12:54:47.838+0000] {processor.py:840} INFO - DAG(s) 'example_xcom_args', 'example_xcom_args_with_operators' retrieved from /home/airflow/.local/lib/python3.9/site-packages/airflow/example_dags/example_xcomargs.py
[2025-05-18T12:54:47.907+0000] {logging_mixin.py:188} INFO - [2025-05-18T12:54:47.906+0000] {dag.py:3096} INFO - Sync 2 DAGs
[2025-05-18T12:54:47.937+0000] {logging_mixin.py:188} INFO - [2025-05-18T12:54:47.936+0000] {dag.py:3954} INFO - Setting next_dagrun for example_xcom_args to None, run_after=None
[2025-05-18T12:54:47.945+0000] {logging_mixin.py:188} INFO - [2025-05-18T12:54:47.945+0000] {dag.py:3954} INFO - Setting next_dagrun for example_xcom_args_with_operators to None, run_after=None
[2025-05-18T12:54:47.967+0000] {processor.py:183} INFO - Processing /home/airflow/.local/lib/python3.9/site-packages/airflow/example_dags/example_xcomargs.py took 0.158 seconds
[2025-05-18T12:55:18.577+0000] {processor.py:161} INFO - Started process (PID=932) to work on /home/airflow/.local/lib/python3.9/site-packages/airflow/example_dags/example_xcomargs.py
[2025-05-18T12:55:18.585+0000] {processor.py:830} INFO - Processing file /home/airflow/.local/lib/python3.9/site-packages/airflow/example_dags/example_xcomargs.py for tasks to queue
[2025-05-18T12:55:18.587+0000] {logging_mixin.py:188} INFO - [2025-05-18T12:55:18.587+0000] {dagbag.py:545} INFO - Filling up the DagBag from /home/airflow/.local/lib/python3.9/site-packages/airflow/example_dags/example_xcomargs.py
[2025-05-18T12:55:18.625+0000] {processor.py:840} INFO - DAG(s) 'example_xcom_args', 'example_xcom_args_with_operators' retrieved from /home/airflow/.local/lib/python3.9/site-packages/airflow/example_dags/example_xcomargs.py
[2025-05-18T12:55:18.685+0000] {logging_mixin.py:188} INFO - [2025-05-18T12:55:18.684+0000] {dag.py:3096} INFO - Sync 2 DAGs
[2025-05-18T12:55:18.709+0000] {logging_mixin.py:188} INFO - [2025-05-18T12:55:18.709+0000] {dag.py:3954} INFO - Setting next_dagrun for example_xcom_args to None, run_after=None
[2025-05-18T12:55:18.713+0000] {logging_mixin.py:188} INFO - [2025-05-18T12:55:18.713+0000] {dag.py:3954} INFO - Setting next_dagrun for example_xcom_args_with_operators to None, run_after=None
[2025-05-18T12:55:18.750+0000] {processor.py:183} INFO - Processing /home/airflow/.local/lib/python3.9/site-packages/airflow/example_dags/example_xcomargs.py took 0.183 seconds
[2025-05-18T12:55:48.852+0000] {processor.py:161} INFO - Started process (PID=999) to work on /home/airflow/.local/lib/python3.9/site-packages/airflow/example_dags/example_xcomargs.py
[2025-05-18T12:55:48.854+0000] {processor.py:830} INFO - Processing file /home/airflow/.local/lib/python3.9/site-packages/airflow/example_dags/example_xcomargs.py for tasks to queue
[2025-05-18T12:55:48.856+0000] {logging_mixin.py:188} INFO - [2025-05-18T12:55:48.856+0000] {dagbag.py:545} INFO - Filling up the DagBag from /home/airflow/.local/lib/python3.9/site-packages/airflow/example_dags/example_xcomargs.py
[2025-05-18T12:55:48.868+0000] {processor.py:840} INFO - DAG(s) 'example_xcom_args_with_operators', 'example_xcom_args' retrieved from /home/airflow/.local/lib/python3.9/site-packages/airflow/example_dags/example_xcomargs.py
[2025-05-18T12:55:48.913+0000] {logging_mixin.py:188} INFO - [2025-05-18T12:55:48.913+0000] {dag.py:3096} INFO - Sync 2 DAGs
[2025-05-18T12:55:48.935+0000] {logging_mixin.py:188} INFO - [2025-05-18T12:55:48.934+0000] {dag.py:3954} INFO - Setting next_dagrun for example_xcom_args to None, run_after=None
[2025-05-18T12:55:48.941+0000] {logging_mixin.py:188} INFO - [2025-05-18T12:55:48.940+0000] {dag.py:3954} INFO - Setting next_dagrun for example_xcom_args_with_operators to None, run_after=None
[2025-05-18T12:55:48.965+0000] {processor.py:183} INFO - Processing /home/airflow/.local/lib/python3.9/site-packages/airflow/example_dags/example_xcomargs.py took 0.123 seconds
[2025-05-18T12:56:19.380+0000] {processor.py:161} INFO - Started process (PID=1066) to work on /home/airflow/.local/lib/python3.9/site-packages/airflow/example_dags/example_xcomargs.py
[2025-05-18T12:56:19.381+0000] {processor.py:830} INFO - Processing file /home/airflow/.local/lib/python3.9/site-packages/airflow/example_dags/example_xcomargs.py for tasks to queue
[2025-05-18T12:56:19.384+0000] {logging_mixin.py:188} INFO - [2025-05-18T12:56:19.384+0000] {dagbag.py:545} INFO - Filling up the DagBag from /home/airflow/.local/lib/python3.9/site-packages/airflow/example_dags/example_xcomargs.py
[2025-05-18T12:56:19.396+0000] {processor.py:840} INFO - DAG(s) 'example_xcom_args_with_operators', 'example_xcom_args' retrieved from /home/airflow/.local/lib/python3.9/site-packages/airflow/example_dags/example_xcomargs.py
[2025-05-18T12:56:19.436+0000] {logging_mixin.py:188} INFO - [2025-05-18T12:56:19.436+0000] {dag.py:3096} INFO - Sync 2 DAGs
[2025-05-18T12:56:19.454+0000] {logging_mixin.py:188} INFO - [2025-05-18T12:56:19.454+0000] {dag.py:3954} INFO - Setting next_dagrun for example_xcom_args to None, run_after=None
[2025-05-18T12:56:19.458+0000] {logging_mixin.py:188} INFO - [2025-05-18T12:56:19.458+0000] {dag.py:3954} INFO - Setting next_dagrun for example_xcom_args_with_operators to None, run_after=None
[2025-05-18T12:56:19.481+0000] {processor.py:183} INFO - Processing /home/airflow/.local/lib/python3.9/site-packages/airflow/example_dags/example_xcomargs.py took 0.111 seconds
