[2025-05-18T12:49:02.847+0000] {processor.py:161} INFO - Started process (PID=108) to work on /home/airflow/.local/lib/python3.9/site-packages/airflow/example_dags/example_sla_dag.py
[2025-05-18T12:49:02.864+0000] {processor.py:830} INFO - Processing file /home/airflow/.local/lib/python3.9/site-packages/airflow/example_dags/example_sla_dag.py for tasks to queue
[2025-05-18T12:49:02.868+0000] {logging_mixin.py:188} INFO - [2025-05-18T12:49:02.867+0000] {dagbag.py:545} INFO - Filling up the DagBag from /home/airflow/.local/lib/python3.9/site-packages/airflow/example_dags/example_sla_dag.py
[2025-05-18T12:49:02.964+0000] {processor.py:840} INFO - DAG(s) 'example_sla_dag' retrieved from /home/airflow/.local/lib/python3.9/site-packages/airflow/example_dags/example_sla_dag.py
[2025-05-18T12:49:03.089+0000] {logging_mixin.py:188} INFO - [2025-05-18T12:49:03.088+0000] {dag.py:3096} INFO - Sync 1 DAGs
[2025-05-18T12:49:03.167+0000] {logging_mixin.py:188} INFO - [2025-05-18T12:49:03.167+0000] {dag.py:3118} INFO - Creating ORM DAG for example_sla_dag
[2025-05-18T12:49:03.205+0000] {logging_mixin.py:188} INFO - [2025-05-18T12:49:03.205+0000] {dag.py:3954} INFO - Setting next_dagrun for example_sla_dag to 2025-05-18 12:46:00+00:00, run_after=2025-05-18 12:48:00+00:00
[2025-05-18T12:49:03.324+0000] {processor.py:183} INFO - Processing /home/airflow/.local/lib/python3.9/site-packages/airflow/example_dags/example_sla_dag.py took 0.523 seconds
[2025-05-18T12:49:35.473+0000] {processor.py:161} INFO - Started process (PID=174) to work on /home/airflow/.local/lib/python3.9/site-packages/airflow/example_dags/example_sla_dag.py
[2025-05-18T12:49:35.474+0000] {processor.py:830} INFO - Processing file /home/airflow/.local/lib/python3.9/site-packages/airflow/example_dags/example_sla_dag.py for tasks to queue
[2025-05-18T12:49:35.485+0000] {logging_mixin.py:188} INFO - [2025-05-18T12:49:35.485+0000] {dagbag.py:545} INFO - Filling up the DagBag from /home/airflow/.local/lib/python3.9/site-packages/airflow/example_dags/example_sla_dag.py
[2025-05-18T12:49:35.507+0000] {processor.py:840} INFO - DAG(s) 'example_sla_dag' retrieved from /home/airflow/.local/lib/python3.9/site-packages/airflow/example_dags/example_sla_dag.py
[2025-05-18T12:49:35.971+0000] {logging_mixin.py:188} INFO - [2025-05-18T12:49:35.971+0000] {dag.py:3096} INFO - Sync 1 DAGs
[2025-05-18T12:49:36.091+0000] {logging_mixin.py:188} INFO - [2025-05-18T12:49:36.091+0000] {dag.py:3954} INFO - Setting next_dagrun for example_sla_dag to 2025-05-18 12:46:00+00:00, run_after=2025-05-18 12:48:00+00:00
[2025-05-18T12:49:36.191+0000] {processor.py:183} INFO - Processing /home/airflow/.local/lib/python3.9/site-packages/airflow/example_dags/example_sla_dag.py took 0.745 seconds
[2025-05-18T12:50:06.828+0000] {processor.py:161} INFO - Started process (PID=240) to work on /home/airflow/.local/lib/python3.9/site-packages/airflow/example_dags/example_sla_dag.py
[2025-05-18T12:50:06.829+0000] {processor.py:830} INFO - Processing file /home/airflow/.local/lib/python3.9/site-packages/airflow/example_dags/example_sla_dag.py for tasks to queue
[2025-05-18T12:50:06.832+0000] {logging_mixin.py:188} INFO - [2025-05-18T12:50:06.831+0000] {dagbag.py:545} INFO - Filling up the DagBag from /home/airflow/.local/lib/python3.9/site-packages/airflow/example_dags/example_sla_dag.py
[2025-05-18T12:50:06.851+0000] {processor.py:840} INFO - DAG(s) 'example_sla_dag' retrieved from /home/airflow/.local/lib/python3.9/site-packages/airflow/example_dags/example_sla_dag.py
[2025-05-18T12:50:06.897+0000] {logging_mixin.py:188} INFO - [2025-05-18T12:50:06.897+0000] {dag.py:3096} INFO - Sync 1 DAGs
[2025-05-18T12:50:06.956+0000] {logging_mixin.py:188} INFO - [2025-05-18T12:50:06.956+0000] {dag.py:3954} INFO - Setting next_dagrun for example_sla_dag to 2025-05-18 12:48:00+00:00, run_after=2025-05-18 12:50:00+00:00
[2025-05-18T12:50:06.992+0000] {processor.py:183} INFO - Processing /home/airflow/.local/lib/python3.9/site-packages/airflow/example_dags/example_sla_dag.py took 0.181 seconds
[2025-05-18T12:50:37.547+0000] {processor.py:161} INFO - Started process (PID=306) to work on /home/airflow/.local/lib/python3.9/site-packages/airflow/example_dags/example_sla_dag.py
[2025-05-18T12:50:37.548+0000] {processor.py:830} INFO - Processing file /home/airflow/.local/lib/python3.9/site-packages/airflow/example_dags/example_sla_dag.py for tasks to queue
[2025-05-18T12:50:37.550+0000] {logging_mixin.py:188} INFO - [2025-05-18T12:50:37.550+0000] {dagbag.py:545} INFO - Filling up the DagBag from /home/airflow/.local/lib/python3.9/site-packages/airflow/example_dags/example_sla_dag.py
[2025-05-18T12:50:37.571+0000] {processor.py:840} INFO - DAG(s) 'example_sla_dag' retrieved from /home/airflow/.local/lib/python3.9/site-packages/airflow/example_dags/example_sla_dag.py
[2025-05-18T12:50:37.605+0000] {logging_mixin.py:188} INFO - [2025-05-18T12:50:37.605+0000] {dag.py:3096} INFO - Sync 1 DAGs
[2025-05-18T12:50:37.676+0000] {logging_mixin.py:188} INFO - [2025-05-18T12:50:37.675+0000] {dag.py:3954} INFO - Setting next_dagrun for example_sla_dag to 2025-05-18 12:48:00+00:00, run_after=2025-05-18 12:50:00+00:00
[2025-05-18T12:50:37.731+0000] {processor.py:183} INFO - Processing /home/airflow/.local/lib/python3.9/site-packages/airflow/example_dags/example_sla_dag.py took 0.199 seconds
[2025-05-18T12:51:07.839+0000] {processor.py:161} INFO - Started process (PID=372) to work on /home/airflow/.local/lib/python3.9/site-packages/airflow/example_dags/example_sla_dag.py
[2025-05-18T12:51:07.840+0000] {processor.py:830} INFO - Processing file /home/airflow/.local/lib/python3.9/site-packages/airflow/example_dags/example_sla_dag.py for tasks to queue
[2025-05-18T12:51:07.842+0000] {logging_mixin.py:188} INFO - [2025-05-18T12:51:07.842+0000] {dagbag.py:545} INFO - Filling up the DagBag from /home/airflow/.local/lib/python3.9/site-packages/airflow/example_dags/example_sla_dag.py
[2025-05-18T12:51:07.855+0000] {processor.py:840} INFO - DAG(s) 'example_sla_dag' retrieved from /home/airflow/.local/lib/python3.9/site-packages/airflow/example_dags/example_sla_dag.py
[2025-05-18T12:51:07.886+0000] {logging_mixin.py:188} INFO - [2025-05-18T12:51:07.885+0000] {dag.py:3096} INFO - Sync 1 DAGs
[2025-05-18T12:51:07.919+0000] {logging_mixin.py:188} INFO - [2025-05-18T12:51:07.918+0000] {dag.py:3954} INFO - Setting next_dagrun for example_sla_dag to 2025-05-18 12:48:00+00:00, run_after=2025-05-18 12:50:00+00:00
[2025-05-18T12:51:07.941+0000] {processor.py:183} INFO - Processing /home/airflow/.local/lib/python3.9/site-packages/airflow/example_dags/example_sla_dag.py took 0.112 seconds
[2025-05-18T12:51:38.156+0000] {processor.py:161} INFO - Started process (PID=438) to work on /home/airflow/.local/lib/python3.9/site-packages/airflow/example_dags/example_sla_dag.py
[2025-05-18T12:51:38.157+0000] {processor.py:830} INFO - Processing file /home/airflow/.local/lib/python3.9/site-packages/airflow/example_dags/example_sla_dag.py for tasks to queue
[2025-05-18T12:51:38.160+0000] {logging_mixin.py:188} INFO - [2025-05-18T12:51:38.160+0000] {dagbag.py:545} INFO - Filling up the DagBag from /home/airflow/.local/lib/python3.9/site-packages/airflow/example_dags/example_sla_dag.py
[2025-05-18T12:51:38.173+0000] {processor.py:840} INFO - DAG(s) 'example_sla_dag' retrieved from /home/airflow/.local/lib/python3.9/site-packages/airflow/example_dags/example_sla_dag.py
[2025-05-18T12:51:38.207+0000] {logging_mixin.py:188} INFO - [2025-05-18T12:51:38.206+0000] {dag.py:3096} INFO - Sync 1 DAGs
[2025-05-18T12:51:38.243+0000] {logging_mixin.py:188} INFO - [2025-05-18T12:51:38.242+0000] {dag.py:3954} INFO - Setting next_dagrun for example_sla_dag to 2025-05-18 12:48:00+00:00, run_after=2025-05-18 12:50:00+00:00
[2025-05-18T12:51:38.265+0000] {processor.py:183} INFO - Processing /home/airflow/.local/lib/python3.9/site-packages/airflow/example_dags/example_sla_dag.py took 0.119 seconds
[2025-05-18T12:52:08.619+0000] {processor.py:161} INFO - Started process (PID=504) to work on /home/airflow/.local/lib/python3.9/site-packages/airflow/example_dags/example_sla_dag.py
[2025-05-18T12:52:08.620+0000] {processor.py:830} INFO - Processing file /home/airflow/.local/lib/python3.9/site-packages/airflow/example_dags/example_sla_dag.py for tasks to queue
[2025-05-18T12:52:08.623+0000] {logging_mixin.py:188} INFO - [2025-05-18T12:52:08.622+0000] {dagbag.py:545} INFO - Filling up the DagBag from /home/airflow/.local/lib/python3.9/site-packages/airflow/example_dags/example_sla_dag.py
[2025-05-18T12:52:08.634+0000] {processor.py:840} INFO - DAG(s) 'example_sla_dag' retrieved from /home/airflow/.local/lib/python3.9/site-packages/airflow/example_dags/example_sla_dag.py
[2025-05-18T12:52:08.667+0000] {logging_mixin.py:188} INFO - [2025-05-18T12:52:08.667+0000] {dag.py:3096} INFO - Sync 1 DAGs
[2025-05-18T12:52:08.700+0000] {logging_mixin.py:188} INFO - [2025-05-18T12:52:08.700+0000] {dag.py:3954} INFO - Setting next_dagrun for example_sla_dag to 2025-05-18 12:50:00+00:00, run_after=2025-05-18 12:52:00+00:00
[2025-05-18T12:52:08.723+0000] {processor.py:183} INFO - Processing /home/airflow/.local/lib/python3.9/site-packages/airflow/example_dags/example_sla_dag.py took 0.114 seconds
[2025-05-18T12:52:39.131+0000] {processor.py:161} INFO - Started process (PID=570) to work on /home/airflow/.local/lib/python3.9/site-packages/airflow/example_dags/example_sla_dag.py
[2025-05-18T12:52:39.133+0000] {processor.py:830} INFO - Processing file /home/airflow/.local/lib/python3.9/site-packages/airflow/example_dags/example_sla_dag.py for tasks to queue
[2025-05-18T12:52:39.136+0000] {logging_mixin.py:188} INFO - [2025-05-18T12:52:39.135+0000] {dagbag.py:545} INFO - Filling up the DagBag from /home/airflow/.local/lib/python3.9/site-packages/airflow/example_dags/example_sla_dag.py
[2025-05-18T12:52:39.150+0000] {processor.py:840} INFO - DAG(s) 'example_sla_dag' retrieved from /home/airflow/.local/lib/python3.9/site-packages/airflow/example_dags/example_sla_dag.py
[2025-05-18T12:52:39.186+0000] {logging_mixin.py:188} INFO - [2025-05-18T12:52:39.185+0000] {dag.py:3096} INFO - Sync 1 DAGs
[2025-05-18T12:52:39.233+0000] {logging_mixin.py:188} INFO - [2025-05-18T12:52:39.232+0000] {dag.py:3954} INFO - Setting next_dagrun for example_sla_dag to 2025-05-18 12:50:00+00:00, run_after=2025-05-18 12:52:00+00:00
[2025-05-18T12:52:39.267+0000] {processor.py:183} INFO - Processing /home/airflow/.local/lib/python3.9/site-packages/airflow/example_dags/example_sla_dag.py took 0.145 seconds
[2025-05-18T12:53:09.990+0000] {processor.py:161} INFO - Started process (PID=642) to work on /home/airflow/.local/lib/python3.9/site-packages/airflow/example_dags/example_sla_dag.py
[2025-05-18T12:53:09.992+0000] {processor.py:830} INFO - Processing file /home/airflow/.local/lib/python3.9/site-packages/airflow/example_dags/example_sla_dag.py for tasks to queue
[2025-05-18T12:53:09.995+0000] {logging_mixin.py:188} INFO - [2025-05-18T12:53:09.994+0000] {dagbag.py:545} INFO - Filling up the DagBag from /home/airflow/.local/lib/python3.9/site-packages/airflow/example_dags/example_sla_dag.py
[2025-05-18T12:53:10.007+0000] {processor.py:840} INFO - DAG(s) 'example_sla_dag' retrieved from /home/airflow/.local/lib/python3.9/site-packages/airflow/example_dags/example_sla_dag.py
[2025-05-18T12:53:10.056+0000] {logging_mixin.py:188} INFO - [2025-05-18T12:53:10.055+0000] {dag.py:3096} INFO - Sync 1 DAGs
[2025-05-18T12:53:10.097+0000] {logging_mixin.py:188} INFO - [2025-05-18T12:53:10.097+0000] {dag.py:3954} INFO - Setting next_dagrun for example_sla_dag to 2025-05-18 12:50:00+00:00, run_after=2025-05-18 12:52:00+00:00
[2025-05-18T12:53:10.128+0000] {processor.py:183} INFO - Processing /home/airflow/.local/lib/python3.9/site-packages/airflow/example_dags/example_sla_dag.py took 0.153 seconds
[2025-05-18T12:53:40.570+0000] {processor.py:161} INFO - Started process (PID=708) to work on /home/airflow/.local/lib/python3.9/site-packages/airflow/example_dags/example_sla_dag.py
[2025-05-18T12:53:40.571+0000] {processor.py:830} INFO - Processing file /home/airflow/.local/lib/python3.9/site-packages/airflow/example_dags/example_sla_dag.py for tasks to queue
[2025-05-18T12:53:40.574+0000] {logging_mixin.py:188} INFO - [2025-05-18T12:53:40.573+0000] {dagbag.py:545} INFO - Filling up the DagBag from /home/airflow/.local/lib/python3.9/site-packages/airflow/example_dags/example_sla_dag.py
[2025-05-18T12:53:40.585+0000] {processor.py:840} INFO - DAG(s) 'example_sla_dag' retrieved from /home/airflow/.local/lib/python3.9/site-packages/airflow/example_dags/example_sla_dag.py
[2025-05-18T12:53:40.621+0000] {logging_mixin.py:188} INFO - [2025-05-18T12:53:40.620+0000] {dag.py:3096} INFO - Sync 1 DAGs
[2025-05-18T12:53:40.661+0000] {logging_mixin.py:188} INFO - [2025-05-18T12:53:40.660+0000] {dag.py:3954} INFO - Setting next_dagrun for example_sla_dag to 2025-05-18 12:50:00+00:00, run_after=2025-05-18 12:52:00+00:00
[2025-05-18T12:53:40.686+0000] {processor.py:183} INFO - Processing /home/airflow/.local/lib/python3.9/site-packages/airflow/example_dags/example_sla_dag.py took 0.127 seconds
[2025-05-18T12:54:10.895+0000] {processor.py:161} INFO - Started process (PID=775) to work on /home/airflow/.local/lib/python3.9/site-packages/airflow/example_dags/example_sla_dag.py
[2025-05-18T12:54:10.897+0000] {processor.py:830} INFO - Processing file /home/airflow/.local/lib/python3.9/site-packages/airflow/example_dags/example_sla_dag.py for tasks to queue
[2025-05-18T12:54:10.899+0000] {logging_mixin.py:188} INFO - [2025-05-18T12:54:10.899+0000] {dagbag.py:545} INFO - Filling up the DagBag from /home/airflow/.local/lib/python3.9/site-packages/airflow/example_dags/example_sla_dag.py
[2025-05-18T12:54:10.915+0000] {processor.py:840} INFO - DAG(s) 'example_sla_dag' retrieved from /home/airflow/.local/lib/python3.9/site-packages/airflow/example_dags/example_sla_dag.py
[2025-05-18T12:54:10.953+0000] {logging_mixin.py:188} INFO - [2025-05-18T12:54:10.952+0000] {dag.py:3096} INFO - Sync 1 DAGs
[2025-05-18T12:54:10.994+0000] {logging_mixin.py:188} INFO - [2025-05-18T12:54:10.994+0000] {dag.py:3954} INFO - Setting next_dagrun for example_sla_dag to 2025-05-18 12:52:00+00:00, run_after=2025-05-18 12:54:00+00:00
[2025-05-18T12:54:11.024+0000] {processor.py:183} INFO - Processing /home/airflow/.local/lib/python3.9/site-packages/airflow/example_dags/example_sla_dag.py took 0.137 seconds
[2025-05-18T12:54:41.155+0000] {processor.py:161} INFO - Started process (PID=842) to work on /home/airflow/.local/lib/python3.9/site-packages/airflow/example_dags/example_sla_dag.py
[2025-05-18T12:54:41.157+0000] {processor.py:830} INFO - Processing file /home/airflow/.local/lib/python3.9/site-packages/airflow/example_dags/example_sla_dag.py for tasks to queue
[2025-05-18T12:54:41.159+0000] {logging_mixin.py:188} INFO - [2025-05-18T12:54:41.159+0000] {dagbag.py:545} INFO - Filling up the DagBag from /home/airflow/.local/lib/python3.9/site-packages/airflow/example_dags/example_sla_dag.py
[2025-05-18T12:54:41.172+0000] {processor.py:840} INFO - DAG(s) 'example_sla_dag' retrieved from /home/airflow/.local/lib/python3.9/site-packages/airflow/example_dags/example_sla_dag.py
[2025-05-18T12:54:41.203+0000] {logging_mixin.py:188} INFO - [2025-05-18T12:54:41.203+0000] {dag.py:3096} INFO - Sync 1 DAGs
[2025-05-18T12:54:41.237+0000] {logging_mixin.py:188} INFO - [2025-05-18T12:54:41.237+0000] {dag.py:3954} INFO - Setting next_dagrun for example_sla_dag to 2025-05-18 12:52:00+00:00, run_after=2025-05-18 12:54:00+00:00
[2025-05-18T12:54:41.259+0000] {processor.py:183} INFO - Processing /home/airflow/.local/lib/python3.9/site-packages/airflow/example_dags/example_sla_dag.py took 0.114 seconds
[2025-05-18T12:55:11.767+0000] {processor.py:161} INFO - Started process (PID=909) to work on /home/airflow/.local/lib/python3.9/site-packages/airflow/example_dags/example_sla_dag.py
[2025-05-18T12:55:11.768+0000] {processor.py:830} INFO - Processing file /home/airflow/.local/lib/python3.9/site-packages/airflow/example_dags/example_sla_dag.py for tasks to queue
[2025-05-18T12:55:11.771+0000] {logging_mixin.py:188} INFO - [2025-05-18T12:55:11.770+0000] {dagbag.py:545} INFO - Filling up the DagBag from /home/airflow/.local/lib/python3.9/site-packages/airflow/example_dags/example_sla_dag.py
[2025-05-18T12:55:11.782+0000] {processor.py:840} INFO - DAG(s) 'example_sla_dag' retrieved from /home/airflow/.local/lib/python3.9/site-packages/airflow/example_dags/example_sla_dag.py
[2025-05-18T12:55:11.812+0000] {logging_mixin.py:188} INFO - [2025-05-18T12:55:11.811+0000] {dag.py:3096} INFO - Sync 1 DAGs
[2025-05-18T12:55:11.844+0000] {logging_mixin.py:188} INFO - [2025-05-18T12:55:11.844+0000] {dag.py:3954} INFO - Setting next_dagrun for example_sla_dag to 2025-05-18 12:52:00+00:00, run_after=2025-05-18 12:54:00+00:00
[2025-05-18T12:55:11.867+0000] {processor.py:183} INFO - Processing /home/airflow/.local/lib/python3.9/site-packages/airflow/example_dags/example_sla_dag.py took 0.109 seconds
[2025-05-18T12:55:41.983+0000] {processor.py:161} INFO - Started process (PID=983) to work on /home/airflow/.local/lib/python3.9/site-packages/airflow/example_dags/example_sla_dag.py
[2025-05-18T12:55:41.984+0000] {processor.py:830} INFO - Processing file /home/airflow/.local/lib/python3.9/site-packages/airflow/example_dags/example_sla_dag.py for tasks to queue
[2025-05-18T12:55:41.987+0000] {logging_mixin.py:188} INFO - [2025-05-18T12:55:41.987+0000] {dagbag.py:545} INFO - Filling up the DagBag from /home/airflow/.local/lib/python3.9/site-packages/airflow/example_dags/example_sla_dag.py
[2025-05-18T12:55:41.999+0000] {processor.py:840} INFO - DAG(s) 'example_sla_dag' retrieved from /home/airflow/.local/lib/python3.9/site-packages/airflow/example_dags/example_sla_dag.py
[2025-05-18T12:55:42.030+0000] {logging_mixin.py:188} INFO - [2025-05-18T12:55:42.030+0000] {dag.py:3096} INFO - Sync 1 DAGs
[2025-05-18T12:55:42.067+0000] {logging_mixin.py:188} INFO - [2025-05-18T12:55:42.066+0000] {dag.py:3954} INFO - Setting next_dagrun for example_sla_dag to 2025-05-18 12:52:00+00:00, run_after=2025-05-18 12:54:00+00:00
[2025-05-18T12:55:42.096+0000] {processor.py:183} INFO - Processing /home/airflow/.local/lib/python3.9/site-packages/airflow/example_dags/example_sla_dag.py took 0.122 seconds
[2025-05-18T12:56:12.810+0000] {processor.py:161} INFO - Started process (PID=1050) to work on /home/airflow/.local/lib/python3.9/site-packages/airflow/example_dags/example_sla_dag.py
[2025-05-18T12:56:12.812+0000] {processor.py:830} INFO - Processing file /home/airflow/.local/lib/python3.9/site-packages/airflow/example_dags/example_sla_dag.py for tasks to queue
[2025-05-18T12:56:12.815+0000] {logging_mixin.py:188} INFO - [2025-05-18T12:56:12.814+0000] {dagbag.py:545} INFO - Filling up the DagBag from /home/airflow/.local/lib/python3.9/site-packages/airflow/example_dags/example_sla_dag.py
[2025-05-18T12:56:12.836+0000] {processor.py:840} INFO - DAG(s) 'example_sla_dag' retrieved from /home/airflow/.local/lib/python3.9/site-packages/airflow/example_dags/example_sla_dag.py
[2025-05-18T12:56:12.894+0000] {logging_mixin.py:188} INFO - [2025-05-18T12:56:12.894+0000] {dag.py:3096} INFO - Sync 1 DAGs
[2025-05-18T12:56:12.973+0000] {logging_mixin.py:188} INFO - [2025-05-18T12:56:12.973+0000] {dag.py:3954} INFO - Setting next_dagrun for example_sla_dag to 2025-05-18 12:54:00+00:00, run_after=2025-05-18 12:56:00+00:00
[2025-05-18T12:56:13.031+0000] {processor.py:183} INFO - Processing /home/airflow/.local/lib/python3.9/site-packages/airflow/example_dags/example_sla_dag.py took 0.235 seconds
