[2025-05-18T12:48:52.626+0000] {processor.py:161} INFO - Started process (PID=90) to work on /home/airflow/.local/lib/python3.9/site-packages/airflow/example_dags/example_dynamic_task_mapping_with_no_taskflow_operators.py
[2025-05-18T12:48:52.628+0000] {processor.py:830} INFO - Processing file /home/airflow/.local/lib/python3.9/site-packages/airflow/example_dags/example_dynamic_task_mapping_with_no_taskflow_operators.py for tasks to queue
[2025-05-18T12:48:52.647+0000] {logging_mixin.py:188} INFO - [2025-05-18T12:48:52.646+0000] {dagbag.py:545} INFO - Filling up the DagBag from /home/airflow/.local/lib/python3.9/site-packages/airflow/example_dags/example_dynamic_task_mapping_with_no_taskflow_operators.py
[2025-05-18T12:48:52.707+0000] {processor.py:840} INFO - DAG(s) 'example_dynamic_task_mapping_with_no_taskflow_operators' retrieved from /home/airflow/.local/lib/python3.9/site-packages/airflow/example_dags/example_dynamic_task_mapping_with_no_taskflow_operators.py
[2025-05-18T12:48:53.407+0000] {logging_mixin.py:188} INFO - [2025-05-18T12:48:53.406+0000] {override.py:1829} INFO - Created Permission View: can delete on DAG:example_dynamic_task_mapping_with_no_taskflow_operators
[2025-05-18T12:48:53.488+0000] {logging_mixin.py:188} INFO - [2025-05-18T12:48:53.487+0000] {override.py:1829} INFO - Created Permission View: can edit on DAG:example_dynamic_task_mapping_with_no_taskflow_operators
[2025-05-18T12:48:53.568+0000] {logging_mixin.py:188} INFO - [2025-05-18T12:48:53.568+0000] {override.py:1829} INFO - Created Permission View: can read on DAG:example_dynamic_task_mapping_with_no_taskflow_operators
[2025-05-18T12:48:53.569+0000] {logging_mixin.py:188} INFO - [2025-05-18T12:48:53.569+0000] {dag.py:3096} INFO - Sync 1 DAGs
[2025-05-18T12:48:53.630+0000] {logging_mixin.py:188} INFO - [2025-05-18T12:48:53.630+0000] {dag.py:3118} INFO - Creating ORM DAG for example_dynamic_task_mapping_with_no_taskflow_operators
[2025-05-18T12:48:53.730+0000] {logging_mixin.py:188} INFO - [2025-05-18T12:48:53.729+0000] {dag.py:3954} INFO - Setting next_dagrun for example_dynamic_task_mapping_with_no_taskflow_operators to 2025-05-17 00:00:00+00:00, run_after=2025-05-18 00:00:00+00:00
[2025-05-18T12:48:53.945+0000] {processor.py:183} INFO - Processing /home/airflow/.local/lib/python3.9/site-packages/airflow/example_dags/example_dynamic_task_mapping_with_no_taskflow_operators.py took 1.359 seconds
[2025-05-18T12:49:24.796+0000] {processor.py:161} INFO - Started process (PID=149) to work on /home/airflow/.local/lib/python3.9/site-packages/airflow/example_dags/example_dynamic_task_mapping_with_no_taskflow_operators.py
[2025-05-18T12:49:24.805+0000] {processor.py:830} INFO - Processing file /home/airflow/.local/lib/python3.9/site-packages/airflow/example_dags/example_dynamic_task_mapping_with_no_taskflow_operators.py for tasks to queue
[2025-05-18T12:49:24.808+0000] {logging_mixin.py:188} INFO - [2025-05-18T12:49:24.808+0000] {dagbag.py:545} INFO - Filling up the DagBag from /home/airflow/.local/lib/python3.9/site-packages/airflow/example_dags/example_dynamic_task_mapping_with_no_taskflow_operators.py
[2025-05-18T12:49:24.826+0000] {processor.py:840} INFO - DAG(s) 'example_dynamic_task_mapping_with_no_taskflow_operators' retrieved from /home/airflow/.local/lib/python3.9/site-packages/airflow/example_dags/example_dynamic_task_mapping_with_no_taskflow_operators.py
[2025-05-18T12:49:24.908+0000] {logging_mixin.py:188} INFO - [2025-05-18T12:49:24.908+0000] {dag.py:3096} INFO - Sync 1 DAGs
[2025-05-18T12:49:24.967+0000] {logging_mixin.py:188} INFO - [2025-05-18T12:49:24.967+0000] {dag.py:3954} INFO - Setting next_dagrun for example_dynamic_task_mapping_with_no_taskflow_operators to 2025-05-17 00:00:00+00:00, run_after=2025-05-18 00:00:00+00:00
[2025-05-18T12:49:25.028+0000] {processor.py:183} INFO - Processing /home/airflow/.local/lib/python3.9/site-packages/airflow/example_dags/example_dynamic_task_mapping_with_no_taskflow_operators.py took 0.242 seconds
[2025-05-18T12:49:55.128+0000] {processor.py:161} INFO - Started process (PID=215) to work on /home/airflow/.local/lib/python3.9/site-packages/airflow/example_dags/example_dynamic_task_mapping_with_no_taskflow_operators.py
[2025-05-18T12:49:55.130+0000] {processor.py:830} INFO - Processing file /home/airflow/.local/lib/python3.9/site-packages/airflow/example_dags/example_dynamic_task_mapping_with_no_taskflow_operators.py for tasks to queue
[2025-05-18T12:49:55.132+0000] {logging_mixin.py:188} INFO - [2025-05-18T12:49:55.132+0000] {dagbag.py:545} INFO - Filling up the DagBag from /home/airflow/.local/lib/python3.9/site-packages/airflow/example_dags/example_dynamic_task_mapping_with_no_taskflow_operators.py
[2025-05-18T12:49:55.142+0000] {processor.py:840} INFO - DAG(s) 'example_dynamic_task_mapping_with_no_taskflow_operators' retrieved from /home/airflow/.local/lib/python3.9/site-packages/airflow/example_dags/example_dynamic_task_mapping_with_no_taskflow_operators.py
[2025-05-18T12:49:55.175+0000] {logging_mixin.py:188} INFO - [2025-05-18T12:49:55.175+0000] {dag.py:3096} INFO - Sync 1 DAGs
[2025-05-18T12:49:55.210+0000] {logging_mixin.py:188} INFO - [2025-05-18T12:49:55.210+0000] {dag.py:3954} INFO - Setting next_dagrun for example_dynamic_task_mapping_with_no_taskflow_operators to 2025-05-17 00:00:00+00:00, run_after=2025-05-18 00:00:00+00:00
[2025-05-18T12:49:55.232+0000] {processor.py:183} INFO - Processing /home/airflow/.local/lib/python3.9/site-packages/airflow/example_dags/example_dynamic_task_mapping_with_no_taskflow_operators.py took 0.115 seconds
[2025-05-18T12:50:25.441+0000] {processor.py:161} INFO - Started process (PID=281) to work on /home/airflow/.local/lib/python3.9/site-packages/airflow/example_dags/example_dynamic_task_mapping_with_no_taskflow_operators.py
[2025-05-18T12:50:25.442+0000] {processor.py:830} INFO - Processing file /home/airflow/.local/lib/python3.9/site-packages/airflow/example_dags/example_dynamic_task_mapping_with_no_taskflow_operators.py for tasks to queue
[2025-05-18T12:50:25.445+0000] {logging_mixin.py:188} INFO - [2025-05-18T12:50:25.445+0000] {dagbag.py:545} INFO - Filling up the DagBag from /home/airflow/.local/lib/python3.9/site-packages/airflow/example_dags/example_dynamic_task_mapping_with_no_taskflow_operators.py
[2025-05-18T12:50:25.455+0000] {processor.py:840} INFO - DAG(s) 'example_dynamic_task_mapping_with_no_taskflow_operators' retrieved from /home/airflow/.local/lib/python3.9/site-packages/airflow/example_dags/example_dynamic_task_mapping_with_no_taskflow_operators.py
[2025-05-18T12:50:25.495+0000] {logging_mixin.py:188} INFO - [2025-05-18T12:50:25.495+0000] {dag.py:3096} INFO - Sync 1 DAGs
[2025-05-18T12:50:25.526+0000] {logging_mixin.py:188} INFO - [2025-05-18T12:50:25.526+0000] {dag.py:3954} INFO - Setting next_dagrun for example_dynamic_task_mapping_with_no_taskflow_operators to 2025-05-17 00:00:00+00:00, run_after=2025-05-18 00:00:00+00:00
[2025-05-18T12:50:25.546+0000] {processor.py:183} INFO - Processing /home/airflow/.local/lib/python3.9/site-packages/airflow/example_dags/example_dynamic_task_mapping_with_no_taskflow_operators.py took 0.115 seconds
[2025-05-18T12:50:55.650+0000] {processor.py:161} INFO - Started process (PID=347) to work on /home/airflow/.local/lib/python3.9/site-packages/airflow/example_dags/example_dynamic_task_mapping_with_no_taskflow_operators.py
[2025-05-18T12:50:55.652+0000] {processor.py:830} INFO - Processing file /home/airflow/.local/lib/python3.9/site-packages/airflow/example_dags/example_dynamic_task_mapping_with_no_taskflow_operators.py for tasks to queue
[2025-05-18T12:50:55.654+0000] {logging_mixin.py:188} INFO - [2025-05-18T12:50:55.654+0000] {dagbag.py:545} INFO - Filling up the DagBag from /home/airflow/.local/lib/python3.9/site-packages/airflow/example_dags/example_dynamic_task_mapping_with_no_taskflow_operators.py
[2025-05-18T12:50:55.663+0000] {processor.py:840} INFO - DAG(s) 'example_dynamic_task_mapping_with_no_taskflow_operators' retrieved from /home/airflow/.local/lib/python3.9/site-packages/airflow/example_dags/example_dynamic_task_mapping_with_no_taskflow_operators.py
[2025-05-18T12:50:55.713+0000] {logging_mixin.py:188} INFO - [2025-05-18T12:50:55.712+0000] {dag.py:3096} INFO - Sync 1 DAGs
[2025-05-18T12:50:55.767+0000] {logging_mixin.py:188} INFO - [2025-05-18T12:50:55.767+0000] {dag.py:3954} INFO - Setting next_dagrun for example_dynamic_task_mapping_with_no_taskflow_operators to 2025-05-17 00:00:00+00:00, run_after=2025-05-18 00:00:00+00:00
[2025-05-18T12:50:55.795+0000] {processor.py:183} INFO - Processing /home/airflow/.local/lib/python3.9/site-packages/airflow/example_dags/example_dynamic_task_mapping_with_no_taskflow_operators.py took 0.158 seconds
[2025-05-18T12:51:25.914+0000] {processor.py:161} INFO - Started process (PID=413) to work on /home/airflow/.local/lib/python3.9/site-packages/airflow/example_dags/example_dynamic_task_mapping_with_no_taskflow_operators.py
[2025-05-18T12:51:25.915+0000] {processor.py:830} INFO - Processing file /home/airflow/.local/lib/python3.9/site-packages/airflow/example_dags/example_dynamic_task_mapping_with_no_taskflow_operators.py for tasks to queue
[2025-05-18T12:51:25.931+0000] {logging_mixin.py:188} INFO - [2025-05-18T12:51:25.930+0000] {dagbag.py:545} INFO - Filling up the DagBag from /home/airflow/.local/lib/python3.9/site-packages/airflow/example_dags/example_dynamic_task_mapping_with_no_taskflow_operators.py
[2025-05-18T12:51:25.952+0000] {processor.py:840} INFO - DAG(s) 'example_dynamic_task_mapping_with_no_taskflow_operators' retrieved from /home/airflow/.local/lib/python3.9/site-packages/airflow/example_dags/example_dynamic_task_mapping_with_no_taskflow_operators.py
[2025-05-18T12:51:26.005+0000] {logging_mixin.py:188} INFO - [2025-05-18T12:51:26.005+0000] {dag.py:3096} INFO - Sync 1 DAGs
[2025-05-18T12:51:26.051+0000] {logging_mixin.py:188} INFO - [2025-05-18T12:51:26.051+0000] {dag.py:3954} INFO - Setting next_dagrun for example_dynamic_task_mapping_with_no_taskflow_operators to 2025-05-17 00:00:00+00:00, run_after=2025-05-18 00:00:00+00:00
[2025-05-18T12:51:26.090+0000] {processor.py:183} INFO - Processing /home/airflow/.local/lib/python3.9/site-packages/airflow/example_dags/example_dynamic_task_mapping_with_no_taskflow_operators.py took 0.199 seconds
[2025-05-18T12:51:56.329+0000] {processor.py:161} INFO - Started process (PID=479) to work on /home/airflow/.local/lib/python3.9/site-packages/airflow/example_dags/example_dynamic_task_mapping_with_no_taskflow_operators.py
[2025-05-18T12:51:56.331+0000] {processor.py:830} INFO - Processing file /home/airflow/.local/lib/python3.9/site-packages/airflow/example_dags/example_dynamic_task_mapping_with_no_taskflow_operators.py for tasks to queue
[2025-05-18T12:51:56.346+0000] {logging_mixin.py:188} INFO - [2025-05-18T12:51:56.345+0000] {dagbag.py:545} INFO - Filling up the DagBag from /home/airflow/.local/lib/python3.9/site-packages/airflow/example_dags/example_dynamic_task_mapping_with_no_taskflow_operators.py
[2025-05-18T12:51:56.366+0000] {processor.py:840} INFO - DAG(s) 'example_dynamic_task_mapping_with_no_taskflow_operators' retrieved from /home/airflow/.local/lib/python3.9/site-packages/airflow/example_dags/example_dynamic_task_mapping_with_no_taskflow_operators.py
[2025-05-18T12:51:56.405+0000] {logging_mixin.py:188} INFO - [2025-05-18T12:51:56.405+0000] {dag.py:3096} INFO - Sync 1 DAGs
[2025-05-18T12:51:56.439+0000] {logging_mixin.py:188} INFO - [2025-05-18T12:51:56.438+0000] {dag.py:3954} INFO - Setting next_dagrun for example_dynamic_task_mapping_with_no_taskflow_operators to 2025-05-17 00:00:00+00:00, run_after=2025-05-18 00:00:00+00:00
[2025-05-18T12:51:56.465+0000] {processor.py:183} INFO - Processing /home/airflow/.local/lib/python3.9/site-packages/airflow/example_dags/example_dynamic_task_mapping_with_no_taskflow_operators.py took 0.156 seconds
[2025-05-18T12:52:26.543+0000] {processor.py:161} INFO - Started process (PID=545) to work on /home/airflow/.local/lib/python3.9/site-packages/airflow/example_dags/example_dynamic_task_mapping_with_no_taskflow_operators.py
[2025-05-18T12:52:26.545+0000] {processor.py:830} INFO - Processing file /home/airflow/.local/lib/python3.9/site-packages/airflow/example_dags/example_dynamic_task_mapping_with_no_taskflow_operators.py for tasks to queue
[2025-05-18T12:52:26.548+0000] {logging_mixin.py:188} INFO - [2025-05-18T12:52:26.547+0000] {dagbag.py:545} INFO - Filling up the DagBag from /home/airflow/.local/lib/python3.9/site-packages/airflow/example_dags/example_dynamic_task_mapping_with_no_taskflow_operators.py
[2025-05-18T12:52:26.560+0000] {processor.py:840} INFO - DAG(s) 'example_dynamic_task_mapping_with_no_taskflow_operators' retrieved from /home/airflow/.local/lib/python3.9/site-packages/airflow/example_dags/example_dynamic_task_mapping_with_no_taskflow_operators.py
[2025-05-18T12:52:26.607+0000] {logging_mixin.py:188} INFO - [2025-05-18T12:52:26.607+0000] {dag.py:3096} INFO - Sync 1 DAGs
[2025-05-18T12:52:26.643+0000] {logging_mixin.py:188} INFO - [2025-05-18T12:52:26.643+0000] {dag.py:3954} INFO - Setting next_dagrun for example_dynamic_task_mapping_with_no_taskflow_operators to 2025-05-17 00:00:00+00:00, run_after=2025-05-18 00:00:00+00:00
[2025-05-18T12:52:26.668+0000] {processor.py:183} INFO - Processing /home/airflow/.local/lib/python3.9/site-packages/airflow/example_dags/example_dynamic_task_mapping_with_no_taskflow_operators.py took 0.135 seconds
[2025-05-18T12:52:56.811+0000] {processor.py:161} INFO - Started process (PID=618) to work on /home/airflow/.local/lib/python3.9/site-packages/airflow/example_dags/example_dynamic_task_mapping_with_no_taskflow_operators.py
[2025-05-18T12:52:56.812+0000] {processor.py:830} INFO - Processing file /home/airflow/.local/lib/python3.9/site-packages/airflow/example_dags/example_dynamic_task_mapping_with_no_taskflow_operators.py for tasks to queue
[2025-05-18T12:52:56.815+0000] {logging_mixin.py:188} INFO - [2025-05-18T12:52:56.815+0000] {dagbag.py:545} INFO - Filling up the DagBag from /home/airflow/.local/lib/python3.9/site-packages/airflow/example_dags/example_dynamic_task_mapping_with_no_taskflow_operators.py
[2025-05-18T12:52:56.846+0000] {processor.py:840} INFO - DAG(s) 'example_dynamic_task_mapping_with_no_taskflow_operators' retrieved from /home/airflow/.local/lib/python3.9/site-packages/airflow/example_dags/example_dynamic_task_mapping_with_no_taskflow_operators.py
[2025-05-18T12:52:56.934+0000] {logging_mixin.py:188} INFO - [2025-05-18T12:52:56.934+0000] {dag.py:3096} INFO - Sync 1 DAGs
[2025-05-18T12:52:57.005+0000] {logging_mixin.py:188} INFO - [2025-05-18T12:52:56.992+0000] {dag.py:3954} INFO - Setting next_dagrun for example_dynamic_task_mapping_with_no_taskflow_operators to 2025-05-17 00:00:00+00:00, run_after=2025-05-18 00:00:00+00:00
[2025-05-18T12:52:57.089+0000] {processor.py:183} INFO - Processing /home/airflow/.local/lib/python3.9/site-packages/airflow/example_dags/example_dynamic_task_mapping_with_no_taskflow_operators.py took 0.295 seconds
[2025-05-18T12:53:27.431+0000] {processor.py:161} INFO - Started process (PID=683) to work on /home/airflow/.local/lib/python3.9/site-packages/airflow/example_dags/example_dynamic_task_mapping_with_no_taskflow_operators.py
[2025-05-18T12:53:27.432+0000] {processor.py:830} INFO - Processing file /home/airflow/.local/lib/python3.9/site-packages/airflow/example_dags/example_dynamic_task_mapping_with_no_taskflow_operators.py for tasks to queue
[2025-05-18T12:53:27.435+0000] {logging_mixin.py:188} INFO - [2025-05-18T12:53:27.434+0000] {dagbag.py:545} INFO - Filling up the DagBag from /home/airflow/.local/lib/python3.9/site-packages/airflow/example_dags/example_dynamic_task_mapping_with_no_taskflow_operators.py
[2025-05-18T12:53:27.445+0000] {processor.py:840} INFO - DAG(s) 'example_dynamic_task_mapping_with_no_taskflow_operators' retrieved from /home/airflow/.local/lib/python3.9/site-packages/airflow/example_dags/example_dynamic_task_mapping_with_no_taskflow_operators.py
[2025-05-18T12:53:27.505+0000] {logging_mixin.py:188} INFO - [2025-05-18T12:53:27.505+0000] {dag.py:3096} INFO - Sync 1 DAGs
[2025-05-18T12:53:27.558+0000] {logging_mixin.py:188} INFO - [2025-05-18T12:53:27.558+0000] {dag.py:3954} INFO - Setting next_dagrun for example_dynamic_task_mapping_with_no_taskflow_operators to 2025-05-17 00:00:00+00:00, run_after=2025-05-18 00:00:00+00:00
[2025-05-18T12:53:27.589+0000] {processor.py:183} INFO - Processing /home/airflow/.local/lib/python3.9/site-packages/airflow/example_dags/example_dynamic_task_mapping_with_no_taskflow_operators.py took 0.177 seconds
[2025-05-18T12:53:57.948+0000] {processor.py:161} INFO - Started process (PID=748) to work on /home/airflow/.local/lib/python3.9/site-packages/airflow/example_dags/example_dynamic_task_mapping_with_no_taskflow_operators.py
[2025-05-18T12:53:57.950+0000] {processor.py:830} INFO - Processing file /home/airflow/.local/lib/python3.9/site-packages/airflow/example_dags/example_dynamic_task_mapping_with_no_taskflow_operators.py for tasks to queue
[2025-05-18T12:53:57.953+0000] {logging_mixin.py:188} INFO - [2025-05-18T12:53:57.953+0000] {dagbag.py:545} INFO - Filling up the DagBag from /home/airflow/.local/lib/python3.9/site-packages/airflow/example_dags/example_dynamic_task_mapping_with_no_taskflow_operators.py
[2025-05-18T12:53:57.966+0000] {processor.py:840} INFO - DAG(s) 'example_dynamic_task_mapping_with_no_taskflow_operators' retrieved from /home/airflow/.local/lib/python3.9/site-packages/airflow/example_dags/example_dynamic_task_mapping_with_no_taskflow_operators.py
[2025-05-18T12:53:58.050+0000] {logging_mixin.py:188} INFO - [2025-05-18T12:53:58.050+0000] {dag.py:3096} INFO - Sync 1 DAGs
[2025-05-18T12:53:58.156+0000] {logging_mixin.py:188} INFO - [2025-05-18T12:53:58.155+0000] {dag.py:3954} INFO - Setting next_dagrun for example_dynamic_task_mapping_with_no_taskflow_operators to 2025-05-17 00:00:00+00:00, run_after=2025-05-18 00:00:00+00:00
[2025-05-18T12:53:58.215+0000] {processor.py:183} INFO - Processing /home/airflow/.local/lib/python3.9/site-packages/airflow/example_dags/example_dynamic_task_mapping_with_no_taskflow_operators.py took 0.285 seconds
[2025-05-18T12:54:28.553+0000] {processor.py:161} INFO - Started process (PID=815) to work on /home/airflow/.local/lib/python3.9/site-packages/airflow/example_dags/example_dynamic_task_mapping_with_no_taskflow_operators.py
[2025-05-18T12:54:28.555+0000] {processor.py:830} INFO - Processing file /home/airflow/.local/lib/python3.9/site-packages/airflow/example_dags/example_dynamic_task_mapping_with_no_taskflow_operators.py for tasks to queue
[2025-05-18T12:54:28.557+0000] {logging_mixin.py:188} INFO - [2025-05-18T12:54:28.557+0000] {dagbag.py:545} INFO - Filling up the DagBag from /home/airflow/.local/lib/python3.9/site-packages/airflow/example_dags/example_dynamic_task_mapping_with_no_taskflow_operators.py
[2025-05-18T12:54:28.567+0000] {processor.py:840} INFO - DAG(s) 'example_dynamic_task_mapping_with_no_taskflow_operators' retrieved from /home/airflow/.local/lib/python3.9/site-packages/airflow/example_dags/example_dynamic_task_mapping_with_no_taskflow_operators.py
[2025-05-18T12:54:28.604+0000] {logging_mixin.py:188} INFO - [2025-05-18T12:54:28.603+0000] {dag.py:3096} INFO - Sync 1 DAGs
[2025-05-18T12:54:28.635+0000] {logging_mixin.py:188} INFO - [2025-05-18T12:54:28.634+0000] {dag.py:3954} INFO - Setting next_dagrun for example_dynamic_task_mapping_with_no_taskflow_operators to 2025-05-17 00:00:00+00:00, run_after=2025-05-18 00:00:00+00:00
[2025-05-18T12:54:28.657+0000] {processor.py:183} INFO - Processing /home/airflow/.local/lib/python3.9/site-packages/airflow/example_dags/example_dynamic_task_mapping_with_no_taskflow_operators.py took 0.113 seconds
[2025-05-18T12:54:58.826+0000] {processor.py:161} INFO - Started process (PID=882) to work on /home/airflow/.local/lib/python3.9/site-packages/airflow/example_dags/example_dynamic_task_mapping_with_no_taskflow_operators.py
[2025-05-18T12:54:58.827+0000] {processor.py:830} INFO - Processing file /home/airflow/.local/lib/python3.9/site-packages/airflow/example_dags/example_dynamic_task_mapping_with_no_taskflow_operators.py for tasks to queue
[2025-05-18T12:54:58.830+0000] {logging_mixin.py:188} INFO - [2025-05-18T12:54:58.829+0000] {dagbag.py:545} INFO - Filling up the DagBag from /home/airflow/.local/lib/python3.9/site-packages/airflow/example_dags/example_dynamic_task_mapping_with_no_taskflow_operators.py
[2025-05-18T12:54:58.840+0000] {processor.py:840} INFO - DAG(s) 'example_dynamic_task_mapping_with_no_taskflow_operators' retrieved from /home/airflow/.local/lib/python3.9/site-packages/airflow/example_dags/example_dynamic_task_mapping_with_no_taskflow_operators.py
[2025-05-18T12:54:58.872+0000] {logging_mixin.py:188} INFO - [2025-05-18T12:54:58.871+0000] {dag.py:3096} INFO - Sync 1 DAGs
[2025-05-18T12:54:58.904+0000] {logging_mixin.py:188} INFO - [2025-05-18T12:54:58.904+0000] {dag.py:3954} INFO - Setting next_dagrun for example_dynamic_task_mapping_with_no_taskflow_operators to 2025-05-17 00:00:00+00:00, run_after=2025-05-18 00:00:00+00:00
[2025-05-18T12:54:58.926+0000] {processor.py:183} INFO - Processing /home/airflow/.local/lib/python3.9/site-packages/airflow/example_dags/example_dynamic_task_mapping_with_no_taskflow_operators.py took 0.119 seconds
[2025-05-18T12:55:29.060+0000] {processor.py:161} INFO - Started process (PID=956) to work on /home/airflow/.local/lib/python3.9/site-packages/airflow/example_dags/example_dynamic_task_mapping_with_no_taskflow_operators.py
[2025-05-18T12:55:29.065+0000] {processor.py:830} INFO - Processing file /home/airflow/.local/lib/python3.9/site-packages/airflow/example_dags/example_dynamic_task_mapping_with_no_taskflow_operators.py for tasks to queue
[2025-05-18T12:55:29.068+0000] {logging_mixin.py:188} INFO - [2025-05-18T12:55:29.068+0000] {dagbag.py:545} INFO - Filling up the DagBag from /home/airflow/.local/lib/python3.9/site-packages/airflow/example_dags/example_dynamic_task_mapping_with_no_taskflow_operators.py
[2025-05-18T12:55:29.086+0000] {processor.py:840} INFO - DAG(s) 'example_dynamic_task_mapping_with_no_taskflow_operators' retrieved from /home/airflow/.local/lib/python3.9/site-packages/airflow/example_dags/example_dynamic_task_mapping_with_no_taskflow_operators.py
[2025-05-18T12:55:29.149+0000] {logging_mixin.py:188} INFO - [2025-05-18T12:55:29.149+0000] {dag.py:3096} INFO - Sync 1 DAGs
[2025-05-18T12:55:29.226+0000] {logging_mixin.py:188} INFO - [2025-05-18T12:55:29.226+0000] {dag.py:3954} INFO - Setting next_dagrun for example_dynamic_task_mapping_with_no_taskflow_operators to 2025-05-17 00:00:00+00:00, run_after=2025-05-18 00:00:00+00:00
[2025-05-18T12:55:29.265+0000] {processor.py:183} INFO - Processing /home/airflow/.local/lib/python3.9/site-packages/airflow/example_dags/example_dynamic_task_mapping_with_no_taskflow_operators.py took 0.217 seconds
[2025-05-18T12:55:59.368+0000] {processor.py:161} INFO - Started process (PID=1023) to work on /home/airflow/.local/lib/python3.9/site-packages/airflow/example_dags/example_dynamic_task_mapping_with_no_taskflow_operators.py
[2025-05-18T12:55:59.370+0000] {processor.py:830} INFO - Processing file /home/airflow/.local/lib/python3.9/site-packages/airflow/example_dags/example_dynamic_task_mapping_with_no_taskflow_operators.py for tasks to queue
[2025-05-18T12:55:59.373+0000] {logging_mixin.py:188} INFO - [2025-05-18T12:55:59.372+0000] {dagbag.py:545} INFO - Filling up the DagBag from /home/airflow/.local/lib/python3.9/site-packages/airflow/example_dags/example_dynamic_task_mapping_with_no_taskflow_operators.py
[2025-05-18T12:55:59.394+0000] {processor.py:840} INFO - DAG(s) 'example_dynamic_task_mapping_with_no_taskflow_operators' retrieved from /home/airflow/.local/lib/python3.9/site-packages/airflow/example_dags/example_dynamic_task_mapping_with_no_taskflow_operators.py
[2025-05-18T12:55:59.448+0000] {logging_mixin.py:188} INFO - [2025-05-18T12:55:59.447+0000] {dag.py:3096} INFO - Sync 1 DAGs
[2025-05-18T12:55:59.530+0000] {logging_mixin.py:188} INFO - [2025-05-18T12:55:59.529+0000] {dag.py:3954} INFO - Setting next_dagrun for example_dynamic_task_mapping_with_no_taskflow_operators to 2025-05-17 00:00:00+00:00, run_after=2025-05-18 00:00:00+00:00
[2025-05-18T12:55:59.611+0000] {processor.py:183} INFO - Processing /home/airflow/.local/lib/python3.9/site-packages/airflow/example_dags/example_dynamic_task_mapping_with_no_taskflow_operators.py took 0.264 seconds
[2025-05-18T12:56:29.796+0000] {processor.py:161} INFO - Started process (PID=1090) to work on /home/airflow/.local/lib/python3.9/site-packages/airflow/example_dags/example_dynamic_task_mapping_with_no_taskflow_operators.py
[2025-05-18T12:56:29.797+0000] {processor.py:830} INFO - Processing file /home/airflow/.local/lib/python3.9/site-packages/airflow/example_dags/example_dynamic_task_mapping_with_no_taskflow_operators.py for tasks to queue
[2025-05-18T12:56:29.800+0000] {logging_mixin.py:188} INFO - [2025-05-18T12:56:29.799+0000] {dagbag.py:545} INFO - Filling up the DagBag from /home/airflow/.local/lib/python3.9/site-packages/airflow/example_dags/example_dynamic_task_mapping_with_no_taskflow_operators.py
[2025-05-18T12:56:29.809+0000] {processor.py:840} INFO - DAG(s) 'example_dynamic_task_mapping_with_no_taskflow_operators' retrieved from /home/airflow/.local/lib/python3.9/site-packages/airflow/example_dags/example_dynamic_task_mapping_with_no_taskflow_operators.py
[2025-05-18T12:56:29.845+0000] {logging_mixin.py:188} INFO - [2025-05-18T12:56:29.845+0000] {dag.py:3096} INFO - Sync 1 DAGs
[2025-05-18T12:56:29.879+0000] {logging_mixin.py:188} INFO - [2025-05-18T12:56:29.879+0000] {dag.py:3954} INFO - Setting next_dagrun for example_dynamic_task_mapping_with_no_taskflow_operators to 2025-05-17 00:00:00+00:00, run_after=2025-05-18 00:00:00+00:00
[2025-05-18T12:56:29.903+0000] {processor.py:183} INFO - Processing /home/airflow/.local/lib/python3.9/site-packages/airflow/example_dags/example_dynamic_task_mapping_with_no_taskflow_operators.py took 0.116 seconds
