[2025-05-18T12:49:05.750+0000] {processor.py:161} INFO - Started process (PID=118) to work on /home/airflow/.local/lib/python3.9/site-packages/airflow/example_dags/example_bash_decorator.py
[2025-05-18T12:49:05.752+0000] {processor.py:830} INFO - Processing file /home/airflow/.local/lib/python3.9/site-packages/airflow/example_dags/example_bash_decorator.py for tasks to queue
[2025-05-18T12:49:05.771+0000] {logging_mixin.py:188} INFO - [2025-05-18T12:49:05.770+0000] {dagbag.py:545} INFO - Filling up the DagBag from /home/airflow/.local/lib/python3.9/site-packages/airflow/example_dags/example_bash_decorator.py
[2025-05-18T12:49:05.885+0000] {processor.py:840} INFO - DAG(s) 'example_bash_decorator' retrieved from /home/airflow/.local/lib/python3.9/site-packages/airflow/example_dags/example_bash_decorator.py
[2025-05-18T12:49:05.932+0000] {logging_mixin.py:188} INFO - [2025-05-18T12:49:05.932+0000] {dag.py:3096} INFO - Sync 1 DAGs
[2025-05-18T12:49:06.029+0000] {logging_mixin.py:188} INFO - [2025-05-18T12:49:06.028+0000] {dag.py:3118} INFO - Creating ORM DAG for example_bash_decorator
[2025-05-18T12:49:06.030+0000] {logging_mixin.py:188} INFO - [2025-05-18T12:49:06.029+0000] {dag.py:3954} INFO - Setting next_dagrun for example_bash_decorator to None, run_after=None
[2025-05-18T12:49:06.107+0000] {processor.py:183} INFO - Processing /home/airflow/.local/lib/python3.9/site-packages/airflow/example_dags/example_bash_decorator.py took 0.401 seconds
[2025-05-18T12:49:40.111+0000] {processor.py:161} INFO - Started process (PID=184) to work on /home/airflow/.local/lib/python3.9/site-packages/airflow/example_dags/example_bash_decorator.py
[2025-05-18T12:49:40.112+0000] {processor.py:830} INFO - Processing file /home/airflow/.local/lib/python3.9/site-packages/airflow/example_dags/example_bash_decorator.py for tasks to queue
[2025-05-18T12:49:40.115+0000] {logging_mixin.py:188} INFO - [2025-05-18T12:49:40.114+0000] {dagbag.py:545} INFO - Filling up the DagBag from /home/airflow/.local/lib/python3.9/site-packages/airflow/example_dags/example_bash_decorator.py
[2025-05-18T12:49:40.150+0000] {processor.py:840} INFO - DAG(s) 'example_bash_decorator' retrieved from /home/airflow/.local/lib/python3.9/site-packages/airflow/example_dags/example_bash_decorator.py
[2025-05-18T12:49:40.652+0000] {logging_mixin.py:188} INFO - [2025-05-18T12:49:40.652+0000] {dag.py:3096} INFO - Sync 1 DAGs
[2025-05-18T12:49:40.688+0000] {logging_mixin.py:188} INFO - [2025-05-18T12:49:40.687+0000] {dag.py:3954} INFO - Setting next_dagrun for example_bash_decorator to None, run_after=None
[2025-05-18T12:49:40.768+0000] {processor.py:183} INFO - Processing /home/airflow/.local/lib/python3.9/site-packages/airflow/example_dags/example_bash_decorator.py took 0.703 seconds
[2025-05-18T12:50:11.553+0000] {processor.py:161} INFO - Started process (PID=250) to work on /home/airflow/.local/lib/python3.9/site-packages/airflow/example_dags/example_bash_decorator.py
[2025-05-18T12:50:11.554+0000] {processor.py:830} INFO - Processing file /home/airflow/.local/lib/python3.9/site-packages/airflow/example_dags/example_bash_decorator.py for tasks to queue
[2025-05-18T12:50:11.565+0000] {logging_mixin.py:188} INFO - [2025-05-18T12:50:11.565+0000] {dagbag.py:545} INFO - Filling up the DagBag from /home/airflow/.local/lib/python3.9/site-packages/airflow/example_dags/example_bash_decorator.py
[2025-05-18T12:50:11.585+0000] {processor.py:840} INFO - DAG(s) 'example_bash_decorator' retrieved from /home/airflow/.local/lib/python3.9/site-packages/airflow/example_dags/example_bash_decorator.py
[2025-05-18T12:50:11.625+0000] {logging_mixin.py:188} INFO - [2025-05-18T12:50:11.625+0000] {dag.py:3096} INFO - Sync 1 DAGs
[2025-05-18T12:50:11.650+0000] {logging_mixin.py:188} INFO - [2025-05-18T12:50:11.650+0000] {dag.py:3954} INFO - Setting next_dagrun for example_bash_decorator to None, run_after=None
[2025-05-18T12:50:11.678+0000] {processor.py:183} INFO - Processing /home/airflow/.local/lib/python3.9/site-packages/airflow/example_dags/example_bash_decorator.py took 0.136 seconds
[2025-05-18T12:50:42.290+0000] {processor.py:161} INFO - Started process (PID=316) to work on /home/airflow/.local/lib/python3.9/site-packages/airflow/example_dags/example_bash_decorator.py
[2025-05-18T12:50:42.291+0000] {processor.py:830} INFO - Processing file /home/airflow/.local/lib/python3.9/site-packages/airflow/example_dags/example_bash_decorator.py for tasks to queue
[2025-05-18T12:50:42.294+0000] {logging_mixin.py:188} INFO - [2025-05-18T12:50:42.294+0000] {dagbag.py:545} INFO - Filling up the DagBag from /home/airflow/.local/lib/python3.9/site-packages/airflow/example_dags/example_bash_decorator.py
[2025-05-18T12:50:42.318+0000] {processor.py:840} INFO - DAG(s) 'example_bash_decorator' retrieved from /home/airflow/.local/lib/python3.9/site-packages/airflow/example_dags/example_bash_decorator.py
[2025-05-18T12:50:42.372+0000] {logging_mixin.py:188} INFO - [2025-05-18T12:50:42.372+0000] {dag.py:3096} INFO - Sync 1 DAGs
[2025-05-18T12:50:42.398+0000] {logging_mixin.py:188} INFO - [2025-05-18T12:50:42.397+0000] {dag.py:3954} INFO - Setting next_dagrun for example_bash_decorator to None, run_after=None
[2025-05-18T12:50:42.434+0000] {processor.py:183} INFO - Processing /home/airflow/.local/lib/python3.9/site-packages/airflow/example_dags/example_bash_decorator.py took 0.156 seconds
[2025-05-18T12:51:12.707+0000] {processor.py:161} INFO - Started process (PID=382) to work on /home/airflow/.local/lib/python3.9/site-packages/airflow/example_dags/example_bash_decorator.py
[2025-05-18T12:51:12.708+0000] {processor.py:830} INFO - Processing file /home/airflow/.local/lib/python3.9/site-packages/airflow/example_dags/example_bash_decorator.py for tasks to queue
[2025-05-18T12:51:12.710+0000] {logging_mixin.py:188} INFO - [2025-05-18T12:51:12.710+0000] {dagbag.py:545} INFO - Filling up the DagBag from /home/airflow/.local/lib/python3.9/site-packages/airflow/example_dags/example_bash_decorator.py
[2025-05-18T12:51:12.735+0000] {processor.py:840} INFO - DAG(s) 'example_bash_decorator' retrieved from /home/airflow/.local/lib/python3.9/site-packages/airflow/example_dags/example_bash_decorator.py
[2025-05-18T12:51:12.828+0000] {logging_mixin.py:188} INFO - [2025-05-18T12:51:12.827+0000] {dag.py:3096} INFO - Sync 1 DAGs
[2025-05-18T12:51:12.865+0000] {logging_mixin.py:188} INFO - [2025-05-18T12:51:12.864+0000] {dag.py:3954} INFO - Setting next_dagrun for example_bash_decorator to None, run_after=None
[2025-05-18T12:51:12.911+0000] {processor.py:183} INFO - Processing /home/airflow/.local/lib/python3.9/site-packages/airflow/example_dags/example_bash_decorator.py took 0.217 seconds
[2025-05-18T12:51:43.360+0000] {processor.py:161} INFO - Started process (PID=448) to work on /home/airflow/.local/lib/python3.9/site-packages/airflow/example_dags/example_bash_decorator.py
[2025-05-18T12:51:43.361+0000] {processor.py:830} INFO - Processing file /home/airflow/.local/lib/python3.9/site-packages/airflow/example_dags/example_bash_decorator.py for tasks to queue
[2025-05-18T12:51:43.364+0000] {logging_mixin.py:188} INFO - [2025-05-18T12:51:43.364+0000] {dagbag.py:545} INFO - Filling up the DagBag from /home/airflow/.local/lib/python3.9/site-packages/airflow/example_dags/example_bash_decorator.py
[2025-05-18T12:51:43.382+0000] {processor.py:840} INFO - DAG(s) 'example_bash_decorator' retrieved from /home/airflow/.local/lib/python3.9/site-packages/airflow/example_dags/example_bash_decorator.py
[2025-05-18T12:51:43.424+0000] {logging_mixin.py:188} INFO - [2025-05-18T12:51:43.423+0000] {dag.py:3096} INFO - Sync 1 DAGs
[2025-05-18T12:51:43.440+0000] {logging_mixin.py:188} INFO - [2025-05-18T12:51:43.440+0000] {dag.py:3954} INFO - Setting next_dagrun for example_bash_decorator to None, run_after=None
[2025-05-18T12:51:43.463+0000] {processor.py:183} INFO - Processing /home/airflow/.local/lib/python3.9/site-packages/airflow/example_dags/example_bash_decorator.py took 0.113 seconds
[2025-05-18T12:52:13.540+0000] {processor.py:161} INFO - Started process (PID=514) to work on /home/airflow/.local/lib/python3.9/site-packages/airflow/example_dags/example_bash_decorator.py
[2025-05-18T12:52:13.542+0000] {processor.py:830} INFO - Processing file /home/airflow/.local/lib/python3.9/site-packages/airflow/example_dags/example_bash_decorator.py for tasks to queue
[2025-05-18T12:52:13.544+0000] {logging_mixin.py:188} INFO - [2025-05-18T12:52:13.544+0000] {dagbag.py:545} INFO - Filling up the DagBag from /home/airflow/.local/lib/python3.9/site-packages/airflow/example_dags/example_bash_decorator.py
[2025-05-18T12:52:13.562+0000] {processor.py:840} INFO - DAG(s) 'example_bash_decorator' retrieved from /home/airflow/.local/lib/python3.9/site-packages/airflow/example_dags/example_bash_decorator.py
[2025-05-18T12:52:13.595+0000] {logging_mixin.py:188} INFO - [2025-05-18T12:52:13.595+0000] {dag.py:3096} INFO - Sync 1 DAGs
[2025-05-18T12:52:13.611+0000] {logging_mixin.py:188} INFO - [2025-05-18T12:52:13.611+0000] {dag.py:3954} INFO - Setting next_dagrun for example_bash_decorator to None, run_after=None
[2025-05-18T12:52:13.653+0000] {processor.py:183} INFO - Processing /home/airflow/.local/lib/python3.9/site-packages/airflow/example_dags/example_bash_decorator.py took 0.122 seconds
[2025-05-18T12:52:43.990+0000] {processor.py:161} INFO - Started process (PID=587) to work on /home/airflow/.local/lib/python3.9/site-packages/airflow/example_dags/example_bash_decorator.py
[2025-05-18T12:52:43.992+0000] {processor.py:830} INFO - Processing file /home/airflow/.local/lib/python3.9/site-packages/airflow/example_dags/example_bash_decorator.py for tasks to queue
[2025-05-18T12:52:43.995+0000] {logging_mixin.py:188} INFO - [2025-05-18T12:52:43.994+0000] {dagbag.py:545} INFO - Filling up the DagBag from /home/airflow/.local/lib/python3.9/site-packages/airflow/example_dags/example_bash_decorator.py
[2025-05-18T12:52:44.048+0000] {processor.py:840} INFO - DAG(s) 'example_bash_decorator' retrieved from /home/airflow/.local/lib/python3.9/site-packages/airflow/example_dags/example_bash_decorator.py
[2025-05-18T12:52:44.147+0000] {logging_mixin.py:188} INFO - [2025-05-18T12:52:44.147+0000] {dag.py:3096} INFO - Sync 1 DAGs
[2025-05-18T12:52:44.176+0000] {logging_mixin.py:188} INFO - [2025-05-18T12:52:44.175+0000] {dag.py:3954} INFO - Setting next_dagrun for example_bash_decorator to None, run_after=None
[2025-05-18T12:52:44.253+0000] {processor.py:183} INFO - Processing /home/airflow/.local/lib/python3.9/site-packages/airflow/example_dags/example_bash_decorator.py took 0.277 seconds
[2025-05-18T12:53:15.005+0000] {processor.py:161} INFO - Started process (PID=652) to work on /home/airflow/.local/lib/python3.9/site-packages/airflow/example_dags/example_bash_decorator.py
[2025-05-18T12:53:15.006+0000] {processor.py:830} INFO - Processing file /home/airflow/.local/lib/python3.9/site-packages/airflow/example_dags/example_bash_decorator.py for tasks to queue
[2025-05-18T12:53:15.009+0000] {logging_mixin.py:188} INFO - [2025-05-18T12:53:15.008+0000] {dagbag.py:545} INFO - Filling up the DagBag from /home/airflow/.local/lib/python3.9/site-packages/airflow/example_dags/example_bash_decorator.py
[2025-05-18T12:53:15.035+0000] {processor.py:840} INFO - DAG(s) 'example_bash_decorator' retrieved from /home/airflow/.local/lib/python3.9/site-packages/airflow/example_dags/example_bash_decorator.py
[2025-05-18T12:53:15.095+0000] {logging_mixin.py:188} INFO - [2025-05-18T12:53:15.094+0000] {dag.py:3096} INFO - Sync 1 DAGs
[2025-05-18T12:53:15.119+0000] {logging_mixin.py:188} INFO - [2025-05-18T12:53:15.118+0000] {dag.py:3954} INFO - Setting next_dagrun for example_bash_decorator to None, run_after=None
[2025-05-18T12:53:15.157+0000] {processor.py:183} INFO - Processing /home/airflow/.local/lib/python3.9/site-packages/airflow/example_dags/example_bash_decorator.py took 0.169 seconds
[2025-05-18T12:53:45.990+0000] {processor.py:161} INFO - Started process (PID=719) to work on /home/airflow/.local/lib/python3.9/site-packages/airflow/example_dags/example_bash_decorator.py
[2025-05-18T12:53:45.992+0000] {processor.py:830} INFO - Processing file /home/airflow/.local/lib/python3.9/site-packages/airflow/example_dags/example_bash_decorator.py for tasks to queue
[2025-05-18T12:53:45.995+0000] {logging_mixin.py:188} INFO - [2025-05-18T12:53:45.994+0000] {dagbag.py:545} INFO - Filling up the DagBag from /home/airflow/.local/lib/python3.9/site-packages/airflow/example_dags/example_bash_decorator.py
[2025-05-18T12:53:46.018+0000] {processor.py:840} INFO - DAG(s) 'example_bash_decorator' retrieved from /home/airflow/.local/lib/python3.9/site-packages/airflow/example_dags/example_bash_decorator.py
[2025-05-18T12:53:46.056+0000] {logging_mixin.py:188} INFO - [2025-05-18T12:53:46.056+0000] {dag.py:3096} INFO - Sync 1 DAGs
[2025-05-18T12:53:46.074+0000] {logging_mixin.py:188} INFO - [2025-05-18T12:53:46.074+0000] {dag.py:3954} INFO - Setting next_dagrun for example_bash_decorator to None, run_after=None
[2025-05-18T12:53:46.096+0000] {processor.py:183} INFO - Processing /home/airflow/.local/lib/python3.9/site-packages/airflow/example_dags/example_bash_decorator.py took 0.116 seconds
[2025-05-18T12:54:16.159+0000] {processor.py:161} INFO - Started process (PID=786) to work on /home/airflow/.local/lib/python3.9/site-packages/airflow/example_dags/example_bash_decorator.py
[2025-05-18T12:54:16.160+0000] {processor.py:830} INFO - Processing file /home/airflow/.local/lib/python3.9/site-packages/airflow/example_dags/example_bash_decorator.py for tasks to queue
[2025-05-18T12:54:16.163+0000] {logging_mixin.py:188} INFO - [2025-05-18T12:54:16.162+0000] {dagbag.py:545} INFO - Filling up the DagBag from /home/airflow/.local/lib/python3.9/site-packages/airflow/example_dags/example_bash_decorator.py
[2025-05-18T12:54:16.184+0000] {processor.py:840} INFO - DAG(s) 'example_bash_decorator' retrieved from /home/airflow/.local/lib/python3.9/site-packages/airflow/example_dags/example_bash_decorator.py
[2025-05-18T12:54:16.220+0000] {logging_mixin.py:188} INFO - [2025-05-18T12:54:16.219+0000] {dag.py:3096} INFO - Sync 1 DAGs
[2025-05-18T12:54:16.245+0000] {logging_mixin.py:188} INFO - [2025-05-18T12:54:16.245+0000] {dag.py:3954} INFO - Setting next_dagrun for example_bash_decorator to None, run_after=None
[2025-05-18T12:54:16.273+0000] {processor.py:183} INFO - Processing /home/airflow/.local/lib/python3.9/site-packages/airflow/example_dags/example_bash_decorator.py took 0.124 seconds
[2025-05-18T12:54:46.339+0000] {processor.py:161} INFO - Started process (PID=853) to work on /home/airflow/.local/lib/python3.9/site-packages/airflow/example_dags/example_bash_decorator.py
[2025-05-18T12:54:46.341+0000] {processor.py:830} INFO - Processing file /home/airflow/.local/lib/python3.9/site-packages/airflow/example_dags/example_bash_decorator.py for tasks to queue
[2025-05-18T12:54:46.343+0000] {logging_mixin.py:188} INFO - [2025-05-18T12:54:46.343+0000] {dagbag.py:545} INFO - Filling up the DagBag from /home/airflow/.local/lib/python3.9/site-packages/airflow/example_dags/example_bash_decorator.py
[2025-05-18T12:54:46.365+0000] {processor.py:840} INFO - DAG(s) 'example_bash_decorator' retrieved from /home/airflow/.local/lib/python3.9/site-packages/airflow/example_dags/example_bash_decorator.py
[2025-05-18T12:54:46.405+0000] {logging_mixin.py:188} INFO - [2025-05-18T12:54:46.404+0000] {dag.py:3096} INFO - Sync 1 DAGs
[2025-05-18T12:54:46.428+0000] {logging_mixin.py:188} INFO - [2025-05-18T12:54:46.428+0000] {dag.py:3954} INFO - Setting next_dagrun for example_bash_decorator to None, run_after=None
[2025-05-18T12:54:46.459+0000] {processor.py:183} INFO - Processing /home/airflow/.local/lib/python3.9/site-packages/airflow/example_dags/example_bash_decorator.py took 0.129 seconds
[2025-05-18T12:55:16.711+0000] {processor.py:161} INFO - Started process (PID=927) to work on /home/airflow/.local/lib/python3.9/site-packages/airflow/example_dags/example_bash_decorator.py
[2025-05-18T12:55:16.712+0000] {processor.py:830} INFO - Processing file /home/airflow/.local/lib/python3.9/site-packages/airflow/example_dags/example_bash_decorator.py for tasks to queue
[2025-05-18T12:55:16.715+0000] {logging_mixin.py:188} INFO - [2025-05-18T12:55:16.715+0000] {dagbag.py:545} INFO - Filling up the DagBag from /home/airflow/.local/lib/python3.9/site-packages/airflow/example_dags/example_bash_decorator.py
[2025-05-18T12:55:16.749+0000] {processor.py:840} INFO - DAG(s) 'example_bash_decorator' retrieved from /home/airflow/.local/lib/python3.9/site-packages/airflow/example_dags/example_bash_decorator.py
[2025-05-18T12:55:16.831+0000] {logging_mixin.py:188} INFO - [2025-05-18T12:55:16.830+0000] {dag.py:3096} INFO - Sync 1 DAGs
[2025-05-18T12:55:16.866+0000] {logging_mixin.py:188} INFO - [2025-05-18T12:55:16.865+0000] {dag.py:3954} INFO - Setting next_dagrun for example_bash_decorator to None, run_after=None
[2025-05-18T12:55:16.965+0000] {processor.py:183} INFO - Processing /home/airflow/.local/lib/python3.9/site-packages/airflow/example_dags/example_bash_decorator.py took 0.272 seconds
[2025-05-18T12:55:47.212+0000] {processor.py:161} INFO - Started process (PID=994) to work on /home/airflow/.local/lib/python3.9/site-packages/airflow/example_dags/example_bash_decorator.py
[2025-05-18T12:55:47.213+0000] {processor.py:830} INFO - Processing file /home/airflow/.local/lib/python3.9/site-packages/airflow/example_dags/example_bash_decorator.py for tasks to queue
[2025-05-18T12:55:47.224+0000] {logging_mixin.py:188} INFO - [2025-05-18T12:55:47.216+0000] {dagbag.py:545} INFO - Filling up the DagBag from /home/airflow/.local/lib/python3.9/site-packages/airflow/example_dags/example_bash_decorator.py
[2025-05-18T12:55:47.250+0000] {processor.py:840} INFO - DAG(s) 'example_bash_decorator' retrieved from /home/airflow/.local/lib/python3.9/site-packages/airflow/example_dags/example_bash_decorator.py
[2025-05-18T12:55:47.305+0000] {logging_mixin.py:188} INFO - [2025-05-18T12:55:47.305+0000] {dag.py:3096} INFO - Sync 1 DAGs
[2025-05-18T12:55:47.330+0000] {logging_mixin.py:188} INFO - [2025-05-18T12:55:47.329+0000] {dag.py:3954} INFO - Setting next_dagrun for example_bash_decorator to None, run_after=None
[2025-05-18T12:55:47.367+0000] {processor.py:183} INFO - Processing /home/airflow/.local/lib/python3.9/site-packages/airflow/example_dags/example_bash_decorator.py took 0.173 seconds
[2025-05-18T12:56:17.835+0000] {processor.py:161} INFO - Started process (PID=1061) to work on /home/airflow/.local/lib/python3.9/site-packages/airflow/example_dags/example_bash_decorator.py
[2025-05-18T12:56:17.837+0000] {processor.py:830} INFO - Processing file /home/airflow/.local/lib/python3.9/site-packages/airflow/example_dags/example_bash_decorator.py for tasks to queue
[2025-05-18T12:56:17.840+0000] {logging_mixin.py:188} INFO - [2025-05-18T12:56:17.839+0000] {dagbag.py:545} INFO - Filling up the DagBag from /home/airflow/.local/lib/python3.9/site-packages/airflow/example_dags/example_bash_decorator.py
[2025-05-18T12:56:17.860+0000] {processor.py:840} INFO - DAG(s) 'example_bash_decorator' retrieved from /home/airflow/.local/lib/python3.9/site-packages/airflow/example_dags/example_bash_decorator.py
[2025-05-18T12:56:17.898+0000] {logging_mixin.py:188} INFO - [2025-05-18T12:56:17.898+0000] {dag.py:3096} INFO - Sync 1 DAGs
[2025-05-18T12:56:17.931+0000] {logging_mixin.py:188} INFO - [2025-05-18T12:56:17.931+0000] {dag.py:3954} INFO - Setting next_dagrun for example_bash_decorator to None, run_after=None
[2025-05-18T12:56:17.957+0000] {processor.py:183} INFO - Processing /home/airflow/.local/lib/python3.9/site-packages/airflow/example_dags/example_bash_decorator.py took 0.134 seconds
