[2025-05-18T12:48:59.125+0000] {processor.py:161} INFO - Started process (PID=99) to work on /home/airflow/.local/lib/python3.9/site-packages/airflow/example_dags/example_skip_dag.py
[2025-05-18T12:48:59.127+0000] {processor.py:830} INFO - Processing file /home/airflow/.local/lib/python3.9/site-packages/airflow/example_dags/example_skip_dag.py for tasks to queue
[2025-05-18T12:48:59.147+0000] {logging_mixin.py:188} INFO - [2025-05-18T12:48:59.146+0000] {dagbag.py:545} INFO - Filling up the DagBag from /home/airflow/.local/lib/python3.9/site-packages/airflow/example_dags/example_skip_dag.py
[2025-05-18T12:48:59.248+0000] {processor.py:840} INFO - DAG(s) 'example_skip_dag' retrieved from /home/airflow/.local/lib/python3.9/site-packages/airflow/example_dags/example_skip_dag.py
[2025-05-18T12:48:59.372+0000] {logging_mixin.py:188} INFO - [2025-05-18T12:48:59.371+0000] {dag.py:3096} INFO - Sync 1 DAGs
[2025-05-18T12:48:59.511+0000] {logging_mixin.py:188} INFO - [2025-05-18T12:48:59.511+0000] {dag.py:3118} INFO - Creating ORM DAG for example_skip_dag
[2025-05-18T12:48:59.569+0000] {logging_mixin.py:188} INFO - [2025-05-18T12:48:59.568+0000] {dag.py:3954} INFO - Setting next_dagrun for example_skip_dag to 2025-05-17 00:00:00+00:00, run_after=2025-05-18 00:00:00+00:00
[2025-05-18T12:48:59.665+0000] {processor.py:183} INFO - Processing /home/airflow/.local/lib/python3.9/site-packages/airflow/example_dags/example_skip_dag.py took 0.597 seconds
[2025-05-18T12:49:30.648+0000] {processor.py:161} INFO - Started process (PID=165) to work on /home/airflow/.local/lib/python3.9/site-packages/airflow/example_dags/example_skip_dag.py
[2025-05-18T12:49:30.665+0000] {processor.py:830} INFO - Processing file /home/airflow/.local/lib/python3.9/site-packages/airflow/example_dags/example_skip_dag.py for tasks to queue
[2025-05-18T12:49:30.668+0000] {logging_mixin.py:188} INFO - [2025-05-18T12:49:30.668+0000] {dagbag.py:545} INFO - Filling up the DagBag from /home/airflow/.local/lib/python3.9/site-packages/airflow/example_dags/example_skip_dag.py
[2025-05-18T12:49:30.687+0000] {processor.py:840} INFO - DAG(s) 'example_skip_dag' retrieved from /home/airflow/.local/lib/python3.9/site-packages/airflow/example_dags/example_skip_dag.py
[2025-05-18T12:49:31.208+0000] {logging_mixin.py:188} INFO - [2025-05-18T12:49:31.207+0000] {dag.py:3096} INFO - Sync 1 DAGs
[2025-05-18T12:49:31.270+0000] {logging_mixin.py:188} INFO - [2025-05-18T12:49:31.270+0000] {dag.py:3954} INFO - Setting next_dagrun for example_skip_dag to 2025-05-17 00:00:00+00:00, run_after=2025-05-18 00:00:00+00:00
[2025-05-18T12:49:31.350+0000] {processor.py:183} INFO - Processing /home/airflow/.local/lib/python3.9/site-packages/airflow/example_dags/example_skip_dag.py took 0.743 seconds
[2025-05-18T12:50:01.816+0000] {processor.py:161} INFO - Started process (PID=224) to work on /home/airflow/.local/lib/python3.9/site-packages/airflow/example_dags/example_skip_dag.py
[2025-05-18T12:50:01.818+0000] {processor.py:830} INFO - Processing file /home/airflow/.local/lib/python3.9/site-packages/airflow/example_dags/example_skip_dag.py for tasks to queue
[2025-05-18T12:50:01.822+0000] {logging_mixin.py:188} INFO - [2025-05-18T12:50:01.821+0000] {dagbag.py:545} INFO - Filling up the DagBag from /home/airflow/.local/lib/python3.9/site-packages/airflow/example_dags/example_skip_dag.py
[2025-05-18T12:50:01.833+0000] {processor.py:840} INFO - DAG(s) 'example_skip_dag' retrieved from /home/airflow/.local/lib/python3.9/site-packages/airflow/example_dags/example_skip_dag.py
[2025-05-18T12:50:01.886+0000] {logging_mixin.py:188} INFO - [2025-05-18T12:50:01.886+0000] {dag.py:3096} INFO - Sync 1 DAGs
[2025-05-18T12:50:01.952+0000] {logging_mixin.py:188} INFO - [2025-05-18T12:50:01.952+0000] {dag.py:3954} INFO - Setting next_dagrun for example_skip_dag to 2025-05-17 00:00:00+00:00, run_after=2025-05-18 00:00:00+00:00
[2025-05-18T12:50:02.069+0000] {processor.py:183} INFO - Processing /home/airflow/.local/lib/python3.9/site-packages/airflow/example_dags/example_skip_dag.py took 0.264 seconds
[2025-05-18T12:50:32.205+0000] {processor.py:161} INFO - Started process (PID=290) to work on /home/airflow/.local/lib/python3.9/site-packages/airflow/example_dags/example_skip_dag.py
[2025-05-18T12:50:32.206+0000] {processor.py:830} INFO - Processing file /home/airflow/.local/lib/python3.9/site-packages/airflow/example_dags/example_skip_dag.py for tasks to queue
[2025-05-18T12:50:32.208+0000] {logging_mixin.py:188} INFO - [2025-05-18T12:50:32.208+0000] {dagbag.py:545} INFO - Filling up the DagBag from /home/airflow/.local/lib/python3.9/site-packages/airflow/example_dags/example_skip_dag.py
[2025-05-18T12:50:32.218+0000] {processor.py:840} INFO - DAG(s) 'example_skip_dag' retrieved from /home/airflow/.local/lib/python3.9/site-packages/airflow/example_dags/example_skip_dag.py
[2025-05-18T12:50:32.289+0000] {logging_mixin.py:188} INFO - [2025-05-18T12:50:32.289+0000] {dag.py:3096} INFO - Sync 1 DAGs
[2025-05-18T12:50:32.354+0000] {logging_mixin.py:188} INFO - [2025-05-18T12:50:32.353+0000] {dag.py:3954} INFO - Setting next_dagrun for example_skip_dag to 2025-05-17 00:00:00+00:00, run_after=2025-05-18 00:00:00+00:00
[2025-05-18T12:50:32.413+0000] {processor.py:183} INFO - Processing /home/airflow/.local/lib/python3.9/site-packages/airflow/example_dags/example_skip_dag.py took 0.227 seconds
[2025-05-18T12:51:02.655+0000] {processor.py:161} INFO - Started process (PID=356) to work on /home/airflow/.local/lib/python3.9/site-packages/airflow/example_dags/example_skip_dag.py
[2025-05-18T12:51:02.656+0000] {processor.py:830} INFO - Processing file /home/airflow/.local/lib/python3.9/site-packages/airflow/example_dags/example_skip_dag.py for tasks to queue
[2025-05-18T12:51:02.659+0000] {logging_mixin.py:188} INFO - [2025-05-18T12:51:02.658+0000] {dagbag.py:545} INFO - Filling up the DagBag from /home/airflow/.local/lib/python3.9/site-packages/airflow/example_dags/example_skip_dag.py
[2025-05-18T12:51:02.669+0000] {processor.py:840} INFO - DAG(s) 'example_skip_dag' retrieved from /home/airflow/.local/lib/python3.9/site-packages/airflow/example_dags/example_skip_dag.py
[2025-05-18T12:51:02.706+0000] {logging_mixin.py:188} INFO - [2025-05-18T12:51:02.706+0000] {dag.py:3096} INFO - Sync 1 DAGs
[2025-05-18T12:51:02.752+0000] {logging_mixin.py:188} INFO - [2025-05-18T12:51:02.751+0000] {dag.py:3954} INFO - Setting next_dagrun for example_skip_dag to 2025-05-17 00:00:00+00:00, run_after=2025-05-18 00:00:00+00:00
[2025-05-18T12:51:02.780+0000] {processor.py:183} INFO - Processing /home/airflow/.local/lib/python3.9/site-packages/airflow/example_dags/example_skip_dag.py took 0.134 seconds
[2025-05-18T12:51:32.936+0000] {processor.py:161} INFO - Started process (PID=429) to work on /home/airflow/.local/lib/python3.9/site-packages/airflow/example_dags/example_skip_dag.py
[2025-05-18T12:51:32.945+0000] {processor.py:830} INFO - Processing file /home/airflow/.local/lib/python3.9/site-packages/airflow/example_dags/example_skip_dag.py for tasks to queue
[2025-05-18T12:51:32.947+0000] {logging_mixin.py:188} INFO - [2025-05-18T12:51:32.947+0000] {dagbag.py:545} INFO - Filling up the DagBag from /home/airflow/.local/lib/python3.9/site-packages/airflow/example_dags/example_skip_dag.py
[2025-05-18T12:51:32.964+0000] {processor.py:840} INFO - DAG(s) 'example_skip_dag' retrieved from /home/airflow/.local/lib/python3.9/site-packages/airflow/example_dags/example_skip_dag.py
[2025-05-18T12:51:33.012+0000] {logging_mixin.py:188} INFO - [2025-05-18T12:51:33.012+0000] {dag.py:3096} INFO - Sync 1 DAGs
[2025-05-18T12:51:33.070+0000] {logging_mixin.py:188} INFO - [2025-05-18T12:51:33.070+0000] {dag.py:3954} INFO - Setting next_dagrun for example_skip_dag to 2025-05-17 00:00:00+00:00, run_after=2025-05-18 00:00:00+00:00
[2025-05-18T12:51:33.145+0000] {processor.py:183} INFO - Processing /home/airflow/.local/lib/python3.9/site-packages/airflow/example_dags/example_skip_dag.py took 0.218 seconds
[2025-05-18T12:52:03.326+0000] {processor.py:161} INFO - Started process (PID=495) to work on /home/airflow/.local/lib/python3.9/site-packages/airflow/example_dags/example_skip_dag.py
[2025-05-18T12:52:03.327+0000] {processor.py:830} INFO - Processing file /home/airflow/.local/lib/python3.9/site-packages/airflow/example_dags/example_skip_dag.py for tasks to queue
[2025-05-18T12:52:03.330+0000] {logging_mixin.py:188} INFO - [2025-05-18T12:52:03.329+0000] {dagbag.py:545} INFO - Filling up the DagBag from /home/airflow/.local/lib/python3.9/site-packages/airflow/example_dags/example_skip_dag.py
[2025-05-18T12:52:03.347+0000] {processor.py:840} INFO - DAG(s) 'example_skip_dag' retrieved from /home/airflow/.local/lib/python3.9/site-packages/airflow/example_dags/example_skip_dag.py
[2025-05-18T12:52:03.405+0000] {logging_mixin.py:188} INFO - [2025-05-18T12:52:03.405+0000] {dag.py:3096} INFO - Sync 1 DAGs
[2025-05-18T12:52:03.447+0000] {logging_mixin.py:188} INFO - [2025-05-18T12:52:03.446+0000] {dag.py:3954} INFO - Setting next_dagrun for example_skip_dag to 2025-05-17 00:00:00+00:00, run_after=2025-05-18 00:00:00+00:00
[2025-05-18T12:52:03.477+0000] {processor.py:183} INFO - Processing /home/airflow/.local/lib/python3.9/site-packages/airflow/example_dags/example_skip_dag.py took 0.169 seconds
[2025-05-18T12:52:34.185+0000] {processor.py:161} INFO - Started process (PID=561) to work on /home/airflow/.local/lib/python3.9/site-packages/airflow/example_dags/example_skip_dag.py
[2025-05-18T12:52:34.186+0000] {processor.py:830} INFO - Processing file /home/airflow/.local/lib/python3.9/site-packages/airflow/example_dags/example_skip_dag.py for tasks to queue
[2025-05-18T12:52:34.189+0000] {logging_mixin.py:188} INFO - [2025-05-18T12:52:34.189+0000] {dagbag.py:545} INFO - Filling up the DagBag from /home/airflow/.local/lib/python3.9/site-packages/airflow/example_dags/example_skip_dag.py
[2025-05-18T12:52:34.208+0000] {processor.py:840} INFO - DAG(s) 'example_skip_dag' retrieved from /home/airflow/.local/lib/python3.9/site-packages/airflow/example_dags/example_skip_dag.py
[2025-05-18T12:52:34.254+0000] {logging_mixin.py:188} INFO - [2025-05-18T12:52:34.254+0000] {dag.py:3096} INFO - Sync 1 DAGs
[2025-05-18T12:52:34.296+0000] {logging_mixin.py:188} INFO - [2025-05-18T12:52:34.295+0000] {dag.py:3954} INFO - Setting next_dagrun for example_skip_dag to 2025-05-17 00:00:00+00:00, run_after=2025-05-18 00:00:00+00:00
[2025-05-18T12:52:34.334+0000] {processor.py:183} INFO - Processing /home/airflow/.local/lib/python3.9/site-packages/airflow/example_dags/example_skip_dag.py took 0.167 seconds
[2025-05-18T12:53:04.976+0000] {processor.py:161} INFO - Started process (PID=627) to work on /home/airflow/.local/lib/python3.9/site-packages/airflow/example_dags/example_skip_dag.py
[2025-05-18T12:53:04.978+0000] {processor.py:830} INFO - Processing file /home/airflow/.local/lib/python3.9/site-packages/airflow/example_dags/example_skip_dag.py for tasks to queue
[2025-05-18T12:53:04.980+0000] {logging_mixin.py:188} INFO - [2025-05-18T12:53:04.980+0000] {dagbag.py:545} INFO - Filling up the DagBag from /home/airflow/.local/lib/python3.9/site-packages/airflow/example_dags/example_skip_dag.py
[2025-05-18T12:53:04.990+0000] {processor.py:840} INFO - DAG(s) 'example_skip_dag' retrieved from /home/airflow/.local/lib/python3.9/site-packages/airflow/example_dags/example_skip_dag.py
[2025-05-18T12:53:05.030+0000] {logging_mixin.py:188} INFO - [2025-05-18T12:53:05.030+0000] {dag.py:3096} INFO - Sync 1 DAGs
[2025-05-18T12:53:05.069+0000] {logging_mixin.py:188} INFO - [2025-05-18T12:53:05.069+0000] {dag.py:3954} INFO - Setting next_dagrun for example_skip_dag to 2025-05-17 00:00:00+00:00, run_after=2025-05-18 00:00:00+00:00
[2025-05-18T12:53:05.095+0000] {processor.py:183} INFO - Processing /home/airflow/.local/lib/python3.9/site-packages/airflow/example_dags/example_skip_dag.py took 0.129 seconds
[2025-05-18T12:53:35.184+0000] {processor.py:161} INFO - Started process (PID=692) to work on /home/airflow/.local/lib/python3.9/site-packages/airflow/example_dags/example_skip_dag.py
[2025-05-18T12:53:35.186+0000] {processor.py:830} INFO - Processing file /home/airflow/.local/lib/python3.9/site-packages/airflow/example_dags/example_skip_dag.py for tasks to queue
[2025-05-18T12:53:35.189+0000] {logging_mixin.py:188} INFO - [2025-05-18T12:53:35.189+0000] {dagbag.py:545} INFO - Filling up the DagBag from /home/airflow/.local/lib/python3.9/site-packages/airflow/example_dags/example_skip_dag.py
[2025-05-18T12:53:35.198+0000] {processor.py:840} INFO - DAG(s) 'example_skip_dag' retrieved from /home/airflow/.local/lib/python3.9/site-packages/airflow/example_dags/example_skip_dag.py
[2025-05-18T12:53:35.229+0000] {logging_mixin.py:188} INFO - [2025-05-18T12:53:35.229+0000] {dag.py:3096} INFO - Sync 1 DAGs
[2025-05-18T12:53:35.258+0000] {logging_mixin.py:188} INFO - [2025-05-18T12:53:35.258+0000] {dag.py:3954} INFO - Setting next_dagrun for example_skip_dag to 2025-05-17 00:00:00+00:00, run_after=2025-05-18 00:00:00+00:00
[2025-05-18T12:53:35.292+0000] {processor.py:183} INFO - Processing /home/airflow/.local/lib/python3.9/site-packages/airflow/example_dags/example_skip_dag.py took 0.117 seconds
[2025-05-18T12:54:05.532+0000] {processor.py:161} INFO - Started process (PID=766) to work on /home/airflow/.local/lib/python3.9/site-packages/airflow/example_dags/example_skip_dag.py
[2025-05-18T12:54:05.533+0000] {processor.py:830} INFO - Processing file /home/airflow/.local/lib/python3.9/site-packages/airflow/example_dags/example_skip_dag.py for tasks to queue
[2025-05-18T12:54:05.536+0000] {logging_mixin.py:188} INFO - [2025-05-18T12:54:05.535+0000] {dagbag.py:545} INFO - Filling up the DagBag from /home/airflow/.local/lib/python3.9/site-packages/airflow/example_dags/example_skip_dag.py
[2025-05-18T12:54:05.571+0000] {processor.py:840} INFO - DAG(s) 'example_skip_dag' retrieved from /home/airflow/.local/lib/python3.9/site-packages/airflow/example_dags/example_skip_dag.py
[2025-05-18T12:54:05.633+0000] {logging_mixin.py:188} INFO - [2025-05-18T12:54:05.633+0000] {dag.py:3096} INFO - Sync 1 DAGs
[2025-05-18T12:54:05.687+0000] {logging_mixin.py:188} INFO - [2025-05-18T12:54:05.687+0000] {dag.py:3954} INFO - Setting next_dagrun for example_skip_dag to 2025-05-17 00:00:00+00:00, run_after=2025-05-18 00:00:00+00:00
[2025-05-18T12:54:05.753+0000] {processor.py:183} INFO - Processing /home/airflow/.local/lib/python3.9/site-packages/airflow/example_dags/example_skip_dag.py took 0.237 seconds
[2025-05-18T12:54:35.970+0000] {processor.py:161} INFO - Started process (PID=833) to work on /home/airflow/.local/lib/python3.9/site-packages/airflow/example_dags/example_skip_dag.py
[2025-05-18T12:54:35.971+0000] {processor.py:830} INFO - Processing file /home/airflow/.local/lib/python3.9/site-packages/airflow/example_dags/example_skip_dag.py for tasks to queue
[2025-05-18T12:54:35.974+0000] {logging_mixin.py:188} INFO - [2025-05-18T12:54:35.973+0000] {dagbag.py:545} INFO - Filling up the DagBag from /home/airflow/.local/lib/python3.9/site-packages/airflow/example_dags/example_skip_dag.py
[2025-05-18T12:54:35.991+0000] {processor.py:840} INFO - DAG(s) 'example_skip_dag' retrieved from /home/airflow/.local/lib/python3.9/site-packages/airflow/example_dags/example_skip_dag.py
[2025-05-18T12:54:36.050+0000] {logging_mixin.py:188} INFO - [2025-05-18T12:54:36.050+0000] {dag.py:3096} INFO - Sync 1 DAGs
[2025-05-18T12:54:36.108+0000] {logging_mixin.py:188} INFO - [2025-05-18T12:54:36.108+0000] {dag.py:3954} INFO - Setting next_dagrun for example_skip_dag to 2025-05-17 00:00:00+00:00, run_after=2025-05-18 00:00:00+00:00
[2025-05-18T12:54:36.146+0000] {processor.py:183} INFO - Processing /home/airflow/.local/lib/python3.9/site-packages/airflow/example_dags/example_skip_dag.py took 0.184 seconds
[2025-05-18T12:55:06.595+0000] {processor.py:161} INFO - Started process (PID=900) to work on /home/airflow/.local/lib/python3.9/site-packages/airflow/example_dags/example_skip_dag.py
[2025-05-18T12:55:06.605+0000] {processor.py:830} INFO - Processing file /home/airflow/.local/lib/python3.9/site-packages/airflow/example_dags/example_skip_dag.py for tasks to queue
[2025-05-18T12:55:06.607+0000] {logging_mixin.py:188} INFO - [2025-05-18T12:55:06.607+0000] {dagbag.py:545} INFO - Filling up the DagBag from /home/airflow/.local/lib/python3.9/site-packages/airflow/example_dags/example_skip_dag.py
[2025-05-18T12:55:06.625+0000] {processor.py:840} INFO - DAG(s) 'example_skip_dag' retrieved from /home/airflow/.local/lib/python3.9/site-packages/airflow/example_dags/example_skip_dag.py
[2025-05-18T12:55:06.674+0000] {logging_mixin.py:188} INFO - [2025-05-18T12:55:06.674+0000] {dag.py:3096} INFO - Sync 1 DAGs
[2025-05-18T12:55:06.732+0000] {logging_mixin.py:188} INFO - [2025-05-18T12:55:06.732+0000] {dag.py:3954} INFO - Setting next_dagrun for example_skip_dag to 2025-05-17 00:00:00+00:00, run_after=2025-05-18 00:00:00+00:00
[2025-05-18T12:55:06.785+0000] {processor.py:183} INFO - Processing /home/airflow/.local/lib/python3.9/site-packages/airflow/example_dags/example_skip_dag.py took 0.199 seconds
[2025-05-18T12:55:37.108+0000] {processor.py:161} INFO - Started process (PID=967) to work on /home/airflow/.local/lib/python3.9/site-packages/airflow/example_dags/example_skip_dag.py
[2025-05-18T12:55:37.109+0000] {processor.py:830} INFO - Processing file /home/airflow/.local/lib/python3.9/site-packages/airflow/example_dags/example_skip_dag.py for tasks to queue
[2025-05-18T12:55:37.112+0000] {logging_mixin.py:188} INFO - [2025-05-18T12:55:37.111+0000] {dagbag.py:545} INFO - Filling up the DagBag from /home/airflow/.local/lib/python3.9/site-packages/airflow/example_dags/example_skip_dag.py
[2025-05-18T12:55:37.122+0000] {processor.py:840} INFO - DAG(s) 'example_skip_dag' retrieved from /home/airflow/.local/lib/python3.9/site-packages/airflow/example_dags/example_skip_dag.py
[2025-05-18T12:55:37.169+0000] {logging_mixin.py:188} INFO - [2025-05-18T12:55:37.168+0000] {dag.py:3096} INFO - Sync 1 DAGs
[2025-05-18T12:55:37.209+0000] {logging_mixin.py:188} INFO - [2025-05-18T12:55:37.209+0000] {dag.py:3954} INFO - Setting next_dagrun for example_skip_dag to 2025-05-17 00:00:00+00:00, run_after=2025-05-18 00:00:00+00:00
[2025-05-18T12:55:37.232+0000] {processor.py:183} INFO - Processing /home/airflow/.local/lib/python3.9/site-packages/airflow/example_dags/example_skip_dag.py took 0.135 seconds
[2025-05-18T12:56:07.466+0000] {processor.py:161} INFO - Started process (PID=1034) to work on /home/airflow/.local/lib/python3.9/site-packages/airflow/example_dags/example_skip_dag.py
[2025-05-18T12:56:07.467+0000] {processor.py:830} INFO - Processing file /home/airflow/.local/lib/python3.9/site-packages/airflow/example_dags/example_skip_dag.py for tasks to queue
[2025-05-18T12:56:07.470+0000] {logging_mixin.py:188} INFO - [2025-05-18T12:56:07.470+0000] {dagbag.py:545} INFO - Filling up the DagBag from /home/airflow/.local/lib/python3.9/site-packages/airflow/example_dags/example_skip_dag.py
[2025-05-18T12:56:07.484+0000] {processor.py:840} INFO - DAG(s) 'example_skip_dag' retrieved from /home/airflow/.local/lib/python3.9/site-packages/airflow/example_dags/example_skip_dag.py
[2025-05-18T12:56:07.529+0000] {logging_mixin.py:188} INFO - [2025-05-18T12:56:07.528+0000] {dag.py:3096} INFO - Sync 1 DAGs
[2025-05-18T12:56:07.567+0000] {logging_mixin.py:188} INFO - [2025-05-18T12:56:07.566+0000] {dag.py:3954} INFO - Setting next_dagrun for example_skip_dag to 2025-05-17 00:00:00+00:00, run_after=2025-05-18 00:00:00+00:00
[2025-05-18T12:56:07.591+0000] {processor.py:183} INFO - Processing /home/airflow/.local/lib/python3.9/site-packages/airflow/example_dags/example_skip_dag.py took 0.136 seconds
