[2025-05-18T12:48:48.665+0000] {processor.py:161} INFO - Started process (PID=80) to work on /home/airflow/.local/lib/python3.9/site-packages/airflow/example_dags/example_branch_day_of_week_operator.py
[2025-05-18T12:48:48.666+0000] {processor.py:830} INFO - Processing file /home/airflow/.local/lib/python3.9/site-packages/airflow/example_dags/example_branch_day_of_week_operator.py for tasks to queue
[2025-05-18T12:48:48.686+0000] {logging_mixin.py:188} INFO - [2025-05-18T12:48:48.685+0000] {dagbag.py:545} INFO - Filling up the DagBag from /home/airflow/.local/lib/python3.9/site-packages/airflow/example_dags/example_branch_day_of_week_operator.py
[2025-05-18T12:48:48.768+0000] {processor.py:840} INFO - DAG(s) 'example_weekday_branch_operator' retrieved from /home/airflow/.local/lib/python3.9/site-packages/airflow/example_dags/example_branch_day_of_week_operator.py
[2025-05-18T12:48:49.787+0000] {logging_mixin.py:188} INFO - [2025-05-18T12:48:49.786+0000] {override.py:1829} INFO - Created Permission View: can delete on DAG:example_weekday_branch_operator
[2025-05-18T12:48:49.865+0000] {logging_mixin.py:188} INFO - [2025-05-18T12:48:49.864+0000] {override.py:1829} INFO - Created Permission View: can edit on DAG:example_weekday_branch_operator
[2025-05-18T12:48:50.007+0000] {logging_mixin.py:188} INFO - [2025-05-18T12:48:50.007+0000] {override.py:1829} INFO - Created Permission View: can read on DAG:example_weekday_branch_operator
[2025-05-18T12:48:50.024+0000] {logging_mixin.py:188} INFO - [2025-05-18T12:48:50.008+0000] {dag.py:3096} INFO - Sync 1 DAGs
[2025-05-18T12:48:50.170+0000] {logging_mixin.py:188} INFO - [2025-05-18T12:48:50.170+0000] {dag.py:3118} INFO - Creating ORM DAG for example_weekday_branch_operator
[2025-05-18T12:48:50.329+0000] {logging_mixin.py:188} INFO - [2025-05-18T12:48:50.328+0000] {dag.py:3954} INFO - Setting next_dagrun for example_weekday_branch_operator to 2025-05-17 00:00:00+00:00, run_after=2025-05-18 00:00:00+00:00
[2025-05-18T12:48:50.627+0000] {processor.py:183} INFO - Processing /home/airflow/.local/lib/python3.9/site-packages/airflow/example_dags/example_branch_day_of_week_operator.py took 2.040 seconds
[2025-05-18T12:49:21.235+0000] {processor.py:161} INFO - Started process (PID=146) to work on /home/airflow/.local/lib/python3.9/site-packages/airflow/example_dags/example_branch_day_of_week_operator.py
[2025-05-18T12:49:21.247+0000] {processor.py:830} INFO - Processing file /home/airflow/.local/lib/python3.9/site-packages/airflow/example_dags/example_branch_day_of_week_operator.py for tasks to queue
[2025-05-18T12:49:21.251+0000] {logging_mixin.py:188} INFO - [2025-05-18T12:49:21.250+0000] {dagbag.py:545} INFO - Filling up the DagBag from /home/airflow/.local/lib/python3.9/site-packages/airflow/example_dags/example_branch_day_of_week_operator.py
[2025-05-18T12:49:21.307+0000] {processor.py:840} INFO - DAG(s) 'example_weekday_branch_operator' retrieved from /home/airflow/.local/lib/python3.9/site-packages/airflow/example_dags/example_branch_day_of_week_operator.py
[2025-05-18T12:49:21.446+0000] {logging_mixin.py:188} INFO - [2025-05-18T12:49:21.445+0000] {dag.py:3096} INFO - Sync 1 DAGs
[2025-05-18T12:49:21.585+0000] {logging_mixin.py:188} INFO - [2025-05-18T12:49:21.572+0000] {dag.py:3954} INFO - Setting next_dagrun for example_weekday_branch_operator to 2025-05-17 00:00:00+00:00, run_after=2025-05-18 00:00:00+00:00
[2025-05-18T12:49:21.648+0000] {processor.py:183} INFO - Processing /home/airflow/.local/lib/python3.9/site-packages/airflow/example_dags/example_branch_day_of_week_operator.py took 0.435 seconds
[2025-05-18T12:49:51.785+0000] {processor.py:161} INFO - Started process (PID=212) to work on /home/airflow/.local/lib/python3.9/site-packages/airflow/example_dags/example_branch_day_of_week_operator.py
[2025-05-18T12:49:51.786+0000] {processor.py:830} INFO - Processing file /home/airflow/.local/lib/python3.9/site-packages/airflow/example_dags/example_branch_day_of_week_operator.py for tasks to queue
[2025-05-18T12:49:51.788+0000] {logging_mixin.py:188} INFO - [2025-05-18T12:49:51.788+0000] {dagbag.py:545} INFO - Filling up the DagBag from /home/airflow/.local/lib/python3.9/site-packages/airflow/example_dags/example_branch_day_of_week_operator.py
[2025-05-18T12:49:51.800+0000] {processor.py:840} INFO - DAG(s) 'example_weekday_branch_operator' retrieved from /home/airflow/.local/lib/python3.9/site-packages/airflow/example_dags/example_branch_day_of_week_operator.py
[2025-05-18T12:49:51.845+0000] {logging_mixin.py:188} INFO - [2025-05-18T12:49:51.845+0000] {dag.py:3096} INFO - Sync 1 DAGs
[2025-05-18T12:49:51.887+0000] {logging_mixin.py:188} INFO - [2025-05-18T12:49:51.887+0000] {dag.py:3954} INFO - Setting next_dagrun for example_weekday_branch_operator to 2025-05-17 00:00:00+00:00, run_after=2025-05-18 00:00:00+00:00
[2025-05-18T12:49:51.914+0000] {processor.py:183} INFO - Processing /home/airflow/.local/lib/python3.9/site-packages/airflow/example_dags/example_branch_day_of_week_operator.py took 0.146 seconds
[2025-05-18T12:50:22.157+0000] {processor.py:161} INFO - Started process (PID=278) to work on /home/airflow/.local/lib/python3.9/site-packages/airflow/example_dags/example_branch_day_of_week_operator.py
[2025-05-18T12:50:22.158+0000] {processor.py:830} INFO - Processing file /home/airflow/.local/lib/python3.9/site-packages/airflow/example_dags/example_branch_day_of_week_operator.py for tasks to queue
[2025-05-18T12:50:22.161+0000] {logging_mixin.py:188} INFO - [2025-05-18T12:50:22.160+0000] {dagbag.py:545} INFO - Filling up the DagBag from /home/airflow/.local/lib/python3.9/site-packages/airflow/example_dags/example_branch_day_of_week_operator.py
[2025-05-18T12:50:22.171+0000] {processor.py:840} INFO - DAG(s) 'example_weekday_branch_operator' retrieved from /home/airflow/.local/lib/python3.9/site-packages/airflow/example_dags/example_branch_day_of_week_operator.py
[2025-05-18T12:50:22.208+0000] {logging_mixin.py:188} INFO - [2025-05-18T12:50:22.208+0000] {dag.py:3096} INFO - Sync 1 DAGs
[2025-05-18T12:50:22.255+0000] {logging_mixin.py:188} INFO - [2025-05-18T12:50:22.255+0000] {dag.py:3954} INFO - Setting next_dagrun for example_weekday_branch_operator to 2025-05-17 00:00:00+00:00, run_after=2025-05-18 00:00:00+00:00
[2025-05-18T12:50:22.290+0000] {processor.py:183} INFO - Processing /home/airflow/.local/lib/python3.9/site-packages/airflow/example_dags/example_branch_day_of_week_operator.py took 0.141 seconds
[2025-05-18T12:50:52.467+0000] {processor.py:161} INFO - Started process (PID=344) to work on /home/airflow/.local/lib/python3.9/site-packages/airflow/example_dags/example_branch_day_of_week_operator.py
[2025-05-18T12:50:52.476+0000] {processor.py:830} INFO - Processing file /home/airflow/.local/lib/python3.9/site-packages/airflow/example_dags/example_branch_day_of_week_operator.py for tasks to queue
[2025-05-18T12:50:52.479+0000] {logging_mixin.py:188} INFO - [2025-05-18T12:50:52.479+0000] {dagbag.py:545} INFO - Filling up the DagBag from /home/airflow/.local/lib/python3.9/site-packages/airflow/example_dags/example_branch_day_of_week_operator.py
[2025-05-18T12:50:52.492+0000] {processor.py:840} INFO - DAG(s) 'example_weekday_branch_operator' retrieved from /home/airflow/.local/lib/python3.9/site-packages/airflow/example_dags/example_branch_day_of_week_operator.py
[2025-05-18T12:50:52.535+0000] {logging_mixin.py:188} INFO - [2025-05-18T12:50:52.535+0000] {dag.py:3096} INFO - Sync 1 DAGs
[2025-05-18T12:50:52.580+0000] {logging_mixin.py:188} INFO - [2025-05-18T12:50:52.580+0000] {dag.py:3954} INFO - Setting next_dagrun for example_weekday_branch_operator to 2025-05-17 00:00:00+00:00, run_after=2025-05-18 00:00:00+00:00
[2025-05-18T12:50:52.609+0000] {processor.py:183} INFO - Processing /home/airflow/.local/lib/python3.9/site-packages/airflow/example_dags/example_branch_day_of_week_operator.py took 0.157 seconds
[2025-05-18T12:51:22.673+0000] {processor.py:161} INFO - Started process (PID=410) to work on /home/airflow/.local/lib/python3.9/site-packages/airflow/example_dags/example_branch_day_of_week_operator.py
[2025-05-18T12:51:22.674+0000] {processor.py:830} INFO - Processing file /home/airflow/.local/lib/python3.9/site-packages/airflow/example_dags/example_branch_day_of_week_operator.py for tasks to queue
[2025-05-18T12:51:22.685+0000] {logging_mixin.py:188} INFO - [2025-05-18T12:51:22.685+0000] {dagbag.py:545} INFO - Filling up the DagBag from /home/airflow/.local/lib/python3.9/site-packages/airflow/example_dags/example_branch_day_of_week_operator.py
[2025-05-18T12:51:22.706+0000] {processor.py:840} INFO - DAG(s) 'example_weekday_branch_operator' retrieved from /home/airflow/.local/lib/python3.9/site-packages/airflow/example_dags/example_branch_day_of_week_operator.py
[2025-05-18T12:51:22.754+0000] {logging_mixin.py:188} INFO - [2025-05-18T12:51:22.753+0000] {dag.py:3096} INFO - Sync 1 DAGs
[2025-05-18T12:51:22.790+0000] {logging_mixin.py:188} INFO - [2025-05-18T12:51:22.789+0000] {dag.py:3954} INFO - Setting next_dagrun for example_weekday_branch_operator to 2025-05-17 00:00:00+00:00, run_after=2025-05-18 00:00:00+00:00
[2025-05-18T12:51:22.821+0000] {processor.py:183} INFO - Processing /home/airflow/.local/lib/python3.9/site-packages/airflow/example_dags/example_branch_day_of_week_operator.py took 0.167 seconds
[2025-05-18T12:51:52.901+0000] {processor.py:161} INFO - Started process (PID=476) to work on /home/airflow/.local/lib/python3.9/site-packages/airflow/example_dags/example_branch_day_of_week_operator.py
[2025-05-18T12:51:52.902+0000] {processor.py:830} INFO - Processing file /home/airflow/.local/lib/python3.9/site-packages/airflow/example_dags/example_branch_day_of_week_operator.py for tasks to queue
[2025-05-18T12:51:52.905+0000] {logging_mixin.py:188} INFO - [2025-05-18T12:51:52.904+0000] {dagbag.py:545} INFO - Filling up the DagBag from /home/airflow/.local/lib/python3.9/site-packages/airflow/example_dags/example_branch_day_of_week_operator.py
[2025-05-18T12:51:52.915+0000] {processor.py:840} INFO - DAG(s) 'example_weekday_branch_operator' retrieved from /home/airflow/.local/lib/python3.9/site-packages/airflow/example_dags/example_branch_day_of_week_operator.py
[2025-05-18T12:51:52.945+0000] {logging_mixin.py:188} INFO - [2025-05-18T12:51:52.945+0000] {dag.py:3096} INFO - Sync 1 DAGs
[2025-05-18T12:51:52.975+0000] {logging_mixin.py:188} INFO - [2025-05-18T12:51:52.975+0000] {dag.py:3954} INFO - Setting next_dagrun for example_weekday_branch_operator to 2025-05-17 00:00:00+00:00, run_after=2025-05-18 00:00:00+00:00
[2025-05-18T12:51:53.002+0000] {processor.py:183} INFO - Processing /home/airflow/.local/lib/python3.9/site-packages/airflow/example_dags/example_branch_day_of_week_operator.py took 0.110 seconds
[2025-05-18T12:52:23.576+0000] {processor.py:161} INFO - Started process (PID=540) to work on /home/airflow/.local/lib/python3.9/site-packages/airflow/example_dags/example_branch_day_of_week_operator.py
[2025-05-18T12:52:23.585+0000] {processor.py:830} INFO - Processing file /home/airflow/.local/lib/python3.9/site-packages/airflow/example_dags/example_branch_day_of_week_operator.py for tasks to queue
[2025-05-18T12:52:23.587+0000] {logging_mixin.py:188} INFO - [2025-05-18T12:52:23.587+0000] {dagbag.py:545} INFO - Filling up the DagBag from /home/airflow/.local/lib/python3.9/site-packages/airflow/example_dags/example_branch_day_of_week_operator.py
[2025-05-18T12:52:23.598+0000] {processor.py:840} INFO - DAG(s) 'example_weekday_branch_operator' retrieved from /home/airflow/.local/lib/python3.9/site-packages/airflow/example_dags/example_branch_day_of_week_operator.py
[2025-05-18T12:52:23.648+0000] {logging_mixin.py:188} INFO - [2025-05-18T12:52:23.648+0000] {dag.py:3096} INFO - Sync 1 DAGs
[2025-05-18T12:52:23.693+0000] {logging_mixin.py:188} INFO - [2025-05-18T12:52:23.693+0000] {dag.py:3954} INFO - Setting next_dagrun for example_weekday_branch_operator to 2025-05-17 00:00:00+00:00, run_after=2025-05-18 00:00:00+00:00
[2025-05-18T12:52:23.732+0000] {processor.py:183} INFO - Processing /home/airflow/.local/lib/python3.9/site-packages/airflow/example_dags/example_branch_day_of_week_operator.py took 0.165 seconds
[2025-05-18T12:52:53.794+0000] {processor.py:161} INFO - Started process (PID=606) to work on /home/airflow/.local/lib/python3.9/site-packages/airflow/example_dags/example_branch_day_of_week_operator.py
[2025-05-18T12:52:53.795+0000] {processor.py:830} INFO - Processing file /home/airflow/.local/lib/python3.9/site-packages/airflow/example_dags/example_branch_day_of_week_operator.py for tasks to queue
[2025-05-18T12:52:53.797+0000] {logging_mixin.py:188} INFO - [2025-05-18T12:52:53.797+0000] {dagbag.py:545} INFO - Filling up the DagBag from /home/airflow/.local/lib/python3.9/site-packages/airflow/example_dags/example_branch_day_of_week_operator.py
[2025-05-18T12:52:53.807+0000] {processor.py:840} INFO - DAG(s) 'example_weekday_branch_operator' retrieved from /home/airflow/.local/lib/python3.9/site-packages/airflow/example_dags/example_branch_day_of_week_operator.py
[2025-05-18T12:52:53.850+0000] {logging_mixin.py:188} INFO - [2025-05-18T12:52:53.849+0000] {dag.py:3096} INFO - Sync 1 DAGs
[2025-05-18T12:52:53.892+0000] {logging_mixin.py:188} INFO - [2025-05-18T12:52:53.891+0000] {dag.py:3954} INFO - Setting next_dagrun for example_weekday_branch_operator to 2025-05-17 00:00:00+00:00, run_after=2025-05-18 00:00:00+00:00
[2025-05-18T12:52:53.917+0000] {processor.py:183} INFO - Processing /home/airflow/.local/lib/python3.9/site-packages/airflow/example_dags/example_branch_day_of_week_operator.py took 0.132 seconds
[2025-05-18T12:53:24.286+0000] {processor.py:161} INFO - Started process (PID=678) to work on /home/airflow/.local/lib/python3.9/site-packages/airflow/example_dags/example_branch_day_of_week_operator.py
[2025-05-18T12:53:24.287+0000] {processor.py:830} INFO - Processing file /home/airflow/.local/lib/python3.9/site-packages/airflow/example_dags/example_branch_day_of_week_operator.py for tasks to queue
[2025-05-18T12:53:24.291+0000] {logging_mixin.py:188} INFO - [2025-05-18T12:53:24.290+0000] {dagbag.py:545} INFO - Filling up the DagBag from /home/airflow/.local/lib/python3.9/site-packages/airflow/example_dags/example_branch_day_of_week_operator.py
[2025-05-18T12:53:24.314+0000] {processor.py:840} INFO - DAG(s) 'example_weekday_branch_operator' retrieved from /home/airflow/.local/lib/python3.9/site-packages/airflow/example_dags/example_branch_day_of_week_operator.py
[2025-05-18T12:53:24.385+0000] {logging_mixin.py:188} INFO - [2025-05-18T12:53:24.385+0000] {dag.py:3096} INFO - Sync 1 DAGs
[2025-05-18T12:53:24.439+0000] {logging_mixin.py:188} INFO - [2025-05-18T12:53:24.439+0000] {dag.py:3954} INFO - Setting next_dagrun for example_weekday_branch_operator to 2025-05-17 00:00:00+00:00, run_after=2025-05-18 00:00:00+00:00
[2025-05-18T12:53:24.469+0000] {processor.py:183} INFO - Processing /home/airflow/.local/lib/python3.9/site-packages/airflow/example_dags/example_branch_day_of_week_operator.py took 0.204 seconds
[2025-05-18T12:53:55.428+0000] {processor.py:161} INFO - Started process (PID=745) to work on /home/airflow/.local/lib/python3.9/site-packages/airflow/example_dags/example_branch_day_of_week_operator.py
[2025-05-18T12:53:55.430+0000] {processor.py:830} INFO - Processing file /home/airflow/.local/lib/python3.9/site-packages/airflow/example_dags/example_branch_day_of_week_operator.py for tasks to queue
[2025-05-18T12:53:55.433+0000] {logging_mixin.py:188} INFO - [2025-05-18T12:53:55.432+0000] {dagbag.py:545} INFO - Filling up the DagBag from /home/airflow/.local/lib/python3.9/site-packages/airflow/example_dags/example_branch_day_of_week_operator.py
[2025-05-18T12:53:55.456+0000] {processor.py:840} INFO - DAG(s) 'example_weekday_branch_operator' retrieved from /home/airflow/.local/lib/python3.9/site-packages/airflow/example_dags/example_branch_day_of_week_operator.py
[2025-05-18T12:53:55.550+0000] {logging_mixin.py:188} INFO - [2025-05-18T12:53:55.549+0000] {dag.py:3096} INFO - Sync 1 DAGs
[2025-05-18T12:53:55.632+0000] {logging_mixin.py:188} INFO - [2025-05-18T12:53:55.632+0000] {dag.py:3954} INFO - Setting next_dagrun for example_weekday_branch_operator to 2025-05-17 00:00:00+00:00, run_after=2025-05-18 00:00:00+00:00
[2025-05-18T12:53:55.677+0000] {processor.py:183} INFO - Processing /home/airflow/.local/lib/python3.9/site-packages/airflow/example_dags/example_branch_day_of_week_operator.py took 0.270 seconds
[2025-05-18T12:54:26.350+0000] {processor.py:161} INFO - Started process (PID=812) to work on /home/airflow/.local/lib/python3.9/site-packages/airflow/example_dags/example_branch_day_of_week_operator.py
[2025-05-18T12:54:26.351+0000] {processor.py:830} INFO - Processing file /home/airflow/.local/lib/python3.9/site-packages/airflow/example_dags/example_branch_day_of_week_operator.py for tasks to queue
[2025-05-18T12:54:26.353+0000] {logging_mixin.py:188} INFO - [2025-05-18T12:54:26.353+0000] {dagbag.py:545} INFO - Filling up the DagBag from /home/airflow/.local/lib/python3.9/site-packages/airflow/example_dags/example_branch_day_of_week_operator.py
[2025-05-18T12:54:26.365+0000] {processor.py:840} INFO - DAG(s) 'example_weekday_branch_operator' retrieved from /home/airflow/.local/lib/python3.9/site-packages/airflow/example_dags/example_branch_day_of_week_operator.py
[2025-05-18T12:54:26.400+0000] {logging_mixin.py:188} INFO - [2025-05-18T12:54:26.400+0000] {dag.py:3096} INFO - Sync 1 DAGs
[2025-05-18T12:54:26.436+0000] {logging_mixin.py:188} INFO - [2025-05-18T12:54:26.436+0000] {dag.py:3954} INFO - Setting next_dagrun for example_weekday_branch_operator to 2025-05-17 00:00:00+00:00, run_after=2025-05-18 00:00:00+00:00
[2025-05-18T12:54:26.460+0000] {processor.py:183} INFO - Processing /home/airflow/.local/lib/python3.9/site-packages/airflow/example_dags/example_branch_day_of_week_operator.py took 0.120 seconds
[2025-05-18T12:54:56.618+0000] {processor.py:161} INFO - Started process (PID=879) to work on /home/airflow/.local/lib/python3.9/site-packages/airflow/example_dags/example_branch_day_of_week_operator.py
[2025-05-18T12:54:56.620+0000] {processor.py:830} INFO - Processing file /home/airflow/.local/lib/python3.9/site-packages/airflow/example_dags/example_branch_day_of_week_operator.py for tasks to queue
[2025-05-18T12:54:56.622+0000] {logging_mixin.py:188} INFO - [2025-05-18T12:54:56.622+0000] {dagbag.py:545} INFO - Filling up the DagBag from /home/airflow/.local/lib/python3.9/site-packages/airflow/example_dags/example_branch_day_of_week_operator.py
[2025-05-18T12:54:56.633+0000] {processor.py:840} INFO - DAG(s) 'example_weekday_branch_operator' retrieved from /home/airflow/.local/lib/python3.9/site-packages/airflow/example_dags/example_branch_day_of_week_operator.py
[2025-05-18T12:54:56.669+0000] {logging_mixin.py:188} INFO - [2025-05-18T12:54:56.668+0000] {dag.py:3096} INFO - Sync 1 DAGs
[2025-05-18T12:54:56.703+0000] {logging_mixin.py:188} INFO - [2025-05-18T12:54:56.702+0000] {dag.py:3954} INFO - Setting next_dagrun for example_weekday_branch_operator to 2025-05-17 00:00:00+00:00, run_after=2025-05-18 00:00:00+00:00
[2025-05-18T12:54:56.731+0000] {processor.py:183} INFO - Processing /home/airflow/.local/lib/python3.9/site-packages/airflow/example_dags/example_branch_day_of_week_operator.py took 0.123 seconds
[2025-05-18T12:55:26.777+0000] {processor.py:161} INFO - Started process (PID=946) to work on /home/airflow/.local/lib/python3.9/site-packages/airflow/example_dags/example_branch_day_of_week_operator.py
[2025-05-18T12:55:26.778+0000] {processor.py:830} INFO - Processing file /home/airflow/.local/lib/python3.9/site-packages/airflow/example_dags/example_branch_day_of_week_operator.py for tasks to queue
[2025-05-18T12:55:26.781+0000] {logging_mixin.py:188} INFO - [2025-05-18T12:55:26.780+0000] {dagbag.py:545} INFO - Filling up the DagBag from /home/airflow/.local/lib/python3.9/site-packages/airflow/example_dags/example_branch_day_of_week_operator.py
[2025-05-18T12:55:26.792+0000] {processor.py:840} INFO - DAG(s) 'example_weekday_branch_operator' retrieved from /home/airflow/.local/lib/python3.9/site-packages/airflow/example_dags/example_branch_day_of_week_operator.py
[2025-05-18T12:55:26.830+0000] {logging_mixin.py:188} INFO - [2025-05-18T12:55:26.830+0000] {dag.py:3096} INFO - Sync 1 DAGs
[2025-05-18T12:55:26.864+0000] {logging_mixin.py:188} INFO - [2025-05-18T12:55:26.864+0000] {dag.py:3954} INFO - Setting next_dagrun for example_weekday_branch_operator to 2025-05-17 00:00:00+00:00, run_after=2025-05-18 00:00:00+00:00
[2025-05-18T12:55:26.888+0000] {processor.py:183} INFO - Processing /home/airflow/.local/lib/python3.9/site-packages/airflow/example_dags/example_branch_day_of_week_operator.py took 0.121 seconds
[2025-05-18T12:55:57.106+0000] {processor.py:161} INFO - Started process (PID=1020) to work on /home/airflow/.local/lib/python3.9/site-packages/airflow/example_dags/example_branch_day_of_week_operator.py
[2025-05-18T12:55:57.108+0000] {processor.py:830} INFO - Processing file /home/airflow/.local/lib/python3.9/site-packages/airflow/example_dags/example_branch_day_of_week_operator.py for tasks to queue
[2025-05-18T12:55:57.110+0000] {logging_mixin.py:188} INFO - [2025-05-18T12:55:57.110+0000] {dagbag.py:545} INFO - Filling up the DagBag from /home/airflow/.local/lib/python3.9/site-packages/airflow/example_dags/example_branch_day_of_week_operator.py
[2025-05-18T12:55:57.125+0000] {processor.py:840} INFO - DAG(s) 'example_weekday_branch_operator' retrieved from /home/airflow/.local/lib/python3.9/site-packages/airflow/example_dags/example_branch_day_of_week_operator.py
[2025-05-18T12:55:57.161+0000] {logging_mixin.py:188} INFO - [2025-05-18T12:55:57.161+0000] {dag.py:3096} INFO - Sync 1 DAGs
[2025-05-18T12:55:57.193+0000] {logging_mixin.py:188} INFO - [2025-05-18T12:55:57.193+0000] {dag.py:3954} INFO - Setting next_dagrun for example_weekday_branch_operator to 2025-05-17 00:00:00+00:00, run_after=2025-05-18 00:00:00+00:00
[2025-05-18T12:55:57.217+0000] {processor.py:183} INFO - Processing /home/airflow/.local/lib/python3.9/site-packages/airflow/example_dags/example_branch_day_of_week_operator.py took 0.129 seconds
[2025-05-18T12:56:27.640+0000] {processor.py:161} INFO - Started process (PID=1087) to work on /home/airflow/.local/lib/python3.9/site-packages/airflow/example_dags/example_branch_day_of_week_operator.py
[2025-05-18T12:56:27.642+0000] {processor.py:830} INFO - Processing file /home/airflow/.local/lib/python3.9/site-packages/airflow/example_dags/example_branch_day_of_week_operator.py for tasks to queue
[2025-05-18T12:56:27.645+0000] {logging_mixin.py:188} INFO - [2025-05-18T12:56:27.644+0000] {dagbag.py:545} INFO - Filling up the DagBag from /home/airflow/.local/lib/python3.9/site-packages/airflow/example_dags/example_branch_day_of_week_operator.py
[2025-05-18T12:56:27.656+0000] {processor.py:840} INFO - DAG(s) 'example_weekday_branch_operator' retrieved from /home/airflow/.local/lib/python3.9/site-packages/airflow/example_dags/example_branch_day_of_week_operator.py
[2025-05-18T12:56:27.690+0000] {logging_mixin.py:188} INFO - [2025-05-18T12:56:27.689+0000] {dag.py:3096} INFO - Sync 1 DAGs
[2025-05-18T12:56:27.722+0000] {logging_mixin.py:188} INFO - [2025-05-18T12:56:27.722+0000] {dag.py:3954} INFO - Setting next_dagrun for example_weekday_branch_operator to 2025-05-17 00:00:00+00:00, run_after=2025-05-18 00:00:00+00:00
[2025-05-18T12:56:27.745+0000] {processor.py:183} INFO - Processing /home/airflow/.local/lib/python3.9/site-packages/airflow/example_dags/example_branch_day_of_week_operator.py took 0.115 seconds
