[2025-05-18T12:48:58.426+0000] {processor.py:161} INFO - Started process (PID=97) to work on /home/airflow/.local/lib/python3.9/site-packages/airflow/example_dags/example_time_delta_sensor_async.py
[2025-05-18T12:48:58.428+0000] {processor.py:830} INFO - Processing file /home/airflow/.local/lib/python3.9/site-packages/airflow/example_dags/example_time_delta_sensor_async.py for tasks to queue
[2025-05-18T12:48:58.466+0000] {logging_mixin.py:188} INFO - [2025-05-18T12:48:58.465+0000] {dagbag.py:545} INFO - Filling up the DagBag from /home/airflow/.local/lib/python3.9/site-packages/airflow/example_dags/example_time_delta_sensor_async.py
[2025-05-18T12:48:58.545+0000] {processor.py:840} INFO - DAG(s) 'example_time_delta_sensor_async' retrieved from /home/airflow/.local/lib/python3.9/site-packages/airflow/example_dags/example_time_delta_sensor_async.py
[2025-05-18T12:48:58.647+0000] {logging_mixin.py:188} INFO - [2025-05-18T12:48:58.646+0000] {dag.py:3096} INFO - Sync 1 DAGs
[2025-05-18T12:48:58.785+0000] {logging_mixin.py:188} INFO - [2025-05-18T12:48:58.772+0000] {dag.py:3118} INFO - Creating ORM DAG for example_time_delta_sensor_async
[2025-05-18T12:48:58.786+0000] {logging_mixin.py:188} INFO - [2025-05-18T12:48:58.786+0000] {dag.py:3954} INFO - Setting next_dagrun for example_time_delta_sensor_async to None, run_after=None
[2025-05-18T12:48:58.909+0000] {processor.py:183} INFO - Processing /home/airflow/.local/lib/python3.9/site-packages/airflow/example_dags/example_time_delta_sensor_async.py took 0.541 seconds
[2025-05-18T12:49:29.774+0000] {processor.py:161} INFO - Started process (PID=156) to work on /home/airflow/.local/lib/python3.9/site-packages/airflow/example_dags/example_time_delta_sensor_async.py
[2025-05-18T12:49:29.775+0000] {processor.py:830} INFO - Processing file /home/airflow/.local/lib/python3.9/site-packages/airflow/example_dags/example_time_delta_sensor_async.py for tasks to queue
[2025-05-18T12:49:29.786+0000] {logging_mixin.py:188} INFO - [2025-05-18T12:49:29.786+0000] {dagbag.py:545} INFO - Filling up the DagBag from /home/airflow/.local/lib/python3.9/site-packages/airflow/example_dags/example_time_delta_sensor_async.py
[2025-05-18T12:49:29.810+0000] {processor.py:840} INFO - DAG(s) 'example_time_delta_sensor_async' retrieved from /home/airflow/.local/lib/python3.9/site-packages/airflow/example_dags/example_time_delta_sensor_async.py
[2025-05-18T12:49:30.253+0000] {logging_mixin.py:188} INFO - [2025-05-18T12:49:30.252+0000] {dag.py:3096} INFO - Sync 1 DAGs
[2025-05-18T12:49:30.333+0000] {logging_mixin.py:188} INFO - [2025-05-18T12:49:30.332+0000] {dag.py:3954} INFO - Setting next_dagrun for example_time_delta_sensor_async to None, run_after=None
[2025-05-18T12:49:30.465+0000] {processor.py:183} INFO - Processing /home/airflow/.local/lib/python3.9/site-packages/airflow/example_dags/example_time_delta_sensor_async.py took 0.713 seconds
[2025-05-18T12:50:00.761+0000] {processor.py:161} INFO - Started process (PID=222) to work on /home/airflow/.local/lib/python3.9/site-packages/airflow/example_dags/example_time_delta_sensor_async.py
[2025-05-18T12:50:00.765+0000] {processor.py:830} INFO - Processing file /home/airflow/.local/lib/python3.9/site-packages/airflow/example_dags/example_time_delta_sensor_async.py for tasks to queue
[2025-05-18T12:50:00.767+0000] {logging_mixin.py:188} INFO - [2025-05-18T12:50:00.767+0000] {dagbag.py:545} INFO - Filling up the DagBag from /home/airflow/.local/lib/python3.9/site-packages/airflow/example_dags/example_time_delta_sensor_async.py
[2025-05-18T12:50:00.774+0000] {processor.py:840} INFO - DAG(s) 'example_time_delta_sensor_async' retrieved from /home/airflow/.local/lib/python3.9/site-packages/airflow/example_dags/example_time_delta_sensor_async.py
[2025-05-18T12:50:00.808+0000] {logging_mixin.py:188} INFO - [2025-05-18T12:50:00.807+0000] {dag.py:3096} INFO - Sync 1 DAGs
[2025-05-18T12:50:00.828+0000] {logging_mixin.py:188} INFO - [2025-05-18T12:50:00.828+0000] {dag.py:3954} INFO - Setting next_dagrun for example_time_delta_sensor_async to None, run_after=None
[2025-05-18T12:50:00.853+0000] {processor.py:183} INFO - Processing /home/airflow/.local/lib/python3.9/site-packages/airflow/example_dags/example_time_delta_sensor_async.py took 0.101 seconds
[2025-05-18T12:50:31.129+0000] {processor.py:161} INFO - Started process (PID=288) to work on /home/airflow/.local/lib/python3.9/site-packages/airflow/example_dags/example_time_delta_sensor_async.py
[2025-05-18T12:50:31.130+0000] {processor.py:830} INFO - Processing file /home/airflow/.local/lib/python3.9/site-packages/airflow/example_dags/example_time_delta_sensor_async.py for tasks to queue
[2025-05-18T12:50:31.133+0000] {logging_mixin.py:188} INFO - [2025-05-18T12:50:31.133+0000] {dagbag.py:545} INFO - Filling up the DagBag from /home/airflow/.local/lib/python3.9/site-packages/airflow/example_dags/example_time_delta_sensor_async.py
[2025-05-18T12:50:31.150+0000] {processor.py:840} INFO - DAG(s) 'example_time_delta_sensor_async' retrieved from /home/airflow/.local/lib/python3.9/site-packages/airflow/example_dags/example_time_delta_sensor_async.py
[2025-05-18T12:50:31.185+0000] {logging_mixin.py:188} INFO - [2025-05-18T12:50:31.185+0000] {dag.py:3096} INFO - Sync 1 DAGs
[2025-05-18T12:50:31.226+0000] {logging_mixin.py:188} INFO - [2025-05-18T12:50:31.226+0000] {dag.py:3954} INFO - Setting next_dagrun for example_time_delta_sensor_async to None, run_after=None
[2025-05-18T12:50:31.293+0000] {processor.py:183} INFO - Processing /home/airflow/.local/lib/python3.9/site-packages/airflow/example_dags/example_time_delta_sensor_async.py took 0.184 seconds
[2025-05-18T12:51:01.470+0000] {processor.py:161} INFO - Started process (PID=354) to work on /home/airflow/.local/lib/python3.9/site-packages/airflow/example_dags/example_time_delta_sensor_async.py
[2025-05-18T12:51:01.471+0000] {processor.py:830} INFO - Processing file /home/airflow/.local/lib/python3.9/site-packages/airflow/example_dags/example_time_delta_sensor_async.py for tasks to queue
[2025-05-18T12:51:01.474+0000] {logging_mixin.py:188} INFO - [2025-05-18T12:51:01.474+0000] {dagbag.py:545} INFO - Filling up the DagBag from /home/airflow/.local/lib/python3.9/site-packages/airflow/example_dags/example_time_delta_sensor_async.py
[2025-05-18T12:51:01.487+0000] {processor.py:840} INFO - DAG(s) 'example_time_delta_sensor_async' retrieved from /home/airflow/.local/lib/python3.9/site-packages/airflow/example_dags/example_time_delta_sensor_async.py
[2025-05-18T12:51:01.547+0000] {logging_mixin.py:188} INFO - [2025-05-18T12:51:01.547+0000] {dag.py:3096} INFO - Sync 1 DAGs
[2025-05-18T12:51:01.584+0000] {logging_mixin.py:188} INFO - [2025-05-18T12:51:01.576+0000] {dag.py:3954} INFO - Setting next_dagrun for example_time_delta_sensor_async to None, run_after=None
[2025-05-18T12:51:01.624+0000] {processor.py:183} INFO - Processing /home/airflow/.local/lib/python3.9/site-packages/airflow/example_dags/example_time_delta_sensor_async.py took 0.173 seconds
[2025-05-18T12:51:31.687+0000] {processor.py:161} INFO - Started process (PID=420) to work on /home/airflow/.local/lib/python3.9/site-packages/airflow/example_dags/example_time_delta_sensor_async.py
[2025-05-18T12:51:31.689+0000] {processor.py:830} INFO - Processing file /home/airflow/.local/lib/python3.9/site-packages/airflow/example_dags/example_time_delta_sensor_async.py for tasks to queue
[2025-05-18T12:51:31.692+0000] {logging_mixin.py:188} INFO - [2025-05-18T12:51:31.691+0000] {dagbag.py:545} INFO - Filling up the DagBag from /home/airflow/.local/lib/python3.9/site-packages/airflow/example_dags/example_time_delta_sensor_async.py
[2025-05-18T12:51:31.708+0000] {processor.py:840} INFO - DAG(s) 'example_time_delta_sensor_async' retrieved from /home/airflow/.local/lib/python3.9/site-packages/airflow/example_dags/example_time_delta_sensor_async.py
[2025-05-18T12:51:31.772+0000] {logging_mixin.py:188} INFO - [2025-05-18T12:51:31.771+0000] {dag.py:3096} INFO - Sync 1 DAGs
[2025-05-18T12:51:31.813+0000] {logging_mixin.py:188} INFO - [2025-05-18T12:51:31.813+0000] {dag.py:3954} INFO - Setting next_dagrun for example_time_delta_sensor_async to None, run_after=None
[2025-05-18T12:51:31.867+0000] {processor.py:183} INFO - Processing /home/airflow/.local/lib/python3.9/site-packages/airflow/example_dags/example_time_delta_sensor_async.py took 0.201 seconds
[2025-05-18T12:52:02.280+0000] {processor.py:161} INFO - Started process (PID=493) to work on /home/airflow/.local/lib/python3.9/site-packages/airflow/example_dags/example_time_delta_sensor_async.py
[2025-05-18T12:52:02.285+0000] {processor.py:830} INFO - Processing file /home/airflow/.local/lib/python3.9/site-packages/airflow/example_dags/example_time_delta_sensor_async.py for tasks to queue
[2025-05-18T12:52:02.287+0000] {logging_mixin.py:188} INFO - [2025-05-18T12:52:02.287+0000] {dagbag.py:545} INFO - Filling up the DagBag from /home/airflow/.local/lib/python3.9/site-packages/airflow/example_dags/example_time_delta_sensor_async.py
[2025-05-18T12:52:02.294+0000] {processor.py:840} INFO - DAG(s) 'example_time_delta_sensor_async' retrieved from /home/airflow/.local/lib/python3.9/site-packages/airflow/example_dags/example_time_delta_sensor_async.py
[2025-05-18T12:52:02.327+0000] {logging_mixin.py:188} INFO - [2025-05-18T12:52:02.327+0000] {dag.py:3096} INFO - Sync 1 DAGs
[2025-05-18T12:52:02.345+0000] {logging_mixin.py:188} INFO - [2025-05-18T12:52:02.345+0000] {dag.py:3954} INFO - Setting next_dagrun for example_time_delta_sensor_async to None, run_after=None
[2025-05-18T12:52:02.368+0000] {processor.py:183} INFO - Processing /home/airflow/.local/lib/python3.9/site-packages/airflow/example_dags/example_time_delta_sensor_async.py took 0.097 seconds
[2025-05-18T12:52:33.022+0000] {processor.py:161} INFO - Started process (PID=559) to work on /home/airflow/.local/lib/python3.9/site-packages/airflow/example_dags/example_time_delta_sensor_async.py
[2025-05-18T12:52:33.024+0000] {processor.py:830} INFO - Processing file /home/airflow/.local/lib/python3.9/site-packages/airflow/example_dags/example_time_delta_sensor_async.py for tasks to queue
[2025-05-18T12:52:33.026+0000] {logging_mixin.py:188} INFO - [2025-05-18T12:52:33.026+0000] {dagbag.py:545} INFO - Filling up the DagBag from /home/airflow/.local/lib/python3.9/site-packages/airflow/example_dags/example_time_delta_sensor_async.py
[2025-05-18T12:52:33.033+0000] {processor.py:840} INFO - DAG(s) 'example_time_delta_sensor_async' retrieved from /home/airflow/.local/lib/python3.9/site-packages/airflow/example_dags/example_time_delta_sensor_async.py
[2025-05-18T12:52:33.077+0000] {logging_mixin.py:188} INFO - [2025-05-18T12:52:33.077+0000] {dag.py:3096} INFO - Sync 1 DAGs
[2025-05-18T12:52:33.103+0000] {logging_mixin.py:188} INFO - [2025-05-18T12:52:33.102+0000] {dag.py:3954} INFO - Setting next_dagrun for example_time_delta_sensor_async to None, run_after=None
[2025-05-18T12:52:33.130+0000] {processor.py:183} INFO - Processing /home/airflow/.local/lib/python3.9/site-packages/airflow/example_dags/example_time_delta_sensor_async.py took 0.117 seconds
[2025-05-18T12:53:03.888+0000] {processor.py:161} INFO - Started process (PID=625) to work on /home/airflow/.local/lib/python3.9/site-packages/airflow/example_dags/example_time_delta_sensor_async.py
[2025-05-18T12:53:03.889+0000] {processor.py:830} INFO - Processing file /home/airflow/.local/lib/python3.9/site-packages/airflow/example_dags/example_time_delta_sensor_async.py for tasks to queue
[2025-05-18T12:53:03.893+0000] {logging_mixin.py:188} INFO - [2025-05-18T12:53:03.892+0000] {dagbag.py:545} INFO - Filling up the DagBag from /home/airflow/.local/lib/python3.9/site-packages/airflow/example_dags/example_time_delta_sensor_async.py
[2025-05-18T12:53:03.901+0000] {processor.py:840} INFO - DAG(s) 'example_time_delta_sensor_async' retrieved from /home/airflow/.local/lib/python3.9/site-packages/airflow/example_dags/example_time_delta_sensor_async.py
[2025-05-18T12:53:03.946+0000] {logging_mixin.py:188} INFO - [2025-05-18T12:53:03.946+0000] {dag.py:3096} INFO - Sync 1 DAGs
[2025-05-18T12:53:03.966+0000] {logging_mixin.py:188} INFO - [2025-05-18T12:53:03.966+0000] {dag.py:3954} INFO - Setting next_dagrun for example_time_delta_sensor_async to None, run_after=None
[2025-05-18T12:53:03.991+0000] {processor.py:183} INFO - Processing /home/airflow/.local/lib/python3.9/site-packages/airflow/example_dags/example_time_delta_sensor_async.py took 0.124 seconds
[2025-05-18T12:53:34.149+0000] {processor.py:161} INFO - Started process (PID=690) to work on /home/airflow/.local/lib/python3.9/site-packages/airflow/example_dags/example_time_delta_sensor_async.py
[2025-05-18T12:53:34.150+0000] {processor.py:830} INFO - Processing file /home/airflow/.local/lib/python3.9/site-packages/airflow/example_dags/example_time_delta_sensor_async.py for tasks to queue
[2025-05-18T12:53:34.153+0000] {logging_mixin.py:188} INFO - [2025-05-18T12:53:34.153+0000] {dagbag.py:545} INFO - Filling up the DagBag from /home/airflow/.local/lib/python3.9/site-packages/airflow/example_dags/example_time_delta_sensor_async.py
[2025-05-18T12:53:34.160+0000] {processor.py:840} INFO - DAG(s) 'example_time_delta_sensor_async' retrieved from /home/airflow/.local/lib/python3.9/site-packages/airflow/example_dags/example_time_delta_sensor_async.py
[2025-05-18T12:53:34.194+0000] {logging_mixin.py:188} INFO - [2025-05-18T12:53:34.194+0000] {dag.py:3096} INFO - Sync 1 DAGs
[2025-05-18T12:53:34.215+0000] {logging_mixin.py:188} INFO - [2025-05-18T12:53:34.215+0000] {dag.py:3954} INFO - Setting next_dagrun for example_time_delta_sensor_async to None, run_after=None
[2025-05-18T12:53:34.289+0000] {processor.py:183} INFO - Processing /home/airflow/.local/lib/python3.9/site-packages/airflow/example_dags/example_time_delta_sensor_async.py took 0.151 seconds
[2025-05-18T12:54:04.424+0000] {processor.py:161} INFO - Started process (PID=757) to work on /home/airflow/.local/lib/python3.9/site-packages/airflow/example_dags/example_time_delta_sensor_async.py
[2025-05-18T12:54:04.426+0000] {processor.py:830} INFO - Processing file /home/airflow/.local/lib/python3.9/site-packages/airflow/example_dags/example_time_delta_sensor_async.py for tasks to queue
[2025-05-18T12:54:04.429+0000] {logging_mixin.py:188} INFO - [2025-05-18T12:54:04.428+0000] {dagbag.py:545} INFO - Filling up the DagBag from /home/airflow/.local/lib/python3.9/site-packages/airflow/example_dags/example_time_delta_sensor_async.py
[2025-05-18T12:54:04.435+0000] {processor.py:840} INFO - DAG(s) 'example_time_delta_sensor_async' retrieved from /home/airflow/.local/lib/python3.9/site-packages/airflow/example_dags/example_time_delta_sensor_async.py
[2025-05-18T12:54:04.478+0000] {logging_mixin.py:188} INFO - [2025-05-18T12:54:04.478+0000] {dag.py:3096} INFO - Sync 1 DAGs
[2025-05-18T12:54:04.503+0000] {logging_mixin.py:188} INFO - [2025-05-18T12:54:04.503+0000] {dag.py:3954} INFO - Setting next_dagrun for example_time_delta_sensor_async to None, run_after=None
[2025-05-18T12:54:04.550+0000] {processor.py:183} INFO - Processing /home/airflow/.local/lib/python3.9/site-packages/airflow/example_dags/example_time_delta_sensor_async.py took 0.136 seconds
[2025-05-18T12:54:34.893+0000] {processor.py:161} INFO - Started process (PID=831) to work on /home/airflow/.local/lib/python3.9/site-packages/airflow/example_dags/example_time_delta_sensor_async.py
[2025-05-18T12:54:34.894+0000] {processor.py:830} INFO - Processing file /home/airflow/.local/lib/python3.9/site-packages/airflow/example_dags/example_time_delta_sensor_async.py for tasks to queue
[2025-05-18T12:54:34.905+0000] {logging_mixin.py:188} INFO - [2025-05-18T12:54:34.904+0000] {dagbag.py:545} INFO - Filling up the DagBag from /home/airflow/.local/lib/python3.9/site-packages/airflow/example_dags/example_time_delta_sensor_async.py
[2025-05-18T12:54:34.913+0000] {processor.py:840} INFO - DAG(s) 'example_time_delta_sensor_async' retrieved from /home/airflow/.local/lib/python3.9/site-packages/airflow/example_dags/example_time_delta_sensor_async.py
[2025-05-18T12:54:34.951+0000] {logging_mixin.py:188} INFO - [2025-05-18T12:54:34.951+0000] {dag.py:3096} INFO - Sync 1 DAGs
[2025-05-18T12:54:34.973+0000] {logging_mixin.py:188} INFO - [2025-05-18T12:54:34.973+0000] {dag.py:3954} INFO - Setting next_dagrun for example_time_delta_sensor_async to None, run_after=None
[2025-05-18T12:54:34.995+0000] {processor.py:183} INFO - Processing /home/airflow/.local/lib/python3.9/site-packages/airflow/example_dags/example_time_delta_sensor_async.py took 0.120 seconds
[2025-05-18T12:55:05.434+0000] {processor.py:161} INFO - Started process (PID=898) to work on /home/airflow/.local/lib/python3.9/site-packages/airflow/example_dags/example_time_delta_sensor_async.py
[2025-05-18T12:55:05.435+0000] {processor.py:830} INFO - Processing file /home/airflow/.local/lib/python3.9/site-packages/airflow/example_dags/example_time_delta_sensor_async.py for tasks to queue
[2025-05-18T12:55:05.447+0000] {logging_mixin.py:188} INFO - [2025-05-18T12:55:05.446+0000] {dagbag.py:545} INFO - Filling up the DagBag from /home/airflow/.local/lib/python3.9/site-packages/airflow/example_dags/example_time_delta_sensor_async.py
[2025-05-18T12:55:05.455+0000] {processor.py:840} INFO - DAG(s) 'example_time_delta_sensor_async' retrieved from /home/airflow/.local/lib/python3.9/site-packages/airflow/example_dags/example_time_delta_sensor_async.py
[2025-05-18T12:55:05.513+0000] {logging_mixin.py:188} INFO - [2025-05-18T12:55:05.512+0000] {dag.py:3096} INFO - Sync 1 DAGs
[2025-05-18T12:55:05.548+0000] {logging_mixin.py:188} INFO - [2025-05-18T12:55:05.548+0000] {dag.py:3954} INFO - Setting next_dagrun for example_time_delta_sensor_async to None, run_after=None
[2025-05-18T12:55:05.574+0000] {processor.py:183} INFO - Processing /home/airflow/.local/lib/python3.9/site-packages/airflow/example_dags/example_time_delta_sensor_async.py took 0.158 seconds
[2025-05-18T12:55:36.017+0000] {processor.py:161} INFO - Started process (PID=965) to work on /home/airflow/.local/lib/python3.9/site-packages/airflow/example_dags/example_time_delta_sensor_async.py
[2025-05-18T12:55:36.019+0000] {processor.py:830} INFO - Processing file /home/airflow/.local/lib/python3.9/site-packages/airflow/example_dags/example_time_delta_sensor_async.py for tasks to queue
[2025-05-18T12:55:36.021+0000] {logging_mixin.py:188} INFO - [2025-05-18T12:55:36.021+0000] {dagbag.py:545} INFO - Filling up the DagBag from /home/airflow/.local/lib/python3.9/site-packages/airflow/example_dags/example_time_delta_sensor_async.py
[2025-05-18T12:55:36.029+0000] {processor.py:840} INFO - DAG(s) 'example_time_delta_sensor_async' retrieved from /home/airflow/.local/lib/python3.9/site-packages/airflow/example_dags/example_time_delta_sensor_async.py
[2025-05-18T12:55:36.070+0000] {logging_mixin.py:188} INFO - [2025-05-18T12:55:36.070+0000] {dag.py:3096} INFO - Sync 1 DAGs
[2025-05-18T12:55:36.093+0000] {logging_mixin.py:188} INFO - [2025-05-18T12:55:36.092+0000] {dag.py:3954} INFO - Setting next_dagrun for example_time_delta_sensor_async to None, run_after=None
[2025-05-18T12:55:36.119+0000] {processor.py:183} INFO - Processing /home/airflow/.local/lib/python3.9/site-packages/airflow/example_dags/example_time_delta_sensor_async.py took 0.112 seconds
[2025-05-18T12:56:06.355+0000] {processor.py:161} INFO - Started process (PID=1032) to work on /home/airflow/.local/lib/python3.9/site-packages/airflow/example_dags/example_time_delta_sensor_async.py
[2025-05-18T12:56:06.356+0000] {processor.py:830} INFO - Processing file /home/airflow/.local/lib/python3.9/site-packages/airflow/example_dags/example_time_delta_sensor_async.py for tasks to queue
[2025-05-18T12:56:06.359+0000] {logging_mixin.py:188} INFO - [2025-05-18T12:56:06.359+0000] {dagbag.py:545} INFO - Filling up the DagBag from /home/airflow/.local/lib/python3.9/site-packages/airflow/example_dags/example_time_delta_sensor_async.py
[2025-05-18T12:56:06.371+0000] {processor.py:840} INFO - DAG(s) 'example_time_delta_sensor_async' retrieved from /home/airflow/.local/lib/python3.9/site-packages/airflow/example_dags/example_time_delta_sensor_async.py
[2025-05-18T12:56:06.409+0000] {logging_mixin.py:188} INFO - [2025-05-18T12:56:06.408+0000] {dag.py:3096} INFO - Sync 1 DAGs
[2025-05-18T12:56:06.429+0000] {logging_mixin.py:188} INFO - [2025-05-18T12:56:06.429+0000] {dag.py:3954} INFO - Setting next_dagrun for example_time_delta_sensor_async to None, run_after=None
[2025-05-18T12:56:06.453+0000] {processor.py:183} INFO - Processing /home/airflow/.local/lib/python3.9/site-packages/airflow/example_dags/example_time_delta_sensor_async.py took 0.109 seconds
