[2025-05-18T12:49:06.666+0000] {processor.py:161} INFO - Started process (PID=121) to work on /home/airflow/.local/lib/python3.9/site-packages/airflow/example_dags/example_python_decorator.py
[2025-05-18T12:49:06.685+0000] {processor.py:830} INFO - Processing file /home/airflow/.local/lib/python3.9/site-packages/airflow/example_dags/example_python_decorator.py for tasks to queue
[2025-05-18T12:49:06.688+0000] {logging_mixin.py:188} INFO - [2025-05-18T12:49:06.688+0000] {dagbag.py:545} INFO - Filling up the DagBag from /home/airflow/.local/lib/python3.9/site-packages/airflow/example_dags/example_python_decorator.py
[2025-05-18T12:49:06.787+0000] {processor.py:840} INFO - DAG(s) 'example_python_decorator' retrieved from /home/airflow/.local/lib/python3.9/site-packages/airflow/example_dags/example_python_decorator.py
[2025-05-18T12:49:06.906+0000] {logging_mixin.py:188} INFO - [2025-05-18T12:49:06.905+0000] {dag.py:3096} INFO - Sync 1 DAGs
[2025-05-18T12:49:07.005+0000] {logging_mixin.py:188} INFO - [2025-05-18T12:49:06.992+0000] {dag.py:3118} INFO - Creating ORM DAG for example_python_decorator
[2025-05-18T12:49:07.006+0000] {logging_mixin.py:188} INFO - [2025-05-18T12:49:07.006+0000] {dag.py:3954} INFO - Setting next_dagrun for example_python_decorator to None, run_after=None
[2025-05-18T12:49:07.185+0000] {processor.py:183} INFO - Processing /home/airflow/.local/lib/python3.9/site-packages/airflow/example_dags/example_python_decorator.py took 0.576 seconds
[2025-05-18T12:49:41.050+0000] {processor.py:161} INFO - Started process (PID=187) to work on /home/airflow/.local/lib/python3.9/site-packages/airflow/example_dags/example_python_decorator.py
[2025-05-18T12:49:41.052+0000] {processor.py:830} INFO - Processing file /home/airflow/.local/lib/python3.9/site-packages/airflow/example_dags/example_python_decorator.py for tasks to queue
[2025-05-18T12:49:41.054+0000] {logging_mixin.py:188} INFO - [2025-05-18T12:49:41.054+0000] {dagbag.py:545} INFO - Filling up the DagBag from /home/airflow/.local/lib/python3.9/site-packages/airflow/example_dags/example_python_decorator.py
[2025-05-18T12:49:41.090+0000] {processor.py:840} INFO - DAG(s) 'example_python_decorator' retrieved from /home/airflow/.local/lib/python3.9/site-packages/airflow/example_dags/example_python_decorator.py
[2025-05-18T12:49:41.432+0000] {logging_mixin.py:188} INFO - [2025-05-18T12:49:41.431+0000] {dag.py:3096} INFO - Sync 1 DAGs
[2025-05-18T12:49:41.469+0000] {logging_mixin.py:188} INFO - [2025-05-18T12:49:41.468+0000] {dag.py:3954} INFO - Setting next_dagrun for example_python_decorator to None, run_after=None
[2025-05-18T12:49:41.531+0000] {processor.py:183} INFO - Processing /home/airflow/.local/lib/python3.9/site-packages/airflow/example_dags/example_python_decorator.py took 0.495 seconds
[2025-05-18T12:50:11.729+0000] {processor.py:161} INFO - Started process (PID=253) to work on /home/airflow/.local/lib/python3.9/site-packages/airflow/example_dags/example_python_decorator.py
[2025-05-18T12:50:11.730+0000] {processor.py:830} INFO - Processing file /home/airflow/.local/lib/python3.9/site-packages/airflow/example_dags/example_python_decorator.py for tasks to queue
[2025-05-18T12:50:11.733+0000] {logging_mixin.py:188} INFO - [2025-05-18T12:50:11.733+0000] {dagbag.py:545} INFO - Filling up the DagBag from /home/airflow/.local/lib/python3.9/site-packages/airflow/example_dags/example_python_decorator.py
[2025-05-18T12:50:11.757+0000] {processor.py:840} INFO - DAG(s) 'example_python_decorator' retrieved from /home/airflow/.local/lib/python3.9/site-packages/airflow/example_dags/example_python_decorator.py
[2025-05-18T12:50:11.795+0000] {logging_mixin.py:188} INFO - [2025-05-18T12:50:11.794+0000] {dag.py:3096} INFO - Sync 1 DAGs
[2025-05-18T12:50:11.817+0000] {logging_mixin.py:188} INFO - [2025-05-18T12:50:11.816+0000] {dag.py:3954} INFO - Setting next_dagrun for example_python_decorator to None, run_after=None
[2025-05-18T12:50:11.842+0000] {processor.py:183} INFO - Processing /home/airflow/.local/lib/python3.9/site-packages/airflow/example_dags/example_python_decorator.py took 0.123 seconds
[2025-05-18T12:50:42.501+0000] {processor.py:161} INFO - Started process (PID=319) to work on /home/airflow/.local/lib/python3.9/site-packages/airflow/example_dags/example_python_decorator.py
[2025-05-18T12:50:42.503+0000] {processor.py:830} INFO - Processing file /home/airflow/.local/lib/python3.9/site-packages/airflow/example_dags/example_python_decorator.py for tasks to queue
[2025-05-18T12:50:42.506+0000] {logging_mixin.py:188} INFO - [2025-05-18T12:50:42.505+0000] {dagbag.py:545} INFO - Filling up the DagBag from /home/airflow/.local/lib/python3.9/site-packages/airflow/example_dags/example_python_decorator.py
[2025-05-18T12:50:42.525+0000] {processor.py:840} INFO - DAG(s) 'example_python_decorator' retrieved from /home/airflow/.local/lib/python3.9/site-packages/airflow/example_dags/example_python_decorator.py
[2025-05-18T12:50:42.566+0000] {logging_mixin.py:188} INFO - [2025-05-18T12:50:42.566+0000] {dag.py:3096} INFO - Sync 1 DAGs
[2025-05-18T12:50:42.596+0000] {logging_mixin.py:188} INFO - [2025-05-18T12:50:42.595+0000] {dag.py:3954} INFO - Setting next_dagrun for example_python_decorator to None, run_after=None
[2025-05-18T12:50:42.629+0000] {processor.py:183} INFO - Processing /home/airflow/.local/lib/python3.9/site-packages/airflow/example_dags/example_python_decorator.py took 0.138 seconds
[2025-05-18T12:51:12.968+0000] {processor.py:161} INFO - Started process (PID=385) to work on /home/airflow/.local/lib/python3.9/site-packages/airflow/example_dags/example_python_decorator.py
[2025-05-18T12:51:12.969+0000] {processor.py:830} INFO - Processing file /home/airflow/.local/lib/python3.9/site-packages/airflow/example_dags/example_python_decorator.py for tasks to queue
[2025-05-18T12:51:12.972+0000] {logging_mixin.py:188} INFO - [2025-05-18T12:51:12.972+0000] {dagbag.py:545} INFO - Filling up the DagBag from /home/airflow/.local/lib/python3.9/site-packages/airflow/example_dags/example_python_decorator.py
[2025-05-18T12:51:13.013+0000] {processor.py:840} INFO - DAG(s) 'example_python_decorator' retrieved from /home/airflow/.local/lib/python3.9/site-packages/airflow/example_dags/example_python_decorator.py
[2025-05-18T12:51:13.075+0000] {logging_mixin.py:188} INFO - [2025-05-18T12:51:13.075+0000] {dag.py:3096} INFO - Sync 1 DAGs
[2025-05-18T12:51:13.108+0000] {logging_mixin.py:188} INFO - [2025-05-18T12:51:13.107+0000] {dag.py:3954} INFO - Setting next_dagrun for example_python_decorator to None, run_after=None
[2025-05-18T12:51:13.156+0000] {processor.py:183} INFO - Processing /home/airflow/.local/lib/python3.9/site-packages/airflow/example_dags/example_python_decorator.py took 0.202 seconds
[2025-05-18T12:51:43.643+0000] {processor.py:161} INFO - Started process (PID=451) to work on /home/airflow/.local/lib/python3.9/site-packages/airflow/example_dags/example_python_decorator.py
[2025-05-18T12:51:43.644+0000] {processor.py:830} INFO - Processing file /home/airflow/.local/lib/python3.9/site-packages/airflow/example_dags/example_python_decorator.py for tasks to queue
[2025-05-18T12:51:43.647+0000] {logging_mixin.py:188} INFO - [2025-05-18T12:51:43.647+0000] {dagbag.py:545} INFO - Filling up the DagBag from /home/airflow/.local/lib/python3.9/site-packages/airflow/example_dags/example_python_decorator.py
[2025-05-18T12:51:43.665+0000] {processor.py:840} INFO - DAG(s) 'example_python_decorator' retrieved from /home/airflow/.local/lib/python3.9/site-packages/airflow/example_dags/example_python_decorator.py
[2025-05-18T12:51:43.711+0000] {logging_mixin.py:188} INFO - [2025-05-18T12:51:43.711+0000] {dag.py:3096} INFO - Sync 1 DAGs
[2025-05-18T12:51:43.749+0000] {logging_mixin.py:188} INFO - [2025-05-18T12:51:43.749+0000] {dag.py:3954} INFO - Setting next_dagrun for example_python_decorator to None, run_after=None
[2025-05-18T12:51:43.777+0000] {processor.py:183} INFO - Processing /home/airflow/.local/lib/python3.9/site-packages/airflow/example_dags/example_python_decorator.py took 0.143 seconds
[2025-05-18T12:52:13.921+0000] {processor.py:161} INFO - Started process (PID=517) to work on /home/airflow/.local/lib/python3.9/site-packages/airflow/example_dags/example_python_decorator.py
[2025-05-18T12:52:13.923+0000] {processor.py:830} INFO - Processing file /home/airflow/.local/lib/python3.9/site-packages/airflow/example_dags/example_python_decorator.py for tasks to queue
[2025-05-18T12:52:13.926+0000] {logging_mixin.py:188} INFO - [2025-05-18T12:52:13.925+0000] {dagbag.py:545} INFO - Filling up the DagBag from /home/airflow/.local/lib/python3.9/site-packages/airflow/example_dags/example_python_decorator.py
[2025-05-18T12:52:13.946+0000] {processor.py:840} INFO - DAG(s) 'example_python_decorator' retrieved from /home/airflow/.local/lib/python3.9/site-packages/airflow/example_dags/example_python_decorator.py
[2025-05-18T12:52:13.982+0000] {logging_mixin.py:188} INFO - [2025-05-18T12:52:13.982+0000] {dag.py:3096} INFO - Sync 1 DAGs
[2025-05-18T12:52:14.001+0000] {logging_mixin.py:188} INFO - [2025-05-18T12:52:14.001+0000] {dag.py:3954} INFO - Setting next_dagrun for example_python_decorator to None, run_after=None
[2025-05-18T12:52:14.025+0000] {processor.py:183} INFO - Processing /home/airflow/.local/lib/python3.9/site-packages/airflow/example_dags/example_python_decorator.py took 0.115 seconds
[2025-05-18T12:52:44.351+0000] {processor.py:161} INFO - Started process (PID=590) to work on /home/airflow/.local/lib/python3.9/site-packages/airflow/example_dags/example_python_decorator.py
[2025-05-18T12:52:44.352+0000] {processor.py:830} INFO - Processing file /home/airflow/.local/lib/python3.9/site-packages/airflow/example_dags/example_python_decorator.py for tasks to queue
[2025-05-18T12:52:44.355+0000] {logging_mixin.py:188} INFO - [2025-05-18T12:52:44.354+0000] {dagbag.py:545} INFO - Filling up the DagBag from /home/airflow/.local/lib/python3.9/site-packages/airflow/example_dags/example_python_decorator.py
[2025-05-18T12:52:44.391+0000] {processor.py:840} INFO - DAG(s) 'example_python_decorator' retrieved from /home/airflow/.local/lib/python3.9/site-packages/airflow/example_dags/example_python_decorator.py
[2025-05-18T12:52:44.452+0000] {logging_mixin.py:188} INFO - [2025-05-18T12:52:44.451+0000] {dag.py:3096} INFO - Sync 1 DAGs
[2025-05-18T12:52:44.505+0000] {logging_mixin.py:188} INFO - [2025-05-18T12:52:44.496+0000] {dag.py:3954} INFO - Setting next_dagrun for example_python_decorator to None, run_after=None
[2025-05-18T12:52:44.550+0000] {processor.py:183} INFO - Processing /home/airflow/.local/lib/python3.9/site-packages/airflow/example_dags/example_python_decorator.py took 0.218 seconds
[2025-05-18T12:53:15.388+0000] {processor.py:161} INFO - Started process (PID=655) to work on /home/airflow/.local/lib/python3.9/site-packages/airflow/example_dags/example_python_decorator.py
[2025-05-18T12:53:15.390+0000] {processor.py:830} INFO - Processing file /home/airflow/.local/lib/python3.9/site-packages/airflow/example_dags/example_python_decorator.py for tasks to queue
[2025-05-18T12:53:15.393+0000] {logging_mixin.py:188} INFO - [2025-05-18T12:53:15.393+0000] {dagbag.py:545} INFO - Filling up the DagBag from /home/airflow/.local/lib/python3.9/site-packages/airflow/example_dags/example_python_decorator.py
[2025-05-18T12:53:15.428+0000] {processor.py:840} INFO - DAG(s) 'example_python_decorator' retrieved from /home/airflow/.local/lib/python3.9/site-packages/airflow/example_dags/example_python_decorator.py
[2025-05-18T12:53:15.474+0000] {logging_mixin.py:188} INFO - [2025-05-18T12:53:15.474+0000] {dag.py:3096} INFO - Sync 1 DAGs
[2025-05-18T12:53:15.512+0000] {logging_mixin.py:188} INFO - [2025-05-18T12:53:15.511+0000] {dag.py:3954} INFO - Setting next_dagrun for example_python_decorator to None, run_after=None
[2025-05-18T12:53:15.552+0000] {processor.py:183} INFO - Processing /home/airflow/.local/lib/python3.9/site-packages/airflow/example_dags/example_python_decorator.py took 0.182 seconds
[2025-05-18T12:53:46.140+0000] {processor.py:161} INFO - Started process (PID=722) to work on /home/airflow/.local/lib/python3.9/site-packages/airflow/example_dags/example_python_decorator.py
[2025-05-18T12:53:46.145+0000] {processor.py:830} INFO - Processing file /home/airflow/.local/lib/python3.9/site-packages/airflow/example_dags/example_python_decorator.py for tasks to queue
[2025-05-18T12:53:46.147+0000] {logging_mixin.py:188} INFO - [2025-05-18T12:53:46.147+0000] {dagbag.py:545} INFO - Filling up the DagBag from /home/airflow/.local/lib/python3.9/site-packages/airflow/example_dags/example_python_decorator.py
[2025-05-18T12:53:46.167+0000] {processor.py:840} INFO - DAG(s) 'example_python_decorator' retrieved from /home/airflow/.local/lib/python3.9/site-packages/airflow/example_dags/example_python_decorator.py
[2025-05-18T12:53:46.212+0000] {logging_mixin.py:188} INFO - [2025-05-18T12:53:46.211+0000] {dag.py:3096} INFO - Sync 1 DAGs
[2025-05-18T12:53:46.238+0000] {logging_mixin.py:188} INFO - [2025-05-18T12:53:46.238+0000] {dag.py:3954} INFO - Setting next_dagrun for example_python_decorator to None, run_after=None
[2025-05-18T12:53:46.270+0000] {processor.py:183} INFO - Processing /home/airflow/.local/lib/python3.9/site-packages/airflow/example_dags/example_python_decorator.py took 0.140 seconds
[2025-05-18T12:54:16.452+0000] {processor.py:161} INFO - Started process (PID=789) to work on /home/airflow/.local/lib/python3.9/site-packages/airflow/example_dags/example_python_decorator.py
[2025-05-18T12:54:16.453+0000] {processor.py:830} INFO - Processing file /home/airflow/.local/lib/python3.9/site-packages/airflow/example_dags/example_python_decorator.py for tasks to queue
[2025-05-18T12:54:16.456+0000] {logging_mixin.py:188} INFO - [2025-05-18T12:54:16.455+0000] {dagbag.py:545} INFO - Filling up the DagBag from /home/airflow/.local/lib/python3.9/site-packages/airflow/example_dags/example_python_decorator.py
[2025-05-18T12:54:16.474+0000] {processor.py:840} INFO - DAG(s) 'example_python_decorator' retrieved from /home/airflow/.local/lib/python3.9/site-packages/airflow/example_dags/example_python_decorator.py
[2025-05-18T12:54:16.514+0000] {logging_mixin.py:188} INFO - [2025-05-18T12:54:16.514+0000] {dag.py:3096} INFO - Sync 1 DAGs
[2025-05-18T12:54:16.536+0000] {logging_mixin.py:188} INFO - [2025-05-18T12:54:16.535+0000] {dag.py:3954} INFO - Setting next_dagrun for example_python_decorator to None, run_after=None
[2025-05-18T12:54:16.566+0000] {processor.py:183} INFO - Processing /home/airflow/.local/lib/python3.9/site-packages/airflow/example_dags/example_python_decorator.py took 0.125 seconds
[2025-05-18T12:54:46.788+0000] {processor.py:161} INFO - Started process (PID=863) to work on /home/airflow/.local/lib/python3.9/site-packages/airflow/example_dags/example_python_decorator.py
[2025-05-18T12:54:46.789+0000] {processor.py:830} INFO - Processing file /home/airflow/.local/lib/python3.9/site-packages/airflow/example_dags/example_python_decorator.py for tasks to queue
[2025-05-18T12:54:46.792+0000] {logging_mixin.py:188} INFO - [2025-05-18T12:54:46.791+0000] {dagbag.py:545} INFO - Filling up the DagBag from /home/airflow/.local/lib/python3.9/site-packages/airflow/example_dags/example_python_decorator.py
[2025-05-18T12:54:46.815+0000] {processor.py:840} INFO - DAG(s) 'example_python_decorator' retrieved from /home/airflow/.local/lib/python3.9/site-packages/airflow/example_dags/example_python_decorator.py
[2025-05-18T12:54:46.896+0000] {logging_mixin.py:188} INFO - [2025-05-18T12:54:46.895+0000] {dag.py:3096} INFO - Sync 1 DAGs
[2025-05-18T12:54:46.918+0000] {logging_mixin.py:188} INFO - [2025-05-18T12:54:46.917+0000] {dag.py:3954} INFO - Setting next_dagrun for example_python_decorator to None, run_after=None
[2025-05-18T12:54:46.951+0000] {processor.py:183} INFO - Processing /home/airflow/.local/lib/python3.9/site-packages/airflow/example_dags/example_python_decorator.py took 0.177 seconds
[2025-05-18T12:55:17.287+0000] {processor.py:161} INFO - Started process (PID=930) to work on /home/airflow/.local/lib/python3.9/site-packages/airflow/example_dags/example_python_decorator.py
[2025-05-18T12:55:17.288+0000] {processor.py:830} INFO - Processing file /home/airflow/.local/lib/python3.9/site-packages/airflow/example_dags/example_python_decorator.py for tasks to queue
[2025-05-18T12:55:17.291+0000] {logging_mixin.py:188} INFO - [2025-05-18T12:55:17.291+0000] {dagbag.py:545} INFO - Filling up the DagBag from /home/airflow/.local/lib/python3.9/site-packages/airflow/example_dags/example_python_decorator.py
[2025-05-18T12:55:17.327+0000] {processor.py:840} INFO - DAG(s) 'example_python_decorator' retrieved from /home/airflow/.local/lib/python3.9/site-packages/airflow/example_dags/example_python_decorator.py
[2025-05-18T12:55:17.385+0000] {logging_mixin.py:188} INFO - [2025-05-18T12:55:17.385+0000] {dag.py:3096} INFO - Sync 1 DAGs
[2025-05-18T12:55:17.415+0000] {logging_mixin.py:188} INFO - [2025-05-18T12:55:17.415+0000] {dag.py:3954} INFO - Setting next_dagrun for example_python_decorator to None, run_after=None
[2025-05-18T12:55:17.489+0000] {processor.py:183} INFO - Processing /home/airflow/.local/lib/python3.9/site-packages/airflow/example_dags/example_python_decorator.py took 0.221 seconds
[2025-05-18T12:55:47.692+0000] {processor.py:161} INFO - Started process (PID=997) to work on /home/airflow/.local/lib/python3.9/site-packages/airflow/example_dags/example_python_decorator.py
[2025-05-18T12:55:47.693+0000] {processor.py:830} INFO - Processing file /home/airflow/.local/lib/python3.9/site-packages/airflow/example_dags/example_python_decorator.py for tasks to queue
[2025-05-18T12:55:47.696+0000] {logging_mixin.py:188} INFO - [2025-05-18T12:55:47.696+0000] {dagbag.py:545} INFO - Filling up the DagBag from /home/airflow/.local/lib/python3.9/site-packages/airflow/example_dags/example_python_decorator.py
[2025-05-18T12:55:47.714+0000] {processor.py:840} INFO - DAG(s) 'example_python_decorator' retrieved from /home/airflow/.local/lib/python3.9/site-packages/airflow/example_dags/example_python_decorator.py
[2025-05-18T12:55:47.752+0000] {logging_mixin.py:188} INFO - [2025-05-18T12:55:47.751+0000] {dag.py:3096} INFO - Sync 1 DAGs
[2025-05-18T12:55:47.770+0000] {logging_mixin.py:188} INFO - [2025-05-18T12:55:47.769+0000] {dag.py:3954} INFO - Setting next_dagrun for example_python_decorator to None, run_after=None
[2025-05-18T12:55:47.794+0000] {processor.py:183} INFO - Processing /home/airflow/.local/lib/python3.9/site-packages/airflow/example_dags/example_python_decorator.py took 0.117 seconds
[2025-05-18T12:56:18.172+0000] {processor.py:161} INFO - Started process (PID=1064) to work on /home/airflow/.local/lib/python3.9/site-packages/airflow/example_dags/example_python_decorator.py
[2025-05-18T12:56:18.174+0000] {processor.py:830} INFO - Processing file /home/airflow/.local/lib/python3.9/site-packages/airflow/example_dags/example_python_decorator.py for tasks to queue
[2025-05-18T12:56:18.177+0000] {logging_mixin.py:188} INFO - [2025-05-18T12:56:18.176+0000] {dagbag.py:545} INFO - Filling up the DagBag from /home/airflow/.local/lib/python3.9/site-packages/airflow/example_dags/example_python_decorator.py
[2025-05-18T12:56:18.199+0000] {processor.py:840} INFO - DAG(s) 'example_python_decorator' retrieved from /home/airflow/.local/lib/python3.9/site-packages/airflow/example_dags/example_python_decorator.py
[2025-05-18T12:56:18.246+0000] {logging_mixin.py:188} INFO - [2025-05-18T12:56:18.245+0000] {dag.py:3096} INFO - Sync 1 DAGs
[2025-05-18T12:56:18.270+0000] {logging_mixin.py:188} INFO - [2025-05-18T12:56:18.269+0000] {dag.py:3954} INFO - Setting next_dagrun for example_python_decorator to None, run_after=None
[2025-05-18T12:56:18.321+0000] {processor.py:183} INFO - Processing /home/airflow/.local/lib/python3.9/site-packages/airflow/example_dags/example_python_decorator.py took 0.165 seconds
