[2025-05-18T12:49:01.406+0000] {processor.py:161} INFO - Started process (PID=105) to work on /home/airflow/.local/lib/python3.9/site-packages/airflow/example_dags/example_branch_datetime_operator.py
[2025-05-18T12:49:01.408+0000] {processor.py:830} INFO - Processing file /home/airflow/.local/lib/python3.9/site-packages/airflow/example_dags/example_branch_datetime_operator.py for tasks to queue
[2025-05-18T12:49:01.427+0000] {logging_mixin.py:188} INFO - [2025-05-18T12:49:01.427+0000] {dagbag.py:545} INFO - Filling up the DagBag from /home/airflow/.local/lib/python3.9/site-packages/airflow/example_dags/example_branch_datetime_operator.py
[2025-05-18T12:49:01.568+0000] {processor.py:840} INFO - DAG(s) 'example_branch_datetime_operator_2', 'example_branch_datetime_operator_3', 'example_branch_datetime_operator' retrieved from /home/airflow/.local/lib/python3.9/site-packages/airflow/example_dags/example_branch_datetime_operator.py
[2025-05-18T12:49:01.706+0000] {logging_mixin.py:188} INFO - [2025-05-18T12:49:01.705+0000] {dag.py:3096} INFO - Sync 3 DAGs
[2025-05-18T12:49:01.845+0000] {logging_mixin.py:188} INFO - [2025-05-18T12:49:01.845+0000] {dag.py:3118} INFO - Creating ORM DAG for example_branch_datetime_operator_2
[2025-05-18T12:49:01.847+0000] {logging_mixin.py:188} INFO - [2025-05-18T12:49:01.847+0000] {dag.py:3118} INFO - Creating ORM DAG for example_branch_datetime_operator_3
[2025-05-18T12:49:01.848+0000] {logging_mixin.py:188} INFO - [2025-05-18T12:49:01.848+0000] {dag.py:3118} INFO - Creating ORM DAG for example_branch_datetime_operator
[2025-05-18T12:49:01.993+0000] {logging_mixin.py:188} INFO - [2025-05-18T12:49:01.993+0000] {dag.py:3954} INFO - Setting next_dagrun for example_branch_datetime_operator to 2025-05-17 00:00:00+00:00, run_after=2025-05-18 00:00:00+00:00
[2025-05-18T12:49:02.005+0000] {logging_mixin.py:188} INFO - [2025-05-18T12:49:02.005+0000] {dag.py:3954} INFO - Setting next_dagrun for example_branch_datetime_operator_2 to 2025-05-17 00:00:00+00:00, run_after=2025-05-18 00:00:00+00:00
[2025-05-18T12:49:02.028+0000] {logging_mixin.py:188} INFO - [2025-05-18T12:49:02.027+0000] {dag.py:3954} INFO - Setting next_dagrun for example_branch_datetime_operator_3 to 2025-05-17 00:00:00+00:00, run_after=2025-05-18 00:00:00+00:00
[2025-05-18T12:49:02.230+0000] {processor.py:183} INFO - Processing /home/airflow/.local/lib/python3.9/site-packages/airflow/example_dags/example_branch_datetime_operator.py took 0.864 seconds
[2025-05-18T12:49:33.486+0000] {processor.py:161} INFO - Started process (PID=171) to work on /home/airflow/.local/lib/python3.9/site-packages/airflow/example_dags/example_branch_datetime_operator.py
[2025-05-18T12:49:33.494+0000] {processor.py:830} INFO - Processing file /home/airflow/.local/lib/python3.9/site-packages/airflow/example_dags/example_branch_datetime_operator.py for tasks to queue
[2025-05-18T12:49:33.505+0000] {logging_mixin.py:188} INFO - [2025-05-18T12:49:33.505+0000] {dagbag.py:545} INFO - Filling up the DagBag from /home/airflow/.local/lib/python3.9/site-packages/airflow/example_dags/example_branch_datetime_operator.py
[2025-05-18T12:49:33.547+0000] {processor.py:840} INFO - DAG(s) 'example_branch_datetime_operator_2', 'example_branch_datetime_operator', 'example_branch_datetime_operator_3' retrieved from /home/airflow/.local/lib/python3.9/site-packages/airflow/example_dags/example_branch_datetime_operator.py
[2025-05-18T12:49:34.129+0000] {logging_mixin.py:188} INFO - [2025-05-18T12:49:34.129+0000] {dag.py:3096} INFO - Sync 3 DAGs
[2025-05-18T12:49:34.207+0000] {logging_mixin.py:188} INFO - [2025-05-18T12:49:34.207+0000] {dag.py:3954} INFO - Setting next_dagrun for example_branch_datetime_operator to 2025-05-17 00:00:00+00:00, run_after=2025-05-18 00:00:00+00:00
[2025-05-18T12:49:34.225+0000] {logging_mixin.py:188} INFO - [2025-05-18T12:49:34.225+0000] {dag.py:3954} INFO - Setting next_dagrun for example_branch_datetime_operator_2 to 2025-05-17 00:00:00+00:00, run_after=2025-05-18 00:00:00+00:00
[2025-05-18T12:49:34.230+0000] {logging_mixin.py:188} INFO - [2025-05-18T12:49:34.229+0000] {dag.py:3954} INFO - Setting next_dagrun for example_branch_datetime_operator_3 to 2025-05-17 00:00:00+00:00, run_after=2025-05-18 00:00:00+00:00
[2025-05-18T12:49:34.311+0000] {processor.py:183} INFO - Processing /home/airflow/.local/lib/python3.9/site-packages/airflow/example_dags/example_branch_datetime_operator.py took 0.885 seconds
[2025-05-18T12:50:04.524+0000] {processor.py:161} INFO - Started process (PID=230) to work on /home/airflow/.local/lib/python3.9/site-packages/airflow/example_dags/example_branch_datetime_operator.py
[2025-05-18T12:50:04.526+0000] {processor.py:830} INFO - Processing file /home/airflow/.local/lib/python3.9/site-packages/airflow/example_dags/example_branch_datetime_operator.py for tasks to queue
[2025-05-18T12:50:04.529+0000] {logging_mixin.py:188} INFO - [2025-05-18T12:50:04.529+0000] {dagbag.py:545} INFO - Filling up the DagBag from /home/airflow/.local/lib/python3.9/site-packages/airflow/example_dags/example_branch_datetime_operator.py
[2025-05-18T12:50:04.553+0000] {processor.py:840} INFO - DAG(s) 'example_branch_datetime_operator', 'example_branch_datetime_operator_2', 'example_branch_datetime_operator_3' retrieved from /home/airflow/.local/lib/python3.9/site-packages/airflow/example_dags/example_branch_datetime_operator.py
[2025-05-18T12:50:04.672+0000] {logging_mixin.py:188} INFO - [2025-05-18T12:50:04.671+0000] {dag.py:3096} INFO - Sync 3 DAGs
[2025-05-18T12:50:04.805+0000] {logging_mixin.py:188} INFO - [2025-05-18T12:50:04.792+0000] {dag.py:3954} INFO - Setting next_dagrun for example_branch_datetime_operator to 2025-05-17 00:00:00+00:00, run_after=2025-05-18 00:00:00+00:00
[2025-05-18T12:50:04.825+0000] {logging_mixin.py:188} INFO - [2025-05-18T12:50:04.825+0000] {dag.py:3954} INFO - Setting next_dagrun for example_branch_datetime_operator_2 to 2025-05-17 00:00:00+00:00, run_after=2025-05-18 00:00:00+00:00
[2025-05-18T12:50:04.829+0000] {logging_mixin.py:188} INFO - [2025-05-18T12:50:04.829+0000] {dag.py:3954} INFO - Setting next_dagrun for example_branch_datetime_operator_3 to 2025-05-17 00:00:00+00:00, run_after=2025-05-18 00:00:00+00:00
[2025-05-18T12:50:04.927+0000] {processor.py:183} INFO - Processing /home/airflow/.local/lib/python3.9/site-packages/airflow/example_dags/example_branch_datetime_operator.py took 0.435 seconds
[2025-05-18T12:50:35.146+0000] {processor.py:161} INFO - Started process (PID=303) to work on /home/airflow/.local/lib/python3.9/site-packages/airflow/example_dags/example_branch_datetime_operator.py
[2025-05-18T12:50:35.148+0000] {processor.py:830} INFO - Processing file /home/airflow/.local/lib/python3.9/site-packages/airflow/example_dags/example_branch_datetime_operator.py for tasks to queue
[2025-05-18T12:50:35.152+0000] {logging_mixin.py:188} INFO - [2025-05-18T12:50:35.151+0000] {dagbag.py:545} INFO - Filling up the DagBag from /home/airflow/.local/lib/python3.9/site-packages/airflow/example_dags/example_branch_datetime_operator.py
[2025-05-18T12:50:35.207+0000] {processor.py:840} INFO - DAG(s) 'example_branch_datetime_operator', 'example_branch_datetime_operator_2', 'example_branch_datetime_operator_3' retrieved from /home/airflow/.local/lib/python3.9/site-packages/airflow/example_dags/example_branch_datetime_operator.py
[2025-05-18T12:50:35.278+0000] {logging_mixin.py:188} INFO - [2025-05-18T12:50:35.277+0000] {dag.py:3096} INFO - Sync 3 DAGs
[2025-05-18T12:50:35.319+0000] {logging_mixin.py:188} INFO - [2025-05-18T12:50:35.319+0000] {dag.py:3954} INFO - Setting next_dagrun for example_branch_datetime_operator to 2025-05-17 00:00:00+00:00, run_after=2025-05-18 00:00:00+00:00
[2025-05-18T12:50:35.327+0000] {logging_mixin.py:188} INFO - [2025-05-18T12:50:35.327+0000] {dag.py:3954} INFO - Setting next_dagrun for example_branch_datetime_operator_2 to 2025-05-17 00:00:00+00:00, run_after=2025-05-18 00:00:00+00:00
[2025-05-18T12:50:35.331+0000] {logging_mixin.py:188} INFO - [2025-05-18T12:50:35.331+0000] {dag.py:3954} INFO - Setting next_dagrun for example_branch_datetime_operator_3 to 2025-05-17 00:00:00+00:00, run_after=2025-05-18 00:00:00+00:00
[2025-05-18T12:50:35.356+0000] {processor.py:183} INFO - Processing /home/airflow/.local/lib/python3.9/site-packages/airflow/example_dags/example_branch_datetime_operator.py took 0.250 seconds
[2025-05-18T12:51:05.488+0000] {processor.py:161} INFO - Started process (PID=369) to work on /home/airflow/.local/lib/python3.9/site-packages/airflow/example_dags/example_branch_datetime_operator.py
[2025-05-18T12:51:05.490+0000] {processor.py:830} INFO - Processing file /home/airflow/.local/lib/python3.9/site-packages/airflow/example_dags/example_branch_datetime_operator.py for tasks to queue
[2025-05-18T12:51:05.505+0000] {logging_mixin.py:188} INFO - [2025-05-18T12:51:05.504+0000] {dagbag.py:545} INFO - Filling up the DagBag from /home/airflow/.local/lib/python3.9/site-packages/airflow/example_dags/example_branch_datetime_operator.py
[2025-05-18T12:51:05.527+0000] {processor.py:840} INFO - DAG(s) 'example_branch_datetime_operator_2', 'example_branch_datetime_operator', 'example_branch_datetime_operator_3' retrieved from /home/airflow/.local/lib/python3.9/site-packages/airflow/example_dags/example_branch_datetime_operator.py
[2025-05-18T12:51:05.645+0000] {logging_mixin.py:188} INFO - [2025-05-18T12:51:05.644+0000] {dag.py:3096} INFO - Sync 3 DAGs
[2025-05-18T12:51:05.714+0000] {logging_mixin.py:188} INFO - [2025-05-18T12:51:05.714+0000] {dag.py:3954} INFO - Setting next_dagrun for example_branch_datetime_operator to 2025-05-17 00:00:00+00:00, run_after=2025-05-18 00:00:00+00:00
[2025-05-18T12:51:05.729+0000] {logging_mixin.py:188} INFO - [2025-05-18T12:51:05.729+0000] {dag.py:3954} INFO - Setting next_dagrun for example_branch_datetime_operator_2 to 2025-05-17 00:00:00+00:00, run_after=2025-05-18 00:00:00+00:00
[2025-05-18T12:51:05.732+0000] {logging_mixin.py:188} INFO - [2025-05-18T12:51:05.732+0000] {dag.py:3954} INFO - Setting next_dagrun for example_branch_datetime_operator_3 to 2025-05-17 00:00:00+00:00, run_after=2025-05-18 00:00:00+00:00
[2025-05-18T12:51:05.766+0000] {processor.py:183} INFO - Processing /home/airflow/.local/lib/python3.9/site-packages/airflow/example_dags/example_branch_datetime_operator.py took 0.297 seconds
[2025-05-18T12:51:35.829+0000] {processor.py:161} INFO - Started process (PID=435) to work on /home/airflow/.local/lib/python3.9/site-packages/airflow/example_dags/example_branch_datetime_operator.py
[2025-05-18T12:51:35.830+0000] {processor.py:830} INFO - Processing file /home/airflow/.local/lib/python3.9/site-packages/airflow/example_dags/example_branch_datetime_operator.py for tasks to queue
[2025-05-18T12:51:35.833+0000] {logging_mixin.py:188} INFO - [2025-05-18T12:51:35.832+0000] {dagbag.py:545} INFO - Filling up the DagBag from /home/airflow/.local/lib/python3.9/site-packages/airflow/example_dags/example_branch_datetime_operator.py
[2025-05-18T12:51:35.853+0000] {processor.py:840} INFO - DAG(s) 'example_branch_datetime_operator', 'example_branch_datetime_operator_2', 'example_branch_datetime_operator_3' retrieved from /home/airflow/.local/lib/python3.9/site-packages/airflow/example_dags/example_branch_datetime_operator.py
[2025-05-18T12:51:35.913+0000] {logging_mixin.py:188} INFO - [2025-05-18T12:51:35.913+0000] {dag.py:3096} INFO - Sync 3 DAGs
[2025-05-18T12:51:36.026+0000] {logging_mixin.py:188} INFO - [2025-05-18T12:51:36.026+0000] {dag.py:3954} INFO - Setting next_dagrun for example_branch_datetime_operator to 2025-05-17 00:00:00+00:00, run_after=2025-05-18 00:00:00+00:00
[2025-05-18T12:51:36.034+0000] {logging_mixin.py:188} INFO - [2025-05-18T12:51:36.033+0000] {dag.py:3954} INFO - Setting next_dagrun for example_branch_datetime_operator_2 to 2025-05-17 00:00:00+00:00, run_after=2025-05-18 00:00:00+00:00
[2025-05-18T12:51:36.046+0000] {logging_mixin.py:188} INFO - [2025-05-18T12:51:36.046+0000] {dag.py:3954} INFO - Setting next_dagrun for example_branch_datetime_operator_3 to 2025-05-17 00:00:00+00:00, run_after=2025-05-18 00:00:00+00:00
[2025-05-18T12:51:36.096+0000] {processor.py:183} INFO - Processing /home/airflow/.local/lib/python3.9/site-packages/airflow/example_dags/example_branch_datetime_operator.py took 0.280 seconds
[2025-05-18T12:52:06.953+0000] {processor.py:161} INFO - Started process (PID=501) to work on /home/airflow/.local/lib/python3.9/site-packages/airflow/example_dags/example_branch_datetime_operator.py
[2025-05-18T12:52:06.965+0000] {processor.py:830} INFO - Processing file /home/airflow/.local/lib/python3.9/site-packages/airflow/example_dags/example_branch_datetime_operator.py for tasks to queue
[2025-05-18T12:52:06.967+0000] {logging_mixin.py:188} INFO - [2025-05-18T12:52:06.967+0000] {dagbag.py:545} INFO - Filling up the DagBag from /home/airflow/.local/lib/python3.9/site-packages/airflow/example_dags/example_branch_datetime_operator.py
[2025-05-18T12:52:06.991+0000] {processor.py:840} INFO - DAG(s) 'example_branch_datetime_operator_2', 'example_branch_datetime_operator_3', 'example_branch_datetime_operator' retrieved from /home/airflow/.local/lib/python3.9/site-packages/airflow/example_dags/example_branch_datetime_operator.py
[2025-05-18T12:52:07.067+0000] {logging_mixin.py:188} INFO - [2025-05-18T12:52:07.067+0000] {dag.py:3096} INFO - Sync 3 DAGs
[2025-05-18T12:52:07.153+0000] {logging_mixin.py:188} INFO - [2025-05-18T12:52:07.153+0000] {dag.py:3954} INFO - Setting next_dagrun for example_branch_datetime_operator to 2025-05-17 00:00:00+00:00, run_after=2025-05-18 00:00:00+00:00
[2025-05-18T12:52:07.170+0000] {logging_mixin.py:188} INFO - [2025-05-18T12:52:07.170+0000] {dag.py:3954} INFO - Setting next_dagrun for example_branch_datetime_operator_2 to 2025-05-17 00:00:00+00:00, run_after=2025-05-18 00:00:00+00:00
[2025-05-18T12:52:07.173+0000] {logging_mixin.py:188} INFO - [2025-05-18T12:52:07.173+0000] {dag.py:3954} INFO - Setting next_dagrun for example_branch_datetime_operator_3 to 2025-05-17 00:00:00+00:00, run_after=2025-05-18 00:00:00+00:00
[2025-05-18T12:52:07.232+0000] {processor.py:183} INFO - Processing /home/airflow/.local/lib/python3.9/site-packages/airflow/example_dags/example_branch_datetime_operator.py took 0.287 seconds
[2025-05-18T12:52:37.775+0000] {processor.py:161} INFO - Started process (PID=567) to work on /home/airflow/.local/lib/python3.9/site-packages/airflow/example_dags/example_branch_datetime_operator.py
[2025-05-18T12:52:37.776+0000] {processor.py:830} INFO - Processing file /home/airflow/.local/lib/python3.9/site-packages/airflow/example_dags/example_branch_datetime_operator.py for tasks to queue
[2025-05-18T12:52:37.779+0000] {logging_mixin.py:188} INFO - [2025-05-18T12:52:37.778+0000] {dagbag.py:545} INFO - Filling up the DagBag from /home/airflow/.local/lib/python3.9/site-packages/airflow/example_dags/example_branch_datetime_operator.py
[2025-05-18T12:52:37.793+0000] {processor.py:840} INFO - DAG(s) 'example_branch_datetime_operator_2', 'example_branch_datetime_operator', 'example_branch_datetime_operator_3' retrieved from /home/airflow/.local/lib/python3.9/site-packages/airflow/example_dags/example_branch_datetime_operator.py
[2025-05-18T12:52:37.840+0000] {logging_mixin.py:188} INFO - [2025-05-18T12:52:37.840+0000] {dag.py:3096} INFO - Sync 3 DAGs
[2025-05-18T12:52:37.891+0000] {logging_mixin.py:188} INFO - [2025-05-18T12:52:37.891+0000] {dag.py:3954} INFO - Setting next_dagrun for example_branch_datetime_operator to 2025-05-17 00:00:00+00:00, run_after=2025-05-18 00:00:00+00:00
[2025-05-18T12:52:37.897+0000] {logging_mixin.py:188} INFO - [2025-05-18T12:52:37.897+0000] {dag.py:3954} INFO - Setting next_dagrun for example_branch_datetime_operator_2 to 2025-05-17 00:00:00+00:00, run_after=2025-05-18 00:00:00+00:00
[2025-05-18T12:52:37.900+0000] {logging_mixin.py:188} INFO - [2025-05-18T12:52:37.899+0000] {dag.py:3954} INFO - Setting next_dagrun for example_branch_datetime_operator_3 to 2025-05-17 00:00:00+00:00, run_after=2025-05-18 00:00:00+00:00
[2025-05-18T12:52:37.952+0000] {processor.py:183} INFO - Processing /home/airflow/.local/lib/python3.9/site-packages/airflow/example_dags/example_branch_datetime_operator.py took 0.188 seconds
[2025-05-18T12:53:08.567+0000] {processor.py:161} INFO - Started process (PID=633) to work on /home/airflow/.local/lib/python3.9/site-packages/airflow/example_dags/example_branch_datetime_operator.py
[2025-05-18T12:53:08.569+0000] {processor.py:830} INFO - Processing file /home/airflow/.local/lib/python3.9/site-packages/airflow/example_dags/example_branch_datetime_operator.py for tasks to queue
[2025-05-18T12:53:08.571+0000] {logging_mixin.py:188} INFO - [2025-05-18T12:53:08.571+0000] {dagbag.py:545} INFO - Filling up the DagBag from /home/airflow/.local/lib/python3.9/site-packages/airflow/example_dags/example_branch_datetime_operator.py
[2025-05-18T12:53:08.589+0000] {processor.py:840} INFO - DAG(s) 'example_branch_datetime_operator_2', 'example_branch_datetime_operator', 'example_branch_datetime_operator_3' retrieved from /home/airflow/.local/lib/python3.9/site-packages/airflow/example_dags/example_branch_datetime_operator.py
[2025-05-18T12:53:08.631+0000] {logging_mixin.py:188} INFO - [2025-05-18T12:53:08.630+0000] {dag.py:3096} INFO - Sync 3 DAGs
[2025-05-18T12:53:08.670+0000] {logging_mixin.py:188} INFO - [2025-05-18T12:53:08.669+0000] {dag.py:3954} INFO - Setting next_dagrun for example_branch_datetime_operator to 2025-05-17 00:00:00+00:00, run_after=2025-05-18 00:00:00+00:00
[2025-05-18T12:53:08.688+0000] {logging_mixin.py:188} INFO - [2025-05-18T12:53:08.688+0000] {dag.py:3954} INFO - Setting next_dagrun for example_branch_datetime_operator_2 to 2025-05-17 00:00:00+00:00, run_after=2025-05-18 00:00:00+00:00
[2025-05-18T12:53:08.691+0000] {logging_mixin.py:188} INFO - [2025-05-18T12:53:08.691+0000] {dag.py:3954} INFO - Setting next_dagrun for example_branch_datetime_operator_3 to 2025-05-17 00:00:00+00:00, run_after=2025-05-18 00:00:00+00:00
[2025-05-18T12:53:08.728+0000] {processor.py:183} INFO - Processing /home/airflow/.local/lib/python3.9/site-packages/airflow/example_dags/example_branch_datetime_operator.py took 0.174 seconds
[2025-05-18T12:53:39.030+0000] {processor.py:161} INFO - Started process (PID=705) to work on /home/airflow/.local/lib/python3.9/site-packages/airflow/example_dags/example_branch_datetime_operator.py
[2025-05-18T12:53:39.031+0000] {processor.py:830} INFO - Processing file /home/airflow/.local/lib/python3.9/site-packages/airflow/example_dags/example_branch_datetime_operator.py for tasks to queue
[2025-05-18T12:53:39.034+0000] {logging_mixin.py:188} INFO - [2025-05-18T12:53:39.033+0000] {dagbag.py:545} INFO - Filling up the DagBag from /home/airflow/.local/lib/python3.9/site-packages/airflow/example_dags/example_branch_datetime_operator.py
[2025-05-18T12:53:39.056+0000] {processor.py:840} INFO - DAG(s) 'example_branch_datetime_operator_2', 'example_branch_datetime_operator_3', 'example_branch_datetime_operator' retrieved from /home/airflow/.local/lib/python3.9/site-packages/airflow/example_dags/example_branch_datetime_operator.py
[2025-05-18T12:53:39.130+0000] {logging_mixin.py:188} INFO - [2025-05-18T12:53:39.130+0000] {dag.py:3096} INFO - Sync 3 DAGs
[2025-05-18T12:53:39.192+0000] {logging_mixin.py:188} INFO - [2025-05-18T12:53:39.192+0000] {dag.py:3954} INFO - Setting next_dagrun for example_branch_datetime_operator to 2025-05-17 00:00:00+00:00, run_after=2025-05-18 00:00:00+00:00
[2025-05-18T12:53:39.205+0000] {logging_mixin.py:188} INFO - [2025-05-18T12:53:39.205+0000] {dag.py:3954} INFO - Setting next_dagrun for example_branch_datetime_operator_2 to 2025-05-17 00:00:00+00:00, run_after=2025-05-18 00:00:00+00:00
[2025-05-18T12:53:39.209+0000] {logging_mixin.py:188} INFO - [2025-05-18T12:53:39.209+0000] {dag.py:3954} INFO - Setting next_dagrun for example_branch_datetime_operator_3 to 2025-05-17 00:00:00+00:00, run_after=2025-05-18 00:00:00+00:00
[2025-05-18T12:53:39.255+0000] {processor.py:183} INFO - Processing /home/airflow/.local/lib/python3.9/site-packages/airflow/example_dags/example_branch_datetime_operator.py took 0.243 seconds
[2025-05-18T12:54:09.449+0000] {processor.py:161} INFO - Started process (PID=772) to work on /home/airflow/.local/lib/python3.9/site-packages/airflow/example_dags/example_branch_datetime_operator.py
[2025-05-18T12:54:09.450+0000] {processor.py:830} INFO - Processing file /home/airflow/.local/lib/python3.9/site-packages/airflow/example_dags/example_branch_datetime_operator.py for tasks to queue
[2025-05-18T12:54:09.453+0000] {logging_mixin.py:188} INFO - [2025-05-18T12:54:09.452+0000] {dagbag.py:545} INFO - Filling up the DagBag from /home/airflow/.local/lib/python3.9/site-packages/airflow/example_dags/example_branch_datetime_operator.py
[2025-05-18T12:54:09.466+0000] {processor.py:840} INFO - DAG(s) 'example_branch_datetime_operator_3', 'example_branch_datetime_operator', 'example_branch_datetime_operator_2' retrieved from /home/airflow/.local/lib/python3.9/site-packages/airflow/example_dags/example_branch_datetime_operator.py
[2025-05-18T12:54:09.507+0000] {logging_mixin.py:188} INFO - [2025-05-18T12:54:09.506+0000] {dag.py:3096} INFO - Sync 3 DAGs
[2025-05-18T12:54:09.548+0000] {logging_mixin.py:188} INFO - [2025-05-18T12:54:09.547+0000] {dag.py:3954} INFO - Setting next_dagrun for example_branch_datetime_operator to 2025-05-17 00:00:00+00:00, run_after=2025-05-18 00:00:00+00:00
[2025-05-18T12:54:09.556+0000] {logging_mixin.py:188} INFO - [2025-05-18T12:54:09.555+0000] {dag.py:3954} INFO - Setting next_dagrun for example_branch_datetime_operator_2 to 2025-05-17 00:00:00+00:00, run_after=2025-05-18 00:00:00+00:00
[2025-05-18T12:54:09.559+0000] {logging_mixin.py:188} INFO - [2025-05-18T12:54:09.559+0000] {dag.py:3954} INFO - Setting next_dagrun for example_branch_datetime_operator_3 to 2025-05-17 00:00:00+00:00, run_after=2025-05-18 00:00:00+00:00
[2025-05-18T12:54:09.584+0000] {processor.py:183} INFO - Processing /home/airflow/.local/lib/python3.9/site-packages/airflow/example_dags/example_branch_datetime_operator.py took 0.144 seconds
[2025-05-18T12:54:39.791+0000] {processor.py:161} INFO - Started process (PID=839) to work on /home/airflow/.local/lib/python3.9/site-packages/airflow/example_dags/example_branch_datetime_operator.py
[2025-05-18T12:54:39.792+0000] {processor.py:830} INFO - Processing file /home/airflow/.local/lib/python3.9/site-packages/airflow/example_dags/example_branch_datetime_operator.py for tasks to queue
[2025-05-18T12:54:39.795+0000] {logging_mixin.py:188} INFO - [2025-05-18T12:54:39.795+0000] {dagbag.py:545} INFO - Filling up the DagBag from /home/airflow/.local/lib/python3.9/site-packages/airflow/example_dags/example_branch_datetime_operator.py
[2025-05-18T12:54:39.813+0000] {processor.py:840} INFO - DAG(s) 'example_branch_datetime_operator_3', 'example_branch_datetime_operator', 'example_branch_datetime_operator_2' retrieved from /home/airflow/.local/lib/python3.9/site-packages/airflow/example_dags/example_branch_datetime_operator.py
[2025-05-18T12:54:39.885+0000] {logging_mixin.py:188} INFO - [2025-05-18T12:54:39.884+0000] {dag.py:3096} INFO - Sync 3 DAGs
[2025-05-18T12:54:39.927+0000] {logging_mixin.py:188} INFO - [2025-05-18T12:54:39.926+0000] {dag.py:3954} INFO - Setting next_dagrun for example_branch_datetime_operator to 2025-05-17 00:00:00+00:00, run_after=2025-05-18 00:00:00+00:00
[2025-05-18T12:54:39.932+0000] {logging_mixin.py:188} INFO - [2025-05-18T12:54:39.932+0000] {dag.py:3954} INFO - Setting next_dagrun for example_branch_datetime_operator_2 to 2025-05-17 00:00:00+00:00, run_after=2025-05-18 00:00:00+00:00
[2025-05-18T12:54:39.935+0000] {logging_mixin.py:188} INFO - [2025-05-18T12:54:39.935+0000] {dag.py:3954} INFO - Setting next_dagrun for example_branch_datetime_operator_3 to 2025-05-17 00:00:00+00:00, run_after=2025-05-18 00:00:00+00:00
[2025-05-18T12:54:39.971+0000] {processor.py:183} INFO - Processing /home/airflow/.local/lib/python3.9/site-packages/airflow/example_dags/example_branch_datetime_operator.py took 0.198 seconds
[2025-05-18T12:55:10.373+0000] {processor.py:161} INFO - Started process (PID=906) to work on /home/airflow/.local/lib/python3.9/site-packages/airflow/example_dags/example_branch_datetime_operator.py
[2025-05-18T12:55:10.375+0000] {processor.py:830} INFO - Processing file /home/airflow/.local/lib/python3.9/site-packages/airflow/example_dags/example_branch_datetime_operator.py for tasks to queue
[2025-05-18T12:55:10.377+0000] {logging_mixin.py:188} INFO - [2025-05-18T12:55:10.377+0000] {dagbag.py:545} INFO - Filling up the DagBag from /home/airflow/.local/lib/python3.9/site-packages/airflow/example_dags/example_branch_datetime_operator.py
[2025-05-18T12:55:10.391+0000] {processor.py:840} INFO - DAG(s) 'example_branch_datetime_operator', 'example_branch_datetime_operator_3', 'example_branch_datetime_operator_2' retrieved from /home/airflow/.local/lib/python3.9/site-packages/airflow/example_dags/example_branch_datetime_operator.py
[2025-05-18T12:55:10.446+0000] {logging_mixin.py:188} INFO - [2025-05-18T12:55:10.446+0000] {dag.py:3096} INFO - Sync 3 DAGs
[2025-05-18T12:55:10.504+0000] {logging_mixin.py:188} INFO - [2025-05-18T12:55:10.503+0000] {dag.py:3954} INFO - Setting next_dagrun for example_branch_datetime_operator to 2025-05-17 00:00:00+00:00, run_after=2025-05-18 00:00:00+00:00
[2025-05-18T12:55:10.511+0000] {logging_mixin.py:188} INFO - [2025-05-18T12:55:10.511+0000] {dag.py:3954} INFO - Setting next_dagrun for example_branch_datetime_operator_2 to 2025-05-17 00:00:00+00:00, run_after=2025-05-18 00:00:00+00:00
[2025-05-18T12:55:10.514+0000] {logging_mixin.py:188} INFO - [2025-05-18T12:55:10.514+0000] {dag.py:3954} INFO - Setting next_dagrun for example_branch_datetime_operator_3 to 2025-05-17 00:00:00+00:00, run_after=2025-05-18 00:00:00+00:00
[2025-05-18T12:55:10.541+0000] {processor.py:183} INFO - Processing /home/airflow/.local/lib/python3.9/site-packages/airflow/example_dags/example_branch_datetime_operator.py took 0.177 seconds
[2025-05-18T12:55:40.749+0000] {processor.py:161} INFO - Started process (PID=973) to work on /home/airflow/.local/lib/python3.9/site-packages/airflow/example_dags/example_branch_datetime_operator.py
[2025-05-18T12:55:40.750+0000] {processor.py:830} INFO - Processing file /home/airflow/.local/lib/python3.9/site-packages/airflow/example_dags/example_branch_datetime_operator.py for tasks to queue
[2025-05-18T12:55:40.753+0000] {logging_mixin.py:188} INFO - [2025-05-18T12:55:40.752+0000] {dagbag.py:545} INFO - Filling up the DagBag from /home/airflow/.local/lib/python3.9/site-packages/airflow/example_dags/example_branch_datetime_operator.py
[2025-05-18T12:55:40.768+0000] {processor.py:840} INFO - DAG(s) 'example_branch_datetime_operator', 'example_branch_datetime_operator_2', 'example_branch_datetime_operator_3' retrieved from /home/airflow/.local/lib/python3.9/site-packages/airflow/example_dags/example_branch_datetime_operator.py
[2025-05-18T12:55:40.821+0000] {logging_mixin.py:188} INFO - [2025-05-18T12:55:40.821+0000] {dag.py:3096} INFO - Sync 3 DAGs
[2025-05-18T12:55:40.857+0000] {logging_mixin.py:188} INFO - [2025-05-18T12:55:40.857+0000] {dag.py:3954} INFO - Setting next_dagrun for example_branch_datetime_operator to 2025-05-17 00:00:00+00:00, run_after=2025-05-18 00:00:00+00:00
[2025-05-18T12:55:40.863+0000] {logging_mixin.py:188} INFO - [2025-05-18T12:55:40.863+0000] {dag.py:3954} INFO - Setting next_dagrun for example_branch_datetime_operator_2 to 2025-05-17 00:00:00+00:00, run_after=2025-05-18 00:00:00+00:00
[2025-05-18T12:55:40.866+0000] {logging_mixin.py:188} INFO - [2025-05-18T12:55:40.866+0000] {dag.py:3954} INFO - Setting next_dagrun for example_branch_datetime_operator_3 to 2025-05-17 00:00:00+00:00, run_after=2025-05-18 00:00:00+00:00
[2025-05-18T12:55:40.888+0000] {processor.py:183} INFO - Processing /home/airflow/.local/lib/python3.9/site-packages/airflow/example_dags/example_branch_datetime_operator.py took 0.150 seconds
[2025-05-18T12:56:11.309+0000] {processor.py:161} INFO - Started process (PID=1047) to work on /home/airflow/.local/lib/python3.9/site-packages/airflow/example_dags/example_branch_datetime_operator.py
[2025-05-18T12:56:11.310+0000] {processor.py:830} INFO - Processing file /home/airflow/.local/lib/python3.9/site-packages/airflow/example_dags/example_branch_datetime_operator.py for tasks to queue
[2025-05-18T12:56:11.314+0000] {logging_mixin.py:188} INFO - [2025-05-18T12:56:11.313+0000] {dagbag.py:545} INFO - Filling up the DagBag from /home/airflow/.local/lib/python3.9/site-packages/airflow/example_dags/example_branch_datetime_operator.py
[2025-05-18T12:56:11.336+0000] {processor.py:840} INFO - DAG(s) 'example_branch_datetime_operator_2', 'example_branch_datetime_operator', 'example_branch_datetime_operator_3' retrieved from /home/airflow/.local/lib/python3.9/site-packages/airflow/example_dags/example_branch_datetime_operator.py
[2025-05-18T12:56:11.409+0000] {logging_mixin.py:188} INFO - [2025-05-18T12:56:11.408+0000] {dag.py:3096} INFO - Sync 3 DAGs
[2025-05-18T12:56:11.456+0000] {logging_mixin.py:188} INFO - [2025-05-18T12:56:11.455+0000] {dag.py:3954} INFO - Setting next_dagrun for example_branch_datetime_operator to 2025-05-17 00:00:00+00:00, run_after=2025-05-18 00:00:00+00:00
[2025-05-18T12:56:11.474+0000] {logging_mixin.py:188} INFO - [2025-05-18T12:56:11.473+0000] {dag.py:3954} INFO - Setting next_dagrun for example_branch_datetime_operator_2 to 2025-05-17 00:00:00+00:00, run_after=2025-05-18 00:00:00+00:00
[2025-05-18T12:56:11.485+0000] {logging_mixin.py:188} INFO - [2025-05-18T12:56:11.485+0000] {dag.py:3954} INFO - Setting next_dagrun for example_branch_datetime_operator_3 to 2025-05-17 00:00:00+00:00, run_after=2025-05-18 00:00:00+00:00
[2025-05-18T12:56:11.510+0000] {processor.py:183} INFO - Processing /home/airflow/.local/lib/python3.9/site-packages/airflow/example_dags/example_branch_datetime_operator.py took 0.223 seconds
