[2025-05-18T12:48:42.432+0000] {processor.py:161} INFO - Started process (PID=74) to work on /home/airflow/.local/lib/python3.9/site-packages/airflow/example_dags/example_dynamic_task_mapping.py
[2025-05-18T12:48:42.446+0000] {processor.py:830} INFO - Processing file /home/airflow/.local/lib/python3.9/site-packages/airflow/example_dags/example_dynamic_task_mapping.py for tasks to queue
[2025-05-18T12:48:42.466+0000] {logging_mixin.py:188} INFO - [2025-05-18T12:48:42.465+0000] {dagbag.py:545} INFO - Filling up the DagBag from /home/airflow/.local/lib/python3.9/site-packages/airflow/example_dags/example_dynamic_task_mapping.py
[2025-05-18T12:48:42.526+0000] {processor.py:840} INFO - DAG(s) 'example_dynamic_task_mapping' retrieved from /home/airflow/.local/lib/python3.9/site-packages/airflow/example_dags/example_dynamic_task_mapping.py
[2025-05-18T12:48:44.246+0000] {logging_mixin.py:188} INFO - [2025-05-18T12:48:44.245+0000] {override.py:1829} INFO - Created Permission View: can delete on DAG:example_dynamic_task_mapping
[2025-05-18T12:48:44.406+0000] {logging_mixin.py:188} INFO - [2025-05-18T12:48:44.405+0000] {override.py:1829} INFO - Created Permission View: can edit on DAG:example_dynamic_task_mapping
[2025-05-18T12:48:44.533+0000] {logging_mixin.py:188} INFO - [2025-05-18T12:48:44.532+0000] {override.py:1829} INFO - Created Permission View: can read on DAG:example_dynamic_task_mapping
[2025-05-18T12:48:44.534+0000] {logging_mixin.py:188} INFO - [2025-05-18T12:48:44.534+0000] {dag.py:3096} INFO - Sync 1 DAGs
[2025-05-18T12:48:44.626+0000] {logging_mixin.py:188} INFO - [2025-05-18T12:48:44.625+0000] {dag.py:3118} INFO - Creating ORM DAG for example_dynamic_task_mapping
[2025-05-18T12:48:44.788+0000] {logging_mixin.py:188} INFO - [2025-05-18T12:48:44.787+0000] {dag.py:3954} INFO - Setting next_dagrun for example_dynamic_task_mapping to 2022-03-04 00:00:00+00:00, run_after=2022-03-05 00:00:00+00:00
[2025-05-18T12:48:44.965+0000] {processor.py:183} INFO - Processing /home/airflow/.local/lib/python3.9/site-packages/airflow/example_dags/example_dynamic_task_mapping.py took 2.559 seconds
[2025-05-18T12:49:15.767+0000] {processor.py:161} INFO - Started process (PID=140) to work on /home/airflow/.local/lib/python3.9/site-packages/airflow/example_dags/example_dynamic_task_mapping.py
[2025-05-18T12:49:15.785+0000] {processor.py:830} INFO - Processing file /home/airflow/.local/lib/python3.9/site-packages/airflow/example_dags/example_dynamic_task_mapping.py for tasks to queue
[2025-05-18T12:49:15.789+0000] {logging_mixin.py:188} INFO - [2025-05-18T12:49:15.788+0000] {dagbag.py:545} INFO - Filling up the DagBag from /home/airflow/.local/lib/python3.9/site-packages/airflow/example_dags/example_dynamic_task_mapping.py
[2025-05-18T12:49:15.812+0000] {processor.py:840} INFO - DAG(s) 'example_dynamic_task_mapping' retrieved from /home/airflow/.local/lib/python3.9/site-packages/airflow/example_dags/example_dynamic_task_mapping.py
[2025-05-18T12:49:15.930+0000] {logging_mixin.py:188} INFO - [2025-05-18T12:49:15.930+0000] {dag.py:3096} INFO - Sync 1 DAGs
[2025-05-18T12:49:16.007+0000] {logging_mixin.py:188} INFO - [2025-05-18T12:49:16.006+0000] {dag.py:3954} INFO - Setting next_dagrun for example_dynamic_task_mapping to 2022-03-04 00:00:00+00:00, run_after=2022-03-05 00:00:00+00:00
[2025-05-18T12:49:16.089+0000] {processor.py:183} INFO - Processing /home/airflow/.local/lib/python3.9/site-packages/airflow/example_dags/example_dynamic_task_mapping.py took 0.382 seconds
[2025-05-18T12:49:46.591+0000] {processor.py:161} INFO - Started process (PID=197) to work on /home/airflow/.local/lib/python3.9/site-packages/airflow/example_dags/example_dynamic_task_mapping.py
[2025-05-18T12:49:46.592+0000] {processor.py:830} INFO - Processing file /home/airflow/.local/lib/python3.9/site-packages/airflow/example_dags/example_dynamic_task_mapping.py for tasks to queue
[2025-05-18T12:49:46.595+0000] {logging_mixin.py:188} INFO - [2025-05-18T12:49:46.594+0000] {dagbag.py:545} INFO - Filling up the DagBag from /home/airflow/.local/lib/python3.9/site-packages/airflow/example_dags/example_dynamic_task_mapping.py
[2025-05-18T12:49:46.604+0000] {processor.py:840} INFO - DAG(s) 'example_dynamic_task_mapping' retrieved from /home/airflow/.local/lib/python3.9/site-packages/airflow/example_dags/example_dynamic_task_mapping.py
[2025-05-18T12:49:46.641+0000] {logging_mixin.py:188} INFO - [2025-05-18T12:49:46.640+0000] {dag.py:3096} INFO - Sync 1 DAGs
[2025-05-18T12:49:46.670+0000] {logging_mixin.py:188} INFO - [2025-05-18T12:49:46.670+0000] {dag.py:3954} INFO - Setting next_dagrun for example_dynamic_task_mapping to 2022-03-04 00:00:00+00:00, run_after=2022-03-05 00:00:00+00:00
[2025-05-18T12:49:46.692+0000] {processor.py:183} INFO - Processing /home/airflow/.local/lib/python3.9/site-packages/airflow/example_dags/example_dynamic_task_mapping.py took 0.111 seconds
[2025-05-18T12:50:16.870+0000] {processor.py:161} INFO - Started process (PID=263) to work on /home/airflow/.local/lib/python3.9/site-packages/airflow/example_dags/example_dynamic_task_mapping.py
[2025-05-18T12:50:16.871+0000] {processor.py:830} INFO - Processing file /home/airflow/.local/lib/python3.9/site-packages/airflow/example_dags/example_dynamic_task_mapping.py for tasks to queue
[2025-05-18T12:50:16.875+0000] {logging_mixin.py:188} INFO - [2025-05-18T12:50:16.874+0000] {dagbag.py:545} INFO - Filling up the DagBag from /home/airflow/.local/lib/python3.9/site-packages/airflow/example_dags/example_dynamic_task_mapping.py
[2025-05-18T12:50:16.907+0000] {processor.py:840} INFO - DAG(s) 'example_dynamic_task_mapping' retrieved from /home/airflow/.local/lib/python3.9/site-packages/airflow/example_dags/example_dynamic_task_mapping.py
[2025-05-18T12:50:16.958+0000] {logging_mixin.py:188} INFO - [2025-05-18T12:50:16.958+0000] {dag.py:3096} INFO - Sync 1 DAGs
[2025-05-18T12:50:17.009+0000] {logging_mixin.py:188} INFO - [2025-05-18T12:50:17.009+0000] {dag.py:3954} INFO - Setting next_dagrun for example_dynamic_task_mapping to 2022-03-04 00:00:00+00:00, run_after=2022-03-05 00:00:00+00:00
[2025-05-18T12:50:17.043+0000] {processor.py:183} INFO - Processing /home/airflow/.local/lib/python3.9/site-packages/airflow/example_dags/example_dynamic_task_mapping.py took 0.215 seconds
[2025-05-18T12:50:47.410+0000] {processor.py:161} INFO - Started process (PID=329) to work on /home/airflow/.local/lib/python3.9/site-packages/airflow/example_dags/example_dynamic_task_mapping.py
[2025-05-18T12:50:47.411+0000] {processor.py:830} INFO - Processing file /home/airflow/.local/lib/python3.9/site-packages/airflow/example_dags/example_dynamic_task_mapping.py for tasks to queue
[2025-05-18T12:50:47.413+0000] {logging_mixin.py:188} INFO - [2025-05-18T12:50:47.413+0000] {dagbag.py:545} INFO - Filling up the DagBag from /home/airflow/.local/lib/python3.9/site-packages/airflow/example_dags/example_dynamic_task_mapping.py
[2025-05-18T12:50:47.427+0000] {processor.py:840} INFO - DAG(s) 'example_dynamic_task_mapping' retrieved from /home/airflow/.local/lib/python3.9/site-packages/airflow/example_dags/example_dynamic_task_mapping.py
[2025-05-18T12:50:47.471+0000] {logging_mixin.py:188} INFO - [2025-05-18T12:50:47.470+0000] {dag.py:3096} INFO - Sync 1 DAGs
[2025-05-18T12:50:47.519+0000] {logging_mixin.py:188} INFO - [2025-05-18T12:50:47.518+0000] {dag.py:3954} INFO - Setting next_dagrun for example_dynamic_task_mapping to 2022-03-04 00:00:00+00:00, run_after=2022-03-05 00:00:00+00:00
[2025-05-18T12:50:47.555+0000] {processor.py:183} INFO - Processing /home/airflow/.local/lib/python3.9/site-packages/airflow/example_dags/example_dynamic_task_mapping.py took 0.163 seconds
[2025-05-18T12:51:18.144+0000] {processor.py:161} INFO - Started process (PID=402) to work on /home/airflow/.local/lib/python3.9/site-packages/airflow/example_dags/example_dynamic_task_mapping.py
[2025-05-18T12:51:18.146+0000] {processor.py:830} INFO - Processing file /home/airflow/.local/lib/python3.9/site-packages/airflow/example_dags/example_dynamic_task_mapping.py for tasks to queue
[2025-05-18T12:51:18.149+0000] {logging_mixin.py:188} INFO - [2025-05-18T12:51:18.148+0000] {dagbag.py:545} INFO - Filling up the DagBag from /home/airflow/.local/lib/python3.9/site-packages/airflow/example_dags/example_dynamic_task_mapping.py
[2025-05-18T12:51:18.166+0000] {processor.py:840} INFO - DAG(s) 'example_dynamic_task_mapping' retrieved from /home/airflow/.local/lib/python3.9/site-packages/airflow/example_dags/example_dynamic_task_mapping.py
[2025-05-18T12:51:18.212+0000] {logging_mixin.py:188} INFO - [2025-05-18T12:51:18.212+0000] {dag.py:3096} INFO - Sync 1 DAGs
[2025-05-18T12:51:18.254+0000] {logging_mixin.py:188} INFO - [2025-05-18T12:51:18.254+0000] {dag.py:3954} INFO - Setting next_dagrun for example_dynamic_task_mapping to 2022-03-04 00:00:00+00:00, run_after=2022-03-05 00:00:00+00:00
[2025-05-18T12:51:18.314+0000] {processor.py:183} INFO - Processing /home/airflow/.local/lib/python3.9/site-packages/airflow/example_dags/example_dynamic_task_mapping.py took 0.188 seconds
[2025-05-18T12:51:48.526+0000] {processor.py:161} INFO - Started process (PID=468) to work on /home/airflow/.local/lib/python3.9/site-packages/airflow/example_dags/example_dynamic_task_mapping.py
[2025-05-18T12:51:48.527+0000] {processor.py:830} INFO - Processing file /home/airflow/.local/lib/python3.9/site-packages/airflow/example_dags/example_dynamic_task_mapping.py for tasks to queue
[2025-05-18T12:51:48.530+0000] {logging_mixin.py:188} INFO - [2025-05-18T12:51:48.529+0000] {dagbag.py:545} INFO - Filling up the DagBag from /home/airflow/.local/lib/python3.9/site-packages/airflow/example_dags/example_dynamic_task_mapping.py
[2025-05-18T12:51:48.549+0000] {processor.py:840} INFO - DAG(s) 'example_dynamic_task_mapping' retrieved from /home/airflow/.local/lib/python3.9/site-packages/airflow/example_dags/example_dynamic_task_mapping.py
[2025-05-18T12:51:48.629+0000] {logging_mixin.py:188} INFO - [2025-05-18T12:51:48.629+0000] {dag.py:3096} INFO - Sync 1 DAGs
[2025-05-18T12:51:48.686+0000] {logging_mixin.py:188} INFO - [2025-05-18T12:51:48.686+0000] {dag.py:3954} INFO - Setting next_dagrun for example_dynamic_task_mapping to 2022-03-04 00:00:00+00:00, run_after=2022-03-05 00:00:00+00:00
[2025-05-18T12:51:48.749+0000] {processor.py:183} INFO - Processing /home/airflow/.local/lib/python3.9/site-packages/airflow/example_dags/example_dynamic_task_mapping.py took 0.242 seconds
[2025-05-18T12:52:18.933+0000] {processor.py:161} INFO - Started process (PID=534) to work on /home/airflow/.local/lib/python3.9/site-packages/airflow/example_dags/example_dynamic_task_mapping.py
[2025-05-18T12:52:18.935+0000] {processor.py:830} INFO - Processing file /home/airflow/.local/lib/python3.9/site-packages/airflow/example_dags/example_dynamic_task_mapping.py for tasks to queue
[2025-05-18T12:52:18.937+0000] {logging_mixin.py:188} INFO - [2025-05-18T12:52:18.936+0000] {dagbag.py:545} INFO - Filling up the DagBag from /home/airflow/.local/lib/python3.9/site-packages/airflow/example_dags/example_dynamic_task_mapping.py
[2025-05-18T12:52:18.946+0000] {processor.py:840} INFO - DAG(s) 'example_dynamic_task_mapping' retrieved from /home/airflow/.local/lib/python3.9/site-packages/airflow/example_dags/example_dynamic_task_mapping.py
[2025-05-18T12:52:18.993+0000] {logging_mixin.py:188} INFO - [2025-05-18T12:52:18.993+0000] {dag.py:3096} INFO - Sync 1 DAGs
[2025-05-18T12:52:19.021+0000] {logging_mixin.py:188} INFO - [2025-05-18T12:52:19.021+0000] {dag.py:3954} INFO - Setting next_dagrun for example_dynamic_task_mapping to 2022-03-04 00:00:00+00:00, run_after=2022-03-05 00:00:00+00:00
[2025-05-18T12:52:19.049+0000] {processor.py:183} INFO - Processing /home/airflow/.local/lib/python3.9/site-packages/airflow/example_dags/example_dynamic_task_mapping.py took 0.125 seconds
[2025-05-18T12:52:49.214+0000] {processor.py:161} INFO - Started process (PID=600) to work on /home/airflow/.local/lib/python3.9/site-packages/airflow/example_dags/example_dynamic_task_mapping.py
[2025-05-18T12:52:49.225+0000] {processor.py:830} INFO - Processing file /home/airflow/.local/lib/python3.9/site-packages/airflow/example_dags/example_dynamic_task_mapping.py for tasks to queue
[2025-05-18T12:52:49.228+0000] {logging_mixin.py:188} INFO - [2025-05-18T12:52:49.228+0000] {dagbag.py:545} INFO - Filling up the DagBag from /home/airflow/.local/lib/python3.9/site-packages/airflow/example_dags/example_dynamic_task_mapping.py
[2025-05-18T12:52:49.247+0000] {processor.py:840} INFO - DAG(s) 'example_dynamic_task_mapping' retrieved from /home/airflow/.local/lib/python3.9/site-packages/airflow/example_dags/example_dynamic_task_mapping.py
[2025-05-18T12:52:49.291+0000] {logging_mixin.py:188} INFO - [2025-05-18T12:52:49.291+0000] {dag.py:3096} INFO - Sync 1 DAGs
[2025-05-18T12:52:49.338+0000] {logging_mixin.py:188} INFO - [2025-05-18T12:52:49.338+0000] {dag.py:3954} INFO - Setting next_dagrun for example_dynamic_task_mapping to 2022-03-04 00:00:00+00:00, run_after=2022-03-05 00:00:00+00:00
[2025-05-18T12:52:49.375+0000] {processor.py:183} INFO - Processing /home/airflow/.local/lib/python3.9/site-packages/airflow/example_dags/example_dynamic_task_mapping.py took 0.183 seconds
[2025-05-18T12:53:19.527+0000] {processor.py:161} INFO - Started process (PID=665) to work on /home/airflow/.local/lib/python3.9/site-packages/airflow/example_dags/example_dynamic_task_mapping.py
[2025-05-18T12:53:19.528+0000] {processor.py:830} INFO - Processing file /home/airflow/.local/lib/python3.9/site-packages/airflow/example_dags/example_dynamic_task_mapping.py for tasks to queue
[2025-05-18T12:53:19.531+0000] {logging_mixin.py:188} INFO - [2025-05-18T12:53:19.531+0000] {dagbag.py:545} INFO - Filling up the DagBag from /home/airflow/.local/lib/python3.9/site-packages/airflow/example_dags/example_dynamic_task_mapping.py
[2025-05-18T12:53:19.547+0000] {processor.py:840} INFO - DAG(s) 'example_dynamic_task_mapping' retrieved from /home/airflow/.local/lib/python3.9/site-packages/airflow/example_dags/example_dynamic_task_mapping.py
[2025-05-18T12:53:19.589+0000] {logging_mixin.py:188} INFO - [2025-05-18T12:53:19.588+0000] {dag.py:3096} INFO - Sync 1 DAGs
[2025-05-18T12:53:19.624+0000] {logging_mixin.py:188} INFO - [2025-05-18T12:53:19.623+0000] {dag.py:3954} INFO - Setting next_dagrun for example_dynamic_task_mapping to 2022-03-04 00:00:00+00:00, run_after=2022-03-05 00:00:00+00:00
[2025-05-18T12:53:19.649+0000] {processor.py:183} INFO - Processing /home/airflow/.local/lib/python3.9/site-packages/airflow/example_dags/example_dynamic_task_mapping.py took 0.132 seconds
[2025-05-18T12:53:50.168+0000] {processor.py:161} INFO - Started process (PID=732) to work on /home/airflow/.local/lib/python3.9/site-packages/airflow/example_dags/example_dynamic_task_mapping.py
[2025-05-18T12:53:50.170+0000] {processor.py:830} INFO - Processing file /home/airflow/.local/lib/python3.9/site-packages/airflow/example_dags/example_dynamic_task_mapping.py for tasks to queue
[2025-05-18T12:53:50.185+0000] {logging_mixin.py:188} INFO - [2025-05-18T12:53:50.184+0000] {dagbag.py:545} INFO - Filling up the DagBag from /home/airflow/.local/lib/python3.9/site-packages/airflow/example_dags/example_dynamic_task_mapping.py
[2025-05-18T12:53:50.195+0000] {processor.py:840} INFO - DAG(s) 'example_dynamic_task_mapping' retrieved from /home/airflow/.local/lib/python3.9/site-packages/airflow/example_dags/example_dynamic_task_mapping.py
[2025-05-18T12:53:50.258+0000] {logging_mixin.py:188} INFO - [2025-05-18T12:53:50.258+0000] {dag.py:3096} INFO - Sync 1 DAGs
[2025-05-18T12:53:50.310+0000] {logging_mixin.py:188} INFO - [2025-05-18T12:53:50.310+0000] {dag.py:3954} INFO - Setting next_dagrun for example_dynamic_task_mapping to 2022-03-04 00:00:00+00:00, run_after=2022-03-05 00:00:00+00:00
[2025-05-18T12:53:50.337+0000] {processor.py:183} INFO - Processing /home/airflow/.local/lib/python3.9/site-packages/airflow/example_dags/example_dynamic_task_mapping.py took 0.182 seconds
[2025-05-18T12:54:20.448+0000] {processor.py:161} INFO - Started process (PID=806) to work on /home/airflow/.local/lib/python3.9/site-packages/airflow/example_dags/example_dynamic_task_mapping.py
[2025-05-18T12:54:20.450+0000] {processor.py:830} INFO - Processing file /home/airflow/.local/lib/python3.9/site-packages/airflow/example_dags/example_dynamic_task_mapping.py for tasks to queue
[2025-05-18T12:54:20.453+0000] {logging_mixin.py:188} INFO - [2025-05-18T12:54:20.452+0000] {dagbag.py:545} INFO - Filling up the DagBag from /home/airflow/.local/lib/python3.9/site-packages/airflow/example_dags/example_dynamic_task_mapping.py
[2025-05-18T12:54:20.468+0000] {processor.py:840} INFO - DAG(s) 'example_dynamic_task_mapping' retrieved from /home/airflow/.local/lib/python3.9/site-packages/airflow/example_dags/example_dynamic_task_mapping.py
[2025-05-18T12:54:20.512+0000] {logging_mixin.py:188} INFO - [2025-05-18T12:54:20.512+0000] {dag.py:3096} INFO - Sync 1 DAGs
[2025-05-18T12:54:20.586+0000] {logging_mixin.py:188} INFO - [2025-05-18T12:54:20.586+0000] {dag.py:3954} INFO - Setting next_dagrun for example_dynamic_task_mapping to 2022-03-04 00:00:00+00:00, run_after=2022-03-05 00:00:00+00:00
[2025-05-18T12:54:20.615+0000] {processor.py:183} INFO - Processing /home/airflow/.local/lib/python3.9/site-packages/airflow/example_dags/example_dynamic_task_mapping.py took 0.185 seconds
[2025-05-18T12:54:50.889+0000] {processor.py:161} INFO - Started process (PID=873) to work on /home/airflow/.local/lib/python3.9/site-packages/airflow/example_dags/example_dynamic_task_mapping.py
[2025-05-18T12:54:50.891+0000] {processor.py:830} INFO - Processing file /home/airflow/.local/lib/python3.9/site-packages/airflow/example_dags/example_dynamic_task_mapping.py for tasks to queue
[2025-05-18T12:54:50.893+0000] {logging_mixin.py:188} INFO - [2025-05-18T12:54:50.893+0000] {dagbag.py:545} INFO - Filling up the DagBag from /home/airflow/.local/lib/python3.9/site-packages/airflow/example_dags/example_dynamic_task_mapping.py
[2025-05-18T12:54:50.907+0000] {processor.py:840} INFO - DAG(s) 'example_dynamic_task_mapping' retrieved from /home/airflow/.local/lib/python3.9/site-packages/airflow/example_dags/example_dynamic_task_mapping.py
[2025-05-18T12:54:50.949+0000] {logging_mixin.py:188} INFO - [2025-05-18T12:54:50.948+0000] {dag.py:3096} INFO - Sync 1 DAGs
[2025-05-18T12:54:50.992+0000] {logging_mixin.py:188} INFO - [2025-05-18T12:54:50.992+0000] {dag.py:3954} INFO - Setting next_dagrun for example_dynamic_task_mapping to 2022-03-04 00:00:00+00:00, run_after=2022-03-05 00:00:00+00:00
[2025-05-18T12:54:51.031+0000] {processor.py:183} INFO - Processing /home/airflow/.local/lib/python3.9/site-packages/airflow/example_dags/example_dynamic_task_mapping.py took 0.160 seconds
[2025-05-18T12:55:21.161+0000] {processor.py:161} INFO - Started process (PID=940) to work on /home/airflow/.local/lib/python3.9/site-packages/airflow/example_dags/example_dynamic_task_mapping.py
[2025-05-18T12:55:21.162+0000] {processor.py:830} INFO - Processing file /home/airflow/.local/lib/python3.9/site-packages/airflow/example_dags/example_dynamic_task_mapping.py for tasks to queue
[2025-05-18T12:55:21.165+0000] {logging_mixin.py:188} INFO - [2025-05-18T12:55:21.165+0000] {dagbag.py:545} INFO - Filling up the DagBag from /home/airflow/.local/lib/python3.9/site-packages/airflow/example_dags/example_dynamic_task_mapping.py
[2025-05-18T12:55:21.177+0000] {processor.py:840} INFO - DAG(s) 'example_dynamic_task_mapping' retrieved from /home/airflow/.local/lib/python3.9/site-packages/airflow/example_dags/example_dynamic_task_mapping.py
[2025-05-18T12:55:21.213+0000] {logging_mixin.py:188} INFO - [2025-05-18T12:55:21.212+0000] {dag.py:3096} INFO - Sync 1 DAGs
[2025-05-18T12:55:21.243+0000] {logging_mixin.py:188} INFO - [2025-05-18T12:55:21.243+0000] {dag.py:3954} INFO - Setting next_dagrun for example_dynamic_task_mapping to 2022-03-04 00:00:00+00:00, run_after=2022-03-05 00:00:00+00:00
[2025-05-18T12:55:21.266+0000] {processor.py:183} INFO - Processing /home/airflow/.local/lib/python3.9/site-packages/airflow/example_dags/example_dynamic_task_mapping.py took 0.114 seconds
[2025-05-18T12:55:51.360+0000] {processor.py:161} INFO - Started process (PID=1007) to work on /home/airflow/.local/lib/python3.9/site-packages/airflow/example_dags/example_dynamic_task_mapping.py
[2025-05-18T12:55:51.361+0000] {processor.py:830} INFO - Processing file /home/airflow/.local/lib/python3.9/site-packages/airflow/example_dags/example_dynamic_task_mapping.py for tasks to queue
[2025-05-18T12:55:51.364+0000] {logging_mixin.py:188} INFO - [2025-05-18T12:55:51.364+0000] {dagbag.py:545} INFO - Filling up the DagBag from /home/airflow/.local/lib/python3.9/site-packages/airflow/example_dags/example_dynamic_task_mapping.py
[2025-05-18T12:55:51.376+0000] {processor.py:840} INFO - DAG(s) 'example_dynamic_task_mapping' retrieved from /home/airflow/.local/lib/python3.9/site-packages/airflow/example_dags/example_dynamic_task_mapping.py
[2025-05-18T12:55:51.416+0000] {logging_mixin.py:188} INFO - [2025-05-18T12:55:51.415+0000] {dag.py:3096} INFO - Sync 1 DAGs
[2025-05-18T12:55:51.452+0000] {logging_mixin.py:188} INFO - [2025-05-18T12:55:51.451+0000] {dag.py:3954} INFO - Setting next_dagrun for example_dynamic_task_mapping to 2022-03-04 00:00:00+00:00, run_after=2022-03-05 00:00:00+00:00
[2025-05-18T12:55:51.479+0000] {processor.py:183} INFO - Processing /home/airflow/.local/lib/python3.9/site-packages/airflow/example_dags/example_dynamic_task_mapping.py took 0.129 seconds
[2025-05-18T12:56:21.725+0000] {processor.py:161} INFO - Started process (PID=1074) to work on /home/airflow/.local/lib/python3.9/site-packages/airflow/example_dags/example_dynamic_task_mapping.py
[2025-05-18T12:56:21.727+0000] {processor.py:830} INFO - Processing file /home/airflow/.local/lib/python3.9/site-packages/airflow/example_dags/example_dynamic_task_mapping.py for tasks to queue
[2025-05-18T12:56:21.730+0000] {logging_mixin.py:188} INFO - [2025-05-18T12:56:21.729+0000] {dagbag.py:545} INFO - Filling up the DagBag from /home/airflow/.local/lib/python3.9/site-packages/airflow/example_dags/example_dynamic_task_mapping.py
[2025-05-18T12:56:21.740+0000] {processor.py:840} INFO - DAG(s) 'example_dynamic_task_mapping' retrieved from /home/airflow/.local/lib/python3.9/site-packages/airflow/example_dags/example_dynamic_task_mapping.py
[2025-05-18T12:56:21.773+0000] {logging_mixin.py:188} INFO - [2025-05-18T12:56:21.773+0000] {dag.py:3096} INFO - Sync 1 DAGs
[2025-05-18T12:56:21.810+0000] {logging_mixin.py:188} INFO - [2025-05-18T12:56:21.810+0000] {dag.py:3954} INFO - Setting next_dagrun for example_dynamic_task_mapping to 2022-03-04 00:00:00+00:00, run_after=2022-03-05 00:00:00+00:00
[2025-05-18T12:56:21.837+0000] {processor.py:183} INFO - Processing /home/airflow/.local/lib/python3.9/site-packages/airflow/example_dags/example_dynamic_task_mapping.py took 0.121 seconds
