[2025-05-18T12:49:07.427+0000] {processor.py:161} INFO - Started process (PID=123) to work on /home/airflow/.local/lib/python3.9/site-packages/airflow/example_dags/example_dag_decorator.py
[2025-05-18T12:49:07.429+0000] {processor.py:830} INFO - Processing file /home/airflow/.local/lib/python3.9/site-packages/airflow/example_dags/example_dag_decorator.py for tasks to queue
[2025-05-18T12:49:07.432+0000] {logging_mixin.py:188} INFO - [2025-05-18T12:49:07.431+0000] {dagbag.py:545} INFO - Filling up the DagBag from /home/airflow/.local/lib/python3.9/site-packages/airflow/example_dags/example_dag_decorator.py
[2025-05-18T12:49:08.726+0000] {processor.py:840} INFO - DAG(s) 'example_dag_decorator' retrieved from /home/airflow/.local/lib/python3.9/site-packages/airflow/example_dags/example_dag_decorator.py
[2025-05-18T12:49:08.831+0000] {logging_mixin.py:188} INFO - [2025-05-18T12:49:08.830+0000] {dag.py:3096} INFO - Sync 1 DAGs
[2025-05-18T12:49:08.947+0000] {logging_mixin.py:188} INFO - [2025-05-18T12:49:08.947+0000] {dag.py:3118} INFO - Creating ORM DAG for example_dag_decorator
[2025-05-18T12:49:08.949+0000] {logging_mixin.py:188} INFO - [2025-05-18T12:49:08.948+0000] {dag.py:3954} INFO - Setting next_dagrun for example_dag_decorator to None, run_after=None
[2025-05-18T12:49:09.126+0000] {processor.py:183} INFO - Processing /home/airflow/.local/lib/python3.9/site-packages/airflow/example_dags/example_dag_decorator.py took 1.759 seconds
[2025-05-18T12:49:41.628+0000] {processor.py:161} INFO - Started process (PID=190) to work on /home/airflow/.local/lib/python3.9/site-packages/airflow/example_dags/example_dag_decorator.py
[2025-05-18T12:49:41.629+0000] {processor.py:830} INFO - Processing file /home/airflow/.local/lib/python3.9/site-packages/airflow/example_dags/example_dag_decorator.py for tasks to queue
[2025-05-18T12:49:41.631+0000] {logging_mixin.py:188} INFO - [2025-05-18T12:49:41.631+0000] {dagbag.py:545} INFO - Filling up the DagBag from /home/airflow/.local/lib/python3.9/site-packages/airflow/example_dags/example_dag_decorator.py
[2025-05-18T12:49:41.758+0000] {processor.py:840} INFO - DAG(s) 'example_dag_decorator' retrieved from /home/airflow/.local/lib/python3.9/site-packages/airflow/example_dags/example_dag_decorator.py
[2025-05-18T12:49:41.970+0000] {logging_mixin.py:188} INFO - [2025-05-18T12:49:41.969+0000] {dag.py:3096} INFO - Sync 1 DAGs
[2025-05-18T12:49:41.995+0000] {logging_mixin.py:188} INFO - [2025-05-18T12:49:41.995+0000] {dag.py:3954} INFO - Setting next_dagrun for example_dag_decorator to None, run_after=None
[2025-05-18T12:49:42.051+0000] {processor.py:183} INFO - Processing /home/airflow/.local/lib/python3.9/site-packages/airflow/example_dags/example_dag_decorator.py took 0.440 seconds
[2025-05-18T12:50:12.899+0000] {processor.py:161} INFO - Started process (PID=255) to work on /home/airflow/.local/lib/python3.9/site-packages/airflow/example_dags/example_dag_decorator.py
[2025-05-18T12:50:12.900+0000] {processor.py:830} INFO - Processing file /home/airflow/.local/lib/python3.9/site-packages/airflow/example_dags/example_dag_decorator.py for tasks to queue
[2025-05-18T12:50:12.902+0000] {logging_mixin.py:188} INFO - [2025-05-18T12:50:12.902+0000] {dagbag.py:545} INFO - Filling up the DagBag from /home/airflow/.local/lib/python3.9/site-packages/airflow/example_dags/example_dag_decorator.py
[2025-05-18T12:50:13.031+0000] {processor.py:840} INFO - DAG(s) 'example_dag_decorator' retrieved from /home/airflow/.local/lib/python3.9/site-packages/airflow/example_dags/example_dag_decorator.py
[2025-05-18T12:50:13.290+0000] {logging_mixin.py:188} INFO - [2025-05-18T12:50:13.289+0000] {dag.py:3096} INFO - Sync 1 DAGs
[2025-05-18T12:50:13.319+0000] {logging_mixin.py:188} INFO - [2025-05-18T12:50:13.318+0000] {dag.py:3954} INFO - Setting next_dagrun for example_dag_decorator to None, run_after=None
[2025-05-18T12:50:13.353+0000] {processor.py:183} INFO - Processing /home/airflow/.local/lib/python3.9/site-packages/airflow/example_dags/example_dag_decorator.py took 0.463 seconds
[2025-05-18T12:50:43.692+0000] {processor.py:161} INFO - Started process (PID=321) to work on /home/airflow/.local/lib/python3.9/site-packages/airflow/example_dags/example_dag_decorator.py
[2025-05-18T12:50:43.693+0000] {processor.py:830} INFO - Processing file /home/airflow/.local/lib/python3.9/site-packages/airflow/example_dags/example_dag_decorator.py for tasks to queue
[2025-05-18T12:50:43.704+0000] {logging_mixin.py:188} INFO - [2025-05-18T12:50:43.696+0000] {dagbag.py:545} INFO - Filling up the DagBag from /home/airflow/.local/lib/python3.9/site-packages/airflow/example_dags/example_dag_decorator.py
[2025-05-18T12:50:43.940+0000] {processor.py:840} INFO - DAG(s) 'example_dag_decorator' retrieved from /home/airflow/.local/lib/python3.9/site-packages/airflow/example_dags/example_dag_decorator.py
[2025-05-18T12:50:44.092+0000] {logging_mixin.py:188} INFO - [2025-05-18T12:50:44.092+0000] {dag.py:3096} INFO - Sync 1 DAGs
[2025-05-18T12:50:44.113+0000] {logging_mixin.py:188} INFO - [2025-05-18T12:50:44.112+0000] {dag.py:3954} INFO - Setting next_dagrun for example_dag_decorator to None, run_after=None
[2025-05-18T12:50:44.153+0000] {processor.py:183} INFO - Processing /home/airflow/.local/lib/python3.9/site-packages/airflow/example_dags/example_dag_decorator.py took 0.486 seconds
[2025-05-18T12:51:14.216+0000] {processor.py:161} INFO - Started process (PID=387) to work on /home/airflow/.local/lib/python3.9/site-packages/airflow/example_dags/example_dag_decorator.py
[2025-05-18T12:51:14.218+0000] {processor.py:830} INFO - Processing file /home/airflow/.local/lib/python3.9/site-packages/airflow/example_dags/example_dag_decorator.py for tasks to queue
[2025-05-18T12:51:14.225+0000] {logging_mixin.py:188} INFO - [2025-05-18T12:51:14.220+0000] {dagbag.py:545} INFO - Filling up the DagBag from /home/airflow/.local/lib/python3.9/site-packages/airflow/example_dags/example_dag_decorator.py
[2025-05-18T12:51:14.433+0000] {processor.py:840} INFO - DAG(s) 'example_dag_decorator' retrieved from /home/airflow/.local/lib/python3.9/site-packages/airflow/example_dags/example_dag_decorator.py
[2025-05-18T12:51:14.828+0000] {logging_mixin.py:188} INFO - [2025-05-18T12:51:14.827+0000] {dag.py:3096} INFO - Sync 1 DAGs
[2025-05-18T12:51:14.869+0000] {logging_mixin.py:188} INFO - [2025-05-18T12:51:14.868+0000] {dag.py:3954} INFO - Setting next_dagrun for example_dag_decorator to None, run_after=None
[2025-05-18T12:51:14.926+0000] {processor.py:183} INFO - Processing /home/airflow/.local/lib/python3.9/site-packages/airflow/example_dags/example_dag_decorator.py took 0.720 seconds
[2025-05-18T12:51:44.985+0000] {processor.py:161} INFO - Started process (PID=455) to work on /home/airflow/.local/lib/python3.9/site-packages/airflow/example_dags/example_dag_decorator.py
[2025-05-18T12:51:44.987+0000] {processor.py:830} INFO - Processing file /home/airflow/.local/lib/python3.9/site-packages/airflow/example_dags/example_dag_decorator.py for tasks to queue
[2025-05-18T12:51:44.989+0000] {logging_mixin.py:188} INFO - [2025-05-18T12:51:44.989+0000] {dagbag.py:545} INFO - Filling up the DagBag from /home/airflow/.local/lib/python3.9/site-packages/airflow/example_dags/example_dag_decorator.py
[2025-05-18T12:51:45.104+0000] {processor.py:840} INFO - DAG(s) 'example_dag_decorator' retrieved from /home/airflow/.local/lib/python3.9/site-packages/airflow/example_dags/example_dag_decorator.py
[2025-05-18T12:51:45.239+0000] {logging_mixin.py:188} INFO - [2025-05-18T12:51:45.239+0000] {dag.py:3096} INFO - Sync 1 DAGs
[2025-05-18T12:51:45.253+0000] {logging_mixin.py:188} INFO - [2025-05-18T12:51:45.253+0000] {dag.py:3954} INFO - Setting next_dagrun for example_dag_decorator to None, run_after=None
[2025-05-18T12:51:45.275+0000] {processor.py:183} INFO - Processing /home/airflow/.local/lib/python3.9/site-packages/airflow/example_dags/example_dag_decorator.py took 0.303 seconds
[2025-05-18T12:52:15.351+0000] {processor.py:161} INFO - Started process (PID=528) to work on /home/airflow/.local/lib/python3.9/site-packages/airflow/example_dags/example_dag_decorator.py
[2025-05-18T12:52:15.352+0000] {processor.py:830} INFO - Processing file /home/airflow/.local/lib/python3.9/site-packages/airflow/example_dags/example_dag_decorator.py for tasks to queue
[2025-05-18T12:52:15.355+0000] {logging_mixin.py:188} INFO - [2025-05-18T12:52:15.355+0000] {dagbag.py:545} INFO - Filling up the DagBag from /home/airflow/.local/lib/python3.9/site-packages/airflow/example_dags/example_dag_decorator.py
[2025-05-18T12:52:15.465+0000] {processor.py:840} INFO - DAG(s) 'example_dag_decorator' retrieved from /home/airflow/.local/lib/python3.9/site-packages/airflow/example_dags/example_dag_decorator.py
[2025-05-18T12:52:15.618+0000] {logging_mixin.py:188} INFO - [2025-05-18T12:52:15.618+0000] {dag.py:3096} INFO - Sync 1 DAGs
[2025-05-18T12:52:15.631+0000] {logging_mixin.py:188} INFO - [2025-05-18T12:52:15.631+0000] {dag.py:3954} INFO - Setting next_dagrun for example_dag_decorator to None, run_after=None
[2025-05-18T12:52:15.652+0000] {processor.py:183} INFO - Processing /home/airflow/.local/lib/python3.9/site-packages/airflow/example_dags/example_dag_decorator.py took 0.315 seconds
[2025-05-18T12:52:45.764+0000] {processor.py:161} INFO - Started process (PID=594) to work on /home/airflow/.local/lib/python3.9/site-packages/airflow/example_dags/example_dag_decorator.py
[2025-05-18T12:52:45.766+0000] {processor.py:830} INFO - Processing file /home/airflow/.local/lib/python3.9/site-packages/airflow/example_dags/example_dag_decorator.py for tasks to queue
[2025-05-18T12:52:45.768+0000] {logging_mixin.py:188} INFO - [2025-05-18T12:52:45.768+0000] {dagbag.py:545} INFO - Filling up the DagBag from /home/airflow/.local/lib/python3.9/site-packages/airflow/example_dags/example_dag_decorator.py
[2025-05-18T12:52:45.878+0000] {processor.py:840} INFO - DAG(s) 'example_dag_decorator' retrieved from /home/airflow/.local/lib/python3.9/site-packages/airflow/example_dags/example_dag_decorator.py
[2025-05-18T12:52:45.922+0000] {logging_mixin.py:188} INFO - [2025-05-18T12:52:45.922+0000] {dag.py:3096} INFO - Sync 1 DAGs
[2025-05-18T12:52:45.944+0000] {logging_mixin.py:188} INFO - [2025-05-18T12:52:45.944+0000] {dag.py:3954} INFO - Setting next_dagrun for example_dag_decorator to None, run_after=None
[2025-05-18T12:52:45.975+0000] {processor.py:183} INFO - Processing /home/airflow/.local/lib/python3.9/site-packages/airflow/example_dags/example_dag_decorator.py took 0.220 seconds
[2025-05-18T12:53:16.609+0000] {processor.py:161} INFO - Started process (PID=657) to work on /home/airflow/.local/lib/python3.9/site-packages/airflow/example_dags/example_dag_decorator.py
[2025-05-18T12:53:16.610+0000] {processor.py:830} INFO - Processing file /home/airflow/.local/lib/python3.9/site-packages/airflow/example_dags/example_dag_decorator.py for tasks to queue
[2025-05-18T12:53:16.613+0000] {logging_mixin.py:188} INFO - [2025-05-18T12:53:16.612+0000] {dagbag.py:545} INFO - Filling up the DagBag from /home/airflow/.local/lib/python3.9/site-packages/airflow/example_dags/example_dag_decorator.py
[2025-05-18T12:53:16.793+0000] {processor.py:840} INFO - DAG(s) 'example_dag_decorator' retrieved from /home/airflow/.local/lib/python3.9/site-packages/airflow/example_dags/example_dag_decorator.py
[2025-05-18T12:53:17.025+0000] {logging_mixin.py:188} INFO - [2025-05-18T12:53:17.025+0000] {dag.py:3096} INFO - Sync 1 DAGs
[2025-05-18T12:53:17.049+0000] {logging_mixin.py:188} INFO - [2025-05-18T12:53:17.049+0000] {dag.py:3954} INFO - Setting next_dagrun for example_dag_decorator to None, run_after=None
[2025-05-18T12:53:17.130+0000] {processor.py:183} INFO - Processing /home/airflow/.local/lib/python3.9/site-packages/airflow/example_dags/example_dag_decorator.py took 0.531 seconds
[2025-05-18T12:53:47.322+0000] {processor.py:161} INFO - Started process (PID=724) to work on /home/airflow/.local/lib/python3.9/site-packages/airflow/example_dags/example_dag_decorator.py
[2025-05-18T12:53:47.324+0000] {processor.py:830} INFO - Processing file /home/airflow/.local/lib/python3.9/site-packages/airflow/example_dags/example_dag_decorator.py for tasks to queue
[2025-05-18T12:53:47.326+0000] {logging_mixin.py:188} INFO - [2025-05-18T12:53:47.326+0000] {dagbag.py:545} INFO - Filling up the DagBag from /home/airflow/.local/lib/python3.9/site-packages/airflow/example_dags/example_dag_decorator.py
[2025-05-18T12:53:47.540+0000] {processor.py:840} INFO - DAG(s) 'example_dag_decorator' retrieved from /home/airflow/.local/lib/python3.9/site-packages/airflow/example_dags/example_dag_decorator.py
[2025-05-18T12:53:47.770+0000] {logging_mixin.py:188} INFO - [2025-05-18T12:53:47.770+0000] {dag.py:3096} INFO - Sync 1 DAGs
[2025-05-18T12:53:47.797+0000] {logging_mixin.py:188} INFO - [2025-05-18T12:53:47.797+0000] {dag.py:3954} INFO - Setting next_dagrun for example_dag_decorator to None, run_after=None
[2025-05-18T12:53:47.853+0000] {processor.py:183} INFO - Processing /home/airflow/.local/lib/python3.9/site-packages/airflow/example_dags/example_dag_decorator.py took 0.540 seconds
[2025-05-18T12:54:17.998+0000] {processor.py:161} INFO - Started process (PID=793) to work on /home/airflow/.local/lib/python3.9/site-packages/airflow/example_dags/example_dag_decorator.py
[2025-05-18T12:54:18.000+0000] {processor.py:830} INFO - Processing file /home/airflow/.local/lib/python3.9/site-packages/airflow/example_dags/example_dag_decorator.py for tasks to queue
[2025-05-18T12:54:18.003+0000] {logging_mixin.py:188} INFO - [2025-05-18T12:54:18.003+0000] {dagbag.py:545} INFO - Filling up the DagBag from /home/airflow/.local/lib/python3.9/site-packages/airflow/example_dags/example_dag_decorator.py
[2025-05-18T12:54:18.125+0000] {processor.py:840} INFO - DAG(s) 'example_dag_decorator' retrieved from /home/airflow/.local/lib/python3.9/site-packages/airflow/example_dags/example_dag_decorator.py
[2025-05-18T12:54:18.313+0000] {logging_mixin.py:188} INFO - [2025-05-18T12:54:18.312+0000] {dag.py:3096} INFO - Sync 1 DAGs
[2025-05-18T12:54:18.349+0000] {logging_mixin.py:188} INFO - [2025-05-18T12:54:18.348+0000] {dag.py:3954} INFO - Setting next_dagrun for example_dag_decorator to None, run_after=None
[2025-05-18T12:54:18.371+0000] {processor.py:183} INFO - Processing /home/airflow/.local/lib/python3.9/site-packages/airflow/example_dags/example_dag_decorator.py took 0.385 seconds
[2025-05-18T12:54:48.450+0000] {processor.py:161} INFO - Started process (PID=871) to work on /home/airflow/.local/lib/python3.9/site-packages/airflow/example_dags/example_dag_decorator.py
[2025-05-18T12:54:48.452+0000] {processor.py:830} INFO - Processing file /home/airflow/.local/lib/python3.9/site-packages/airflow/example_dags/example_dag_decorator.py for tasks to queue
[2025-05-18T12:54:48.454+0000] {logging_mixin.py:188} INFO - [2025-05-18T12:54:48.454+0000] {dagbag.py:545} INFO - Filling up the DagBag from /home/airflow/.local/lib/python3.9/site-packages/airflow/example_dags/example_dag_decorator.py
[2025-05-18T12:54:48.574+0000] {processor.py:840} INFO - DAG(s) 'example_dag_decorator' retrieved from /home/airflow/.local/lib/python3.9/site-packages/airflow/example_dags/example_dag_decorator.py
[2025-05-18T12:54:48.766+0000] {logging_mixin.py:188} INFO - [2025-05-18T12:54:48.766+0000] {dag.py:3096} INFO - Sync 1 DAGs
[2025-05-18T12:54:48.784+0000] {logging_mixin.py:188} INFO - [2025-05-18T12:54:48.783+0000] {dag.py:3954} INFO - Setting next_dagrun for example_dag_decorator to None, run_after=None
[2025-05-18T12:54:48.811+0000] {processor.py:183} INFO - Processing /home/airflow/.local/lib/python3.9/site-packages/airflow/example_dags/example_dag_decorator.py took 0.370 seconds
[2025-05-18T12:55:19.088+0000] {processor.py:161} INFO - Started process (PID=938) to work on /home/airflow/.local/lib/python3.9/site-packages/airflow/example_dags/example_dag_decorator.py
[2025-05-18T12:55:19.089+0000] {processor.py:830} INFO - Processing file /home/airflow/.local/lib/python3.9/site-packages/airflow/example_dags/example_dag_decorator.py for tasks to queue
[2025-05-18T12:55:19.092+0000] {logging_mixin.py:188} INFO - [2025-05-18T12:55:19.091+0000] {dagbag.py:545} INFO - Filling up the DagBag from /home/airflow/.local/lib/python3.9/site-packages/airflow/example_dags/example_dag_decorator.py
[2025-05-18T12:55:19.203+0000] {processor.py:840} INFO - DAG(s) 'example_dag_decorator' retrieved from /home/airflow/.local/lib/python3.9/site-packages/airflow/example_dags/example_dag_decorator.py
[2025-05-18T12:55:19.329+0000] {logging_mixin.py:188} INFO - [2025-05-18T12:55:19.329+0000] {dag.py:3096} INFO - Sync 1 DAGs
[2025-05-18T12:55:19.343+0000] {logging_mixin.py:188} INFO - [2025-05-18T12:55:19.342+0000] {dag.py:3954} INFO - Setting next_dagrun for example_dag_decorator to None, run_after=None
[2025-05-18T12:55:19.364+0000] {processor.py:183} INFO - Processing /home/airflow/.local/lib/python3.9/site-packages/airflow/example_dags/example_dag_decorator.py took 0.294 seconds
[2025-05-18T12:55:50.302+0000] {processor.py:161} INFO - Started process (PID=1005) to work on /home/airflow/.local/lib/python3.9/site-packages/airflow/example_dags/example_dag_decorator.py
[2025-05-18T12:55:50.304+0000] {processor.py:830} INFO - Processing file /home/airflow/.local/lib/python3.9/site-packages/airflow/example_dags/example_dag_decorator.py for tasks to queue
[2025-05-18T12:55:50.306+0000] {logging_mixin.py:188} INFO - [2025-05-18T12:55:50.306+0000] {dagbag.py:545} INFO - Filling up the DagBag from /home/airflow/.local/lib/python3.9/site-packages/airflow/example_dags/example_dag_decorator.py
[2025-05-18T12:55:50.419+0000] {processor.py:840} INFO - DAG(s) 'example_dag_decorator' retrieved from /home/airflow/.local/lib/python3.9/site-packages/airflow/example_dags/example_dag_decorator.py
[2025-05-18T12:55:50.555+0000] {logging_mixin.py:188} INFO - [2025-05-18T12:55:50.555+0000] {dag.py:3096} INFO - Sync 1 DAGs
[2025-05-18T12:55:50.571+0000] {logging_mixin.py:188} INFO - [2025-05-18T12:55:50.571+0000] {dag.py:3954} INFO - Setting next_dagrun for example_dag_decorator to None, run_after=None
[2025-05-18T12:55:50.597+0000] {processor.py:183} INFO - Processing /home/airflow/.local/lib/python3.9/site-packages/airflow/example_dags/example_dag_decorator.py took 0.305 seconds
[2025-05-18T12:56:20.685+0000] {processor.py:161} INFO - Started process (PID=1072) to work on /home/airflow/.local/lib/python3.9/site-packages/airflow/example_dags/example_dag_decorator.py
[2025-05-18T12:56:20.687+0000] {processor.py:830} INFO - Processing file /home/airflow/.local/lib/python3.9/site-packages/airflow/example_dags/example_dag_decorator.py for tasks to queue
[2025-05-18T12:56:20.690+0000] {logging_mixin.py:188} INFO - [2025-05-18T12:56:20.690+0000] {dagbag.py:545} INFO - Filling up the DagBag from /home/airflow/.local/lib/python3.9/site-packages/airflow/example_dags/example_dag_decorator.py
[2025-05-18T12:56:20.807+0000] {processor.py:840} INFO - DAG(s) 'example_dag_decorator' retrieved from /home/airflow/.local/lib/python3.9/site-packages/airflow/example_dags/example_dag_decorator.py
[2025-05-18T12:56:20.946+0000] {logging_mixin.py:188} INFO - [2025-05-18T12:56:20.945+0000] {dag.py:3096} INFO - Sync 1 DAGs
[2025-05-18T12:56:20.962+0000] {logging_mixin.py:188} INFO - [2025-05-18T12:56:20.962+0000] {dag.py:3954} INFO - Setting next_dagrun for example_dag_decorator to None, run_after=None
[2025-05-18T12:56:20.991+0000] {processor.py:183} INFO - Processing /home/airflow/.local/lib/python3.9/site-packages/airflow/example_dags/example_dag_decorator.py took 0.317 seconds
