[2025-05-18T12:49:03.065+0000] {processor.py:161} INFO - Started process (PID=109) to work on /home/airflow/.local/lib/python3.9/site-packages/airflow/example_dags/example_branch_operator_decorator.py
[2025-05-18T12:49:03.066+0000] {processor.py:830} INFO - Processing file /home/airflow/.local/lib/python3.9/site-packages/airflow/example_dags/example_branch_operator_decorator.py for tasks to queue
[2025-05-18T12:49:03.086+0000] {logging_mixin.py:188} INFO - [2025-05-18T12:49:03.085+0000] {dagbag.py:545} INFO - Filling up the DagBag from /home/airflow/.local/lib/python3.9/site-packages/airflow/example_dags/example_branch_operator_decorator.py
[2025-05-18T12:49:03.245+0000] {processor.py:840} INFO - DAG(s) 'example_branch_python_operator_decorator' retrieved from /home/airflow/.local/lib/python3.9/site-packages/airflow/example_dags/example_branch_operator_decorator.py
[2025-05-18T12:49:03.334+0000] {logging_mixin.py:188} INFO - [2025-05-18T12:49:03.334+0000] {dag.py:3096} INFO - Sync 1 DAGs
[2025-05-18T12:49:03.391+0000] {logging_mixin.py:188} INFO - [2025-05-18T12:49:03.391+0000] {dag.py:3118} INFO - Creating ORM DAG for example_branch_python_operator_decorator
[2025-05-18T12:49:03.505+0000] {logging_mixin.py:188} INFO - [2025-05-18T12:49:03.492+0000] {dag.py:3954} INFO - Setting next_dagrun for example_branch_python_operator_decorator to 2025-05-17 00:00:00+00:00, run_after=2025-05-18 00:00:00+00:00
[2025-05-18T12:49:03.672+0000] {processor.py:183} INFO - Processing /home/airflow/.local/lib/python3.9/site-packages/airflow/example_dags/example_branch_operator_decorator.py took 0.684 seconds
[2025-05-18T12:49:36.185+0000] {processor.py:161} INFO - Started process (PID=175) to work on /home/airflow/.local/lib/python3.9/site-packages/airflow/example_dags/example_branch_operator_decorator.py
[2025-05-18T12:49:36.187+0000] {processor.py:830} INFO - Processing file /home/airflow/.local/lib/python3.9/site-packages/airflow/example_dags/example_branch_operator_decorator.py for tasks to queue
[2025-05-18T12:49:36.191+0000] {logging_mixin.py:188} INFO - [2025-05-18T12:49:36.190+0000] {dagbag.py:545} INFO - Filling up the DagBag from /home/airflow/.local/lib/python3.9/site-packages/airflow/example_dags/example_branch_operator_decorator.py
[2025-05-18T12:49:36.327+0000] {processor.py:840} INFO - DAG(s) 'example_branch_python_operator_decorator' retrieved from /home/airflow/.local/lib/python3.9/site-packages/airflow/example_dags/example_branch_operator_decorator.py
[2025-05-18T12:49:36.705+0000] {logging_mixin.py:188} INFO - [2025-05-18T12:49:36.705+0000] {dag.py:3096} INFO - Sync 1 DAGs
[2025-05-18T12:49:37.299+0000] {logging_mixin.py:188} INFO - [2025-05-18T12:49:37.299+0000] {dag.py:3954} INFO - Setting next_dagrun for example_branch_python_operator_decorator to 2025-05-17 00:00:00+00:00, run_after=2025-05-18 00:00:00+00:00
[2025-05-18T12:49:37.407+0000] {processor.py:183} INFO - Processing /home/airflow/.local/lib/python3.9/site-packages/airflow/example_dags/example_branch_operator_decorator.py took 1.256 seconds
[2025-05-18T12:50:07.908+0000] {processor.py:161} INFO - Started process (PID=241) to work on /home/airflow/.local/lib/python3.9/site-packages/airflow/example_dags/example_branch_operator_decorator.py
[2025-05-18T12:50:07.910+0000] {processor.py:830} INFO - Processing file /home/airflow/.local/lib/python3.9/site-packages/airflow/example_dags/example_branch_operator_decorator.py for tasks to queue
[2025-05-18T12:50:07.914+0000] {logging_mixin.py:188} INFO - [2025-05-18T12:50:07.913+0000] {dagbag.py:545} INFO - Filling up the DagBag from /home/airflow/.local/lib/python3.9/site-packages/airflow/example_dags/example_branch_operator_decorator.py
[2025-05-18T12:50:08.051+0000] {processor.py:840} INFO - DAG(s) 'example_branch_python_operator_decorator' retrieved from /home/airflow/.local/lib/python3.9/site-packages/airflow/example_dags/example_branch_operator_decorator.py
[2025-05-18T12:50:08.251+0000] {logging_mixin.py:188} INFO - [2025-05-18T12:50:08.251+0000] {dag.py:3096} INFO - Sync 1 DAGs
[2025-05-18T12:50:08.411+0000] {logging_mixin.py:188} INFO - [2025-05-18T12:50:08.410+0000] {dag.py:3954} INFO - Setting next_dagrun for example_branch_python_operator_decorator to 2025-05-17 00:00:00+00:00, run_after=2025-05-18 00:00:00+00:00
[2025-05-18T12:50:08.527+0000] {processor.py:183} INFO - Processing /home/airflow/.local/lib/python3.9/site-packages/airflow/example_dags/example_branch_operator_decorator.py took 0.638 seconds
[2025-05-18T12:50:38.590+0000] {processor.py:161} INFO - Started process (PID=307) to work on /home/airflow/.local/lib/python3.9/site-packages/airflow/example_dags/example_branch_operator_decorator.py
[2025-05-18T12:50:38.592+0000] {processor.py:830} INFO - Processing file /home/airflow/.local/lib/python3.9/site-packages/airflow/example_dags/example_branch_operator_decorator.py for tasks to queue
[2025-05-18T12:50:38.597+0000] {logging_mixin.py:188} INFO - [2025-05-18T12:50:38.597+0000] {dagbag.py:545} INFO - Filling up the DagBag from /home/airflow/.local/lib/python3.9/site-packages/airflow/example_dags/example_branch_operator_decorator.py
[2025-05-18T12:50:38.628+0000] {processor.py:840} INFO - DAG(s) 'example_branch_python_operator_decorator' retrieved from /home/airflow/.local/lib/python3.9/site-packages/airflow/example_dags/example_branch_operator_decorator.py
[2025-05-18T12:50:38.678+0000] {logging_mixin.py:188} INFO - [2025-05-18T12:50:38.677+0000] {dag.py:3096} INFO - Sync 1 DAGs
[2025-05-18T12:50:38.715+0000] {logging_mixin.py:188} INFO - [2025-05-18T12:50:38.715+0000] {dag.py:3954} INFO - Setting next_dagrun for example_branch_python_operator_decorator to 2025-05-17 00:00:00+00:00, run_after=2025-05-18 00:00:00+00:00
[2025-05-18T12:50:38.750+0000] {processor.py:183} INFO - Processing /home/airflow/.local/lib/python3.9/site-packages/airflow/example_dags/example_branch_operator_decorator.py took 0.172 seconds
[2025-05-18T12:51:08.857+0000] {processor.py:161} INFO - Started process (PID=373) to work on /home/airflow/.local/lib/python3.9/site-packages/airflow/example_dags/example_branch_operator_decorator.py
[2025-05-18T12:51:08.858+0000] {processor.py:830} INFO - Processing file /home/airflow/.local/lib/python3.9/site-packages/airflow/example_dags/example_branch_operator_decorator.py for tasks to queue
[2025-05-18T12:51:08.861+0000] {logging_mixin.py:188} INFO - [2025-05-18T12:51:08.861+0000] {dagbag.py:545} INFO - Filling up the DagBag from /home/airflow/.local/lib/python3.9/site-packages/airflow/example_dags/example_branch_operator_decorator.py
[2025-05-18T12:51:08.894+0000] {processor.py:840} INFO - DAG(s) 'example_branch_python_operator_decorator' retrieved from /home/airflow/.local/lib/python3.9/site-packages/airflow/example_dags/example_branch_operator_decorator.py
[2025-05-18T12:51:08.943+0000] {logging_mixin.py:188} INFO - [2025-05-18T12:51:08.943+0000] {dag.py:3096} INFO - Sync 1 DAGs
[2025-05-18T12:51:08.989+0000] {logging_mixin.py:188} INFO - [2025-05-18T12:51:08.989+0000] {dag.py:3954} INFO - Setting next_dagrun for example_branch_python_operator_decorator to 2025-05-17 00:00:00+00:00, run_after=2025-05-18 00:00:00+00:00
[2025-05-18T12:51:09.015+0000] {processor.py:183} INFO - Processing /home/airflow/.local/lib/python3.9/site-packages/airflow/example_dags/example_branch_operator_decorator.py took 0.167 seconds
[2025-05-18T12:51:39.308+0000] {processor.py:161} INFO - Started process (PID=439) to work on /home/airflow/.local/lib/python3.9/site-packages/airflow/example_dags/example_branch_operator_decorator.py
[2025-05-18T12:51:39.309+0000] {processor.py:830} INFO - Processing file /home/airflow/.local/lib/python3.9/site-packages/airflow/example_dags/example_branch_operator_decorator.py for tasks to queue
[2025-05-18T12:51:39.324+0000] {logging_mixin.py:188} INFO - [2025-05-18T12:51:39.312+0000] {dagbag.py:545} INFO - Filling up the DagBag from /home/airflow/.local/lib/python3.9/site-packages/airflow/example_dags/example_branch_operator_decorator.py
[2025-05-18T12:51:39.359+0000] {processor.py:840} INFO - DAG(s) 'example_branch_python_operator_decorator' retrieved from /home/airflow/.local/lib/python3.9/site-packages/airflow/example_dags/example_branch_operator_decorator.py
[2025-05-18T12:51:39.424+0000] {logging_mixin.py:188} INFO - [2025-05-18T12:51:39.416+0000] {dag.py:3096} INFO - Sync 1 DAGs
[2025-05-18T12:51:39.488+0000] {logging_mixin.py:188} INFO - [2025-05-18T12:51:39.487+0000] {dag.py:3954} INFO - Setting next_dagrun for example_branch_python_operator_decorator to 2025-05-17 00:00:00+00:00, run_after=2025-05-18 00:00:00+00:00
[2025-05-18T12:51:39.546+0000] {processor.py:183} INFO - Processing /home/airflow/.local/lib/python3.9/site-packages/airflow/example_dags/example_branch_operator_decorator.py took 0.253 seconds
[2025-05-18T12:52:09.645+0000] {processor.py:161} INFO - Started process (PID=505) to work on /home/airflow/.local/lib/python3.9/site-packages/airflow/example_dags/example_branch_operator_decorator.py
[2025-05-18T12:52:09.647+0000] {processor.py:830} INFO - Processing file /home/airflow/.local/lib/python3.9/site-packages/airflow/example_dags/example_branch_operator_decorator.py for tasks to queue
[2025-05-18T12:52:09.649+0000] {logging_mixin.py:188} INFO - [2025-05-18T12:52:09.649+0000] {dagbag.py:545} INFO - Filling up the DagBag from /home/airflow/.local/lib/python3.9/site-packages/airflow/example_dags/example_branch_operator_decorator.py
[2025-05-18T12:52:09.688+0000] {processor.py:840} INFO - DAG(s) 'example_branch_python_operator_decorator' retrieved from /home/airflow/.local/lib/python3.9/site-packages/airflow/example_dags/example_branch_operator_decorator.py
[2025-05-18T12:52:09.754+0000] {logging_mixin.py:188} INFO - [2025-05-18T12:52:09.754+0000] {dag.py:3096} INFO - Sync 1 DAGs
[2025-05-18T12:52:09.808+0000] {logging_mixin.py:188} INFO - [2025-05-18T12:52:09.808+0000] {dag.py:3954} INFO - Setting next_dagrun for example_branch_python_operator_decorator to 2025-05-17 00:00:00+00:00, run_after=2025-05-18 00:00:00+00:00
[2025-05-18T12:52:09.846+0000] {processor.py:183} INFO - Processing /home/airflow/.local/lib/python3.9/site-packages/airflow/example_dags/example_branch_operator_decorator.py took 0.218 seconds
[2025-05-18T12:52:40.184+0000] {processor.py:161} INFO - Started process (PID=571) to work on /home/airflow/.local/lib/python3.9/site-packages/airflow/example_dags/example_branch_operator_decorator.py
[2025-05-18T12:52:40.186+0000] {processor.py:830} INFO - Processing file /home/airflow/.local/lib/python3.9/site-packages/airflow/example_dags/example_branch_operator_decorator.py for tasks to queue
[2025-05-18T12:52:40.189+0000] {logging_mixin.py:188} INFO - [2025-05-18T12:52:40.189+0000] {dagbag.py:545} INFO - Filling up the DagBag from /home/airflow/.local/lib/python3.9/site-packages/airflow/example_dags/example_branch_operator_decorator.py
[2025-05-18T12:52:40.218+0000] {processor.py:840} INFO - DAG(s) 'example_branch_python_operator_decorator' retrieved from /home/airflow/.local/lib/python3.9/site-packages/airflow/example_dags/example_branch_operator_decorator.py
[2025-05-18T12:52:40.261+0000] {logging_mixin.py:188} INFO - [2025-05-18T12:52:40.261+0000] {dag.py:3096} INFO - Sync 1 DAGs
[2025-05-18T12:52:40.300+0000] {logging_mixin.py:188} INFO - [2025-05-18T12:52:40.299+0000] {dag.py:3954} INFO - Setting next_dagrun for example_branch_python_operator_decorator to 2025-05-17 00:00:00+00:00, run_after=2025-05-18 00:00:00+00:00
[2025-05-18T12:52:40.331+0000] {processor.py:183} INFO - Processing /home/airflow/.local/lib/python3.9/site-packages/airflow/example_dags/example_branch_operator_decorator.py took 0.155 seconds
[2025-05-18T12:53:11.025+0000] {processor.py:161} INFO - Started process (PID=643) to work on /home/airflow/.local/lib/python3.9/site-packages/airflow/example_dags/example_branch_operator_decorator.py
[2025-05-18T12:53:11.027+0000] {processor.py:830} INFO - Processing file /home/airflow/.local/lib/python3.9/site-packages/airflow/example_dags/example_branch_operator_decorator.py for tasks to queue
[2025-05-18T12:53:11.030+0000] {logging_mixin.py:188} INFO - [2025-05-18T12:53:11.030+0000] {dagbag.py:545} INFO - Filling up the DagBag from /home/airflow/.local/lib/python3.9/site-packages/airflow/example_dags/example_branch_operator_decorator.py
[2025-05-18T12:53:11.113+0000] {processor.py:840} INFO - DAG(s) 'example_branch_python_operator_decorator' retrieved from /home/airflow/.local/lib/python3.9/site-packages/airflow/example_dags/example_branch_operator_decorator.py
[2025-05-18T12:53:11.205+0000] {logging_mixin.py:188} INFO - [2025-05-18T12:53:11.205+0000] {dag.py:3096} INFO - Sync 1 DAGs
[2025-05-18T12:53:11.270+0000] {logging_mixin.py:188} INFO - [2025-05-18T12:53:11.270+0000] {dag.py:3954} INFO - Setting next_dagrun for example_branch_python_operator_decorator to 2025-05-17 00:00:00+00:00, run_after=2025-05-18 00:00:00+00:00
[2025-05-18T12:53:11.309+0000] {processor.py:183} INFO - Processing /home/airflow/.local/lib/python3.9/site-packages/airflow/example_dags/example_branch_operator_decorator.py took 0.301 seconds
[2025-05-18T12:53:41.695+0000] {processor.py:161} INFO - Started process (PID=710) to work on /home/airflow/.local/lib/python3.9/site-packages/airflow/example_dags/example_branch_operator_decorator.py
[2025-05-18T12:53:41.705+0000] {processor.py:830} INFO - Processing file /home/airflow/.local/lib/python3.9/site-packages/airflow/example_dags/example_branch_operator_decorator.py for tasks to queue
[2025-05-18T12:53:41.708+0000] {logging_mixin.py:188} INFO - [2025-05-18T12:53:41.708+0000] {dagbag.py:545} INFO - Filling up the DagBag from /home/airflow/.local/lib/python3.9/site-packages/airflow/example_dags/example_branch_operator_decorator.py
[2025-05-18T12:53:41.767+0000] {processor.py:840} INFO - DAG(s) 'example_branch_python_operator_decorator' retrieved from /home/airflow/.local/lib/python3.9/site-packages/airflow/example_dags/example_branch_operator_decorator.py
[2025-05-18T12:53:41.849+0000] {logging_mixin.py:188} INFO - [2025-05-18T12:53:41.849+0000] {dag.py:3096} INFO - Sync 1 DAGs
[2025-05-18T12:53:41.893+0000] {logging_mixin.py:188} INFO - [2025-05-18T12:53:41.893+0000] {dag.py:3954} INFO - Setting next_dagrun for example_branch_python_operator_decorator to 2025-05-17 00:00:00+00:00, run_after=2025-05-18 00:00:00+00:00
[2025-05-18T12:53:41.947+0000] {processor.py:183} INFO - Processing /home/airflow/.local/lib/python3.9/site-packages/airflow/example_dags/example_branch_operator_decorator.py took 0.267 seconds
[2025-05-18T12:54:12.077+0000] {processor.py:161} INFO - Started process (PID=776) to work on /home/airflow/.local/lib/python3.9/site-packages/airflow/example_dags/example_branch_operator_decorator.py
[2025-05-18T12:54:12.078+0000] {processor.py:830} INFO - Processing file /home/airflow/.local/lib/python3.9/site-packages/airflow/example_dags/example_branch_operator_decorator.py for tasks to queue
[2025-05-18T12:54:12.081+0000] {logging_mixin.py:188} INFO - [2025-05-18T12:54:12.081+0000] {dagbag.py:545} INFO - Filling up the DagBag from /home/airflow/.local/lib/python3.9/site-packages/airflow/example_dags/example_branch_operator_decorator.py
[2025-05-18T12:54:12.109+0000] {processor.py:840} INFO - DAG(s) 'example_branch_python_operator_decorator' retrieved from /home/airflow/.local/lib/python3.9/site-packages/airflow/example_dags/example_branch_operator_decorator.py
[2025-05-18T12:54:12.148+0000] {logging_mixin.py:188} INFO - [2025-05-18T12:54:12.148+0000] {dag.py:3096} INFO - Sync 1 DAGs
[2025-05-18T12:54:12.179+0000] {logging_mixin.py:188} INFO - [2025-05-18T12:54:12.179+0000] {dag.py:3954} INFO - Setting next_dagrun for example_branch_python_operator_decorator to 2025-05-17 00:00:00+00:00, run_after=2025-05-18 00:00:00+00:00
[2025-05-18T12:54:12.208+0000] {processor.py:183} INFO - Processing /home/airflow/.local/lib/python3.9/site-packages/airflow/example_dags/example_branch_operator_decorator.py took 0.143 seconds
[2025-05-18T12:54:42.312+0000] {processor.py:161} INFO - Started process (PID=843) to work on /home/airflow/.local/lib/python3.9/site-packages/airflow/example_dags/example_branch_operator_decorator.py
[2025-05-18T12:54:42.314+0000] {processor.py:830} INFO - Processing file /home/airflow/.local/lib/python3.9/site-packages/airflow/example_dags/example_branch_operator_decorator.py for tasks to queue
[2025-05-18T12:54:42.317+0000] {logging_mixin.py:188} INFO - [2025-05-18T12:54:42.316+0000] {dagbag.py:545} INFO - Filling up the DagBag from /home/airflow/.local/lib/python3.9/site-packages/airflow/example_dags/example_branch_operator_decorator.py
[2025-05-18T12:54:42.345+0000] {processor.py:840} INFO - DAG(s) 'example_branch_python_operator_decorator' retrieved from /home/airflow/.local/lib/python3.9/site-packages/airflow/example_dags/example_branch_operator_decorator.py
[2025-05-18T12:54:42.387+0000] {logging_mixin.py:188} INFO - [2025-05-18T12:54:42.387+0000] {dag.py:3096} INFO - Sync 1 DAGs
[2025-05-18T12:54:42.418+0000] {logging_mixin.py:188} INFO - [2025-05-18T12:54:42.418+0000] {dag.py:3954} INFO - Setting next_dagrun for example_branch_python_operator_decorator to 2025-05-17 00:00:00+00:00, run_after=2025-05-18 00:00:00+00:00
[2025-05-18T12:54:42.440+0000] {processor.py:183} INFO - Processing /home/airflow/.local/lib/python3.9/site-packages/airflow/example_dags/example_branch_operator_decorator.py took 0.141 seconds
[2025-05-18T12:55:12.819+0000] {processor.py:161} INFO - Started process (PID=911) to work on /home/airflow/.local/lib/python3.9/site-packages/airflow/example_dags/example_branch_operator_decorator.py
[2025-05-18T12:55:12.824+0000] {processor.py:830} INFO - Processing file /home/airflow/.local/lib/python3.9/site-packages/airflow/example_dags/example_branch_operator_decorator.py for tasks to queue
[2025-05-18T12:55:12.827+0000] {logging_mixin.py:188} INFO - [2025-05-18T12:55:12.827+0000] {dagbag.py:545} INFO - Filling up the DagBag from /home/airflow/.local/lib/python3.9/site-packages/airflow/example_dags/example_branch_operator_decorator.py
[2025-05-18T12:55:12.856+0000] {processor.py:840} INFO - DAG(s) 'example_branch_python_operator_decorator' retrieved from /home/airflow/.local/lib/python3.9/site-packages/airflow/example_dags/example_branch_operator_decorator.py
[2025-05-18T12:55:12.905+0000] {logging_mixin.py:188} INFO - [2025-05-18T12:55:12.905+0000] {dag.py:3096} INFO - Sync 1 DAGs
[2025-05-18T12:55:12.940+0000] {logging_mixin.py:188} INFO - [2025-05-18T12:55:12.940+0000] {dag.py:3954} INFO - Setting next_dagrun for example_branch_python_operator_decorator to 2025-05-17 00:00:00+00:00, run_after=2025-05-18 00:00:00+00:00
[2025-05-18T12:55:12.962+0000] {processor.py:183} INFO - Processing /home/airflow/.local/lib/python3.9/site-packages/airflow/example_dags/example_branch_operator_decorator.py took 0.154 seconds
[2025-05-18T12:55:43.045+0000] {processor.py:161} INFO - Started process (PID=985) to work on /home/airflow/.local/lib/python3.9/site-packages/airflow/example_dags/example_branch_operator_decorator.py
[2025-05-18T12:55:43.047+0000] {processor.py:830} INFO - Processing file /home/airflow/.local/lib/python3.9/site-packages/airflow/example_dags/example_branch_operator_decorator.py for tasks to queue
[2025-05-18T12:55:43.049+0000] {logging_mixin.py:188} INFO - [2025-05-18T12:55:43.049+0000] {dagbag.py:545} INFO - Filling up the DagBag from /home/airflow/.local/lib/python3.9/site-packages/airflow/example_dags/example_branch_operator_decorator.py
[2025-05-18T12:55:43.099+0000] {processor.py:840} INFO - DAG(s) 'example_branch_python_operator_decorator' retrieved from /home/airflow/.local/lib/python3.9/site-packages/airflow/example_dags/example_branch_operator_decorator.py
[2025-05-18T12:55:43.176+0000] {logging_mixin.py:188} INFO - [2025-05-18T12:55:43.176+0000] {dag.py:3096} INFO - Sync 1 DAGs
[2025-05-18T12:55:43.233+0000] {logging_mixin.py:188} INFO - [2025-05-18T12:55:43.233+0000] {dag.py:3954} INFO - Setting next_dagrun for example_branch_python_operator_decorator to 2025-05-17 00:00:00+00:00, run_after=2025-05-18 00:00:00+00:00
[2025-05-18T12:55:43.276+0000] {processor.py:183} INFO - Processing /home/airflow/.local/lib/python3.9/site-packages/airflow/example_dags/example_branch_operator_decorator.py took 0.250 seconds
[2025-05-18T12:56:13.871+0000] {processor.py:161} INFO - Started process (PID=1052) to work on /home/airflow/.local/lib/python3.9/site-packages/airflow/example_dags/example_branch_operator_decorator.py
[2025-05-18T12:56:13.873+0000] {processor.py:830} INFO - Processing file /home/airflow/.local/lib/python3.9/site-packages/airflow/example_dags/example_branch_operator_decorator.py for tasks to queue
[2025-05-18T12:56:13.885+0000] {logging_mixin.py:188} INFO - [2025-05-18T12:56:13.884+0000] {dagbag.py:545} INFO - Filling up the DagBag from /home/airflow/.local/lib/python3.9/site-packages/airflow/example_dags/example_branch_operator_decorator.py
[2025-05-18T12:56:13.965+0000] {processor.py:840} INFO - DAG(s) 'example_branch_python_operator_decorator' retrieved from /home/airflow/.local/lib/python3.9/site-packages/airflow/example_dags/example_branch_operator_decorator.py
[2025-05-18T12:56:14.129+0000] {logging_mixin.py:188} INFO - [2025-05-18T12:56:14.129+0000] {dag.py:3096} INFO - Sync 1 DAGs
[2025-05-18T12:56:14.194+0000] {logging_mixin.py:188} INFO - [2025-05-18T12:56:14.193+0000] {dag.py:3954} INFO - Setting next_dagrun for example_branch_python_operator_decorator to 2025-05-17 00:00:00+00:00, run_after=2025-05-18 00:00:00+00:00
[2025-05-18T12:56:14.236+0000] {processor.py:183} INFO - Processing /home/airflow/.local/lib/python3.9/site-packages/airflow/example_dags/example_branch_operator_decorator.py took 0.380 seconds
