[2025-05-18T12:49:02.407+0000] {processor.py:161} INFO - Started process (PID=107) to work on /home/airflow/.local/lib/python3.9/site-packages/airflow/example_dags/example_python_operator.py
[2025-05-18T12:49:02.409+0000] {processor.py:830} INFO - Processing file /home/airflow/.local/lib/python3.9/site-packages/airflow/example_dags/example_python_operator.py for tasks to queue
[2025-05-18T12:49:02.425+0000] {logging_mixin.py:188} INFO - [2025-05-18T12:49:02.412+0000] {dagbag.py:545} INFO - Filling up the DagBag from /home/airflow/.local/lib/python3.9/site-packages/airflow/example_dags/example_python_operator.py
[2025-05-18T12:49:02.507+0000] {processor.py:840} INFO - DAG(s) 'example_python_operator' retrieved from /home/airflow/.local/lib/python3.9/site-packages/airflow/example_dags/example_python_operator.py
[2025-05-18T12:49:02.626+0000] {logging_mixin.py:188} INFO - [2025-05-18T12:49:02.626+0000] {dag.py:3096} INFO - Sync 1 DAGs
[2025-05-18T12:49:02.705+0000] {logging_mixin.py:188} INFO - [2025-05-18T12:49:02.704+0000] {dag.py:3118} INFO - Creating ORM DAG for example_python_operator
[2025-05-18T12:49:02.706+0000] {logging_mixin.py:188} INFO - [2025-05-18T12:49:02.706+0000] {dag.py:3954} INFO - Setting next_dagrun for example_python_operator to None, run_after=None
[2025-05-18T12:49:02.845+0000] {processor.py:183} INFO - Processing /home/airflow/.local/lib/python3.9/site-packages/airflow/example_dags/example_python_operator.py took 0.474 seconds
[2025-05-18T12:49:34.406+0000] {processor.py:161} INFO - Started process (PID=173) to work on /home/airflow/.local/lib/python3.9/site-packages/airflow/example_dags/example_python_operator.py
[2025-05-18T12:49:34.408+0000] {processor.py:830} INFO - Processing file /home/airflow/.local/lib/python3.9/site-packages/airflow/example_dags/example_python_operator.py for tasks to queue
[2025-05-18T12:49:34.410+0000] {logging_mixin.py:188} INFO - [2025-05-18T12:49:34.410+0000] {dagbag.py:545} INFO - Filling up the DagBag from /home/airflow/.local/lib/python3.9/site-packages/airflow/example_dags/example_python_operator.py
[2025-05-18T12:49:34.471+0000] {processor.py:840} INFO - DAG(s) 'example_python_operator' retrieved from /home/airflow/.local/lib/python3.9/site-packages/airflow/example_dags/example_python_operator.py
[2025-05-18T12:49:35.210+0000] {logging_mixin.py:188} INFO - [2025-05-18T12:49:35.209+0000] {dag.py:3096} INFO - Sync 1 DAGs
[2025-05-18T12:49:35.235+0000] {logging_mixin.py:188} INFO - [2025-05-18T12:49:35.234+0000] {dag.py:3954} INFO - Setting next_dagrun for example_python_operator to None, run_after=None
[2025-05-18T12:49:35.327+0000] {processor.py:183} INFO - Processing /home/airflow/.local/lib/python3.9/site-packages/airflow/example_dags/example_python_operator.py took 0.939 seconds
[2025-05-18T12:50:05.556+0000] {processor.py:161} INFO - Started process (PID=239) to work on /home/airflow/.local/lib/python3.9/site-packages/airflow/example_dags/example_python_operator.py
[2025-05-18T12:50:05.566+0000] {processor.py:830} INFO - Processing file /home/airflow/.local/lib/python3.9/site-packages/airflow/example_dags/example_python_operator.py for tasks to queue
[2025-05-18T12:50:05.569+0000] {logging_mixin.py:188} INFO - [2025-05-18T12:50:05.569+0000] {dagbag.py:545} INFO - Filling up the DagBag from /home/airflow/.local/lib/python3.9/site-packages/airflow/example_dags/example_python_operator.py
[2025-05-18T12:50:05.595+0000] {processor.py:840} INFO - DAG(s) 'example_python_operator' retrieved from /home/airflow/.local/lib/python3.9/site-packages/airflow/example_dags/example_python_operator.py
[2025-05-18T12:50:05.667+0000] {logging_mixin.py:188} INFO - [2025-05-18T12:50:05.667+0000] {dag.py:3096} INFO - Sync 1 DAGs
[2025-05-18T12:50:05.695+0000] {logging_mixin.py:188} INFO - [2025-05-18T12:50:05.694+0000] {dag.py:3954} INFO - Setting next_dagrun for example_python_operator to None, run_after=None
[2025-05-18T12:50:05.768+0000] {processor.py:183} INFO - Processing /home/airflow/.local/lib/python3.9/site-packages/airflow/example_dags/example_python_operator.py took 0.221 seconds
[2025-05-18T12:50:36.332+0000] {processor.py:161} INFO - Started process (PID=305) to work on /home/airflow/.local/lib/python3.9/site-packages/airflow/example_dags/example_python_operator.py
[2025-05-18T12:50:36.333+0000] {processor.py:830} INFO - Processing file /home/airflow/.local/lib/python3.9/site-packages/airflow/example_dags/example_python_operator.py for tasks to queue
[2025-05-18T12:50:36.336+0000] {logging_mixin.py:188} INFO - [2025-05-18T12:50:36.335+0000] {dagbag.py:545} INFO - Filling up the DagBag from /home/airflow/.local/lib/python3.9/site-packages/airflow/example_dags/example_python_operator.py
[2025-05-18T12:50:36.367+0000] {processor.py:840} INFO - DAG(s) 'example_python_operator' retrieved from /home/airflow/.local/lib/python3.9/site-packages/airflow/example_dags/example_python_operator.py
[2025-05-18T12:50:36.448+0000] {logging_mixin.py:188} INFO - [2025-05-18T12:50:36.448+0000] {dag.py:3096} INFO - Sync 1 DAGs
[2025-05-18T12:50:36.479+0000] {logging_mixin.py:188} INFO - [2025-05-18T12:50:36.478+0000] {dag.py:3954} INFO - Setting next_dagrun for example_python_operator to None, run_after=None
[2025-05-18T12:50:36.518+0000] {processor.py:183} INFO - Processing /home/airflow/.local/lib/python3.9/site-packages/airflow/example_dags/example_python_operator.py took 0.206 seconds
[2025-05-18T12:51:06.810+0000] {processor.py:161} INFO - Started process (PID=371) to work on /home/airflow/.local/lib/python3.9/site-packages/airflow/example_dags/example_python_operator.py
[2025-05-18T12:51:06.825+0000] {processor.py:830} INFO - Processing file /home/airflow/.local/lib/python3.9/site-packages/airflow/example_dags/example_python_operator.py for tasks to queue
[2025-05-18T12:51:06.827+0000] {logging_mixin.py:188} INFO - [2025-05-18T12:51:06.827+0000] {dagbag.py:545} INFO - Filling up the DagBag from /home/airflow/.local/lib/python3.9/site-packages/airflow/example_dags/example_python_operator.py
[2025-05-18T12:51:06.849+0000] {processor.py:840} INFO - DAG(s) 'example_python_operator' retrieved from /home/airflow/.local/lib/python3.9/site-packages/airflow/example_dags/example_python_operator.py
[2025-05-18T12:51:06.906+0000] {logging_mixin.py:188} INFO - [2025-05-18T12:51:06.906+0000] {dag.py:3096} INFO - Sync 1 DAGs
[2025-05-18T12:51:06.938+0000] {logging_mixin.py:188} INFO - [2025-05-18T12:51:06.937+0000] {dag.py:3954} INFO - Setting next_dagrun for example_python_operator to None, run_after=None
[2025-05-18T12:51:06.989+0000] {processor.py:183} INFO - Processing /home/airflow/.local/lib/python3.9/site-packages/airflow/example_dags/example_python_operator.py took 0.197 seconds
[2025-05-18T12:51:37.067+0000] {processor.py:161} INFO - Started process (PID=437) to work on /home/airflow/.local/lib/python3.9/site-packages/airflow/example_dags/example_python_operator.py
[2025-05-18T12:51:37.068+0000] {processor.py:830} INFO - Processing file /home/airflow/.local/lib/python3.9/site-packages/airflow/example_dags/example_python_operator.py for tasks to queue
[2025-05-18T12:51:37.071+0000] {logging_mixin.py:188} INFO - [2025-05-18T12:51:37.071+0000] {dagbag.py:545} INFO - Filling up the DagBag from /home/airflow/.local/lib/python3.9/site-packages/airflow/example_dags/example_python_operator.py
[2025-05-18T12:51:37.087+0000] {processor.py:840} INFO - DAG(s) 'example_python_operator' retrieved from /home/airflow/.local/lib/python3.9/site-packages/airflow/example_dags/example_python_operator.py
[2025-05-18T12:51:37.132+0000] {logging_mixin.py:188} INFO - [2025-05-18T12:51:37.131+0000] {dag.py:3096} INFO - Sync 1 DAGs
[2025-05-18T12:51:37.185+0000] {logging_mixin.py:188} INFO - [2025-05-18T12:51:37.185+0000] {dag.py:3954} INFO - Setting next_dagrun for example_python_operator to None, run_after=None
[2025-05-18T12:51:37.232+0000] {processor.py:183} INFO - Processing /home/airflow/.local/lib/python3.9/site-packages/airflow/example_dags/example_python_operator.py took 0.176 seconds
[2025-05-18T12:52:07.599+0000] {processor.py:161} INFO - Started process (PID=503) to work on /home/airflow/.local/lib/python3.9/site-packages/airflow/example_dags/example_python_operator.py
[2025-05-18T12:52:07.605+0000] {processor.py:830} INFO - Processing file /home/airflow/.local/lib/python3.9/site-packages/airflow/example_dags/example_python_operator.py for tasks to queue
[2025-05-18T12:52:07.608+0000] {logging_mixin.py:188} INFO - [2025-05-18T12:52:07.607+0000] {dagbag.py:545} INFO - Filling up the DagBag from /home/airflow/.local/lib/python3.9/site-packages/airflow/example_dags/example_python_operator.py
[2025-05-18T12:52:07.623+0000] {processor.py:840} INFO - DAG(s) 'example_python_operator' retrieved from /home/airflow/.local/lib/python3.9/site-packages/airflow/example_dags/example_python_operator.py
[2025-05-18T12:52:07.659+0000] {logging_mixin.py:188} INFO - [2025-05-18T12:52:07.659+0000] {dag.py:3096} INFO - Sync 1 DAGs
[2025-05-18T12:52:07.679+0000] {logging_mixin.py:188} INFO - [2025-05-18T12:52:07.679+0000] {dag.py:3954} INFO - Setting next_dagrun for example_python_operator to None, run_after=None
[2025-05-18T12:52:07.751+0000] {processor.py:183} INFO - Processing /home/airflow/.local/lib/python3.9/site-packages/airflow/example_dags/example_python_operator.py took 0.162 seconds
[2025-05-18T12:52:38.027+0000] {processor.py:161} INFO - Started process (PID=569) to work on /home/airflow/.local/lib/python3.9/site-packages/airflow/example_dags/example_python_operator.py
[2025-05-18T12:52:38.029+0000] {processor.py:830} INFO - Processing file /home/airflow/.local/lib/python3.9/site-packages/airflow/example_dags/example_python_operator.py for tasks to queue
[2025-05-18T12:52:38.031+0000] {logging_mixin.py:188} INFO - [2025-05-18T12:52:38.031+0000] {dagbag.py:545} INFO - Filling up the DagBag from /home/airflow/.local/lib/python3.9/site-packages/airflow/example_dags/example_python_operator.py
[2025-05-18T12:52:38.047+0000] {processor.py:840} INFO - DAG(s) 'example_python_operator' retrieved from /home/airflow/.local/lib/python3.9/site-packages/airflow/example_dags/example_python_operator.py
[2025-05-18T12:52:38.089+0000] {logging_mixin.py:188} INFO - [2025-05-18T12:52:38.089+0000] {dag.py:3096} INFO - Sync 1 DAGs
[2025-05-18T12:52:38.107+0000] {logging_mixin.py:188} INFO - [2025-05-18T12:52:38.107+0000] {dag.py:3954} INFO - Setting next_dagrun for example_python_operator to None, run_after=None
[2025-05-18T12:52:38.131+0000] {processor.py:183} INFO - Processing /home/airflow/.local/lib/python3.9/site-packages/airflow/example_dags/example_python_operator.py took 0.117 seconds
[2025-05-18T12:53:08.808+0000] {processor.py:161} INFO - Started process (PID=635) to work on /home/airflow/.local/lib/python3.9/site-packages/airflow/example_dags/example_python_operator.py
[2025-05-18T12:53:08.810+0000] {processor.py:830} INFO - Processing file /home/airflow/.local/lib/python3.9/site-packages/airflow/example_dags/example_python_operator.py for tasks to queue
[2025-05-18T12:53:08.813+0000] {logging_mixin.py:188} INFO - [2025-05-18T12:53:08.812+0000] {dagbag.py:545} INFO - Filling up the DagBag from /home/airflow/.local/lib/python3.9/site-packages/airflow/example_dags/example_python_operator.py
[2025-05-18T12:53:08.831+0000] {processor.py:840} INFO - DAG(s) 'example_python_operator' retrieved from /home/airflow/.local/lib/python3.9/site-packages/airflow/example_dags/example_python_operator.py
[2025-05-18T12:53:08.875+0000] {logging_mixin.py:188} INFO - [2025-05-18T12:53:08.875+0000] {dag.py:3096} INFO - Sync 1 DAGs
[2025-05-18T12:53:08.898+0000] {logging_mixin.py:188} INFO - [2025-05-18T12:53:08.898+0000] {dag.py:3954} INFO - Setting next_dagrun for example_python_operator to None, run_after=None
[2025-05-18T12:53:08.933+0000] {processor.py:183} INFO - Processing /home/airflow/.local/lib/python3.9/site-packages/airflow/example_dags/example_python_operator.py took 0.139 seconds
[2025-05-18T12:53:39.344+0000] {processor.py:161} INFO - Started process (PID=707) to work on /home/airflow/.local/lib/python3.9/site-packages/airflow/example_dags/example_python_operator.py
[2025-05-18T12:53:39.346+0000] {processor.py:830} INFO - Processing file /home/airflow/.local/lib/python3.9/site-packages/airflow/example_dags/example_python_operator.py for tasks to queue
[2025-05-18T12:53:39.349+0000] {logging_mixin.py:188} INFO - [2025-05-18T12:53:39.349+0000] {dagbag.py:545} INFO - Filling up the DagBag from /home/airflow/.local/lib/python3.9/site-packages/airflow/example_dags/example_python_operator.py
[2025-05-18T12:53:39.377+0000] {processor.py:840} INFO - DAG(s) 'example_python_operator' retrieved from /home/airflow/.local/lib/python3.9/site-packages/airflow/example_dags/example_python_operator.py
[2025-05-18T12:53:39.432+0000] {logging_mixin.py:188} INFO - [2025-05-18T12:53:39.432+0000] {dag.py:3096} INFO - Sync 1 DAGs
[2025-05-18T12:53:39.463+0000] {logging_mixin.py:188} INFO - [2025-05-18T12:53:39.463+0000] {dag.py:3954} INFO - Setting next_dagrun for example_python_operator to None, run_after=None
[2025-05-18T12:53:39.508+0000] {processor.py:183} INFO - Processing /home/airflow/.local/lib/python3.9/site-packages/airflow/example_dags/example_python_operator.py took 0.181 seconds
[2025-05-18T12:54:09.671+0000] {processor.py:161} INFO - Started process (PID=774) to work on /home/airflow/.local/lib/python3.9/site-packages/airflow/example_dags/example_python_operator.py
[2025-05-18T12:54:09.672+0000] {processor.py:830} INFO - Processing file /home/airflow/.local/lib/python3.9/site-packages/airflow/example_dags/example_python_operator.py for tasks to queue
[2025-05-18T12:54:09.675+0000] {logging_mixin.py:188} INFO - [2025-05-18T12:54:09.674+0000] {dagbag.py:545} INFO - Filling up the DagBag from /home/airflow/.local/lib/python3.9/site-packages/airflow/example_dags/example_python_operator.py
[2025-05-18T12:54:09.705+0000] {processor.py:840} INFO - DAG(s) 'example_python_operator' retrieved from /home/airflow/.local/lib/python3.9/site-packages/airflow/example_dags/example_python_operator.py
[2025-05-18T12:54:09.767+0000] {logging_mixin.py:188} INFO - [2025-05-18T12:54:09.767+0000] {dag.py:3096} INFO - Sync 1 DAGs
[2025-05-18T12:54:09.806+0000] {logging_mixin.py:188} INFO - [2025-05-18T12:54:09.806+0000] {dag.py:3954} INFO - Setting next_dagrun for example_python_operator to None, run_after=None
[2025-05-18T12:54:09.851+0000] {processor.py:183} INFO - Processing /home/airflow/.local/lib/python3.9/site-packages/airflow/example_dags/example_python_operator.py took 0.198 seconds
[2025-05-18T12:54:40.024+0000] {processor.py:161} INFO - Started process (PID=841) to work on /home/airflow/.local/lib/python3.9/site-packages/airflow/example_dags/example_python_operator.py
[2025-05-18T12:54:40.025+0000] {processor.py:830} INFO - Processing file /home/airflow/.local/lib/python3.9/site-packages/airflow/example_dags/example_python_operator.py for tasks to queue
[2025-05-18T12:54:40.028+0000] {logging_mixin.py:188} INFO - [2025-05-18T12:54:40.027+0000] {dagbag.py:545} INFO - Filling up the DagBag from /home/airflow/.local/lib/python3.9/site-packages/airflow/example_dags/example_python_operator.py
[2025-05-18T12:54:40.043+0000] {processor.py:840} INFO - DAG(s) 'example_python_operator' retrieved from /home/airflow/.local/lib/python3.9/site-packages/airflow/example_dags/example_python_operator.py
[2025-05-18T12:54:40.079+0000] {logging_mixin.py:188} INFO - [2025-05-18T12:54:40.078+0000] {dag.py:3096} INFO - Sync 1 DAGs
[2025-05-18T12:54:40.101+0000] {logging_mixin.py:188} INFO - [2025-05-18T12:54:40.100+0000] {dag.py:3954} INFO - Setting next_dagrun for example_python_operator to None, run_after=None
[2025-05-18T12:54:40.128+0000] {processor.py:183} INFO - Processing /home/airflow/.local/lib/python3.9/site-packages/airflow/example_dags/example_python_operator.py took 0.114 seconds
[2025-05-18T12:55:10.591+0000] {processor.py:161} INFO - Started process (PID=908) to work on /home/airflow/.local/lib/python3.9/site-packages/airflow/example_dags/example_python_operator.py
[2025-05-18T12:55:10.592+0000] {processor.py:830} INFO - Processing file /home/airflow/.local/lib/python3.9/site-packages/airflow/example_dags/example_python_operator.py for tasks to queue
[2025-05-18T12:55:10.596+0000] {logging_mixin.py:188} INFO - [2025-05-18T12:55:10.595+0000] {dagbag.py:545} INFO - Filling up the DagBag from /home/airflow/.local/lib/python3.9/site-packages/airflow/example_dags/example_python_operator.py
[2025-05-18T12:55:10.614+0000] {processor.py:840} INFO - DAG(s) 'example_python_operator' retrieved from /home/airflow/.local/lib/python3.9/site-packages/airflow/example_dags/example_python_operator.py
[2025-05-18T12:55:10.663+0000] {logging_mixin.py:188} INFO - [2025-05-18T12:55:10.662+0000] {dag.py:3096} INFO - Sync 1 DAGs
[2025-05-18T12:55:10.687+0000] {logging_mixin.py:188} INFO - [2025-05-18T12:55:10.686+0000] {dag.py:3954} INFO - Setting next_dagrun for example_python_operator to None, run_after=None
[2025-05-18T12:55:10.717+0000] {processor.py:183} INFO - Processing /home/airflow/.local/lib/python3.9/site-packages/airflow/example_dags/example_python_operator.py took 0.138 seconds
[2025-05-18T12:55:40.968+0000] {processor.py:161} INFO - Started process (PID=982) to work on /home/airflow/.local/lib/python3.9/site-packages/airflow/example_dags/example_python_operator.py
[2025-05-18T12:55:40.970+0000] {processor.py:830} INFO - Processing file /home/airflow/.local/lib/python3.9/site-packages/airflow/example_dags/example_python_operator.py for tasks to queue
[2025-05-18T12:55:40.973+0000] {logging_mixin.py:188} INFO - [2025-05-18T12:55:40.972+0000] {dagbag.py:545} INFO - Filling up the DagBag from /home/airflow/.local/lib/python3.9/site-packages/airflow/example_dags/example_python_operator.py
[2025-05-18T12:55:40.992+0000] {processor.py:840} INFO - DAG(s) 'example_python_operator' retrieved from /home/airflow/.local/lib/python3.9/site-packages/airflow/example_dags/example_python_operator.py
[2025-05-18T12:55:41.053+0000] {logging_mixin.py:188} INFO - [2025-05-18T12:55:41.053+0000] {dag.py:3096} INFO - Sync 1 DAGs
[2025-05-18T12:55:41.089+0000] {logging_mixin.py:188} INFO - [2025-05-18T12:55:41.089+0000] {dag.py:3954} INFO - Setting next_dagrun for example_python_operator to None, run_after=None
[2025-05-18T12:55:41.127+0000] {processor.py:183} INFO - Processing /home/airflow/.local/lib/python3.9/site-packages/airflow/example_dags/example_python_operator.py took 0.173 seconds
[2025-05-18T12:56:11.572+0000] {processor.py:161} INFO - Started process (PID=1049) to work on /home/airflow/.local/lib/python3.9/site-packages/airflow/example_dags/example_python_operator.py
[2025-05-18T12:56:11.573+0000] {processor.py:830} INFO - Processing file /home/airflow/.local/lib/python3.9/site-packages/airflow/example_dags/example_python_operator.py for tasks to queue
[2025-05-18T12:56:11.576+0000] {logging_mixin.py:188} INFO - [2025-05-18T12:56:11.576+0000] {dagbag.py:545} INFO - Filling up the DagBag from /home/airflow/.local/lib/python3.9/site-packages/airflow/example_dags/example_python_operator.py
[2025-05-18T12:56:11.593+0000] {processor.py:840} INFO - DAG(s) 'example_python_operator' retrieved from /home/airflow/.local/lib/python3.9/site-packages/airflow/example_dags/example_python_operator.py
[2025-05-18T12:56:11.654+0000] {logging_mixin.py:188} INFO - [2025-05-18T12:56:11.653+0000] {dag.py:3096} INFO - Sync 1 DAGs
[2025-05-18T12:56:11.679+0000] {logging_mixin.py:188} INFO - [2025-05-18T12:56:11.678+0000] {dag.py:3954} INFO - Setting next_dagrun for example_python_operator to None, run_after=None
[2025-05-18T12:56:11.749+0000] {processor.py:183} INFO - Processing /home/airflow/.local/lib/python3.9/site-packages/airflow/example_dags/example_python_operator.py took 0.195 seconds
