[2025-05-18T12:49:05.108+0000] {processor.py:161} INFO - Started process (PID=116) to work on /home/airflow/.local/lib/python3.9/site-packages/airflow/example_dags/example_short_circuit_decorator.py
[2025-05-18T12:49:05.126+0000] {processor.py:830} INFO - Processing file /home/airflow/.local/lib/python3.9/site-packages/airflow/example_dags/example_short_circuit_decorator.py for tasks to queue
[2025-05-18T12:49:05.129+0000] {logging_mixin.py:188} INFO - [2025-05-18T12:49:05.129+0000] {dagbag.py:545} INFO - Filling up the DagBag from /home/airflow/.local/lib/python3.9/site-packages/airflow/example_dags/example_short_circuit_decorator.py
[2025-05-18T12:49:05.167+0000] {processor.py:840} INFO - DAG(s) 'example_short_circuit_decorator' retrieved from /home/airflow/.local/lib/python3.9/site-packages/airflow/example_dags/example_short_circuit_decorator.py
[2025-05-18T12:49:05.229+0000] {logging_mixin.py:188} INFO - [2025-05-18T12:49:05.228+0000] {dag.py:3096} INFO - Sync 1 DAGs
[2025-05-18T12:49:05.329+0000] {logging_mixin.py:188} INFO - [2025-05-18T12:49:05.328+0000] {dag.py:3118} INFO - Creating ORM DAG for example_short_circuit_decorator
[2025-05-18T12:49:05.429+0000] {logging_mixin.py:188} INFO - [2025-05-18T12:49:05.429+0000] {dag.py:3954} INFO - Setting next_dagrun for example_short_circuit_decorator to 2025-05-17 00:00:00+00:00, run_after=2025-05-18 00:00:00+00:00
[2025-05-18T12:49:05.544+0000] {processor.py:183} INFO - Processing /home/airflow/.local/lib/python3.9/site-packages/airflow/example_dags/example_short_circuit_decorator.py took 0.472 seconds
[2025-05-18T12:49:39.368+0000] {processor.py:161} INFO - Started process (PID=182) to work on /home/airflow/.local/lib/python3.9/site-packages/airflow/example_dags/example_short_circuit_decorator.py
[2025-05-18T12:49:39.369+0000] {processor.py:830} INFO - Processing file /home/airflow/.local/lib/python3.9/site-packages/airflow/example_dags/example_short_circuit_decorator.py for tasks to queue
[2025-05-18T12:49:39.372+0000] {logging_mixin.py:188} INFO - [2025-05-18T12:49:39.372+0000] {dagbag.py:545} INFO - Filling up the DagBag from /home/airflow/.local/lib/python3.9/site-packages/airflow/example_dags/example_short_circuit_decorator.py
[2025-05-18T12:49:39.393+0000] {processor.py:840} INFO - DAG(s) 'example_short_circuit_decorator' retrieved from /home/airflow/.local/lib/python3.9/site-packages/airflow/example_dags/example_short_circuit_decorator.py
[2025-05-18T12:49:39.709+0000] {logging_mixin.py:188} INFO - [2025-05-18T12:49:39.708+0000] {dag.py:3096} INFO - Sync 1 DAGs
[2025-05-18T12:49:39.826+0000] {logging_mixin.py:188} INFO - [2025-05-18T12:49:39.826+0000] {dag.py:3954} INFO - Setting next_dagrun for example_short_circuit_decorator to 2025-05-17 00:00:00+00:00, run_after=2025-05-18 00:00:00+00:00
[2025-05-18T12:49:39.965+0000] {processor.py:183} INFO - Processing /home/airflow/.local/lib/python3.9/site-packages/airflow/example_dags/example_short_circuit_decorator.py took 0.616 seconds
[2025-05-18T12:50:10.395+0000] {processor.py:161} INFO - Started process (PID=248) to work on /home/airflow/.local/lib/python3.9/site-packages/airflow/example_dags/example_short_circuit_decorator.py
[2025-05-18T12:50:10.396+0000] {processor.py:830} INFO - Processing file /home/airflow/.local/lib/python3.9/site-packages/airflow/example_dags/example_short_circuit_decorator.py for tasks to queue
[2025-05-18T12:50:10.399+0000] {logging_mixin.py:188} INFO - [2025-05-18T12:50:10.398+0000] {dagbag.py:545} INFO - Filling up the DagBag from /home/airflow/.local/lib/python3.9/site-packages/airflow/example_dags/example_short_circuit_decorator.py
[2025-05-18T12:50:10.413+0000] {processor.py:840} INFO - DAG(s) 'example_short_circuit_decorator' retrieved from /home/airflow/.local/lib/python3.9/site-packages/airflow/example_dags/example_short_circuit_decorator.py
[2025-05-18T12:50:10.447+0000] {logging_mixin.py:188} INFO - [2025-05-18T12:50:10.447+0000] {dag.py:3096} INFO - Sync 1 DAGs
[2025-05-18T12:50:10.479+0000] {logging_mixin.py:188} INFO - [2025-05-18T12:50:10.478+0000] {dag.py:3954} INFO - Setting next_dagrun for example_short_circuit_decorator to 2025-05-17 00:00:00+00:00, run_after=2025-05-18 00:00:00+00:00
[2025-05-18T12:50:10.501+0000] {processor.py:183} INFO - Processing /home/airflow/.local/lib/python3.9/site-packages/airflow/example_dags/example_short_circuit_decorator.py took 0.118 seconds
[2025-05-18T12:50:41.138+0000] {processor.py:161} INFO - Started process (PID=314) to work on /home/airflow/.local/lib/python3.9/site-packages/airflow/example_dags/example_short_circuit_decorator.py
[2025-05-18T12:50:41.140+0000] {processor.py:830} INFO - Processing file /home/airflow/.local/lib/python3.9/site-packages/airflow/example_dags/example_short_circuit_decorator.py for tasks to queue
[2025-05-18T12:50:41.142+0000] {logging_mixin.py:188} INFO - [2025-05-18T12:50:41.142+0000] {dagbag.py:545} INFO - Filling up the DagBag from /home/airflow/.local/lib/python3.9/site-packages/airflow/example_dags/example_short_circuit_decorator.py
[2025-05-18T12:50:41.154+0000] {processor.py:840} INFO - DAG(s) 'example_short_circuit_decorator' retrieved from /home/airflow/.local/lib/python3.9/site-packages/airflow/example_dags/example_short_circuit_decorator.py
[2025-05-18T12:50:41.186+0000] {logging_mixin.py:188} INFO - [2025-05-18T12:50:41.186+0000] {dag.py:3096} INFO - Sync 1 DAGs
[2025-05-18T12:50:41.215+0000] {logging_mixin.py:188} INFO - [2025-05-18T12:50:41.215+0000] {dag.py:3954} INFO - Setting next_dagrun for example_short_circuit_decorator to 2025-05-17 00:00:00+00:00, run_after=2025-05-18 00:00:00+00:00
[2025-05-18T12:50:41.236+0000] {processor.py:183} INFO - Processing /home/airflow/.local/lib/python3.9/site-packages/airflow/example_dags/example_short_circuit_decorator.py took 0.107 seconds
[2025-05-18T12:51:11.511+0000] {processor.py:161} INFO - Started process (PID=380) to work on /home/airflow/.local/lib/python3.9/site-packages/airflow/example_dags/example_short_circuit_decorator.py
[2025-05-18T12:51:11.512+0000] {processor.py:830} INFO - Processing file /home/airflow/.local/lib/python3.9/site-packages/airflow/example_dags/example_short_circuit_decorator.py for tasks to queue
[2025-05-18T12:51:11.514+0000] {logging_mixin.py:188} INFO - [2025-05-18T12:51:11.514+0000] {dagbag.py:545} INFO - Filling up the DagBag from /home/airflow/.local/lib/python3.9/site-packages/airflow/example_dags/example_short_circuit_decorator.py
[2025-05-18T12:51:11.534+0000] {processor.py:840} INFO - DAG(s) 'example_short_circuit_decorator' retrieved from /home/airflow/.local/lib/python3.9/site-packages/airflow/example_dags/example_short_circuit_decorator.py
[2025-05-18T12:51:11.577+0000] {logging_mixin.py:188} INFO - [2025-05-18T12:51:11.576+0000] {dag.py:3096} INFO - Sync 1 DAGs
[2025-05-18T12:51:11.610+0000] {logging_mixin.py:188} INFO - [2025-05-18T12:51:11.610+0000] {dag.py:3954} INFO - Setting next_dagrun for example_short_circuit_decorator to 2025-05-17 00:00:00+00:00, run_after=2025-05-18 00:00:00+00:00
[2025-05-18T12:51:11.651+0000] {processor.py:183} INFO - Processing /home/airflow/.local/lib/python3.9/site-packages/airflow/example_dags/example_short_circuit_decorator.py took 0.159 seconds
[2025-05-18T12:51:42.031+0000] {processor.py:161} INFO - Started process (PID=446) to work on /home/airflow/.local/lib/python3.9/site-packages/airflow/example_dags/example_short_circuit_decorator.py
[2025-05-18T12:51:42.033+0000] {processor.py:830} INFO - Processing file /home/airflow/.local/lib/python3.9/site-packages/airflow/example_dags/example_short_circuit_decorator.py for tasks to queue
[2025-05-18T12:51:42.036+0000] {logging_mixin.py:188} INFO - [2025-05-18T12:51:42.035+0000] {dagbag.py:545} INFO - Filling up the DagBag from /home/airflow/.local/lib/python3.9/site-packages/airflow/example_dags/example_short_circuit_decorator.py
[2025-05-18T12:51:42.069+0000] {processor.py:840} INFO - DAG(s) 'example_short_circuit_decorator' retrieved from /home/airflow/.local/lib/python3.9/site-packages/airflow/example_dags/example_short_circuit_decorator.py
[2025-05-18T12:51:42.133+0000] {logging_mixin.py:188} INFO - [2025-05-18T12:51:42.132+0000] {dag.py:3096} INFO - Sync 1 DAGs
[2025-05-18T12:51:42.207+0000] {logging_mixin.py:188} INFO - [2025-05-18T12:51:42.207+0000] {dag.py:3954} INFO - Setting next_dagrun for example_short_circuit_decorator to 2025-05-17 00:00:00+00:00, run_after=2025-05-18 00:00:00+00:00
[2025-05-18T12:51:42.289+0000] {processor.py:183} INFO - Processing /home/airflow/.local/lib/python3.9/site-packages/airflow/example_dags/example_short_circuit_decorator.py took 0.277 seconds
[2025-05-18T12:52:12.385+0000] {processor.py:161} INFO - Started process (PID=512) to work on /home/airflow/.local/lib/python3.9/site-packages/airflow/example_dags/example_short_circuit_decorator.py
[2025-05-18T12:52:12.386+0000] {processor.py:830} INFO - Processing file /home/airflow/.local/lib/python3.9/site-packages/airflow/example_dags/example_short_circuit_decorator.py for tasks to queue
[2025-05-18T12:52:12.389+0000] {logging_mixin.py:188} INFO - [2025-05-18T12:52:12.389+0000] {dagbag.py:545} INFO - Filling up the DagBag from /home/airflow/.local/lib/python3.9/site-packages/airflow/example_dags/example_short_circuit_decorator.py
[2025-05-18T12:52:12.402+0000] {processor.py:840} INFO - DAG(s) 'example_short_circuit_decorator' retrieved from /home/airflow/.local/lib/python3.9/site-packages/airflow/example_dags/example_short_circuit_decorator.py
[2025-05-18T12:52:12.437+0000] {logging_mixin.py:188} INFO - [2025-05-18T12:52:12.437+0000] {dag.py:3096} INFO - Sync 1 DAGs
[2025-05-18T12:52:12.470+0000] {logging_mixin.py:188} INFO - [2025-05-18T12:52:12.470+0000] {dag.py:3954} INFO - Setting next_dagrun for example_short_circuit_decorator to 2025-05-17 00:00:00+00:00, run_after=2025-05-18 00:00:00+00:00
[2025-05-18T12:52:12.492+0000] {processor.py:183} INFO - Processing /home/airflow/.local/lib/python3.9/site-packages/airflow/example_dags/example_short_circuit_decorator.py took 0.118 seconds
[2025-05-18T12:52:42.796+0000] {processor.py:161} INFO - Started process (PID=585) to work on /home/airflow/.local/lib/python3.9/site-packages/airflow/example_dags/example_short_circuit_decorator.py
[2025-05-18T12:52:42.797+0000] {processor.py:830} INFO - Processing file /home/airflow/.local/lib/python3.9/site-packages/airflow/example_dags/example_short_circuit_decorator.py for tasks to queue
[2025-05-18T12:52:42.800+0000] {logging_mixin.py:188} INFO - [2025-05-18T12:52:42.799+0000] {dagbag.py:545} INFO - Filling up the DagBag from /home/airflow/.local/lib/python3.9/site-packages/airflow/example_dags/example_short_circuit_decorator.py
[2025-05-18T12:52:42.812+0000] {processor.py:840} INFO - DAG(s) 'example_short_circuit_decorator' retrieved from /home/airflow/.local/lib/python3.9/site-packages/airflow/example_dags/example_short_circuit_decorator.py
[2025-05-18T12:52:42.849+0000] {logging_mixin.py:188} INFO - [2025-05-18T12:52:42.848+0000] {dag.py:3096} INFO - Sync 1 DAGs
[2025-05-18T12:52:42.889+0000] {logging_mixin.py:188} INFO - [2025-05-18T12:52:42.889+0000] {dag.py:3954} INFO - Setting next_dagrun for example_short_circuit_decorator to 2025-05-17 00:00:00+00:00, run_after=2025-05-18 00:00:00+00:00
[2025-05-18T12:52:42.925+0000] {processor.py:183} INFO - Processing /home/airflow/.local/lib/python3.9/site-packages/airflow/example_dags/example_short_circuit_decorator.py took 0.139 seconds
[2025-05-18T12:53:13.813+0000] {processor.py:161} INFO - Started process (PID=650) to work on /home/airflow/.local/lib/python3.9/site-packages/airflow/example_dags/example_short_circuit_decorator.py
[2025-05-18T12:53:13.814+0000] {processor.py:830} INFO - Processing file /home/airflow/.local/lib/python3.9/site-packages/airflow/example_dags/example_short_circuit_decorator.py for tasks to queue
[2025-05-18T12:53:13.816+0000] {logging_mixin.py:188} INFO - [2025-05-18T12:53:13.816+0000] {dagbag.py:545} INFO - Filling up the DagBag from /home/airflow/.local/lib/python3.9/site-packages/airflow/example_dags/example_short_circuit_decorator.py
[2025-05-18T12:53:13.828+0000] {processor.py:840} INFO - DAG(s) 'example_short_circuit_decorator' retrieved from /home/airflow/.local/lib/python3.9/site-packages/airflow/example_dags/example_short_circuit_decorator.py
[2025-05-18T12:53:13.867+0000] {logging_mixin.py:188} INFO - [2025-05-18T12:53:13.866+0000] {dag.py:3096} INFO - Sync 1 DAGs
[2025-05-18T12:53:13.906+0000] {logging_mixin.py:188} INFO - [2025-05-18T12:53:13.906+0000] {dag.py:3954} INFO - Setting next_dagrun for example_short_circuit_decorator to 2025-05-17 00:00:00+00:00, run_after=2025-05-18 00:00:00+00:00
[2025-05-18T12:53:13.935+0000] {processor.py:183} INFO - Processing /home/airflow/.local/lib/python3.9/site-packages/airflow/example_dags/example_short_circuit_decorator.py took 0.131 seconds
[2025-05-18T12:53:44.816+0000] {processor.py:161} INFO - Started process (PID=717) to work on /home/airflow/.local/lib/python3.9/site-packages/airflow/example_dags/example_short_circuit_decorator.py
[2025-05-18T12:53:44.818+0000] {processor.py:830} INFO - Processing file /home/airflow/.local/lib/python3.9/site-packages/airflow/example_dags/example_short_circuit_decorator.py for tasks to queue
[2025-05-18T12:53:44.820+0000] {logging_mixin.py:188} INFO - [2025-05-18T12:53:44.820+0000] {dagbag.py:545} INFO - Filling up the DagBag from /home/airflow/.local/lib/python3.9/site-packages/airflow/example_dags/example_short_circuit_decorator.py
[2025-05-18T12:53:44.832+0000] {processor.py:840} INFO - DAG(s) 'example_short_circuit_decorator' retrieved from /home/airflow/.local/lib/python3.9/site-packages/airflow/example_dags/example_short_circuit_decorator.py
[2025-05-18T12:53:44.872+0000] {logging_mixin.py:188} INFO - [2025-05-18T12:53:44.871+0000] {dag.py:3096} INFO - Sync 1 DAGs
[2025-05-18T12:53:44.908+0000] {logging_mixin.py:188} INFO - [2025-05-18T12:53:44.907+0000] {dag.py:3954} INFO - Setting next_dagrun for example_short_circuit_decorator to 2025-05-17 00:00:00+00:00, run_after=2025-05-18 00:00:00+00:00
[2025-05-18T12:53:44.933+0000] {processor.py:183} INFO - Processing /home/airflow/.local/lib/python3.9/site-packages/airflow/example_dags/example_short_circuit_decorator.py took 0.126 seconds
[2025-05-18T12:54:14.993+0000] {processor.py:161} INFO - Started process (PID=784) to work on /home/airflow/.local/lib/python3.9/site-packages/airflow/example_dags/example_short_circuit_decorator.py
[2025-05-18T12:54:14.995+0000] {processor.py:830} INFO - Processing file /home/airflow/.local/lib/python3.9/site-packages/airflow/example_dags/example_short_circuit_decorator.py for tasks to queue
[2025-05-18T12:54:14.999+0000] {logging_mixin.py:188} INFO - [2025-05-18T12:54:14.998+0000] {dagbag.py:545} INFO - Filling up the DagBag from /home/airflow/.local/lib/python3.9/site-packages/airflow/example_dags/example_short_circuit_decorator.py
[2025-05-18T12:54:15.016+0000] {processor.py:840} INFO - DAG(s) 'example_short_circuit_decorator' retrieved from /home/airflow/.local/lib/python3.9/site-packages/airflow/example_dags/example_short_circuit_decorator.py
[2025-05-18T12:54:15.054+0000] {logging_mixin.py:188} INFO - [2025-05-18T12:54:15.054+0000] {dag.py:3096} INFO - Sync 1 DAGs
[2025-05-18T12:54:15.087+0000] {logging_mixin.py:188} INFO - [2025-05-18T12:54:15.086+0000] {dag.py:3954} INFO - Setting next_dagrun for example_short_circuit_decorator to 2025-05-17 00:00:00+00:00, run_after=2025-05-18 00:00:00+00:00
[2025-05-18T12:54:15.111+0000] {processor.py:183} INFO - Processing /home/airflow/.local/lib/python3.9/site-packages/airflow/example_dags/example_short_circuit_decorator.py took 0.133 seconds
[2025-05-18T12:54:45.296+0000] {processor.py:161} INFO - Started process (PID=851) to work on /home/airflow/.local/lib/python3.9/site-packages/airflow/example_dags/example_short_circuit_decorator.py
[2025-05-18T12:54:45.298+0000] {processor.py:830} INFO - Processing file /home/airflow/.local/lib/python3.9/site-packages/airflow/example_dags/example_short_circuit_decorator.py for tasks to queue
[2025-05-18T12:54:45.301+0000] {logging_mixin.py:188} INFO - [2025-05-18T12:54:45.300+0000] {dagbag.py:545} INFO - Filling up the DagBag from /home/airflow/.local/lib/python3.9/site-packages/airflow/example_dags/example_short_circuit_decorator.py
[2025-05-18T12:54:45.313+0000] {processor.py:840} INFO - DAG(s) 'example_short_circuit_decorator' retrieved from /home/airflow/.local/lib/python3.9/site-packages/airflow/example_dags/example_short_circuit_decorator.py
[2025-05-18T12:54:45.350+0000] {logging_mixin.py:188} INFO - [2025-05-18T12:54:45.350+0000] {dag.py:3096} INFO - Sync 1 DAGs
[2025-05-18T12:54:45.383+0000] {logging_mixin.py:188} INFO - [2025-05-18T12:54:45.383+0000] {dag.py:3954} INFO - Setting next_dagrun for example_short_circuit_decorator to 2025-05-17 00:00:00+00:00, run_after=2025-05-18 00:00:00+00:00
[2025-05-18T12:54:45.407+0000] {processor.py:183} INFO - Processing /home/airflow/.local/lib/python3.9/site-packages/airflow/example_dags/example_short_circuit_decorator.py took 0.121 seconds
[2025-05-18T12:55:15.475+0000] {processor.py:161} INFO - Started process (PID=925) to work on /home/airflow/.local/lib/python3.9/site-packages/airflow/example_dags/example_short_circuit_decorator.py
[2025-05-18T12:55:15.476+0000] {processor.py:830} INFO - Processing file /home/airflow/.local/lib/python3.9/site-packages/airflow/example_dags/example_short_circuit_decorator.py for tasks to queue
[2025-05-18T12:55:15.479+0000] {logging_mixin.py:188} INFO - [2025-05-18T12:55:15.479+0000] {dagbag.py:545} INFO - Filling up the DagBag from /home/airflow/.local/lib/python3.9/site-packages/airflow/example_dags/example_short_circuit_decorator.py
[2025-05-18T12:55:15.498+0000] {processor.py:840} INFO - DAG(s) 'example_short_circuit_decorator' retrieved from /home/airflow/.local/lib/python3.9/site-packages/airflow/example_dags/example_short_circuit_decorator.py
[2025-05-18T12:55:15.578+0000] {logging_mixin.py:188} INFO - [2025-05-18T12:55:15.577+0000] {dag.py:3096} INFO - Sync 1 DAGs
[2025-05-18T12:55:15.641+0000] {logging_mixin.py:188} INFO - [2025-05-18T12:55:15.641+0000] {dag.py:3954} INFO - Setting next_dagrun for example_short_circuit_decorator to 2025-05-17 00:00:00+00:00, run_after=2025-05-18 00:00:00+00:00
[2025-05-18T12:55:15.690+0000] {processor.py:183} INFO - Processing /home/airflow/.local/lib/python3.9/site-packages/airflow/example_dags/example_short_circuit_decorator.py took 0.226 seconds
[2025-05-18T12:55:46.167+0000] {processor.py:161} INFO - Started process (PID=992) to work on /home/airflow/.local/lib/python3.9/site-packages/airflow/example_dags/example_short_circuit_decorator.py
[2025-05-18T12:55:46.169+0000] {processor.py:830} INFO - Processing file /home/airflow/.local/lib/python3.9/site-packages/airflow/example_dags/example_short_circuit_decorator.py for tasks to queue
[2025-05-18T12:55:46.171+0000] {logging_mixin.py:188} INFO - [2025-05-18T12:55:46.171+0000] {dagbag.py:545} INFO - Filling up the DagBag from /home/airflow/.local/lib/python3.9/site-packages/airflow/example_dags/example_short_circuit_decorator.py
[2025-05-18T12:55:46.189+0000] {processor.py:840} INFO - DAG(s) 'example_short_circuit_decorator' retrieved from /home/airflow/.local/lib/python3.9/site-packages/airflow/example_dags/example_short_circuit_decorator.py
[2025-05-18T12:55:46.227+0000] {logging_mixin.py:188} INFO - [2025-05-18T12:55:46.226+0000] {dag.py:3096} INFO - Sync 1 DAGs
[2025-05-18T12:55:46.257+0000] {logging_mixin.py:188} INFO - [2025-05-18T12:55:46.257+0000] {dag.py:3954} INFO - Setting next_dagrun for example_short_circuit_decorator to 2025-05-17 00:00:00+00:00, run_after=2025-05-18 00:00:00+00:00
[2025-05-18T12:55:46.279+0000] {processor.py:183} INFO - Processing /home/airflow/.local/lib/python3.9/site-packages/airflow/example_dags/example_short_circuit_decorator.py took 0.148 seconds
[2025-05-18T12:56:16.790+0000] {processor.py:161} INFO - Started process (PID=1059) to work on /home/airflow/.local/lib/python3.9/site-packages/airflow/example_dags/example_short_circuit_decorator.py
[2025-05-18T12:56:16.791+0000] {processor.py:830} INFO - Processing file /home/airflow/.local/lib/python3.9/site-packages/airflow/example_dags/example_short_circuit_decorator.py for tasks to queue
[2025-05-18T12:56:16.794+0000] {logging_mixin.py:188} INFO - [2025-05-18T12:56:16.793+0000] {dagbag.py:545} INFO - Filling up the DagBag from /home/airflow/.local/lib/python3.9/site-packages/airflow/example_dags/example_short_circuit_decorator.py
[2025-05-18T12:56:16.807+0000] {processor.py:840} INFO - DAG(s) 'example_short_circuit_decorator' retrieved from /home/airflow/.local/lib/python3.9/site-packages/airflow/example_dags/example_short_circuit_decorator.py
[2025-05-18T12:56:16.841+0000] {logging_mixin.py:188} INFO - [2025-05-18T12:56:16.841+0000] {dag.py:3096} INFO - Sync 1 DAGs
[2025-05-18T12:56:16.874+0000] {logging_mixin.py:188} INFO - [2025-05-18T12:56:16.874+0000] {dag.py:3954} INFO - Setting next_dagrun for example_short_circuit_decorator to 2025-05-17 00:00:00+00:00, run_after=2025-05-18 00:00:00+00:00
[2025-05-18T12:56:16.898+0000] {processor.py:183} INFO - Processing /home/airflow/.local/lib/python3.9/site-packages/airflow/example_dags/example_short_circuit_decorator.py took 0.118 seconds
