[2025-05-18T12:48:59.828+0000] {processor.py:161} INFO - Started process (PID=101) to work on /home/airflow/.local/lib/python3.9/site-packages/airflow/example_dags/example_bash_operator.py
[2025-05-18T12:48:59.830+0000] {processor.py:830} INFO - Processing file /home/airflow/.local/lib/python3.9/site-packages/airflow/example_dags/example_bash_operator.py for tasks to queue
[2025-05-18T12:48:59.832+0000] {logging_mixin.py:188} INFO - [2025-05-18T12:48:59.832+0000] {dagbag.py:545} INFO - Filling up the DagBag from /home/airflow/.local/lib/python3.9/site-packages/airflow/example_dags/example_bash_operator.py
[2025-05-18T12:48:59.966+0000] {processor.py:840} INFO - DAG(s) 'example_bash_operator' retrieved from /home/airflow/.local/lib/python3.9/site-packages/airflow/example_dags/example_bash_operator.py
[2025-05-18T12:49:00.071+0000] {logging_mixin.py:188} INFO - [2025-05-18T12:49:00.071+0000] {dag.py:3096} INFO - Sync 1 DAGs
[2025-05-18T12:49:00.185+0000] {logging_mixin.py:188} INFO - [2025-05-18T12:49:00.168+0000] {dag.py:3118} INFO - Creating ORM DAG for example_bash_operator
[2025-05-18T12:49:00.248+0000] {logging_mixin.py:188} INFO - [2025-05-18T12:49:00.247+0000] {dag.py:3954} INFO - Setting next_dagrun for example_bash_operator to 2025-05-17 00:00:00+00:00, run_after=2025-05-18 00:00:00+00:00
[2025-05-18T12:49:00.406+0000] {processor.py:183} INFO - Processing /home/airflow/.local/lib/python3.9/site-packages/airflow/example_dags/example_bash_operator.py took 0.640 seconds
[2025-05-18T12:49:31.494+0000] {processor.py:161} INFO - Started process (PID=167) to work on /home/airflow/.local/lib/python3.9/site-packages/airflow/example_dags/example_bash_operator.py
[2025-05-18T12:49:31.495+0000] {processor.py:830} INFO - Processing file /home/airflow/.local/lib/python3.9/site-packages/airflow/example_dags/example_bash_operator.py for tasks to queue
[2025-05-18T12:49:31.506+0000] {logging_mixin.py:188} INFO - [2025-05-18T12:49:31.506+0000] {dagbag.py:545} INFO - Filling up the DagBag from /home/airflow/.local/lib/python3.9/site-packages/airflow/example_dags/example_bash_operator.py
[2025-05-18T12:49:31.532+0000] {processor.py:840} INFO - DAG(s) 'example_bash_operator' retrieved from /home/airflow/.local/lib/python3.9/site-packages/airflow/example_dags/example_bash_operator.py
[2025-05-18T12:49:32.108+0000] {logging_mixin.py:188} INFO - [2025-05-18T12:49:32.107+0000] {dag.py:3096} INFO - Sync 1 DAGs
[2025-05-18T12:49:32.212+0000] {logging_mixin.py:188} INFO - [2025-05-18T12:49:32.211+0000] {dag.py:3954} INFO - Setting next_dagrun for example_bash_operator to 2025-05-17 00:00:00+00:00, run_after=2025-05-18 00:00:00+00:00
[2025-05-18T12:49:32.291+0000] {processor.py:183} INFO - Processing /home/airflow/.local/lib/python3.9/site-packages/airflow/example_dags/example_bash_operator.py took 0.824 seconds
[2025-05-18T12:50:02.785+0000] {processor.py:161} INFO - Started process (PID=226) to work on /home/airflow/.local/lib/python3.9/site-packages/airflow/example_dags/example_bash_operator.py
[2025-05-18T12:50:02.787+0000] {processor.py:830} INFO - Processing file /home/airflow/.local/lib/python3.9/site-packages/airflow/example_dags/example_bash_operator.py for tasks to queue
[2025-05-18T12:50:02.809+0000] {logging_mixin.py:188} INFO - [2025-05-18T12:50:02.808+0000] {dagbag.py:545} INFO - Filling up the DagBag from /home/airflow/.local/lib/python3.9/site-packages/airflow/example_dags/example_bash_operator.py
[2025-05-18T12:50:02.835+0000] {processor.py:840} INFO - DAG(s) 'example_bash_operator' retrieved from /home/airflow/.local/lib/python3.9/site-packages/airflow/example_dags/example_bash_operator.py
[2025-05-18T12:50:02.931+0000] {logging_mixin.py:188} INFO - [2025-05-18T12:50:02.931+0000] {dag.py:3096} INFO - Sync 1 DAGs
[2025-05-18T12:50:02.990+0000] {logging_mixin.py:188} INFO - [2025-05-18T12:50:02.990+0000] {dag.py:3954} INFO - Setting next_dagrun for example_bash_operator to 2025-05-17 00:00:00+00:00, run_after=2025-05-18 00:00:00+00:00
[2025-05-18T12:50:03.051+0000] {processor.py:183} INFO - Processing /home/airflow/.local/lib/python3.9/site-packages/airflow/example_dags/example_bash_operator.py took 0.285 seconds
[2025-05-18T12:50:33.390+0000] {processor.py:161} INFO - Started process (PID=292) to work on /home/airflow/.local/lib/python3.9/site-packages/airflow/example_dags/example_bash_operator.py
[2025-05-18T12:50:33.391+0000] {processor.py:830} INFO - Processing file /home/airflow/.local/lib/python3.9/site-packages/airflow/example_dags/example_bash_operator.py for tasks to queue
[2025-05-18T12:50:33.394+0000] {logging_mixin.py:188} INFO - [2025-05-18T12:50:33.394+0000] {dagbag.py:545} INFO - Filling up the DagBag from /home/airflow/.local/lib/python3.9/site-packages/airflow/example_dags/example_bash_operator.py
[2025-05-18T12:50:33.413+0000] {processor.py:840} INFO - DAG(s) 'example_bash_operator' retrieved from /home/airflow/.local/lib/python3.9/site-packages/airflow/example_dags/example_bash_operator.py
[2025-05-18T12:50:33.473+0000] {logging_mixin.py:188} INFO - [2025-05-18T12:50:33.472+0000] {dag.py:3096} INFO - Sync 1 DAGs
[2025-05-18T12:50:33.525+0000] {logging_mixin.py:188} INFO - [2025-05-18T12:50:33.525+0000] {dag.py:3954} INFO - Setting next_dagrun for example_bash_operator to 2025-05-17 00:00:00+00:00, run_after=2025-05-18 00:00:00+00:00
[2025-05-18T12:50:33.555+0000] {processor.py:183} INFO - Processing /home/airflow/.local/lib/python3.9/site-packages/airflow/example_dags/example_bash_operator.py took 0.178 seconds
[2025-05-18T12:51:03.848+0000] {processor.py:161} INFO - Started process (PID=365) to work on /home/airflow/.local/lib/python3.9/site-packages/airflow/example_dags/example_bash_operator.py
[2025-05-18T12:51:03.849+0000] {processor.py:830} INFO - Processing file /home/airflow/.local/lib/python3.9/site-packages/airflow/example_dags/example_bash_operator.py for tasks to queue
[2025-05-18T12:51:03.852+0000] {logging_mixin.py:188} INFO - [2025-05-18T12:51:03.852+0000] {dagbag.py:545} INFO - Filling up the DagBag from /home/airflow/.local/lib/python3.9/site-packages/airflow/example_dags/example_bash_operator.py
[2025-05-18T12:51:03.889+0000] {processor.py:840} INFO - DAG(s) 'example_bash_operator' retrieved from /home/airflow/.local/lib/python3.9/site-packages/airflow/example_dags/example_bash_operator.py
[2025-05-18T12:51:03.952+0000] {logging_mixin.py:188} INFO - [2025-05-18T12:51:03.952+0000] {dag.py:3096} INFO - Sync 1 DAGs
[2025-05-18T12:51:04.014+0000] {logging_mixin.py:188} INFO - [2025-05-18T12:51:04.014+0000] {dag.py:3954} INFO - Setting next_dagrun for example_bash_operator to 2025-05-17 00:00:00+00:00, run_after=2025-05-18 00:00:00+00:00
[2025-05-18T12:51:04.085+0000] {processor.py:183} INFO - Processing /home/airflow/.local/lib/python3.9/site-packages/airflow/example_dags/example_bash_operator.py took 0.259 seconds
[2025-05-18T12:51:34.196+0000] {processor.py:161} INFO - Started process (PID=431) to work on /home/airflow/.local/lib/python3.9/site-packages/airflow/example_dags/example_bash_operator.py
[2025-05-18T12:51:34.205+0000] {processor.py:830} INFO - Processing file /home/airflow/.local/lib/python3.9/site-packages/airflow/example_dags/example_bash_operator.py for tasks to queue
[2025-05-18T12:51:34.208+0000] {logging_mixin.py:188} INFO - [2025-05-18T12:51:34.207+0000] {dagbag.py:545} INFO - Filling up the DagBag from /home/airflow/.local/lib/python3.9/site-packages/airflow/example_dags/example_bash_operator.py
[2025-05-18T12:51:34.266+0000] {processor.py:840} INFO - DAG(s) 'example_bash_operator' retrieved from /home/airflow/.local/lib/python3.9/site-packages/airflow/example_dags/example_bash_operator.py
[2025-05-18T12:51:34.367+0000] {logging_mixin.py:188} INFO - [2025-05-18T12:51:34.367+0000] {dag.py:3096} INFO - Sync 1 DAGs
[2025-05-18T12:51:34.446+0000] {logging_mixin.py:188} INFO - [2025-05-18T12:51:34.446+0000] {dag.py:3954} INFO - Setting next_dagrun for example_bash_operator to 2025-05-17 00:00:00+00:00, run_after=2025-05-18 00:00:00+00:00
[2025-05-18T12:51:34.493+0000] {processor.py:183} INFO - Processing /home/airflow/.local/lib/python3.9/site-packages/airflow/example_dags/example_bash_operator.py took 0.306 seconds
[2025-05-18T12:52:05.549+0000] {processor.py:161} INFO - Started process (PID=497) to work on /home/airflow/.local/lib/python3.9/site-packages/airflow/example_dags/example_bash_operator.py
[2025-05-18T12:52:05.551+0000] {processor.py:830} INFO - Processing file /home/airflow/.local/lib/python3.9/site-packages/airflow/example_dags/example_bash_operator.py for tasks to queue
[2025-05-18T12:52:05.553+0000] {logging_mixin.py:188} INFO - [2025-05-18T12:52:05.553+0000] {dagbag.py:545} INFO - Filling up the DagBag from /home/airflow/.local/lib/python3.9/site-packages/airflow/example_dags/example_bash_operator.py
[2025-05-18T12:52:05.579+0000] {processor.py:840} INFO - DAG(s) 'example_bash_operator' retrieved from /home/airflow/.local/lib/python3.9/site-packages/airflow/example_dags/example_bash_operator.py
[2025-05-18T12:52:05.625+0000] {logging_mixin.py:188} INFO - [2025-05-18T12:52:05.625+0000] {dag.py:3096} INFO - Sync 1 DAGs
[2025-05-18T12:52:05.670+0000] {logging_mixin.py:188} INFO - [2025-05-18T12:52:05.670+0000] {dag.py:3954} INFO - Setting next_dagrun for example_bash_operator to 2025-05-17 00:00:00+00:00, run_after=2025-05-18 00:00:00+00:00
[2025-05-18T12:52:05.713+0000] {processor.py:183} INFO - Processing /home/airflow/.local/lib/python3.9/site-packages/airflow/example_dags/example_bash_operator.py took 0.177 seconds
[2025-05-18T12:52:36.237+0000] {processor.py:161} INFO - Started process (PID=563) to work on /home/airflow/.local/lib/python3.9/site-packages/airflow/example_dags/example_bash_operator.py
[2025-05-18T12:52:36.239+0000] {processor.py:830} INFO - Processing file /home/airflow/.local/lib/python3.9/site-packages/airflow/example_dags/example_bash_operator.py for tasks to queue
[2025-05-18T12:52:36.241+0000] {logging_mixin.py:188} INFO - [2025-05-18T12:52:36.241+0000] {dagbag.py:545} INFO - Filling up the DagBag from /home/airflow/.local/lib/python3.9/site-packages/airflow/example_dags/example_bash_operator.py
[2025-05-18T12:52:36.257+0000] {processor.py:840} INFO - DAG(s) 'example_bash_operator' retrieved from /home/airflow/.local/lib/python3.9/site-packages/airflow/example_dags/example_bash_operator.py
[2025-05-18T12:52:36.330+0000] {logging_mixin.py:188} INFO - [2025-05-18T12:52:36.329+0000] {dag.py:3096} INFO - Sync 1 DAGs
[2025-05-18T12:52:36.375+0000] {logging_mixin.py:188} INFO - [2025-05-18T12:52:36.374+0000] {dag.py:3954} INFO - Setting next_dagrun for example_bash_operator to 2025-05-17 00:00:00+00:00, run_after=2025-05-18 00:00:00+00:00
[2025-05-18T12:52:36.415+0000] {processor.py:183} INFO - Processing /home/airflow/.local/lib/python3.9/site-packages/airflow/example_dags/example_bash_operator.py took 0.188 seconds
[2025-05-18T12:53:07.131+0000] {processor.py:161} INFO - Started process (PID=629) to work on /home/airflow/.local/lib/python3.9/site-packages/airflow/example_dags/example_bash_operator.py
[2025-05-18T12:53:07.132+0000] {processor.py:830} INFO - Processing file /home/airflow/.local/lib/python3.9/site-packages/airflow/example_dags/example_bash_operator.py for tasks to queue
[2025-05-18T12:53:07.136+0000] {logging_mixin.py:188} INFO - [2025-05-18T12:53:07.135+0000] {dagbag.py:545} INFO - Filling up the DagBag from /home/airflow/.local/lib/python3.9/site-packages/airflow/example_dags/example_bash_operator.py
[2025-05-18T12:53:07.173+0000] {processor.py:840} INFO - DAG(s) 'example_bash_operator' retrieved from /home/airflow/.local/lib/python3.9/site-packages/airflow/example_dags/example_bash_operator.py
[2025-05-18T12:53:07.265+0000] {logging_mixin.py:188} INFO - [2025-05-18T12:53:07.265+0000] {dag.py:3096} INFO - Sync 1 DAGs
[2025-05-18T12:53:07.308+0000] {logging_mixin.py:188} INFO - [2025-05-18T12:53:07.307+0000] {dag.py:3954} INFO - Setting next_dagrun for example_bash_operator to 2025-05-17 00:00:00+00:00, run_after=2025-05-18 00:00:00+00:00
[2025-05-18T12:53:07.343+0000] {processor.py:183} INFO - Processing /home/airflow/.local/lib/python3.9/site-packages/airflow/example_dags/example_bash_operator.py took 0.222 seconds
[2025-05-18T12:53:38.389+0000] {processor.py:161} INFO - Started process (PID=701) to work on /home/airflow/.local/lib/python3.9/site-packages/airflow/example_dags/example_bash_operator.py
[2025-05-18T12:53:38.391+0000] {processor.py:830} INFO - Processing file /home/airflow/.local/lib/python3.9/site-packages/airflow/example_dags/example_bash_operator.py for tasks to queue
[2025-05-18T12:53:38.406+0000] {logging_mixin.py:188} INFO - [2025-05-18T12:53:38.405+0000] {dagbag.py:545} INFO - Filling up the DagBag from /home/airflow/.local/lib/python3.9/site-packages/airflow/example_dags/example_bash_operator.py
[2025-05-18T12:53:38.431+0000] {processor.py:840} INFO - DAG(s) 'example_bash_operator' retrieved from /home/airflow/.local/lib/python3.9/site-packages/airflow/example_dags/example_bash_operator.py
[2025-05-18T12:53:38.507+0000] {logging_mixin.py:188} INFO - [2025-05-18T12:53:38.507+0000] {dag.py:3096} INFO - Sync 1 DAGs
[2025-05-18T12:53:38.571+0000] {logging_mixin.py:188} INFO - [2025-05-18T12:53:38.571+0000] {dag.py:3954} INFO - Setting next_dagrun for example_bash_operator to 2025-05-17 00:00:00+00:00, run_after=2025-05-18 00:00:00+00:00
[2025-05-18T12:53:38.613+0000] {processor.py:183} INFO - Processing /home/airflow/.local/lib/python3.9/site-packages/airflow/example_dags/example_bash_operator.py took 0.241 seconds
[2025-05-18T12:54:08.845+0000] {processor.py:161} INFO - Started process (PID=768) to work on /home/airflow/.local/lib/python3.9/site-packages/airflow/example_dags/example_bash_operator.py
[2025-05-18T12:54:08.846+0000] {processor.py:830} INFO - Processing file /home/airflow/.local/lib/python3.9/site-packages/airflow/example_dags/example_bash_operator.py for tasks to queue
[2025-05-18T12:54:08.850+0000] {logging_mixin.py:188} INFO - [2025-05-18T12:54:08.849+0000] {dagbag.py:545} INFO - Filling up the DagBag from /home/airflow/.local/lib/python3.9/site-packages/airflow/example_dags/example_bash_operator.py
[2025-05-18T12:54:08.889+0000] {processor.py:840} INFO - DAG(s) 'example_bash_operator' retrieved from /home/airflow/.local/lib/python3.9/site-packages/airflow/example_dags/example_bash_operator.py
[2025-05-18T12:54:08.976+0000] {logging_mixin.py:188} INFO - [2025-05-18T12:54:08.975+0000] {dag.py:3096} INFO - Sync 1 DAGs
[2025-05-18T12:54:09.047+0000] {logging_mixin.py:188} INFO - [2025-05-18T12:54:09.046+0000] {dag.py:3954} INFO - Setting next_dagrun for example_bash_operator to 2025-05-17 00:00:00+00:00, run_after=2025-05-18 00:00:00+00:00
[2025-05-18T12:54:09.095+0000] {processor.py:183} INFO - Processing /home/airflow/.local/lib/python3.9/site-packages/airflow/example_dags/example_bash_operator.py took 0.269 seconds
[2025-05-18T12:54:39.231+0000] {processor.py:161} INFO - Started process (PID=835) to work on /home/airflow/.local/lib/python3.9/site-packages/airflow/example_dags/example_bash_operator.py
[2025-05-18T12:54:39.232+0000] {processor.py:830} INFO - Processing file /home/airflow/.local/lib/python3.9/site-packages/airflow/example_dags/example_bash_operator.py for tasks to queue
[2025-05-18T12:54:39.236+0000] {logging_mixin.py:188} INFO - [2025-05-18T12:54:39.236+0000] {dagbag.py:545} INFO - Filling up the DagBag from /home/airflow/.local/lib/python3.9/site-packages/airflow/example_dags/example_bash_operator.py
[2025-05-18T12:54:39.270+0000] {processor.py:840} INFO - DAG(s) 'example_bash_operator' retrieved from /home/airflow/.local/lib/python3.9/site-packages/airflow/example_dags/example_bash_operator.py
[2025-05-18T12:54:39.349+0000] {logging_mixin.py:188} INFO - [2025-05-18T12:54:39.348+0000] {dag.py:3096} INFO - Sync 1 DAGs
[2025-05-18T12:54:39.399+0000] {logging_mixin.py:188} INFO - [2025-05-18T12:54:39.399+0000] {dag.py:3954} INFO - Setting next_dagrun for example_bash_operator to 2025-05-17 00:00:00+00:00, run_after=2025-05-18 00:00:00+00:00
[2025-05-18T12:54:39.452+0000] {processor.py:183} INFO - Processing /home/airflow/.local/lib/python3.9/site-packages/airflow/example_dags/example_bash_operator.py took 0.240 seconds
[2025-05-18T12:55:09.836+0000] {processor.py:161} INFO - Started process (PID=902) to work on /home/airflow/.local/lib/python3.9/site-packages/airflow/example_dags/example_bash_operator.py
[2025-05-18T12:55:09.838+0000] {processor.py:830} INFO - Processing file /home/airflow/.local/lib/python3.9/site-packages/airflow/example_dags/example_bash_operator.py for tasks to queue
[2025-05-18T12:55:09.841+0000] {logging_mixin.py:188} INFO - [2025-05-18T12:55:09.840+0000] {dagbag.py:545} INFO - Filling up the DagBag from /home/airflow/.local/lib/python3.9/site-packages/airflow/example_dags/example_bash_operator.py
[2025-05-18T12:55:09.859+0000] {processor.py:840} INFO - DAG(s) 'example_bash_operator' retrieved from /home/airflow/.local/lib/python3.9/site-packages/airflow/example_dags/example_bash_operator.py
[2025-05-18T12:55:09.905+0000] {logging_mixin.py:188} INFO - [2025-05-18T12:55:09.905+0000] {dag.py:3096} INFO - Sync 1 DAGs
[2025-05-18T12:55:09.938+0000] {logging_mixin.py:188} INFO - [2025-05-18T12:55:09.938+0000] {dag.py:3954} INFO - Setting next_dagrun for example_bash_operator to 2025-05-17 00:00:00+00:00, run_after=2025-05-18 00:00:00+00:00
[2025-05-18T12:55:09.963+0000] {processor.py:183} INFO - Processing /home/airflow/.local/lib/python3.9/site-packages/airflow/example_dags/example_bash_operator.py took 0.137 seconds
[2025-05-18T12:55:40.287+0000] {processor.py:161} INFO - Started process (PID=969) to work on /home/airflow/.local/lib/python3.9/site-packages/airflow/example_dags/example_bash_operator.py
[2025-05-18T12:55:40.288+0000] {processor.py:830} INFO - Processing file /home/airflow/.local/lib/python3.9/site-packages/airflow/example_dags/example_bash_operator.py for tasks to queue
[2025-05-18T12:55:40.291+0000] {logging_mixin.py:188} INFO - [2025-05-18T12:55:40.291+0000] {dagbag.py:545} INFO - Filling up the DagBag from /home/airflow/.local/lib/python3.9/site-packages/airflow/example_dags/example_bash_operator.py
[2025-05-18T12:55:40.311+0000] {processor.py:840} INFO - DAG(s) 'example_bash_operator' retrieved from /home/airflow/.local/lib/python3.9/site-packages/airflow/example_dags/example_bash_operator.py
[2025-05-18T12:55:40.353+0000] {logging_mixin.py:188} INFO - [2025-05-18T12:55:40.353+0000] {dag.py:3096} INFO - Sync 1 DAGs
[2025-05-18T12:55:40.385+0000] {logging_mixin.py:188} INFO - [2025-05-18T12:55:40.385+0000] {dag.py:3954} INFO - Setting next_dagrun for example_bash_operator to 2025-05-17 00:00:00+00:00, run_after=2025-05-18 00:00:00+00:00
[2025-05-18T12:55:40.410+0000] {processor.py:183} INFO - Processing /home/airflow/.local/lib/python3.9/site-packages/airflow/example_dags/example_bash_operator.py took 0.133 seconds
[2025-05-18T12:56:10.666+0000] {processor.py:161} INFO - Started process (PID=1043) to work on /home/airflow/.local/lib/python3.9/site-packages/airflow/example_dags/example_bash_operator.py
[2025-05-18T12:56:10.668+0000] {processor.py:830} INFO - Processing file /home/airflow/.local/lib/python3.9/site-packages/airflow/example_dags/example_bash_operator.py for tasks to queue
[2025-05-18T12:56:10.671+0000] {logging_mixin.py:188} INFO - [2025-05-18T12:56:10.670+0000] {dagbag.py:545} INFO - Filling up the DagBag from /home/airflow/.local/lib/python3.9/site-packages/airflow/example_dags/example_bash_operator.py
[2025-05-18T12:56:10.695+0000] {processor.py:840} INFO - DAG(s) 'example_bash_operator' retrieved from /home/airflow/.local/lib/python3.9/site-packages/airflow/example_dags/example_bash_operator.py
[2025-05-18T12:56:10.794+0000] {logging_mixin.py:188} INFO - [2025-05-18T12:56:10.794+0000] {dag.py:3096} INFO - Sync 1 DAGs
[2025-05-18T12:56:10.888+0000] {logging_mixin.py:188} INFO - [2025-05-18T12:56:10.888+0000] {dag.py:3954} INFO - Setting next_dagrun for example_bash_operator to 2025-05-17 00:00:00+00:00, run_after=2025-05-18 00:00:00+00:00
[2025-05-18T12:56:10.948+0000] {processor.py:183} INFO - Processing /home/airflow/.local/lib/python3.9/site-packages/airflow/example_dags/example_bash_operator.py took 0.304 seconds
