[2025-05-18T12:48:57.707+0000] {processor.py:161} INFO - Started process (PID=95) to work on /home/airflow/.local/lib/python3.9/site-packages/airflow/example_dags/example_latest_only_with_trigger.py
[2025-05-18T12:48:57.709+0000] {processor.py:830} INFO - Processing file /home/airflow/.local/lib/python3.9/site-packages/airflow/example_dags/example_latest_only_with_trigger.py for tasks to queue
[2025-05-18T12:48:57.712+0000] {logging_mixin.py:188} INFO - [2025-05-18T12:48:57.711+0000] {dagbag.py:545} INFO - Filling up the DagBag from /home/airflow/.local/lib/python3.9/site-packages/airflow/example_dags/example_latest_only_with_trigger.py
[2025-05-18T12:48:57.787+0000] {processor.py:840} INFO - DAG(s) 'latest_only_with_trigger' retrieved from /home/airflow/.local/lib/python3.9/site-packages/airflow/example_dags/example_latest_only_with_trigger.py
[2025-05-18T12:48:57.887+0000] {logging_mixin.py:188} INFO - [2025-05-18T12:48:57.886+0000] {dag.py:3096} INFO - Sync 1 DAGs
[2025-05-18T12:48:58.026+0000] {logging_mixin.py:188} INFO - [2025-05-18T12:48:58.025+0000] {dag.py:3118} INFO - Creating ORM DAG for latest_only_with_trigger
[2025-05-18T12:48:58.146+0000] {logging_mixin.py:188} INFO - [2025-05-18T12:48:58.146+0000] {dag.py:3954} INFO - Setting next_dagrun for latest_only_with_trigger to 2025-05-18 08:00:00+00:00, run_after=2025-05-18 12:00:00+00:00
[2025-05-18T12:48:58.249+0000] {processor.py:183} INFO - Processing /home/airflow/.local/lib/python3.9/site-packages/airflow/example_dags/example_latest_only_with_trigger.py took 0.603 seconds
[2025-05-18T12:49:29.246+0000] {processor.py:161} INFO - Started process (PID=154) to work on /home/airflow/.local/lib/python3.9/site-packages/airflow/example_dags/example_latest_only_with_trigger.py
[2025-05-18T12:49:29.247+0000] {processor.py:830} INFO - Processing file /home/airflow/.local/lib/python3.9/site-packages/airflow/example_dags/example_latest_only_with_trigger.py for tasks to queue
[2025-05-18T12:49:29.250+0000] {logging_mixin.py:188} INFO - [2025-05-18T12:49:29.249+0000] {dagbag.py:545} INFO - Filling up the DagBag from /home/airflow/.local/lib/python3.9/site-packages/airflow/example_dags/example_latest_only_with_trigger.py
[2025-05-18T12:49:29.268+0000] {processor.py:840} INFO - DAG(s) 'latest_only_with_trigger' retrieved from /home/airflow/.local/lib/python3.9/site-packages/airflow/example_dags/example_latest_only_with_trigger.py
[2025-05-18T12:49:29.551+0000] {logging_mixin.py:188} INFO - [2025-05-18T12:49:29.551+0000] {dag.py:3096} INFO - Sync 1 DAGs
[2025-05-18T12:49:29.628+0000] {logging_mixin.py:188} INFO - [2025-05-18T12:49:29.628+0000] {dag.py:3954} INFO - Setting next_dagrun for latest_only_with_trigger to 2025-05-18 08:00:00+00:00, run_after=2025-05-18 12:00:00+00:00
[2025-05-18T12:49:29.688+0000] {processor.py:183} INFO - Processing /home/airflow/.local/lib/python3.9/site-packages/airflow/example_dags/example_latest_only_with_trigger.py took 0.460 seconds
[2025-05-18T12:50:00.592+0000] {processor.py:161} INFO - Started process (PID=220) to work on /home/airflow/.local/lib/python3.9/site-packages/airflow/example_dags/example_latest_only_with_trigger.py
[2025-05-18T12:50:00.593+0000] {processor.py:830} INFO - Processing file /home/airflow/.local/lib/python3.9/site-packages/airflow/example_dags/example_latest_only_with_trigger.py for tasks to queue
[2025-05-18T12:50:00.596+0000] {logging_mixin.py:188} INFO - [2025-05-18T12:50:00.596+0000] {dagbag.py:545} INFO - Filling up the DagBag from /home/airflow/.local/lib/python3.9/site-packages/airflow/example_dags/example_latest_only_with_trigger.py
[2025-05-18T12:50:00.606+0000] {processor.py:840} INFO - DAG(s) 'latest_only_with_trigger' retrieved from /home/airflow/.local/lib/python3.9/site-packages/airflow/example_dags/example_latest_only_with_trigger.py
[2025-05-18T12:50:00.649+0000] {logging_mixin.py:188} INFO - [2025-05-18T12:50:00.648+0000] {dag.py:3096} INFO - Sync 1 DAGs
[2025-05-18T12:50:00.695+0000] {logging_mixin.py:188} INFO - [2025-05-18T12:50:00.694+0000] {dag.py:3954} INFO - Setting next_dagrun for latest_only_with_trigger to 2025-05-18 08:00:00+00:00, run_after=2025-05-18 12:00:00+00:00
[2025-05-18T12:50:00.723+0000] {processor.py:183} INFO - Processing /home/airflow/.local/lib/python3.9/site-packages/airflow/example_dags/example_latest_only_with_trigger.py took 0.143 seconds
[2025-05-18T12:50:30.891+0000] {processor.py:161} INFO - Started process (PID=286) to work on /home/airflow/.local/lib/python3.9/site-packages/airflow/example_dags/example_latest_only_with_trigger.py
[2025-05-18T12:50:30.892+0000] {processor.py:830} INFO - Processing file /home/airflow/.local/lib/python3.9/site-packages/airflow/example_dags/example_latest_only_with_trigger.py for tasks to queue
[2025-05-18T12:50:30.894+0000] {logging_mixin.py:188} INFO - [2025-05-18T12:50:30.894+0000] {dagbag.py:545} INFO - Filling up the DagBag from /home/airflow/.local/lib/python3.9/site-packages/airflow/example_dags/example_latest_only_with_trigger.py
[2025-05-18T12:50:30.906+0000] {processor.py:840} INFO - DAG(s) 'latest_only_with_trigger' retrieved from /home/airflow/.local/lib/python3.9/site-packages/airflow/example_dags/example_latest_only_with_trigger.py
[2025-05-18T12:50:30.954+0000] {logging_mixin.py:188} INFO - [2025-05-18T12:50:30.953+0000] {dag.py:3096} INFO - Sync 1 DAGs
[2025-05-18T12:50:31.007+0000] {logging_mixin.py:188} INFO - [2025-05-18T12:50:31.007+0000] {dag.py:3954} INFO - Setting next_dagrun for latest_only_with_trigger to 2025-05-18 08:00:00+00:00, run_after=2025-05-18 12:00:00+00:00
[2025-05-18T12:50:31.050+0000] {processor.py:183} INFO - Processing /home/airflow/.local/lib/python3.9/site-packages/airflow/example_dags/example_latest_only_with_trigger.py took 0.180 seconds
[2025-05-18T12:51:01.150+0000] {processor.py:161} INFO - Started process (PID=352) to work on /home/airflow/.local/lib/python3.9/site-packages/airflow/example_dags/example_latest_only_with_trigger.py
[2025-05-18T12:51:01.151+0000] {processor.py:830} INFO - Processing file /home/airflow/.local/lib/python3.9/site-packages/airflow/example_dags/example_latest_only_with_trigger.py for tasks to queue
[2025-05-18T12:51:01.154+0000] {logging_mixin.py:188} INFO - [2025-05-18T12:51:01.153+0000] {dagbag.py:545} INFO - Filling up the DagBag from /home/airflow/.local/lib/python3.9/site-packages/airflow/example_dags/example_latest_only_with_trigger.py
[2025-05-18T12:51:01.186+0000] {processor.py:840} INFO - DAG(s) 'latest_only_with_trigger' retrieved from /home/airflow/.local/lib/python3.9/site-packages/airflow/example_dags/example_latest_only_with_trigger.py
[2025-05-18T12:51:01.272+0000] {logging_mixin.py:188} INFO - [2025-05-18T12:51:01.271+0000] {dag.py:3096} INFO - Sync 1 DAGs
[2025-05-18T12:51:01.332+0000] {logging_mixin.py:188} INFO - [2025-05-18T12:51:01.331+0000] {dag.py:3954} INFO - Setting next_dagrun for latest_only_with_trigger to 2025-05-18 08:00:00+00:00, run_after=2025-05-18 12:00:00+00:00
[2025-05-18T12:51:01.396+0000] {processor.py:183} INFO - Processing /home/airflow/.local/lib/python3.9/site-packages/airflow/example_dags/example_latest_only_with_trigger.py took 0.265 seconds
[2025-05-18T12:51:31.525+0000] {processor.py:161} INFO - Started process (PID=418) to work on /home/airflow/.local/lib/python3.9/site-packages/airflow/example_dags/example_latest_only_with_trigger.py
[2025-05-18T12:51:31.526+0000] {processor.py:830} INFO - Processing file /home/airflow/.local/lib/python3.9/site-packages/airflow/example_dags/example_latest_only_with_trigger.py for tasks to queue
[2025-05-18T12:51:31.529+0000] {logging_mixin.py:188} INFO - [2025-05-18T12:51:31.528+0000] {dagbag.py:545} INFO - Filling up the DagBag from /home/airflow/.local/lib/python3.9/site-packages/airflow/example_dags/example_latest_only_with_trigger.py
[2025-05-18T12:51:31.538+0000] {processor.py:840} INFO - DAG(s) 'latest_only_with_trigger' retrieved from /home/airflow/.local/lib/python3.9/site-packages/airflow/example_dags/example_latest_only_with_trigger.py
[2025-05-18T12:51:31.571+0000] {logging_mixin.py:188} INFO - [2025-05-18T12:51:31.571+0000] {dag.py:3096} INFO - Sync 1 DAGs
[2025-05-18T12:51:31.604+0000] {logging_mixin.py:188} INFO - [2025-05-18T12:51:31.603+0000] {dag.py:3954} INFO - Setting next_dagrun for latest_only_with_trigger to 2025-05-18 08:00:00+00:00, run_after=2025-05-18 12:00:00+00:00
[2025-05-18T12:51:31.626+0000] {processor.py:183} INFO - Processing /home/airflow/.local/lib/python3.9/site-packages/airflow/example_dags/example_latest_only_with_trigger.py took 0.112 seconds
[2025-05-18T12:52:02.056+0000] {processor.py:161} INFO - Started process (PID=491) to work on /home/airflow/.local/lib/python3.9/site-packages/airflow/example_dags/example_latest_only_with_trigger.py
[2025-05-18T12:52:02.066+0000] {processor.py:830} INFO - Processing file /home/airflow/.local/lib/python3.9/site-packages/airflow/example_dags/example_latest_only_with_trigger.py for tasks to queue
[2025-05-18T12:52:02.068+0000] {logging_mixin.py:188} INFO - [2025-05-18T12:52:02.068+0000] {dagbag.py:545} INFO - Filling up the DagBag from /home/airflow/.local/lib/python3.9/site-packages/airflow/example_dags/example_latest_only_with_trigger.py
[2025-05-18T12:52:02.085+0000] {processor.py:840} INFO - DAG(s) 'latest_only_with_trigger' retrieved from /home/airflow/.local/lib/python3.9/site-packages/airflow/example_dags/example_latest_only_with_trigger.py
[2025-05-18T12:52:02.131+0000] {logging_mixin.py:188} INFO - [2025-05-18T12:52:02.131+0000] {dag.py:3096} INFO - Sync 1 DAGs
[2025-05-18T12:52:02.175+0000] {logging_mixin.py:188} INFO - [2025-05-18T12:52:02.175+0000] {dag.py:3954} INFO - Setting next_dagrun for latest_only_with_trigger to 2025-05-18 08:00:00+00:00, run_after=2025-05-18 12:00:00+00:00
[2025-05-18T12:52:02.212+0000] {processor.py:183} INFO - Processing /home/airflow/.local/lib/python3.9/site-packages/airflow/example_dags/example_latest_only_with_trigger.py took 0.167 seconds
[2025-05-18T12:52:32.806+0000] {processor.py:161} INFO - Started process (PID=557) to work on /home/airflow/.local/lib/python3.9/site-packages/airflow/example_dags/example_latest_only_with_trigger.py
[2025-05-18T12:52:32.808+0000] {processor.py:830} INFO - Processing file /home/airflow/.local/lib/python3.9/site-packages/airflow/example_dags/example_latest_only_with_trigger.py for tasks to queue
[2025-05-18T12:52:32.810+0000] {logging_mixin.py:188} INFO - [2025-05-18T12:52:32.810+0000] {dagbag.py:545} INFO - Filling up the DagBag from /home/airflow/.local/lib/python3.9/site-packages/airflow/example_dags/example_latest_only_with_trigger.py
[2025-05-18T12:52:32.820+0000] {processor.py:840} INFO - DAG(s) 'latest_only_with_trigger' retrieved from /home/airflow/.local/lib/python3.9/site-packages/airflow/example_dags/example_latest_only_with_trigger.py
[2025-05-18T12:52:32.852+0000] {logging_mixin.py:188} INFO - [2025-05-18T12:52:32.852+0000] {dag.py:3096} INFO - Sync 1 DAGs
[2025-05-18T12:52:32.894+0000] {logging_mixin.py:188} INFO - [2025-05-18T12:52:32.894+0000] {dag.py:3954} INFO - Setting next_dagrun for latest_only_with_trigger to 2025-05-18 08:00:00+00:00, run_after=2025-05-18 12:00:00+00:00
[2025-05-18T12:52:32.918+0000] {processor.py:183} INFO - Processing /home/airflow/.local/lib/python3.9/site-packages/airflow/example_dags/example_latest_only_with_trigger.py took 0.122 seconds
[2025-05-18T12:53:03.429+0000] {processor.py:161} INFO - Started process (PID=623) to work on /home/airflow/.local/lib/python3.9/site-packages/airflow/example_dags/example_latest_only_with_trigger.py
[2025-05-18T12:53:03.430+0000] {processor.py:830} INFO - Processing file /home/airflow/.local/lib/python3.9/site-packages/airflow/example_dags/example_latest_only_with_trigger.py for tasks to queue
[2025-05-18T12:53:03.433+0000] {logging_mixin.py:188} INFO - [2025-05-18T12:53:03.432+0000] {dagbag.py:545} INFO - Filling up the DagBag from /home/airflow/.local/lib/python3.9/site-packages/airflow/example_dags/example_latest_only_with_trigger.py
[2025-05-18T12:53:03.449+0000] {processor.py:840} INFO - DAG(s) 'latest_only_with_trigger' retrieved from /home/airflow/.local/lib/python3.9/site-packages/airflow/example_dags/example_latest_only_with_trigger.py
[2025-05-18T12:53:03.519+0000] {logging_mixin.py:188} INFO - [2025-05-18T12:53:03.518+0000] {dag.py:3096} INFO - Sync 1 DAGs
[2025-05-18T12:53:03.591+0000] {logging_mixin.py:188} INFO - [2025-05-18T12:53:03.590+0000] {dag.py:3954} INFO - Setting next_dagrun for latest_only_with_trigger to 2025-05-18 08:00:00+00:00, run_after=2025-05-18 12:00:00+00:00
[2025-05-18T12:53:03.654+0000] {processor.py:183} INFO - Processing /home/airflow/.local/lib/python3.9/site-packages/airflow/example_dags/example_latest_only_with_trigger.py took 0.241 seconds
[2025-05-18T12:53:33.856+0000] {processor.py:161} INFO - Started process (PID=687) to work on /home/airflow/.local/lib/python3.9/site-packages/airflow/example_dags/example_latest_only_with_trigger.py
[2025-05-18T12:53:33.857+0000] {processor.py:830} INFO - Processing file /home/airflow/.local/lib/python3.9/site-packages/airflow/example_dags/example_latest_only_with_trigger.py for tasks to queue
[2025-05-18T12:53:33.860+0000] {logging_mixin.py:188} INFO - [2025-05-18T12:53:33.860+0000] {dagbag.py:545} INFO - Filling up the DagBag from /home/airflow/.local/lib/python3.9/site-packages/airflow/example_dags/example_latest_only_with_trigger.py
[2025-05-18T12:53:33.869+0000] {processor.py:840} INFO - DAG(s) 'latest_only_with_trigger' retrieved from /home/airflow/.local/lib/python3.9/site-packages/airflow/example_dags/example_latest_only_with_trigger.py
[2025-05-18T12:53:33.909+0000] {logging_mixin.py:188} INFO - [2025-05-18T12:53:33.908+0000] {dag.py:3096} INFO - Sync 1 DAGs
[2025-05-18T12:53:33.945+0000] {logging_mixin.py:188} INFO - [2025-05-18T12:53:33.945+0000] {dag.py:3954} INFO - Setting next_dagrun for latest_only_with_trigger to 2025-05-18 08:00:00+00:00, run_after=2025-05-18 12:00:00+00:00
[2025-05-18T12:53:33.968+0000] {processor.py:183} INFO - Processing /home/airflow/.local/lib/python3.9/site-packages/airflow/example_dags/example_latest_only_with_trigger.py took 0.122 seconds
[2025-05-18T12:54:04.198+0000] {processor.py:161} INFO - Started process (PID=755) to work on /home/airflow/.local/lib/python3.9/site-packages/airflow/example_dags/example_latest_only_with_trigger.py
[2025-05-18T12:54:04.199+0000] {processor.py:830} INFO - Processing file /home/airflow/.local/lib/python3.9/site-packages/airflow/example_dags/example_latest_only_with_trigger.py for tasks to queue
[2025-05-18T12:54:04.202+0000] {logging_mixin.py:188} INFO - [2025-05-18T12:54:04.201+0000] {dagbag.py:545} INFO - Filling up the DagBag from /home/airflow/.local/lib/python3.9/site-packages/airflow/example_dags/example_latest_only_with_trigger.py
[2025-05-18T12:54:04.210+0000] {processor.py:840} INFO - DAG(s) 'latest_only_with_trigger' retrieved from /home/airflow/.local/lib/python3.9/site-packages/airflow/example_dags/example_latest_only_with_trigger.py
[2025-05-18T12:54:04.243+0000] {logging_mixin.py:188} INFO - [2025-05-18T12:54:04.242+0000] {dag.py:3096} INFO - Sync 1 DAGs
[2025-05-18T12:54:04.271+0000] {logging_mixin.py:188} INFO - [2025-05-18T12:54:04.271+0000] {dag.py:3954} INFO - Setting next_dagrun for latest_only_with_trigger to 2025-05-18 08:00:00+00:00, run_after=2025-05-18 12:00:00+00:00
[2025-05-18T12:54:04.294+0000] {processor.py:183} INFO - Processing /home/airflow/.local/lib/python3.9/site-packages/airflow/example_dags/example_latest_only_with_trigger.py took 0.106 seconds
[2025-05-18T12:54:34.487+0000] {processor.py:161} INFO - Started process (PID=829) to work on /home/airflow/.local/lib/python3.9/site-packages/airflow/example_dags/example_latest_only_with_trigger.py
[2025-05-18T12:54:34.488+0000] {processor.py:830} INFO - Processing file /home/airflow/.local/lib/python3.9/site-packages/airflow/example_dags/example_latest_only_with_trigger.py for tasks to queue
[2025-05-18T12:54:34.491+0000] {logging_mixin.py:188} INFO - [2025-05-18T12:54:34.491+0000] {dagbag.py:545} INFO - Filling up the DagBag from /home/airflow/.local/lib/python3.9/site-packages/airflow/example_dags/example_latest_only_with_trigger.py
[2025-05-18T12:54:34.507+0000] {processor.py:840} INFO - DAG(s) 'latest_only_with_trigger' retrieved from /home/airflow/.local/lib/python3.9/site-packages/airflow/example_dags/example_latest_only_with_trigger.py
[2025-05-18T12:54:34.565+0000] {logging_mixin.py:188} INFO - [2025-05-18T12:54:34.565+0000] {dag.py:3096} INFO - Sync 1 DAGs
[2025-05-18T12:54:34.627+0000] {logging_mixin.py:188} INFO - [2025-05-18T12:54:34.627+0000] {dag.py:3954} INFO - Setting next_dagrun for latest_only_with_trigger to 2025-05-18 08:00:00+00:00, run_after=2025-05-18 12:00:00+00:00
[2025-05-18T12:54:34.671+0000] {processor.py:183} INFO - Processing /home/airflow/.local/lib/python3.9/site-packages/airflow/example_dags/example_latest_only_with_trigger.py took 0.200 seconds
[2025-05-18T12:55:05.052+0000] {processor.py:161} INFO - Started process (PID=896) to work on /home/airflow/.local/lib/python3.9/site-packages/airflow/example_dags/example_latest_only_with_trigger.py
[2025-05-18T12:55:05.056+0000] {processor.py:830} INFO - Processing file /home/airflow/.local/lib/python3.9/site-packages/airflow/example_dags/example_latest_only_with_trigger.py for tasks to queue
[2025-05-18T12:55:05.060+0000] {logging_mixin.py:188} INFO - [2025-05-18T12:55:05.059+0000] {dagbag.py:545} INFO - Filling up the DagBag from /home/airflow/.local/lib/python3.9/site-packages/airflow/example_dags/example_latest_only_with_trigger.py
[2025-05-18T12:55:05.075+0000] {processor.py:840} INFO - DAG(s) 'latest_only_with_trigger' retrieved from /home/airflow/.local/lib/python3.9/site-packages/airflow/example_dags/example_latest_only_with_trigger.py
[2025-05-18T12:55:05.134+0000] {logging_mixin.py:188} INFO - [2025-05-18T12:55:05.134+0000] {dag.py:3096} INFO - Sync 1 DAGs
[2025-05-18T12:55:05.187+0000] {logging_mixin.py:188} INFO - [2025-05-18T12:55:05.186+0000] {dag.py:3954} INFO - Setting next_dagrun for latest_only_with_trigger to 2025-05-18 08:00:00+00:00, run_after=2025-05-18 12:00:00+00:00
[2025-05-18T12:55:05.228+0000] {processor.py:183} INFO - Processing /home/airflow/.local/lib/python3.9/site-packages/airflow/example_dags/example_latest_only_with_trigger.py took 0.192 seconds
[2025-05-18T12:55:35.752+0000] {processor.py:161} INFO - Started process (PID=963) to work on /home/airflow/.local/lib/python3.9/site-packages/airflow/example_dags/example_latest_only_with_trigger.py
[2025-05-18T12:55:35.754+0000] {processor.py:830} INFO - Processing file /home/airflow/.local/lib/python3.9/site-packages/airflow/example_dags/example_latest_only_with_trigger.py for tasks to queue
[2025-05-18T12:55:35.756+0000] {logging_mixin.py:188} INFO - [2025-05-18T12:55:35.756+0000] {dagbag.py:545} INFO - Filling up the DagBag from /home/airflow/.local/lib/python3.9/site-packages/airflow/example_dags/example_latest_only_with_trigger.py
[2025-05-18T12:55:35.766+0000] {processor.py:840} INFO - DAG(s) 'latest_only_with_trigger' retrieved from /home/airflow/.local/lib/python3.9/site-packages/airflow/example_dags/example_latest_only_with_trigger.py
[2025-05-18T12:55:35.803+0000] {logging_mixin.py:188} INFO - [2025-05-18T12:55:35.803+0000] {dag.py:3096} INFO - Sync 1 DAGs
[2025-05-18T12:55:35.837+0000] {logging_mixin.py:188} INFO - [2025-05-18T12:55:35.836+0000] {dag.py:3954} INFO - Setting next_dagrun for latest_only_with_trigger to 2025-05-18 08:00:00+00:00, run_after=2025-05-18 12:00:00+00:00
[2025-05-18T12:55:35.858+0000] {processor.py:183} INFO - Processing /home/airflow/.local/lib/python3.9/site-packages/airflow/example_dags/example_latest_only_with_trigger.py took 0.123 seconds
[2025-05-18T12:56:06.123+0000] {processor.py:161} INFO - Started process (PID=1030) to work on /home/airflow/.local/lib/python3.9/site-packages/airflow/example_dags/example_latest_only_with_trigger.py
[2025-05-18T12:56:06.125+0000] {processor.py:830} INFO - Processing file /home/airflow/.local/lib/python3.9/site-packages/airflow/example_dags/example_latest_only_with_trigger.py for tasks to queue
[2025-05-18T12:56:06.127+0000] {logging_mixin.py:188} INFO - [2025-05-18T12:56:06.127+0000] {dagbag.py:545} INFO - Filling up the DagBag from /home/airflow/.local/lib/python3.9/site-packages/airflow/example_dags/example_latest_only_with_trigger.py
[2025-05-18T12:56:06.136+0000] {processor.py:840} INFO - DAG(s) 'latest_only_with_trigger' retrieved from /home/airflow/.local/lib/python3.9/site-packages/airflow/example_dags/example_latest_only_with_trigger.py
[2025-05-18T12:56:06.169+0000] {logging_mixin.py:188} INFO - [2025-05-18T12:56:06.169+0000] {dag.py:3096} INFO - Sync 1 DAGs
[2025-05-18T12:56:06.203+0000] {logging_mixin.py:188} INFO - [2025-05-18T12:56:06.203+0000] {dag.py:3954} INFO - Setting next_dagrun for latest_only_with_trigger to 2025-05-18 08:00:00+00:00, run_after=2025-05-18 12:00:00+00:00
[2025-05-18T12:56:06.230+0000] {processor.py:183} INFO - Processing /home/airflow/.local/lib/python3.9/site-packages/airflow/example_dags/example_latest_only_with_trigger.py took 0.116 seconds
