[2025-05-18T12:48:58.146+0000] {processor.py:161} INFO - Started process (PID=96) to work on /home/airflow/.local/lib/python3.9/site-packages/airflow/example_dags/example_local_kubernetes_executor.py
[2025-05-18T12:48:58.164+0000] {processor.py:830} INFO - Processing file /home/airflow/.local/lib/python3.9/site-packages/airflow/example_dags/example_local_kubernetes_executor.py for tasks to queue
[2025-05-18T12:48:58.186+0000] {logging_mixin.py:188} INFO - [2025-05-18T12:48:58.185+0000] {dagbag.py:545} INFO - Filling up the DagBag from /home/airflow/.local/lib/python3.9/site-packages/airflow/example_dags/example_local_kubernetes_executor.py
[2025-05-18T12:48:58.305+0000] {processor.py:840} INFO - DAG(s) 'example_local_kubernetes_executor' retrieved from /home/airflow/.local/lib/python3.9/site-packages/airflow/example_dags/example_local_kubernetes_executor.py
[2025-05-18T12:48:58.427+0000] {logging_mixin.py:188} INFO - [2025-05-18T12:48:58.426+0000] {dag.py:3096} INFO - Sync 1 DAGs
[2025-05-18T12:48:58.526+0000] {logging_mixin.py:188} INFO - [2025-05-18T12:48:58.525+0000] {dag.py:3118} INFO - Creating ORM DAG for example_local_kubernetes_executor
[2025-05-18T12:48:58.527+0000] {logging_mixin.py:188} INFO - [2025-05-18T12:48:58.527+0000] {dag.py:3954} INFO - Setting next_dagrun for example_local_kubernetes_executor to None, run_after=None
[2025-05-18T12:48:58.628+0000] {processor.py:183} INFO - Processing /home/airflow/.local/lib/python3.9/site-packages/airflow/example_dags/example_local_kubernetes_executor.py took 0.523 seconds
[2025-05-18T12:49:29.476+0000] {processor.py:161} INFO - Started process (PID=155) to work on /home/airflow/.local/lib/python3.9/site-packages/airflow/example_dags/example_local_kubernetes_executor.py
[2025-05-18T12:49:29.486+0000] {processor.py:830} INFO - Processing file /home/airflow/.local/lib/python3.9/site-packages/airflow/example_dags/example_local_kubernetes_executor.py for tasks to queue
[2025-05-18T12:49:29.489+0000] {logging_mixin.py:188} INFO - [2025-05-18T12:49:29.489+0000] {dagbag.py:545} INFO - Filling up the DagBag from /home/airflow/.local/lib/python3.9/site-packages/airflow/example_dags/example_local_kubernetes_executor.py
[2025-05-18T12:49:29.516+0000] {processor.py:840} INFO - DAG(s) 'example_local_kubernetes_executor' retrieved from /home/airflow/.local/lib/python3.9/site-packages/airflow/example_dags/example_local_kubernetes_executor.py
[2025-05-18T12:49:30.009+0000] {logging_mixin.py:188} INFO - [2025-05-18T12:49:30.008+0000] {dag.py:3096} INFO - Sync 1 DAGs
[2025-05-18T12:49:30.069+0000] {logging_mixin.py:188} INFO - [2025-05-18T12:49:30.068+0000] {dag.py:3954} INFO - Setting next_dagrun for example_local_kubernetes_executor to None, run_after=None
[2025-05-18T12:49:30.247+0000] {processor.py:183} INFO - Processing /home/airflow/.local/lib/python3.9/site-packages/airflow/example_dags/example_local_kubernetes_executor.py took 0.798 seconds
[2025-05-18T12:50:00.605+0000] {processor.py:161} INFO - Started process (PID=221) to work on /home/airflow/.local/lib/python3.9/site-packages/airflow/example_dags/example_local_kubernetes_executor.py
[2025-05-18T12:50:00.606+0000] {processor.py:830} INFO - Processing file /home/airflow/.local/lib/python3.9/site-packages/airflow/example_dags/example_local_kubernetes_executor.py for tasks to queue
[2025-05-18T12:50:00.609+0000] {logging_mixin.py:188} INFO - [2025-05-18T12:50:00.609+0000] {dagbag.py:545} INFO - Filling up the DagBag from /home/airflow/.local/lib/python3.9/site-packages/airflow/example_dags/example_local_kubernetes_executor.py
[2025-05-18T12:50:00.622+0000] {processor.py:840} INFO - DAG(s) 'example_local_kubernetes_executor' retrieved from /home/airflow/.local/lib/python3.9/site-packages/airflow/example_dags/example_local_kubernetes_executor.py
[2025-05-18T12:50:00.689+0000] {logging_mixin.py:188} INFO - [2025-05-18T12:50:00.688+0000] {dag.py:3096} INFO - Sync 1 DAGs
[2025-05-18T12:50:00.713+0000] {logging_mixin.py:188} INFO - [2025-05-18T12:50:00.713+0000] {dag.py:3954} INFO - Setting next_dagrun for example_local_kubernetes_executor to None, run_after=None
[2025-05-18T12:50:00.753+0000] {processor.py:183} INFO - Processing /home/airflow/.local/lib/python3.9/site-packages/airflow/example_dags/example_local_kubernetes_executor.py took 0.162 seconds
[2025-05-18T12:50:30.926+0000] {processor.py:161} INFO - Started process (PID=287) to work on /home/airflow/.local/lib/python3.9/site-packages/airflow/example_dags/example_local_kubernetes_executor.py
[2025-05-18T12:50:30.927+0000] {processor.py:830} INFO - Processing file /home/airflow/.local/lib/python3.9/site-packages/airflow/example_dags/example_local_kubernetes_executor.py for tasks to queue
[2025-05-18T12:50:30.930+0000] {logging_mixin.py:188} INFO - [2025-05-18T12:50:30.930+0000] {dagbag.py:545} INFO - Filling up the DagBag from /home/airflow/.local/lib/python3.9/site-packages/airflow/example_dags/example_local_kubernetes_executor.py
[2025-05-18T12:50:30.950+0000] {processor.py:840} INFO - DAG(s) 'example_local_kubernetes_executor' retrieved from /home/airflow/.local/lib/python3.9/site-packages/airflow/example_dags/example_local_kubernetes_executor.py
[2025-05-18T12:50:31.046+0000] {logging_mixin.py:188} INFO - [2025-05-18T12:50:31.046+0000] {dag.py:3096} INFO - Sync 1 DAGs
[2025-05-18T12:50:31.086+0000] {logging_mixin.py:188} INFO - [2025-05-18T12:50:31.085+0000] {dag.py:3954} INFO - Setting next_dagrun for example_local_kubernetes_executor to None, run_after=None
[2025-05-18T12:50:31.127+0000] {processor.py:183} INFO - Processing /home/airflow/.local/lib/python3.9/site-packages/airflow/example_dags/example_local_kubernetes_executor.py took 0.219 seconds
[2025-05-18T12:51:01.390+0000] {processor.py:161} INFO - Started process (PID=353) to work on /home/airflow/.local/lib/python3.9/site-packages/airflow/example_dags/example_local_kubernetes_executor.py
[2025-05-18T12:51:01.392+0000] {processor.py:830} INFO - Processing file /home/airflow/.local/lib/python3.9/site-packages/airflow/example_dags/example_local_kubernetes_executor.py for tasks to queue
[2025-05-18T12:51:01.394+0000] {logging_mixin.py:188} INFO - [2025-05-18T12:51:01.394+0000] {dagbag.py:545} INFO - Filling up the DagBag from /home/airflow/.local/lib/python3.9/site-packages/airflow/example_dags/example_local_kubernetes_executor.py
[2025-05-18T12:51:01.415+0000] {processor.py:840} INFO - DAG(s) 'example_local_kubernetes_executor' retrieved from /home/airflow/.local/lib/python3.9/site-packages/airflow/example_dags/example_local_kubernetes_executor.py
[2025-05-18T12:51:01.495+0000] {logging_mixin.py:188} INFO - [2025-05-18T12:51:01.495+0000] {dag.py:3096} INFO - Sync 1 DAGs
[2025-05-18T12:51:01.545+0000] {logging_mixin.py:188} INFO - [2025-05-18T12:51:01.545+0000] {dag.py:3954} INFO - Setting next_dagrun for example_local_kubernetes_executor to None, run_after=None
[2025-05-18T12:51:01.587+0000] {processor.py:183} INFO - Processing /home/airflow/.local/lib/python3.9/site-packages/airflow/example_dags/example_local_kubernetes_executor.py took 0.215 seconds
[2025-05-18T12:51:31.662+0000] {processor.py:161} INFO - Started process (PID=419) to work on /home/airflow/.local/lib/python3.9/site-packages/airflow/example_dags/example_local_kubernetes_executor.py
[2025-05-18T12:51:31.663+0000] {processor.py:830} INFO - Processing file /home/airflow/.local/lib/python3.9/site-packages/airflow/example_dags/example_local_kubernetes_executor.py for tasks to queue
[2025-05-18T12:51:31.666+0000] {logging_mixin.py:188} INFO - [2025-05-18T12:51:31.666+0000] {dagbag.py:545} INFO - Filling up the DagBag from /home/airflow/.local/lib/python3.9/site-packages/airflow/example_dags/example_local_kubernetes_executor.py
[2025-05-18T12:51:31.679+0000] {processor.py:840} INFO - DAG(s) 'example_local_kubernetes_executor' retrieved from /home/airflow/.local/lib/python3.9/site-packages/airflow/example_dags/example_local_kubernetes_executor.py
[2025-05-18T12:51:31.787+0000] {logging_mixin.py:188} INFO - [2025-05-18T12:51:31.787+0000] {dag.py:3096} INFO - Sync 1 DAGs
[2025-05-18T12:51:31.846+0000] {logging_mixin.py:188} INFO - [2025-05-18T12:51:31.845+0000] {dag.py:3954} INFO - Setting next_dagrun for example_local_kubernetes_executor to None, run_after=None
[2025-05-18T12:51:31.894+0000] {processor.py:183} INFO - Processing /home/airflow/.local/lib/python3.9/site-packages/airflow/example_dags/example_local_kubernetes_executor.py took 0.242 seconds
[2025-05-18T12:52:02.070+0000] {processor.py:161} INFO - Started process (PID=492) to work on /home/airflow/.local/lib/python3.9/site-packages/airflow/example_dags/example_local_kubernetes_executor.py
[2025-05-18T12:52:02.071+0000] {processor.py:830} INFO - Processing file /home/airflow/.local/lib/python3.9/site-packages/airflow/example_dags/example_local_kubernetes_executor.py for tasks to queue
[2025-05-18T12:52:02.075+0000] {logging_mixin.py:188} INFO - [2025-05-18T12:52:02.074+0000] {dagbag.py:545} INFO - Filling up the DagBag from /home/airflow/.local/lib/python3.9/site-packages/airflow/example_dags/example_local_kubernetes_executor.py
[2025-05-18T12:52:02.091+0000] {processor.py:840} INFO - DAG(s) 'example_local_kubernetes_executor' retrieved from /home/airflow/.local/lib/python3.9/site-packages/airflow/example_dags/example_local_kubernetes_executor.py
[2025-05-18T12:52:02.178+0000] {logging_mixin.py:188} INFO - [2025-05-18T12:52:02.177+0000] {dag.py:3096} INFO - Sync 1 DAGs
[2025-05-18T12:52:02.210+0000] {logging_mixin.py:188} INFO - [2025-05-18T12:52:02.210+0000] {dag.py:3954} INFO - Setting next_dagrun for example_local_kubernetes_executor to None, run_after=None
[2025-05-18T12:52:02.250+0000] {processor.py:183} INFO - Processing /home/airflow/.local/lib/python3.9/site-packages/airflow/example_dags/example_local_kubernetes_executor.py took 0.194 seconds
[2025-05-18T12:52:32.959+0000] {processor.py:161} INFO - Started process (PID=558) to work on /home/airflow/.local/lib/python3.9/site-packages/airflow/example_dags/example_local_kubernetes_executor.py
[2025-05-18T12:52:32.964+0000] {processor.py:830} INFO - Processing file /home/airflow/.local/lib/python3.9/site-packages/airflow/example_dags/example_local_kubernetes_executor.py for tasks to queue
[2025-05-18T12:52:32.967+0000] {logging_mixin.py:188} INFO - [2025-05-18T12:52:32.966+0000] {dagbag.py:545} INFO - Filling up the DagBag from /home/airflow/.local/lib/python3.9/site-packages/airflow/example_dags/example_local_kubernetes_executor.py
[2025-05-18T12:52:32.979+0000] {processor.py:840} INFO - DAG(s) 'example_local_kubernetes_executor' retrieved from /home/airflow/.local/lib/python3.9/site-packages/airflow/example_dags/example_local_kubernetes_executor.py
[2025-05-18T12:52:33.039+0000] {logging_mixin.py:188} INFO - [2025-05-18T12:52:33.038+0000] {dag.py:3096} INFO - Sync 1 DAGs
[2025-05-18T12:52:33.059+0000] {logging_mixin.py:188} INFO - [2025-05-18T12:52:33.059+0000] {dag.py:3954} INFO - Setting next_dagrun for example_local_kubernetes_executor to None, run_after=None
[2025-05-18T12:52:33.090+0000] {processor.py:183} INFO - Processing /home/airflow/.local/lib/python3.9/site-packages/airflow/example_dags/example_local_kubernetes_executor.py took 0.141 seconds
[2025-05-18T12:53:03.739+0000] {processor.py:161} INFO - Started process (PID=624) to work on /home/airflow/.local/lib/python3.9/site-packages/airflow/example_dags/example_local_kubernetes_executor.py
[2025-05-18T12:53:03.741+0000] {processor.py:830} INFO - Processing file /home/airflow/.local/lib/python3.9/site-packages/airflow/example_dags/example_local_kubernetes_executor.py for tasks to queue
[2025-05-18T12:53:03.744+0000] {logging_mixin.py:188} INFO - [2025-05-18T12:53:03.743+0000] {dagbag.py:545} INFO - Filling up the DagBag from /home/airflow/.local/lib/python3.9/site-packages/airflow/example_dags/example_local_kubernetes_executor.py
[2025-05-18T12:53:03.757+0000] {processor.py:840} INFO - DAG(s) 'example_local_kubernetes_executor' retrieved from /home/airflow/.local/lib/python3.9/site-packages/airflow/example_dags/example_local_kubernetes_executor.py
[2025-05-18T12:53:03.848+0000] {logging_mixin.py:188} INFO - [2025-05-18T12:53:03.848+0000] {dag.py:3096} INFO - Sync 1 DAGs
[2025-05-18T12:53:03.885+0000] {logging_mixin.py:188} INFO - [2025-05-18T12:53:03.885+0000] {dag.py:3954} INFO - Setting next_dagrun for example_local_kubernetes_executor to None, run_after=None
[2025-05-18T12:53:03.914+0000] {processor.py:183} INFO - Processing /home/airflow/.local/lib/python3.9/site-packages/airflow/example_dags/example_local_kubernetes_executor.py took 0.187 seconds
[2025-05-18T12:53:34.012+0000] {processor.py:161} INFO - Started process (PID=689) to work on /home/airflow/.local/lib/python3.9/site-packages/airflow/example_dags/example_local_kubernetes_executor.py
[2025-05-18T12:53:34.014+0000] {processor.py:830} INFO - Processing file /home/airflow/.local/lib/python3.9/site-packages/airflow/example_dags/example_local_kubernetes_executor.py for tasks to queue
[2025-05-18T12:53:34.017+0000] {logging_mixin.py:188} INFO - [2025-05-18T12:53:34.016+0000] {dagbag.py:545} INFO - Filling up the DagBag from /home/airflow/.local/lib/python3.9/site-packages/airflow/example_dags/example_local_kubernetes_executor.py
[2025-05-18T12:53:34.028+0000] {processor.py:840} INFO - DAG(s) 'example_local_kubernetes_executor' retrieved from /home/airflow/.local/lib/python3.9/site-packages/airflow/example_dags/example_local_kubernetes_executor.py
[2025-05-18T12:53:34.085+0000] {logging_mixin.py:188} INFO - [2025-05-18T12:53:34.084+0000] {dag.py:3096} INFO - Sync 1 DAGs
[2025-05-18T12:53:34.102+0000] {logging_mixin.py:188} INFO - [2025-05-18T12:53:34.102+0000] {dag.py:3954} INFO - Setting next_dagrun for example_local_kubernetes_executor to None, run_after=None
[2025-05-18T12:53:34.123+0000] {processor.py:183} INFO - Processing /home/airflow/.local/lib/python3.9/site-packages/airflow/example_dags/example_local_kubernetes_executor.py took 0.121 seconds
[2025-05-18T12:54:04.333+0000] {processor.py:161} INFO - Started process (PID=756) to work on /home/airflow/.local/lib/python3.9/site-packages/airflow/example_dags/example_local_kubernetes_executor.py
[2025-05-18T12:54:04.335+0000] {processor.py:830} INFO - Processing file /home/airflow/.local/lib/python3.9/site-packages/airflow/example_dags/example_local_kubernetes_executor.py for tasks to queue
[2025-05-18T12:54:04.337+0000] {logging_mixin.py:188} INFO - [2025-05-18T12:54:04.337+0000] {dagbag.py:545} INFO - Filling up the DagBag from /home/airflow/.local/lib/python3.9/site-packages/airflow/example_dags/example_local_kubernetes_executor.py
[2025-05-18T12:54:04.348+0000] {processor.py:840} INFO - DAG(s) 'example_local_kubernetes_executor' retrieved from /home/airflow/.local/lib/python3.9/site-packages/airflow/example_dags/example_local_kubernetes_executor.py
[2025-05-18T12:54:04.413+0000] {logging_mixin.py:188} INFO - [2025-05-18T12:54:04.413+0000] {dag.py:3096} INFO - Sync 1 DAGs
[2025-05-18T12:54:04.432+0000] {logging_mixin.py:188} INFO - [2025-05-18T12:54:04.431+0000] {dag.py:3954} INFO - Setting next_dagrun for example_local_kubernetes_executor to None, run_after=None
[2025-05-18T12:54:04.459+0000] {processor.py:183} INFO - Processing /home/airflow/.local/lib/python3.9/site-packages/airflow/example_dags/example_local_kubernetes_executor.py took 0.135 seconds
[2025-05-18T12:54:34.746+0000] {processor.py:161} INFO - Started process (PID=830) to work on /home/airflow/.local/lib/python3.9/site-packages/airflow/example_dags/example_local_kubernetes_executor.py
[2025-05-18T12:54:34.748+0000] {processor.py:830} INFO - Processing file /home/airflow/.local/lib/python3.9/site-packages/airflow/example_dags/example_local_kubernetes_executor.py for tasks to queue
[2025-05-18T12:54:34.750+0000] {logging_mixin.py:188} INFO - [2025-05-18T12:54:34.750+0000] {dagbag.py:545} INFO - Filling up the DagBag from /home/airflow/.local/lib/python3.9/site-packages/airflow/example_dags/example_local_kubernetes_executor.py
[2025-05-18T12:54:34.766+0000] {processor.py:840} INFO - DAG(s) 'example_local_kubernetes_executor' retrieved from /home/airflow/.local/lib/python3.9/site-packages/airflow/example_dags/example_local_kubernetes_executor.py
[2025-05-18T12:54:34.837+0000] {logging_mixin.py:188} INFO - [2025-05-18T12:54:34.837+0000] {dag.py:3096} INFO - Sync 1 DAGs
[2025-05-18T12:54:34.867+0000] {logging_mixin.py:188} INFO - [2025-05-18T12:54:34.867+0000] {dag.py:3954} INFO - Setting next_dagrun for example_local_kubernetes_executor to None, run_after=None
[2025-05-18T12:54:34.897+0000] {processor.py:183} INFO - Processing /home/airflow/.local/lib/python3.9/site-packages/airflow/example_dags/example_local_kubernetes_executor.py took 0.169 seconds
[2025-05-18T12:55:05.289+0000] {processor.py:161} INFO - Started process (PID=897) to work on /home/airflow/.local/lib/python3.9/site-packages/airflow/example_dags/example_local_kubernetes_executor.py
[2025-05-18T12:55:05.290+0000] {processor.py:830} INFO - Processing file /home/airflow/.local/lib/python3.9/site-packages/airflow/example_dags/example_local_kubernetes_executor.py for tasks to queue
[2025-05-18T12:55:05.293+0000] {logging_mixin.py:188} INFO - [2025-05-18T12:55:05.293+0000] {dagbag.py:545} INFO - Filling up the DagBag from /home/airflow/.local/lib/python3.9/site-packages/airflow/example_dags/example_local_kubernetes_executor.py
[2025-05-18T12:55:05.310+0000] {processor.py:840} INFO - DAG(s) 'example_local_kubernetes_executor' retrieved from /home/airflow/.local/lib/python3.9/site-packages/airflow/example_dags/example_local_kubernetes_executor.py
[2025-05-18T12:55:05.413+0000] {logging_mixin.py:188} INFO - [2025-05-18T12:55:05.413+0000] {dag.py:3096} INFO - Sync 1 DAGs
[2025-05-18T12:55:05.451+0000] {logging_mixin.py:188} INFO - [2025-05-18T12:55:05.451+0000] {dag.py:3954} INFO - Setting next_dagrun for example_local_kubernetes_executor to None, run_after=None
[2025-05-18T12:55:05.495+0000] {processor.py:183} INFO - Processing /home/airflow/.local/lib/python3.9/site-packages/airflow/example_dags/example_local_kubernetes_executor.py took 0.226 seconds
[2025-05-18T12:55:35.907+0000] {processor.py:161} INFO - Started process (PID=964) to work on /home/airflow/.local/lib/python3.9/site-packages/airflow/example_dags/example_local_kubernetes_executor.py
[2025-05-18T12:55:35.909+0000] {processor.py:830} INFO - Processing file /home/airflow/.local/lib/python3.9/site-packages/airflow/example_dags/example_local_kubernetes_executor.py for tasks to queue
[2025-05-18T12:55:35.911+0000] {logging_mixin.py:188} INFO - [2025-05-18T12:55:35.911+0000] {dagbag.py:545} INFO - Filling up the DagBag from /home/airflow/.local/lib/python3.9/site-packages/airflow/example_dags/example_local_kubernetes_executor.py
[2025-05-18T12:55:35.922+0000] {processor.py:840} INFO - DAG(s) 'example_local_kubernetes_executor' retrieved from /home/airflow/.local/lib/python3.9/site-packages/airflow/example_dags/example_local_kubernetes_executor.py
[2025-05-18T12:55:35.988+0000] {logging_mixin.py:188} INFO - [2025-05-18T12:55:35.988+0000] {dag.py:3096} INFO - Sync 1 DAGs
[2025-05-18T12:55:36.012+0000] {logging_mixin.py:188} INFO - [2025-05-18T12:55:36.012+0000] {dag.py:3954} INFO - Setting next_dagrun for example_local_kubernetes_executor to None, run_after=None
[2025-05-18T12:55:36.039+0000] {processor.py:183} INFO - Processing /home/airflow/.local/lib/python3.9/site-packages/airflow/example_dags/example_local_kubernetes_executor.py took 0.146 seconds
[2025-05-18T12:56:06.271+0000] {processor.py:161} INFO - Started process (PID=1031) to work on /home/airflow/.local/lib/python3.9/site-packages/airflow/example_dags/example_local_kubernetes_executor.py
[2025-05-18T12:56:06.273+0000] {processor.py:830} INFO - Processing file /home/airflow/.local/lib/python3.9/site-packages/airflow/example_dags/example_local_kubernetes_executor.py for tasks to queue
[2025-05-18T12:56:06.276+0000] {logging_mixin.py:188} INFO - [2025-05-18T12:56:06.275+0000] {dagbag.py:545} INFO - Filling up the DagBag from /home/airflow/.local/lib/python3.9/site-packages/airflow/example_dags/example_local_kubernetes_executor.py
[2025-05-18T12:56:06.289+0000] {processor.py:840} INFO - DAG(s) 'example_local_kubernetes_executor' retrieved from /home/airflow/.local/lib/python3.9/site-packages/airflow/example_dags/example_local_kubernetes_executor.py
[2025-05-18T12:56:06.349+0000] {logging_mixin.py:188} INFO - [2025-05-18T12:56:06.349+0000] {dag.py:3096} INFO - Sync 1 DAGs
[2025-05-18T12:56:06.369+0000] {logging_mixin.py:188} INFO - [2025-05-18T12:56:06.369+0000] {dag.py:3954} INFO - Setting next_dagrun for example_local_kubernetes_executor to None, run_after=None
[2025-05-18T12:56:06.397+0000] {processor.py:183} INFO - Processing /home/airflow/.local/lib/python3.9/site-packages/airflow/example_dags/example_local_kubernetes_executor.py took 0.135 seconds
