[2025-05-18T12:48:42.107+0000] {processor.py:161} INFO - Started process (PID=73) to work on /home/airflow/.local/lib/python3.9/site-packages/airflow/example_dags/example_trigger_controller_dag.py
[2025-05-18T12:48:42.109+0000] {processor.py:830} INFO - Processing file /home/airflow/.local/lib/python3.9/site-packages/airflow/example_dags/example_trigger_controller_dag.py for tasks to queue
[2025-05-18T12:48:42.111+0000] {logging_mixin.py:188} INFO - [2025-05-18T12:48:42.110+0000] {dagbag.py:545} INFO - Filling up the DagBag from /home/airflow/.local/lib/python3.9/site-packages/airflow/example_dags/example_trigger_controller_dag.py
[2025-05-18T12:48:42.210+0000] {processor.py:840} INFO - DAG(s) 'example_trigger_controller_dag' retrieved from /home/airflow/.local/lib/python3.9/site-packages/airflow/example_dags/example_trigger_controller_dag.py
[2025-05-18T12:48:44.026+0000] {logging_mixin.py:188} INFO - [2025-05-18T12:48:44.025+0000] {override.py:1829} INFO - Created Permission View: can delete on DAG:example_trigger_controller_dag
[2025-05-18T12:48:44.169+0000] {logging_mixin.py:188} INFO - [2025-05-18T12:48:44.168+0000] {override.py:1829} INFO - Created Permission View: can edit on DAG:example_trigger_controller_dag
[2025-05-18T12:48:44.246+0000] {logging_mixin.py:188} INFO - [2025-05-18T12:48:44.245+0000] {override.py:1829} INFO - Created Permission View: can read on DAG:example_trigger_controller_dag
[2025-05-18T12:48:44.247+0000] {logging_mixin.py:188} INFO - [2025-05-18T12:48:44.247+0000] {dag.py:3096} INFO - Sync 1 DAGs
[2025-05-18T12:48:44.367+0000] {logging_mixin.py:188} INFO - [2025-05-18T12:48:44.367+0000] {dag.py:3118} INFO - Creating ORM DAG for example_trigger_controller_dag
[2025-05-18T12:48:44.465+0000] {logging_mixin.py:188} INFO - [2025-05-18T12:48:44.465+0000] {dag.py:3954} INFO - Setting next_dagrun for example_trigger_controller_dag to 2021-01-01 00:00:00+00:00, run_after=2021-01-01 00:00:00+00:00
[2025-05-18T12:48:44.646+0000] {processor.py:183} INFO - Processing /home/airflow/.local/lib/python3.9/site-packages/airflow/example_dags/example_trigger_controller_dag.py took 2.599 seconds
[2025-05-18T12:49:15.167+0000] {processor.py:161} INFO - Started process (PID=139) to work on /home/airflow/.local/lib/python3.9/site-packages/airflow/example_dags/example_trigger_controller_dag.py
[2025-05-18T12:49:15.168+0000] {processor.py:830} INFO - Processing file /home/airflow/.local/lib/python3.9/site-packages/airflow/example_dags/example_trigger_controller_dag.py for tasks to queue
[2025-05-18T12:49:15.171+0000] {logging_mixin.py:188} INFO - [2025-05-18T12:49:15.171+0000] {dagbag.py:545} INFO - Filling up the DagBag from /home/airflow/.local/lib/python3.9/site-packages/airflow/example_dags/example_trigger_controller_dag.py
[2025-05-18T12:49:15.188+0000] {processor.py:840} INFO - DAG(s) 'example_trigger_controller_dag' retrieved from /home/airflow/.local/lib/python3.9/site-packages/airflow/example_dags/example_trigger_controller_dag.py
[2025-05-18T12:49:15.309+0000] {logging_mixin.py:188} INFO - [2025-05-18T12:49:15.309+0000] {dag.py:3096} INFO - Sync 1 DAGs
[2025-05-18T12:49:15.446+0000] {logging_mixin.py:188} INFO - [2025-05-18T12:49:15.445+0000] {dag.py:3954} INFO - Setting next_dagrun for example_trigger_controller_dag to 2021-01-01 00:00:00+00:00, run_after=2021-01-01 00:00:00+00:00
[2025-05-18T12:49:15.585+0000] {processor.py:183} INFO - Processing /home/airflow/.local/lib/python3.9/site-packages/airflow/example_dags/example_trigger_controller_dag.py took 0.457 seconds
[2025-05-18T12:49:46.581+0000] {processor.py:161} INFO - Started process (PID=196) to work on /home/airflow/.local/lib/python3.9/site-packages/airflow/example_dags/example_trigger_controller_dag.py
[2025-05-18T12:49:46.585+0000] {processor.py:830} INFO - Processing file /home/airflow/.local/lib/python3.9/site-packages/airflow/example_dags/example_trigger_controller_dag.py for tasks to queue
[2025-05-18T12:49:46.587+0000] {logging_mixin.py:188} INFO - [2025-05-18T12:49:46.587+0000] {dagbag.py:545} INFO - Filling up the DagBag from /home/airflow/.local/lib/python3.9/site-packages/airflow/example_dags/example_trigger_controller_dag.py
[2025-05-18T12:49:46.595+0000] {processor.py:840} INFO - DAG(s) 'example_trigger_controller_dag' retrieved from /home/airflow/.local/lib/python3.9/site-packages/airflow/example_dags/example_trigger_controller_dag.py
[2025-05-18T12:49:46.635+0000] {logging_mixin.py:188} INFO - [2025-05-18T12:49:46.635+0000] {dag.py:3096} INFO - Sync 1 DAGs
[2025-05-18T12:49:46.668+0000] {logging_mixin.py:188} INFO - [2025-05-18T12:49:46.668+0000] {dag.py:3954} INFO - Setting next_dagrun for example_trigger_controller_dag to 2021-01-01 00:00:00+00:00, run_after=2021-01-01 00:00:00+00:00
[2025-05-18T12:49:46.693+0000] {processor.py:183} INFO - Processing /home/airflow/.local/lib/python3.9/site-packages/airflow/example_dags/example_trigger_controller_dag.py took 0.122 seconds
[2025-05-18T12:50:16.805+0000] {processor.py:161} INFO - Started process (PID=262) to work on /home/airflow/.local/lib/python3.9/site-packages/airflow/example_dags/example_trigger_controller_dag.py
[2025-05-18T12:50:16.806+0000] {processor.py:830} INFO - Processing file /home/airflow/.local/lib/python3.9/site-packages/airflow/example_dags/example_trigger_controller_dag.py for tasks to queue
[2025-05-18T12:50:16.809+0000] {logging_mixin.py:188} INFO - [2025-05-18T12:50:16.808+0000] {dagbag.py:545} INFO - Filling up the DagBag from /home/airflow/.local/lib/python3.9/site-packages/airflow/example_dags/example_trigger_controller_dag.py
[2025-05-18T12:50:16.824+0000] {processor.py:840} INFO - DAG(s) 'example_trigger_controller_dag' retrieved from /home/airflow/.local/lib/python3.9/site-packages/airflow/example_dags/example_trigger_controller_dag.py
[2025-05-18T12:50:16.929+0000] {logging_mixin.py:188} INFO - [2025-05-18T12:50:16.928+0000] {dag.py:3096} INFO - Sync 1 DAGs
[2025-05-18T12:50:16.994+0000] {logging_mixin.py:188} INFO - [2025-05-18T12:50:16.993+0000] {dag.py:3954} INFO - Setting next_dagrun for example_trigger_controller_dag to 2021-01-01 00:00:00+00:00, run_after=2021-01-01 00:00:00+00:00
[2025-05-18T12:50:17.035+0000] {processor.py:183} INFO - Processing /home/airflow/.local/lib/python3.9/site-packages/airflow/example_dags/example_trigger_controller_dag.py took 0.249 seconds
[2025-05-18T12:50:47.389+0000] {processor.py:161} INFO - Started process (PID=328) to work on /home/airflow/.local/lib/python3.9/site-packages/airflow/example_dags/example_trigger_controller_dag.py
[2025-05-18T12:50:47.390+0000] {processor.py:830} INFO - Processing file /home/airflow/.local/lib/python3.9/site-packages/airflow/example_dags/example_trigger_controller_dag.py for tasks to queue
[2025-05-18T12:50:47.393+0000] {logging_mixin.py:188} INFO - [2025-05-18T12:50:47.393+0000] {dagbag.py:545} INFO - Filling up the DagBag from /home/airflow/.local/lib/python3.9/site-packages/airflow/example_dags/example_trigger_controller_dag.py
[2025-05-18T12:50:47.410+0000] {processor.py:840} INFO - DAG(s) 'example_trigger_controller_dag' retrieved from /home/airflow/.local/lib/python3.9/site-packages/airflow/example_dags/example_trigger_controller_dag.py
[2025-05-18T12:50:47.473+0000] {logging_mixin.py:188} INFO - [2025-05-18T12:50:47.472+0000] {dag.py:3096} INFO - Sync 1 DAGs
[2025-05-18T12:50:47.528+0000] {logging_mixin.py:188} INFO - [2025-05-18T12:50:47.528+0000] {dag.py:3954} INFO - Setting next_dagrun for example_trigger_controller_dag to 2021-01-01 00:00:00+00:00, run_after=2021-01-01 00:00:00+00:00
[2025-05-18T12:50:47.576+0000] {processor.py:183} INFO - Processing /home/airflow/.local/lib/python3.9/site-packages/airflow/example_dags/example_trigger_controller_dag.py took 0.199 seconds
[2025-05-18T12:51:18.128+0000] {processor.py:161} INFO - Started process (PID=401) to work on /home/airflow/.local/lib/python3.9/site-packages/airflow/example_dags/example_trigger_controller_dag.py
[2025-05-18T12:51:18.129+0000] {processor.py:830} INFO - Processing file /home/airflow/.local/lib/python3.9/site-packages/airflow/example_dags/example_trigger_controller_dag.py for tasks to queue
[2025-05-18T12:51:18.131+0000] {logging_mixin.py:188} INFO - [2025-05-18T12:51:18.131+0000] {dagbag.py:545} INFO - Filling up the DagBag from /home/airflow/.local/lib/python3.9/site-packages/airflow/example_dags/example_trigger_controller_dag.py
[2025-05-18T12:51:18.148+0000] {processor.py:840} INFO - DAG(s) 'example_trigger_controller_dag' retrieved from /home/airflow/.local/lib/python3.9/site-packages/airflow/example_dags/example_trigger_controller_dag.py
[2025-05-18T12:51:18.191+0000] {logging_mixin.py:188} INFO - [2025-05-18T12:51:18.191+0000] {dag.py:3096} INFO - Sync 1 DAGs
[2025-05-18T12:51:18.236+0000] {logging_mixin.py:188} INFO - [2025-05-18T12:51:18.236+0000] {dag.py:3954} INFO - Setting next_dagrun for example_trigger_controller_dag to 2021-01-01 00:00:00+00:00, run_after=2021-01-01 00:00:00+00:00
[2025-05-18T12:51:18.269+0000] {processor.py:183} INFO - Processing /home/airflow/.local/lib/python3.9/site-packages/airflow/example_dags/example_trigger_controller_dag.py took 0.155 seconds
[2025-05-18T12:51:48.495+0000] {processor.py:161} INFO - Started process (PID=467) to work on /home/airflow/.local/lib/python3.9/site-packages/airflow/example_dags/example_trigger_controller_dag.py
[2025-05-18T12:51:48.496+0000] {processor.py:830} INFO - Processing file /home/airflow/.local/lib/python3.9/site-packages/airflow/example_dags/example_trigger_controller_dag.py for tasks to queue
[2025-05-18T12:51:48.499+0000] {logging_mixin.py:188} INFO - [2025-05-18T12:51:48.499+0000] {dagbag.py:545} INFO - Filling up the DagBag from /home/airflow/.local/lib/python3.9/site-packages/airflow/example_dags/example_trigger_controller_dag.py
[2025-05-18T12:51:48.511+0000] {processor.py:840} INFO - DAG(s) 'example_trigger_controller_dag' retrieved from /home/airflow/.local/lib/python3.9/site-packages/airflow/example_dags/example_trigger_controller_dag.py
[2025-05-18T12:51:48.585+0000] {logging_mixin.py:188} INFO - [2025-05-18T12:51:48.585+0000] {dag.py:3096} INFO - Sync 1 DAGs
[2025-05-18T12:51:48.665+0000] {logging_mixin.py:188} INFO - [2025-05-18T12:51:48.665+0000] {dag.py:3954} INFO - Setting next_dagrun for example_trigger_controller_dag to 2021-01-01 00:00:00+00:00, run_after=2021-01-01 00:00:00+00:00
[2025-05-18T12:51:48.731+0000] {processor.py:183} INFO - Processing /home/airflow/.local/lib/python3.9/site-packages/airflow/example_dags/example_trigger_controller_dag.py took 0.247 seconds
[2025-05-18T12:52:18.925+0000] {processor.py:161} INFO - Started process (PID=533) to work on /home/airflow/.local/lib/python3.9/site-packages/airflow/example_dags/example_trigger_controller_dag.py
[2025-05-18T12:52:18.926+0000] {processor.py:830} INFO - Processing file /home/airflow/.local/lib/python3.9/site-packages/airflow/example_dags/example_trigger_controller_dag.py for tasks to queue
[2025-05-18T12:52:18.929+0000] {logging_mixin.py:188} INFO - [2025-05-18T12:52:18.929+0000] {dagbag.py:545} INFO - Filling up the DagBag from /home/airflow/.local/lib/python3.9/site-packages/airflow/example_dags/example_trigger_controller_dag.py
[2025-05-18T12:52:18.942+0000] {processor.py:840} INFO - DAG(s) 'example_trigger_controller_dag' retrieved from /home/airflow/.local/lib/python3.9/site-packages/airflow/example_dags/example_trigger_controller_dag.py
[2025-05-18T12:52:18.987+0000] {logging_mixin.py:188} INFO - [2025-05-18T12:52:18.986+0000] {dag.py:3096} INFO - Sync 1 DAGs
[2025-05-18T12:52:19.017+0000] {logging_mixin.py:188} INFO - [2025-05-18T12:52:19.016+0000] {dag.py:3954} INFO - Setting next_dagrun for example_trigger_controller_dag to 2021-01-01 00:00:00+00:00, run_after=2021-01-01 00:00:00+00:00
[2025-05-18T12:52:19.041+0000] {processor.py:183} INFO - Processing /home/airflow/.local/lib/python3.9/site-packages/airflow/example_dags/example_trigger_controller_dag.py took 0.127 seconds
[2025-05-18T12:52:49.181+0000] {processor.py:161} INFO - Started process (PID=599) to work on /home/airflow/.local/lib/python3.9/site-packages/airflow/example_dags/example_trigger_controller_dag.py
[2025-05-18T12:52:49.184+0000] {processor.py:830} INFO - Processing file /home/airflow/.local/lib/python3.9/site-packages/airflow/example_dags/example_trigger_controller_dag.py for tasks to queue
[2025-05-18T12:52:49.187+0000] {logging_mixin.py:188} INFO - [2025-05-18T12:52:49.187+0000] {dagbag.py:545} INFO - Filling up the DagBag from /home/airflow/.local/lib/python3.9/site-packages/airflow/example_dags/example_trigger_controller_dag.py
[2025-05-18T12:52:49.195+0000] {processor.py:840} INFO - DAG(s) 'example_trigger_controller_dag' retrieved from /home/airflow/.local/lib/python3.9/site-packages/airflow/example_dags/example_trigger_controller_dag.py
[2025-05-18T12:52:49.274+0000] {logging_mixin.py:188} INFO - [2025-05-18T12:52:49.274+0000] {dag.py:3096} INFO - Sync 1 DAGs
[2025-05-18T12:52:49.337+0000] {logging_mixin.py:188} INFO - [2025-05-18T12:52:49.337+0000] {dag.py:3954} INFO - Setting next_dagrun for example_trigger_controller_dag to 2021-01-01 00:00:00+00:00, run_after=2021-01-01 00:00:00+00:00
[2025-05-18T12:52:49.389+0000] {processor.py:183} INFO - Processing /home/airflow/.local/lib/python3.9/site-packages/airflow/example_dags/example_trigger_controller_dag.py took 0.218 seconds
[2025-05-18T12:53:19.510+0000] {processor.py:161} INFO - Started process (PID=664) to work on /home/airflow/.local/lib/python3.9/site-packages/airflow/example_dags/example_trigger_controller_dag.py
[2025-05-18T12:53:19.511+0000] {processor.py:830} INFO - Processing file /home/airflow/.local/lib/python3.9/site-packages/airflow/example_dags/example_trigger_controller_dag.py for tasks to queue
[2025-05-18T12:53:19.513+0000] {logging_mixin.py:188} INFO - [2025-05-18T12:53:19.513+0000] {dagbag.py:545} INFO - Filling up the DagBag from /home/airflow/.local/lib/python3.9/site-packages/airflow/example_dags/example_trigger_controller_dag.py
[2025-05-18T12:53:19.525+0000] {processor.py:840} INFO - DAG(s) 'example_trigger_controller_dag' retrieved from /home/airflow/.local/lib/python3.9/site-packages/airflow/example_dags/example_trigger_controller_dag.py
[2025-05-18T12:53:19.559+0000] {logging_mixin.py:188} INFO - [2025-05-18T12:53:19.559+0000] {dag.py:3096} INFO - Sync 1 DAGs
[2025-05-18T12:53:19.595+0000] {logging_mixin.py:188} INFO - [2025-05-18T12:53:19.595+0000] {dag.py:3954} INFO - Setting next_dagrun for example_trigger_controller_dag to 2021-01-01 00:00:00+00:00, run_after=2021-01-01 00:00:00+00:00
[2025-05-18T12:53:19.622+0000] {processor.py:183} INFO - Processing /home/airflow/.local/lib/python3.9/site-packages/airflow/example_dags/example_trigger_controller_dag.py took 0.123 seconds
[2025-05-18T12:53:50.130+0000] {processor.py:161} INFO - Started process (PID=731) to work on /home/airflow/.local/lib/python3.9/site-packages/airflow/example_dags/example_trigger_controller_dag.py
[2025-05-18T12:53:50.131+0000] {processor.py:830} INFO - Processing file /home/airflow/.local/lib/python3.9/site-packages/airflow/example_dags/example_trigger_controller_dag.py for tasks to queue
[2025-05-18T12:53:50.134+0000] {logging_mixin.py:188} INFO - [2025-05-18T12:53:50.134+0000] {dagbag.py:545} INFO - Filling up the DagBag from /home/airflow/.local/lib/python3.9/site-packages/airflow/example_dags/example_trigger_controller_dag.py
[2025-05-18T12:53:50.141+0000] {processor.py:840} INFO - DAG(s) 'example_trigger_controller_dag' retrieved from /home/airflow/.local/lib/python3.9/site-packages/airflow/example_dags/example_trigger_controller_dag.py
[2025-05-18T12:53:50.194+0000] {logging_mixin.py:188} INFO - [2025-05-18T12:53:50.194+0000] {dag.py:3096} INFO - Sync 1 DAGs
[2025-05-18T12:53:50.231+0000] {logging_mixin.py:188} INFO - [2025-05-18T12:53:50.230+0000] {dag.py:3954} INFO - Setting next_dagrun for example_trigger_controller_dag to 2021-01-01 00:00:00+00:00, run_after=2021-01-01 00:00:00+00:00
[2025-05-18T12:53:50.274+0000] {processor.py:183} INFO - Processing /home/airflow/.local/lib/python3.9/site-packages/airflow/example_dags/example_trigger_controller_dag.py took 0.162 seconds
[2025-05-18T12:54:20.374+0000] {processor.py:161} INFO - Started process (PID=805) to work on /home/airflow/.local/lib/python3.9/site-packages/airflow/example_dags/example_trigger_controller_dag.py
[2025-05-18T12:54:20.375+0000] {processor.py:830} INFO - Processing file /home/airflow/.local/lib/python3.9/site-packages/airflow/example_dags/example_trigger_controller_dag.py for tasks to queue
[2025-05-18T12:54:20.378+0000] {logging_mixin.py:188} INFO - [2025-05-18T12:54:20.377+0000] {dagbag.py:545} INFO - Filling up the DagBag from /home/airflow/.local/lib/python3.9/site-packages/airflow/example_dags/example_trigger_controller_dag.py
[2025-05-18T12:54:20.385+0000] {processor.py:840} INFO - DAG(s) 'example_trigger_controller_dag' retrieved from /home/airflow/.local/lib/python3.9/site-packages/airflow/example_dags/example_trigger_controller_dag.py
[2025-05-18T12:54:20.433+0000] {logging_mixin.py:188} INFO - [2025-05-18T12:54:20.433+0000] {dag.py:3096} INFO - Sync 1 DAGs
[2025-05-18T12:54:20.493+0000] {logging_mixin.py:188} INFO - [2025-05-18T12:54:20.493+0000] {dag.py:3954} INFO - Setting next_dagrun for example_trigger_controller_dag to 2021-01-01 00:00:00+00:00, run_after=2021-01-01 00:00:00+00:00
[2025-05-18T12:54:20.548+0000] {processor.py:183} INFO - Processing /home/airflow/.local/lib/python3.9/site-packages/airflow/example_dags/example_trigger_controller_dag.py took 0.184 seconds
[2025-05-18T12:54:50.868+0000] {processor.py:161} INFO - Started process (PID=872) to work on /home/airflow/.local/lib/python3.9/site-packages/airflow/example_dags/example_trigger_controller_dag.py
[2025-05-18T12:54:50.869+0000] {processor.py:830} INFO - Processing file /home/airflow/.local/lib/python3.9/site-packages/airflow/example_dags/example_trigger_controller_dag.py for tasks to queue
[2025-05-18T12:54:50.872+0000] {logging_mixin.py:188} INFO - [2025-05-18T12:54:50.871+0000] {dagbag.py:545} INFO - Filling up the DagBag from /home/airflow/.local/lib/python3.9/site-packages/airflow/example_dags/example_trigger_controller_dag.py
[2025-05-18T12:54:50.879+0000] {processor.py:840} INFO - DAG(s) 'example_trigger_controller_dag' retrieved from /home/airflow/.local/lib/python3.9/site-packages/airflow/example_dags/example_trigger_controller_dag.py
[2025-05-18T12:54:50.932+0000] {logging_mixin.py:188} INFO - [2025-05-18T12:54:50.931+0000] {dag.py:3096} INFO - Sync 1 DAGs
[2025-05-18T12:54:50.992+0000] {logging_mixin.py:188} INFO - [2025-05-18T12:54:50.992+0000] {dag.py:3954} INFO - Setting next_dagrun for example_trigger_controller_dag to 2021-01-01 00:00:00+00:00, run_after=2021-01-01 00:00:00+00:00
[2025-05-18T12:54:51.047+0000] {processor.py:183} INFO - Processing /home/airflow/.local/lib/python3.9/site-packages/airflow/example_dags/example_trigger_controller_dag.py took 0.188 seconds
[2025-05-18T12:55:21.154+0000] {processor.py:161} INFO - Started process (PID=939) to work on /home/airflow/.local/lib/python3.9/site-packages/airflow/example_dags/example_trigger_controller_dag.py
[2025-05-18T12:55:21.156+0000] {processor.py:830} INFO - Processing file /home/airflow/.local/lib/python3.9/site-packages/airflow/example_dags/example_trigger_controller_dag.py for tasks to queue
[2025-05-18T12:55:21.158+0000] {logging_mixin.py:188} INFO - [2025-05-18T12:55:21.158+0000] {dagbag.py:545} INFO - Filling up the DagBag from /home/airflow/.local/lib/python3.9/site-packages/airflow/example_dags/example_trigger_controller_dag.py
[2025-05-18T12:55:21.167+0000] {processor.py:840} INFO - DAG(s) 'example_trigger_controller_dag' retrieved from /home/airflow/.local/lib/python3.9/site-packages/airflow/example_dags/example_trigger_controller_dag.py
[2025-05-18T12:55:21.199+0000] {logging_mixin.py:188} INFO - [2025-05-18T12:55:21.199+0000] {dag.py:3096} INFO - Sync 1 DAGs
[2025-05-18T12:55:21.236+0000] {logging_mixin.py:188} INFO - [2025-05-18T12:55:21.236+0000] {dag.py:3954} INFO - Setting next_dagrun for example_trigger_controller_dag to 2021-01-01 00:00:00+00:00, run_after=2021-01-01 00:00:00+00:00
[2025-05-18T12:55:21.260+0000] {processor.py:183} INFO - Processing /home/airflow/.local/lib/python3.9/site-packages/airflow/example_dags/example_trigger_controller_dag.py took 0.121 seconds
[2025-05-18T12:55:51.346+0000] {processor.py:161} INFO - Started process (PID=1006) to work on /home/airflow/.local/lib/python3.9/site-packages/airflow/example_dags/example_trigger_controller_dag.py
[2025-05-18T12:55:51.348+0000] {processor.py:830} INFO - Processing file /home/airflow/.local/lib/python3.9/site-packages/airflow/example_dags/example_trigger_controller_dag.py for tasks to queue
[2025-05-18T12:55:51.351+0000] {logging_mixin.py:188} INFO - [2025-05-18T12:55:51.351+0000] {dagbag.py:545} INFO - Filling up the DagBag from /home/airflow/.local/lib/python3.9/site-packages/airflow/example_dags/example_trigger_controller_dag.py
[2025-05-18T12:55:51.359+0000] {processor.py:840} INFO - DAG(s) 'example_trigger_controller_dag' retrieved from /home/airflow/.local/lib/python3.9/site-packages/airflow/example_dags/example_trigger_controller_dag.py
[2025-05-18T12:55:51.395+0000] {logging_mixin.py:188} INFO - [2025-05-18T12:55:51.394+0000] {dag.py:3096} INFO - Sync 1 DAGs
[2025-05-18T12:55:51.432+0000] {logging_mixin.py:188} INFO - [2025-05-18T12:55:51.432+0000] {dag.py:3954} INFO - Setting next_dagrun for example_trigger_controller_dag to 2021-01-01 00:00:00+00:00, run_after=2021-01-01 00:00:00+00:00
[2025-05-18T12:55:51.460+0000] {processor.py:183} INFO - Processing /home/airflow/.local/lib/python3.9/site-packages/airflow/example_dags/example_trigger_controller_dag.py took 0.125 seconds
[2025-05-18T12:56:21.713+0000] {processor.py:161} INFO - Started process (PID=1073) to work on /home/airflow/.local/lib/python3.9/site-packages/airflow/example_dags/example_trigger_controller_dag.py
[2025-05-18T12:56:21.714+0000] {processor.py:830} INFO - Processing file /home/airflow/.local/lib/python3.9/site-packages/airflow/example_dags/example_trigger_controller_dag.py for tasks to queue
[2025-05-18T12:56:21.717+0000] {logging_mixin.py:188} INFO - [2025-05-18T12:56:21.717+0000] {dagbag.py:545} INFO - Filling up the DagBag from /home/airflow/.local/lib/python3.9/site-packages/airflow/example_dags/example_trigger_controller_dag.py
[2025-05-18T12:56:21.724+0000] {processor.py:840} INFO - DAG(s) 'example_trigger_controller_dag' retrieved from /home/airflow/.local/lib/python3.9/site-packages/airflow/example_dags/example_trigger_controller_dag.py
[2025-05-18T12:56:21.757+0000] {logging_mixin.py:188} INFO - [2025-05-18T12:56:21.757+0000] {dag.py:3096} INFO - Sync 1 DAGs
[2025-05-18T12:56:21.792+0000] {logging_mixin.py:188} INFO - [2025-05-18T12:56:21.792+0000] {dag.py:3954} INFO - Setting next_dagrun for example_trigger_controller_dag to 2021-01-01 00:00:00+00:00, run_after=2021-01-01 00:00:00+00:00
[2025-05-18T12:56:21.826+0000] {processor.py:183} INFO - Processing /home/airflow/.local/lib/python3.9/site-packages/airflow/example_dags/example_trigger_controller_dag.py took 0.123 seconds
