[2025-05-18T12:48:59.486+0000] {processor.py:161} INFO - Started process (PID=100) to work on /home/airflow/.local/lib/python3.9/site-packages/airflow/example_dags/example_subdag_operator.py
[2025-05-18T12:48:59.504+0000] {processor.py:830} INFO - Processing file /home/airflow/.local/lib/python3.9/site-packages/airflow/example_dags/example_subdag_operator.py for tasks to queue
[2025-05-18T12:48:59.507+0000] {logging_mixin.py:188} INFO - [2025-05-18T12:48:59.507+0000] {dagbag.py:545} INFO - Filling up the DagBag from /home/airflow/.local/lib/python3.9/site-packages/airflow/example_dags/example_subdag_operator.py
[2025-05-18T12:48:59.707+0000] {processor.py:840} INFO - DAG(s) 'example_subdag_operator.section-1', 'example_subdag_operator.section-2', 'example_subdag_operator' retrieved from /home/airflow/.local/lib/python3.9/site-packages/airflow/example_dags/example_subdag_operator.py
[2025-05-18T12:48:59.727+0000] {logging_mixin.py:188} INFO - [2025-05-18T12:48:59.726+0000] {dag.py:3096} INFO - Sync 3 DAGs
[2025-05-18T12:48:59.831+0000] {logging_mixin.py:188} INFO - [2025-05-18T12:48:59.830+0000] {dag.py:3118} INFO - Creating ORM DAG for example_subdag_operator.section-1
[2025-05-18T12:48:59.832+0000] {logging_mixin.py:188} INFO - [2025-05-18T12:48:59.831+0000] {dag.py:3118} INFO - Creating ORM DAG for example_subdag_operator.section-2
[2025-05-18T12:48:59.844+0000] {logging_mixin.py:188} INFO - [2025-05-18T12:48:59.832+0000] {dag.py:3118} INFO - Creating ORM DAG for example_subdag_operator
[2025-05-18T12:48:59.927+0000] {logging_mixin.py:188} INFO - [2025-05-18T12:48:59.926+0000] {dag.py:3954} INFO - Setting next_dagrun for example_subdag_operator to 2022-01-01 00:00:00+00:00, run_after=2022-01-01 00:00:00+00:00
[2025-05-18T12:48:59.945+0000] {logging_mixin.py:188} INFO - [2025-05-18T12:48:59.944+0000] {dag.py:3954} INFO - Setting next_dagrun for example_subdag_operator.section-1 to None, run_after=None
[2025-05-18T12:48:59.945+0000] {logging_mixin.py:188} INFO - [2025-05-18T12:48:59.945+0000] {dag.py:3954} INFO - Setting next_dagrun for example_subdag_operator.section-2 to None, run_after=None
[2025-05-18T12:49:00.048+0000] {logging_mixin.py:188} INFO - [2025-05-18T12:49:00.047+0000] {dag.py:3096} INFO - Sync 2 DAGs
[2025-05-18T12:49:00.087+0000] {logging_mixin.py:188} INFO - [2025-05-18T12:49:00.087+0000] {dag.py:3954} INFO - Setting next_dagrun for example_subdag_operator.section-1 to None, run_after=None
[2025-05-18T12:49:00.126+0000] {logging_mixin.py:188} INFO - [2025-05-18T12:49:00.126+0000] {dag.py:3954} INFO - Setting next_dagrun for example_subdag_operator.section-2 to None, run_after=None
[2025-05-18T12:49:00.211+0000] {processor.py:183} INFO - Processing /home/airflow/.local/lib/python3.9/site-packages/airflow/example_dags/example_subdag_operator.py took 0.744 seconds
[2025-05-18T12:49:31.111+0000] {processor.py:161} INFO - Started process (PID=166) to work on /home/airflow/.local/lib/python3.9/site-packages/airflow/example_dags/example_subdag_operator.py
[2025-05-18T12:49:31.112+0000] {processor.py:830} INFO - Processing file /home/airflow/.local/lib/python3.9/site-packages/airflow/example_dags/example_subdag_operator.py for tasks to queue
[2025-05-18T12:49:31.115+0000] {logging_mixin.py:188} INFO - [2025-05-18T12:49:31.114+0000] {dagbag.py:545} INFO - Filling up the DagBag from /home/airflow/.local/lib/python3.9/site-packages/airflow/example_dags/example_subdag_operator.py
[2025-05-18T12:49:31.270+0000] {processor.py:840} INFO - DAG(s) 'example_subdag_operator.section-1', 'example_subdag_operator.section-2', 'example_subdag_operator' retrieved from /home/airflow/.local/lib/python3.9/site-packages/airflow/example_dags/example_subdag_operator.py
[2025-05-18T12:49:31.730+0000] {logging_mixin.py:188} INFO - [2025-05-18T12:49:31.729+0000] {dag.py:3096} INFO - Sync 3 DAGs
[2025-05-18T12:49:31.786+0000] {logging_mixin.py:188} INFO - [2025-05-18T12:49:31.786+0000] {dag.py:3954} INFO - Setting next_dagrun for example_subdag_operator to 2022-01-01 00:00:00+00:00, run_after=2022-01-01 00:00:00+00:00
[2025-05-18T12:49:31.806+0000] {logging_mixin.py:188} INFO - [2025-05-18T12:49:31.806+0000] {dag.py:3954} INFO - Setting next_dagrun for example_subdag_operator.section-1 to None, run_after=None
[2025-05-18T12:49:31.810+0000] {logging_mixin.py:188} INFO - [2025-05-18T12:49:31.809+0000] {dag.py:3954} INFO - Setting next_dagrun for example_subdag_operator.section-2 to None, run_after=None
[2025-05-18T12:49:31.871+0000] {logging_mixin.py:188} INFO - [2025-05-18T12:49:31.870+0000] {dag.py:3096} INFO - Sync 2 DAGs
[2025-05-18T12:49:31.910+0000] {logging_mixin.py:188} INFO - [2025-05-18T12:49:31.909+0000] {dag.py:3954} INFO - Setting next_dagrun for example_subdag_operator.section-1 to None, run_after=None
[2025-05-18T12:49:31.911+0000] {logging_mixin.py:188} INFO - [2025-05-18T12:49:31.910+0000] {dag.py:3954} INFO - Setting next_dagrun for example_subdag_operator.section-2 to None, run_after=None
[2025-05-18T12:49:32.027+0000] {processor.py:183} INFO - Processing /home/airflow/.local/lib/python3.9/site-packages/airflow/example_dags/example_subdag_operator.py took 0.935 seconds
[2025-05-18T12:50:02.152+0000] {processor.py:161} INFO - Started process (PID=225) to work on /home/airflow/.local/lib/python3.9/site-packages/airflow/example_dags/example_subdag_operator.py
[2025-05-18T12:50:02.165+0000] {processor.py:830} INFO - Processing file /home/airflow/.local/lib/python3.9/site-packages/airflow/example_dags/example_subdag_operator.py for tasks to queue
[2025-05-18T12:50:02.185+0000] {logging_mixin.py:188} INFO - [2025-05-18T12:50:02.168+0000] {dagbag.py:545} INFO - Filling up the DagBag from /home/airflow/.local/lib/python3.9/site-packages/airflow/example_dags/example_subdag_operator.py
[2025-05-18T12:50:02.310+0000] {processor.py:840} INFO - DAG(s) 'example_subdag_operator.section-1', 'example_subdag_operator.section-2', 'example_subdag_operator' retrieved from /home/airflow/.local/lib/python3.9/site-packages/airflow/example_dags/example_subdag_operator.py
[2025-05-18T12:50:02.407+0000] {logging_mixin.py:188} INFO - [2025-05-18T12:50:02.407+0000] {dag.py:3096} INFO - Sync 3 DAGs
[2025-05-18T12:50:02.487+0000] {logging_mixin.py:188} INFO - [2025-05-18T12:50:02.487+0000] {dag.py:3954} INFO - Setting next_dagrun for example_subdag_operator to 2022-01-01 00:00:00+00:00, run_after=2022-01-01 00:00:00+00:00
[2025-05-18T12:50:02.495+0000] {logging_mixin.py:188} INFO - [2025-05-18T12:50:02.495+0000] {dag.py:3954} INFO - Setting next_dagrun for example_subdag_operator.section-1 to None, run_after=None
[2025-05-18T12:50:02.506+0000] {logging_mixin.py:188} INFO - [2025-05-18T12:50:02.506+0000] {dag.py:3954} INFO - Setting next_dagrun for example_subdag_operator.section-2 to None, run_after=None
[2025-05-18T12:50:02.550+0000] {logging_mixin.py:188} INFO - [2025-05-18T12:50:02.549+0000] {dag.py:3096} INFO - Sync 2 DAGs
[2025-05-18T12:50:02.590+0000] {logging_mixin.py:188} INFO - [2025-05-18T12:50:02.589+0000] {dag.py:3954} INFO - Setting next_dagrun for example_subdag_operator.section-1 to None, run_after=None
[2025-05-18T12:50:02.591+0000] {logging_mixin.py:188} INFO - [2025-05-18T12:50:02.590+0000] {dag.py:3954} INFO - Setting next_dagrun for example_subdag_operator.section-2 to None, run_after=None
[2025-05-18T12:50:02.669+0000] {processor.py:183} INFO - Processing /home/airflow/.local/lib/python3.9/site-packages/airflow/example_dags/example_subdag_operator.py took 0.536 seconds
[2025-05-18T12:50:33.373+0000] {processor.py:161} INFO - Started process (PID=291) to work on /home/airflow/.local/lib/python3.9/site-packages/airflow/example_dags/example_subdag_operator.py
[2025-05-18T12:50:33.375+0000] {processor.py:830} INFO - Processing file /home/airflow/.local/lib/python3.9/site-packages/airflow/example_dags/example_subdag_operator.py for tasks to queue
[2025-05-18T12:50:33.385+0000] {logging_mixin.py:188} INFO - [2025-05-18T12:50:33.385+0000] {dagbag.py:545} INFO - Filling up the DagBag from /home/airflow/.local/lib/python3.9/site-packages/airflow/example_dags/example_subdag_operator.py
[2025-05-18T12:50:33.448+0000] {processor.py:840} INFO - DAG(s) 'example_subdag_operator.section-1', 'example_subdag_operator.section-2', 'example_subdag_operator' retrieved from /home/airflow/.local/lib/python3.9/site-packages/airflow/example_dags/example_subdag_operator.py
[2025-05-18T12:50:33.487+0000] {logging_mixin.py:188} INFO - [2025-05-18T12:50:33.487+0000] {dag.py:3096} INFO - Sync 3 DAGs
[2025-05-18T12:50:33.537+0000] {logging_mixin.py:188} INFO - [2025-05-18T12:50:33.537+0000] {dag.py:3954} INFO - Setting next_dagrun for example_subdag_operator to 2022-01-01 00:00:00+00:00, run_after=2022-01-01 00:00:00+00:00
[2025-05-18T12:50:33.546+0000] {logging_mixin.py:188} INFO - [2025-05-18T12:50:33.546+0000] {dag.py:3954} INFO - Setting next_dagrun for example_subdag_operator.section-1 to None, run_after=None
[2025-05-18T12:50:33.548+0000] {logging_mixin.py:188} INFO - [2025-05-18T12:50:33.548+0000] {dag.py:3954} INFO - Setting next_dagrun for example_subdag_operator.section-2 to None, run_after=None
[2025-05-18T12:50:33.557+0000] {logging_mixin.py:188} INFO - [2025-05-18T12:50:33.557+0000] {dag.py:3096} INFO - Sync 2 DAGs
[2025-05-18T12:50:33.568+0000] {logging_mixin.py:188} INFO - [2025-05-18T12:50:33.568+0000] {dag.py:3954} INFO - Setting next_dagrun for example_subdag_operator.section-1 to None, run_after=None
[2025-05-18T12:50:33.569+0000] {logging_mixin.py:188} INFO - [2025-05-18T12:50:33.569+0000] {dag.py:3954} INFO - Setting next_dagrun for example_subdag_operator.section-2 to None, run_after=None
[2025-05-18T12:50:33.591+0000] {processor.py:183} INFO - Processing /home/airflow/.local/lib/python3.9/site-packages/airflow/example_dags/example_subdag_operator.py took 0.226 seconds
[2025-05-18T12:51:03.812+0000] {processor.py:161} INFO - Started process (PID=364) to work on /home/airflow/.local/lib/python3.9/site-packages/airflow/example_dags/example_subdag_operator.py
[2025-05-18T12:51:03.813+0000] {processor.py:830} INFO - Processing file /home/airflow/.local/lib/python3.9/site-packages/airflow/example_dags/example_subdag_operator.py for tasks to queue
[2025-05-18T12:51:03.816+0000] {logging_mixin.py:188} INFO - [2025-05-18T12:51:03.815+0000] {dagbag.py:545} INFO - Filling up the DagBag from /home/airflow/.local/lib/python3.9/site-packages/airflow/example_dags/example_subdag_operator.py
[2025-05-18T12:51:03.889+0000] {processor.py:840} INFO - DAG(s) 'example_subdag_operator.section-1', 'example_subdag_operator.section-2', 'example_subdag_operator' retrieved from /home/airflow/.local/lib/python3.9/site-packages/airflow/example_dags/example_subdag_operator.py
[2025-05-18T12:51:03.929+0000] {logging_mixin.py:188} INFO - [2025-05-18T12:51:03.929+0000] {dag.py:3096} INFO - Sync 3 DAGs
[2025-05-18T12:51:03.992+0000] {logging_mixin.py:188} INFO - [2025-05-18T12:51:03.992+0000] {dag.py:3954} INFO - Setting next_dagrun for example_subdag_operator to 2022-01-01 00:00:00+00:00, run_after=2022-01-01 00:00:00+00:00
[2025-05-18T12:51:04.007+0000] {logging_mixin.py:188} INFO - [2025-05-18T12:51:04.007+0000] {dag.py:3954} INFO - Setting next_dagrun for example_subdag_operator.section-1 to None, run_after=None
[2025-05-18T12:51:04.009+0000] {logging_mixin.py:188} INFO - [2025-05-18T12:51:04.009+0000] {dag.py:3954} INFO - Setting next_dagrun for example_subdag_operator.section-2 to None, run_after=None
[2025-05-18T12:51:04.047+0000] {logging_mixin.py:188} INFO - [2025-05-18T12:51:04.047+0000] {dag.py:3096} INFO - Sync 2 DAGs
[2025-05-18T12:51:04.068+0000] {logging_mixin.py:188} INFO - [2025-05-18T12:51:04.068+0000] {dag.py:3954} INFO - Setting next_dagrun for example_subdag_operator.section-1 to None, run_after=None
[2025-05-18T12:51:04.068+0000] {logging_mixin.py:188} INFO - [2025-05-18T12:51:04.068+0000] {dag.py:3954} INFO - Setting next_dagrun for example_subdag_operator.section-2 to None, run_after=None
[2025-05-18T12:51:04.093+0000] {processor.py:183} INFO - Processing /home/airflow/.local/lib/python3.9/site-packages/airflow/example_dags/example_subdag_operator.py took 0.291 seconds
[2025-05-18T12:51:34.177+0000] {processor.py:161} INFO - Started process (PID=430) to work on /home/airflow/.local/lib/python3.9/site-packages/airflow/example_dags/example_subdag_operator.py
[2025-05-18T12:51:34.185+0000] {processor.py:830} INFO - Processing file /home/airflow/.local/lib/python3.9/site-packages/airflow/example_dags/example_subdag_operator.py for tasks to queue
[2025-05-18T12:51:34.188+0000] {logging_mixin.py:188} INFO - [2025-05-18T12:51:34.187+0000] {dagbag.py:545} INFO - Filling up the DagBag from /home/airflow/.local/lib/python3.9/site-packages/airflow/example_dags/example_subdag_operator.py
[2025-05-18T12:51:34.328+0000] {processor.py:840} INFO - DAG(s) 'example_subdag_operator.section-1', 'example_subdag_operator.section-2', 'example_subdag_operator' retrieved from /home/airflow/.local/lib/python3.9/site-packages/airflow/example_dags/example_subdag_operator.py
[2025-05-18T12:51:34.429+0000] {logging_mixin.py:188} INFO - [2025-05-18T12:51:34.428+0000] {dag.py:3096} INFO - Sync 3 DAGs
[2025-05-18T12:51:34.497+0000] {logging_mixin.py:188} INFO - [2025-05-18T12:51:34.496+0000] {dag.py:3954} INFO - Setting next_dagrun for example_subdag_operator to 2022-01-01 00:00:00+00:00, run_after=2022-01-01 00:00:00+00:00
[2025-05-18T12:51:34.506+0000] {logging_mixin.py:188} INFO - [2025-05-18T12:51:34.506+0000] {dag.py:3954} INFO - Setting next_dagrun for example_subdag_operator.section-1 to None, run_after=None
[2025-05-18T12:51:34.508+0000] {logging_mixin.py:188} INFO - [2025-05-18T12:51:34.508+0000] {dag.py:3954} INFO - Setting next_dagrun for example_subdag_operator.section-2 to None, run_after=None
[2025-05-18T12:51:34.536+0000] {logging_mixin.py:188} INFO - [2025-05-18T12:51:34.535+0000] {dag.py:3096} INFO - Sync 2 DAGs
[2025-05-18T12:51:34.553+0000] {logging_mixin.py:188} INFO - [2025-05-18T12:51:34.552+0000] {dag.py:3954} INFO - Setting next_dagrun for example_subdag_operator.section-1 to None, run_after=None
[2025-05-18T12:51:34.554+0000] {logging_mixin.py:188} INFO - [2025-05-18T12:51:34.553+0000] {dag.py:3954} INFO - Setting next_dagrun for example_subdag_operator.section-2 to None, run_after=None
[2025-05-18T12:51:34.571+0000] {processor.py:183} INFO - Processing /home/airflow/.local/lib/python3.9/site-packages/airflow/example_dags/example_subdag_operator.py took 0.405 seconds
[2025-05-18T12:52:05.527+0000] {processor.py:161} INFO - Started process (PID=496) to work on /home/airflow/.local/lib/python3.9/site-packages/airflow/example_dags/example_subdag_operator.py
[2025-05-18T12:52:05.529+0000] {processor.py:830} INFO - Processing file /home/airflow/.local/lib/python3.9/site-packages/airflow/example_dags/example_subdag_operator.py for tasks to queue
[2025-05-18T12:52:05.531+0000] {logging_mixin.py:188} INFO - [2025-05-18T12:52:05.531+0000] {dagbag.py:545} INFO - Filling up the DagBag from /home/airflow/.local/lib/python3.9/site-packages/airflow/example_dags/example_subdag_operator.py
[2025-05-18T12:52:05.570+0000] {processor.py:840} INFO - DAG(s) 'example_subdag_operator.section-1', 'example_subdag_operator.section-2', 'example_subdag_operator' retrieved from /home/airflow/.local/lib/python3.9/site-packages/airflow/example_dags/example_subdag_operator.py
[2025-05-18T12:52:05.593+0000] {logging_mixin.py:188} INFO - [2025-05-18T12:52:05.593+0000] {dag.py:3096} INFO - Sync 3 DAGs
[2025-05-18T12:52:05.629+0000] {logging_mixin.py:188} INFO - [2025-05-18T12:52:05.629+0000] {dag.py:3954} INFO - Setting next_dagrun for example_subdag_operator to 2022-01-01 00:00:00+00:00, run_after=2022-01-01 00:00:00+00:00
[2025-05-18T12:52:05.633+0000] {logging_mixin.py:188} INFO - [2025-05-18T12:52:05.633+0000] {dag.py:3954} INFO - Setting next_dagrun for example_subdag_operator.section-1 to None, run_after=None
[2025-05-18T12:52:05.635+0000] {logging_mixin.py:188} INFO - [2025-05-18T12:52:05.635+0000] {dag.py:3954} INFO - Setting next_dagrun for example_subdag_operator.section-2 to None, run_after=None
[2025-05-18T12:52:05.650+0000] {logging_mixin.py:188} INFO - [2025-05-18T12:52:05.650+0000] {dag.py:3096} INFO - Sync 2 DAGs
[2025-05-18T12:52:05.656+0000] {logging_mixin.py:188} INFO - [2025-05-18T12:52:05.656+0000] {dag.py:3954} INFO - Setting next_dagrun for example_subdag_operator.section-1 to None, run_after=None
[2025-05-18T12:52:05.657+0000] {logging_mixin.py:188} INFO - [2025-05-18T12:52:05.657+0000] {dag.py:3954} INFO - Setting next_dagrun for example_subdag_operator.section-2 to None, run_after=None
[2025-05-18T12:52:05.680+0000] {processor.py:183} INFO - Processing /home/airflow/.local/lib/python3.9/site-packages/airflow/example_dags/example_subdag_operator.py took 0.161 seconds
[2025-05-18T12:52:36.214+0000] {processor.py:161} INFO - Started process (PID=562) to work on /home/airflow/.local/lib/python3.9/site-packages/airflow/example_dags/example_subdag_operator.py
[2025-05-18T12:52:36.215+0000] {processor.py:830} INFO - Processing file /home/airflow/.local/lib/python3.9/site-packages/airflow/example_dags/example_subdag_operator.py for tasks to queue
[2025-05-18T12:52:36.226+0000] {logging_mixin.py:188} INFO - [2025-05-18T12:52:36.226+0000] {dagbag.py:545} INFO - Filling up the DagBag from /home/airflow/.local/lib/python3.9/site-packages/airflow/example_dags/example_subdag_operator.py
[2025-05-18T12:52:36.292+0000] {processor.py:840} INFO - DAG(s) 'example_subdag_operator.section-1', 'example_subdag_operator.section-2', 'example_subdag_operator' retrieved from /home/airflow/.local/lib/python3.9/site-packages/airflow/example_dags/example_subdag_operator.py
[2025-05-18T12:52:36.334+0000] {logging_mixin.py:188} INFO - [2025-05-18T12:52:36.334+0000] {dag.py:3096} INFO - Sync 3 DAGs
[2025-05-18T12:52:36.393+0000] {logging_mixin.py:188} INFO - [2025-05-18T12:52:36.392+0000] {dag.py:3954} INFO - Setting next_dagrun for example_subdag_operator to 2022-01-01 00:00:00+00:00, run_after=2022-01-01 00:00:00+00:00
[2025-05-18T12:52:36.407+0000] {logging_mixin.py:188} INFO - [2025-05-18T12:52:36.406+0000] {dag.py:3954} INFO - Setting next_dagrun for example_subdag_operator.section-1 to None, run_after=None
[2025-05-18T12:52:36.409+0000] {logging_mixin.py:188} INFO - [2025-05-18T12:52:36.409+0000] {dag.py:3954} INFO - Setting next_dagrun for example_subdag_operator.section-2 to None, run_after=None
[2025-05-18T12:52:36.426+0000] {logging_mixin.py:188} INFO - [2025-05-18T12:52:36.426+0000] {dag.py:3096} INFO - Sync 2 DAGs
[2025-05-18T12:52:36.445+0000] {logging_mixin.py:188} INFO - [2025-05-18T12:52:36.445+0000] {dag.py:3954} INFO - Setting next_dagrun for example_subdag_operator.section-1 to None, run_after=None
[2025-05-18T12:52:36.446+0000] {logging_mixin.py:188} INFO - [2025-05-18T12:52:36.445+0000] {dag.py:3954} INFO - Setting next_dagrun for example_subdag_operator.section-2 to None, run_after=None
[2025-05-18T12:52:36.471+0000] {processor.py:183} INFO - Processing /home/airflow/.local/lib/python3.9/site-packages/airflow/example_dags/example_subdag_operator.py took 0.270 seconds
[2025-05-18T12:53:07.118+0000] {processor.py:161} INFO - Started process (PID=628) to work on /home/airflow/.local/lib/python3.9/site-packages/airflow/example_dags/example_subdag_operator.py
[2025-05-18T12:53:07.119+0000] {processor.py:830} INFO - Processing file /home/airflow/.local/lib/python3.9/site-packages/airflow/example_dags/example_subdag_operator.py for tasks to queue
[2025-05-18T12:53:07.122+0000] {logging_mixin.py:188} INFO - [2025-05-18T12:53:07.121+0000] {dagbag.py:545} INFO - Filling up the DagBag from /home/airflow/.local/lib/python3.9/site-packages/airflow/example_dags/example_subdag_operator.py
[2025-05-18T12:53:07.205+0000] {processor.py:840} INFO - DAG(s) 'example_subdag_operator.section-1', 'example_subdag_operator.section-2', 'example_subdag_operator' retrieved from /home/airflow/.local/lib/python3.9/site-packages/airflow/example_dags/example_subdag_operator.py
[2025-05-18T12:53:07.252+0000] {logging_mixin.py:188} INFO - [2025-05-18T12:53:07.252+0000] {dag.py:3096} INFO - Sync 3 DAGs
[2025-05-18T12:53:07.296+0000] {logging_mixin.py:188} INFO - [2025-05-18T12:53:07.296+0000] {dag.py:3954} INFO - Setting next_dagrun for example_subdag_operator to 2022-01-01 00:00:00+00:00, run_after=2022-01-01 00:00:00+00:00
[2025-05-18T12:53:07.303+0000] {logging_mixin.py:188} INFO - [2025-05-18T12:53:07.302+0000] {dag.py:3954} INFO - Setting next_dagrun for example_subdag_operator.section-1 to None, run_after=None
[2025-05-18T12:53:07.305+0000] {logging_mixin.py:188} INFO - [2025-05-18T12:53:07.305+0000] {dag.py:3954} INFO - Setting next_dagrun for example_subdag_operator.section-2 to None, run_after=None
[2025-05-18T12:53:07.319+0000] {logging_mixin.py:188} INFO - [2025-05-18T12:53:07.318+0000] {dag.py:3096} INFO - Sync 2 DAGs
[2025-05-18T12:53:07.327+0000] {logging_mixin.py:188} INFO - [2025-05-18T12:53:07.326+0000] {dag.py:3954} INFO - Setting next_dagrun for example_subdag_operator.section-1 to None, run_after=None
[2025-05-18T12:53:07.328+0000] {logging_mixin.py:188} INFO - [2025-05-18T12:53:07.327+0000] {dag.py:3954} INFO - Setting next_dagrun for example_subdag_operator.section-2 to None, run_after=None
[2025-05-18T12:53:07.345+0000] {processor.py:183} INFO - Processing /home/airflow/.local/lib/python3.9/site-packages/airflow/example_dags/example_subdag_operator.py took 0.237 seconds
[2025-05-18T12:53:38.363+0000] {processor.py:161} INFO - Started process (PID=700) to work on /home/airflow/.local/lib/python3.9/site-packages/airflow/example_dags/example_subdag_operator.py
[2025-05-18T12:53:38.364+0000] {processor.py:830} INFO - Processing file /home/airflow/.local/lib/python3.9/site-packages/airflow/example_dags/example_subdag_operator.py for tasks to queue
[2025-05-18T12:53:38.367+0000] {logging_mixin.py:188} INFO - [2025-05-18T12:53:38.367+0000] {dagbag.py:545} INFO - Filling up the DagBag from /home/airflow/.local/lib/python3.9/site-packages/airflow/example_dags/example_subdag_operator.py
[2025-05-18T12:53:38.427+0000] {processor.py:840} INFO - DAG(s) 'example_subdag_operator.section-1', 'example_subdag_operator.section-2', 'example_subdag_operator' retrieved from /home/airflow/.local/lib/python3.9/site-packages/airflow/example_dags/example_subdag_operator.py
[2025-05-18T12:53:38.465+0000] {logging_mixin.py:188} INFO - [2025-05-18T12:53:38.465+0000] {dag.py:3096} INFO - Sync 3 DAGs
[2025-05-18T12:53:38.526+0000] {logging_mixin.py:188} INFO - [2025-05-18T12:53:38.526+0000] {dag.py:3954} INFO - Setting next_dagrun for example_subdag_operator to 2022-01-01 00:00:00+00:00, run_after=2022-01-01 00:00:00+00:00
[2025-05-18T12:53:38.531+0000] {logging_mixin.py:188} INFO - [2025-05-18T12:53:38.531+0000] {dag.py:3954} INFO - Setting next_dagrun for example_subdag_operator.section-1 to None, run_after=None
[2025-05-18T12:53:38.532+0000] {logging_mixin.py:188} INFO - [2025-05-18T12:53:38.532+0000] {dag.py:3954} INFO - Setting next_dagrun for example_subdag_operator.section-2 to None, run_after=None
[2025-05-18T12:53:38.567+0000] {logging_mixin.py:188} INFO - [2025-05-18T12:53:38.566+0000] {dag.py:3096} INFO - Sync 2 DAGs
[2025-05-18T12:53:38.574+0000] {logging_mixin.py:188} INFO - [2025-05-18T12:53:38.573+0000] {dag.py:3954} INFO - Setting next_dagrun for example_subdag_operator.section-1 to None, run_after=None
[2025-05-18T12:53:38.575+0000] {logging_mixin.py:188} INFO - [2025-05-18T12:53:38.575+0000] {dag.py:3954} INFO - Setting next_dagrun for example_subdag_operator.section-2 to None, run_after=None
[2025-05-18T12:53:38.597+0000] {processor.py:183} INFO - Processing /home/airflow/.local/lib/python3.9/site-packages/airflow/example_dags/example_subdag_operator.py took 0.244 seconds
[2025-05-18T12:54:08.806+0000] {processor.py:161} INFO - Started process (PID=767) to work on /home/airflow/.local/lib/python3.9/site-packages/airflow/example_dags/example_subdag_operator.py
[2025-05-18T12:54:08.808+0000] {processor.py:830} INFO - Processing file /home/airflow/.local/lib/python3.9/site-packages/airflow/example_dags/example_subdag_operator.py for tasks to queue
[2025-05-18T12:54:08.811+0000] {logging_mixin.py:188} INFO - [2025-05-18T12:54:08.811+0000] {dagbag.py:545} INFO - Filling up the DagBag from /home/airflow/.local/lib/python3.9/site-packages/airflow/example_dags/example_subdag_operator.py
[2025-05-18T12:54:08.909+0000] {processor.py:840} INFO - DAG(s) 'example_subdag_operator.section-1', 'example_subdag_operator.section-2', 'example_subdag_operator' retrieved from /home/airflow/.local/lib/python3.9/site-packages/airflow/example_dags/example_subdag_operator.py
[2025-05-18T12:54:08.946+0000] {logging_mixin.py:188} INFO - [2025-05-18T12:54:08.945+0000] {dag.py:3096} INFO - Sync 3 DAGs
[2025-05-18T12:54:09.006+0000] {logging_mixin.py:188} INFO - [2025-05-18T12:54:09.006+0000] {dag.py:3954} INFO - Setting next_dagrun for example_subdag_operator to 2022-01-01 00:00:00+00:00, run_after=2022-01-01 00:00:00+00:00
[2025-05-18T12:54:09.012+0000] {logging_mixin.py:188} INFO - [2025-05-18T12:54:09.012+0000] {dag.py:3954} INFO - Setting next_dagrun for example_subdag_operator.section-1 to None, run_after=None
[2025-05-18T12:54:09.014+0000] {logging_mixin.py:188} INFO - [2025-05-18T12:54:09.014+0000] {dag.py:3954} INFO - Setting next_dagrun for example_subdag_operator.section-2 to None, run_after=None
[2025-05-18T12:54:09.036+0000] {logging_mixin.py:188} INFO - [2025-05-18T12:54:09.035+0000] {dag.py:3096} INFO - Sync 2 DAGs
[2025-05-18T12:54:09.049+0000] {logging_mixin.py:188} INFO - [2025-05-18T12:54:09.049+0000] {dag.py:3954} INFO - Setting next_dagrun for example_subdag_operator.section-1 to None, run_after=None
[2025-05-18T12:54:09.050+0000] {logging_mixin.py:188} INFO - [2025-05-18T12:54:09.050+0000] {dag.py:3954} INFO - Setting next_dagrun for example_subdag_operator.section-2 to None, run_after=None
[2025-05-18T12:54:09.085+0000] {processor.py:183} INFO - Processing /home/airflow/.local/lib/python3.9/site-packages/airflow/example_dags/example_subdag_operator.py took 0.295 seconds
[2025-05-18T12:54:39.199+0000] {processor.py:161} INFO - Started process (PID=834) to work on /home/airflow/.local/lib/python3.9/site-packages/airflow/example_dags/example_subdag_operator.py
[2025-05-18T12:54:39.204+0000] {processor.py:830} INFO - Processing file /home/airflow/.local/lib/python3.9/site-packages/airflow/example_dags/example_subdag_operator.py for tasks to queue
[2025-05-18T12:54:39.208+0000] {logging_mixin.py:188} INFO - [2025-05-18T12:54:39.207+0000] {dagbag.py:545} INFO - Filling up the DagBag from /home/airflow/.local/lib/python3.9/site-packages/airflow/example_dags/example_subdag_operator.py
[2025-05-18T12:54:39.275+0000] {processor.py:840} INFO - DAG(s) 'example_subdag_operator.section-1', 'example_subdag_operator.section-2', 'example_subdag_operator' retrieved from /home/airflow/.local/lib/python3.9/site-packages/airflow/example_dags/example_subdag_operator.py
[2025-05-18T12:54:39.308+0000] {logging_mixin.py:188} INFO - [2025-05-18T12:54:39.308+0000] {dag.py:3096} INFO - Sync 3 DAGs
[2025-05-18T12:54:39.348+0000] {logging_mixin.py:188} INFO - [2025-05-18T12:54:39.348+0000] {dag.py:3954} INFO - Setting next_dagrun for example_subdag_operator to 2022-01-01 00:00:00+00:00, run_after=2022-01-01 00:00:00+00:00
[2025-05-18T12:54:39.353+0000] {logging_mixin.py:188} INFO - [2025-05-18T12:54:39.353+0000] {dag.py:3954} INFO - Setting next_dagrun for example_subdag_operator.section-1 to None, run_after=None
[2025-05-18T12:54:39.355+0000] {logging_mixin.py:188} INFO - [2025-05-18T12:54:39.355+0000] {dag.py:3954} INFO - Setting next_dagrun for example_subdag_operator.section-2 to None, run_after=None
[2025-05-18T12:54:39.370+0000] {logging_mixin.py:188} INFO - [2025-05-18T12:54:39.370+0000] {dag.py:3096} INFO - Sync 2 DAGs
[2025-05-18T12:54:39.376+0000] {logging_mixin.py:188} INFO - [2025-05-18T12:54:39.376+0000] {dag.py:3954} INFO - Setting next_dagrun for example_subdag_operator.section-1 to None, run_after=None
[2025-05-18T12:54:39.377+0000] {logging_mixin.py:188} INFO - [2025-05-18T12:54:39.377+0000] {dag.py:3954} INFO - Setting next_dagrun for example_subdag_operator.section-2 to None, run_after=None
[2025-05-18T12:54:39.396+0000] {processor.py:183} INFO - Processing /home/airflow/.local/lib/python3.9/site-packages/airflow/example_dags/example_subdag_operator.py took 0.208 seconds
[2025-05-18T12:55:09.818+0000] {processor.py:161} INFO - Started process (PID=901) to work on /home/airflow/.local/lib/python3.9/site-packages/airflow/example_dags/example_subdag_operator.py
[2025-05-18T12:55:09.819+0000] {processor.py:830} INFO - Processing file /home/airflow/.local/lib/python3.9/site-packages/airflow/example_dags/example_subdag_operator.py for tasks to queue
[2025-05-18T12:55:09.822+0000] {logging_mixin.py:188} INFO - [2025-05-18T12:55:09.822+0000] {dagbag.py:545} INFO - Filling up the DagBag from /home/airflow/.local/lib/python3.9/site-packages/airflow/example_dags/example_subdag_operator.py
[2025-05-18T12:55:09.865+0000] {processor.py:840} INFO - DAG(s) 'example_subdag_operator.section-1', 'example_subdag_operator.section-2', 'example_subdag_operator' retrieved from /home/airflow/.local/lib/python3.9/site-packages/airflow/example_dags/example_subdag_operator.py
[2025-05-18T12:55:09.891+0000] {logging_mixin.py:188} INFO - [2025-05-18T12:55:09.891+0000] {dag.py:3096} INFO - Sync 3 DAGs
[2025-05-18T12:55:09.924+0000] {logging_mixin.py:188} INFO - [2025-05-18T12:55:09.924+0000] {dag.py:3954} INFO - Setting next_dagrun for example_subdag_operator to 2022-01-01 00:00:00+00:00, run_after=2022-01-01 00:00:00+00:00
[2025-05-18T12:55:09.930+0000] {logging_mixin.py:188} INFO - [2025-05-18T12:55:09.930+0000] {dag.py:3954} INFO - Setting next_dagrun for example_subdag_operator.section-1 to None, run_after=None
[2025-05-18T12:55:09.932+0000] {logging_mixin.py:188} INFO - [2025-05-18T12:55:09.932+0000] {dag.py:3954} INFO - Setting next_dagrun for example_subdag_operator.section-2 to None, run_after=None
[2025-05-18T12:55:09.941+0000] {logging_mixin.py:188} INFO - [2025-05-18T12:55:09.941+0000] {dag.py:3096} INFO - Sync 2 DAGs
[2025-05-18T12:55:09.947+0000] {logging_mixin.py:188} INFO - [2025-05-18T12:55:09.947+0000] {dag.py:3954} INFO - Setting next_dagrun for example_subdag_operator.section-1 to None, run_after=None
[2025-05-18T12:55:09.948+0000] {logging_mixin.py:188} INFO - [2025-05-18T12:55:09.948+0000] {dag.py:3954} INFO - Setting next_dagrun for example_subdag_operator.section-2 to None, run_after=None
[2025-05-18T12:55:09.963+0000] {processor.py:183} INFO - Processing /home/airflow/.local/lib/python3.9/site-packages/airflow/example_dags/example_subdag_operator.py took 0.154 seconds
[2025-05-18T12:55:40.272+0000] {processor.py:161} INFO - Started process (PID=968) to work on /home/airflow/.local/lib/python3.9/site-packages/airflow/example_dags/example_subdag_operator.py
[2025-05-18T12:55:40.273+0000] {processor.py:830} INFO - Processing file /home/airflow/.local/lib/python3.9/site-packages/airflow/example_dags/example_subdag_operator.py for tasks to queue
[2025-05-18T12:55:40.277+0000] {logging_mixin.py:188} INFO - [2025-05-18T12:55:40.276+0000] {dagbag.py:545} INFO - Filling up the DagBag from /home/airflow/.local/lib/python3.9/site-packages/airflow/example_dags/example_subdag_operator.py
[2025-05-18T12:55:40.313+0000] {processor.py:840} INFO - DAG(s) 'example_subdag_operator.section-1', 'example_subdag_operator.section-2', 'example_subdag_operator' retrieved from /home/airflow/.local/lib/python3.9/site-packages/airflow/example_dags/example_subdag_operator.py
[2025-05-18T12:55:40.334+0000] {logging_mixin.py:188} INFO - [2025-05-18T12:55:40.334+0000] {dag.py:3096} INFO - Sync 3 DAGs
[2025-05-18T12:55:40.365+0000] {logging_mixin.py:188} INFO - [2025-05-18T12:55:40.365+0000] {dag.py:3954} INFO - Setting next_dagrun for example_subdag_operator to 2022-01-01 00:00:00+00:00, run_after=2022-01-01 00:00:00+00:00
[2025-05-18T12:55:40.371+0000] {logging_mixin.py:188} INFO - [2025-05-18T12:55:40.371+0000] {dag.py:3954} INFO - Setting next_dagrun for example_subdag_operator.section-1 to None, run_after=None
[2025-05-18T12:55:40.373+0000] {logging_mixin.py:188} INFO - [2025-05-18T12:55:40.373+0000] {dag.py:3954} INFO - Setting next_dagrun for example_subdag_operator.section-2 to None, run_after=None
[2025-05-18T12:55:40.381+0000] {logging_mixin.py:188} INFO - [2025-05-18T12:55:40.381+0000] {dag.py:3096} INFO - Sync 2 DAGs
[2025-05-18T12:55:40.389+0000] {logging_mixin.py:188} INFO - [2025-05-18T12:55:40.389+0000] {dag.py:3954} INFO - Setting next_dagrun for example_subdag_operator.section-1 to None, run_after=None
[2025-05-18T12:55:40.390+0000] {logging_mixin.py:188} INFO - [2025-05-18T12:55:40.389+0000] {dag.py:3954} INFO - Setting next_dagrun for example_subdag_operator.section-2 to None, run_after=None
[2025-05-18T12:55:40.403+0000] {processor.py:183} INFO - Processing /home/airflow/.local/lib/python3.9/site-packages/airflow/example_dags/example_subdag_operator.py took 0.141 seconds
[2025-05-18T12:56:10.631+0000] {processor.py:161} INFO - Started process (PID=1042) to work on /home/airflow/.local/lib/python3.9/site-packages/airflow/example_dags/example_subdag_operator.py
[2025-05-18T12:56:10.633+0000] {processor.py:830} INFO - Processing file /home/airflow/.local/lib/python3.9/site-packages/airflow/example_dags/example_subdag_operator.py for tasks to queue
[2025-05-18T12:56:10.636+0000] {logging_mixin.py:188} INFO - [2025-05-18T12:56:10.635+0000] {dagbag.py:545} INFO - Filling up the DagBag from /home/airflow/.local/lib/python3.9/site-packages/airflow/example_dags/example_subdag_operator.py
[2025-05-18T12:56:10.704+0000] {processor.py:840} INFO - DAG(s) 'example_subdag_operator.section-1', 'example_subdag_operator.section-2', 'example_subdag_operator' retrieved from /home/airflow/.local/lib/python3.9/site-packages/airflow/example_dags/example_subdag_operator.py
[2025-05-18T12:56:10.730+0000] {logging_mixin.py:188} INFO - [2025-05-18T12:56:10.730+0000] {dag.py:3096} INFO - Sync 3 DAGs
[2025-05-18T12:56:10.806+0000] {logging_mixin.py:188} INFO - [2025-05-18T12:56:10.805+0000] {dag.py:3954} INFO - Setting next_dagrun for example_subdag_operator to 2022-01-01 00:00:00+00:00, run_after=2022-01-01 00:00:00+00:00
[2025-05-18T12:56:10.811+0000] {logging_mixin.py:188} INFO - [2025-05-18T12:56:10.811+0000] {dag.py:3954} INFO - Setting next_dagrun for example_subdag_operator.section-1 to None, run_after=None
[2025-05-18T12:56:10.827+0000] {logging_mixin.py:188} INFO - [2025-05-18T12:56:10.827+0000] {dag.py:3954} INFO - Setting next_dagrun for example_subdag_operator.section-2 to None, run_after=None
[2025-05-18T12:56:10.847+0000] {logging_mixin.py:188} INFO - [2025-05-18T12:56:10.847+0000] {dag.py:3096} INFO - Sync 2 DAGs
[2025-05-18T12:56:10.873+0000] {logging_mixin.py:188} INFO - [2025-05-18T12:56:10.873+0000] {dag.py:3954} INFO - Setting next_dagrun for example_subdag_operator.section-1 to None, run_after=None
[2025-05-18T12:56:10.874+0000] {logging_mixin.py:188} INFO - [2025-05-18T12:56:10.873+0000] {dag.py:3954} INFO - Setting next_dagrun for example_subdag_operator.section-2 to None, run_after=None
[2025-05-18T12:56:10.909+0000] {processor.py:183} INFO - Processing /home/airflow/.local/lib/python3.9/site-packages/airflow/example_dags/example_subdag_operator.py took 0.287 seconds
