[2025-05-18T12:48:55.987+0000] {processor.py:161} INFO - Started process (PID=93) to work on /home/airflow/.local/lib/python3.9/site-packages/airflow/example_dags/example_display_name.py
[2025-05-18T12:48:56.005+0000] {processor.py:830} INFO - Processing file /home/airflow/.local/lib/python3.9/site-packages/airflow/example_dags/example_display_name.py for tasks to queue
[2025-05-18T12:48:56.008+0000] {logging_mixin.py:188} INFO - [2025-05-18T12:48:56.007+0000] {dagbag.py:545} INFO - Filling up the DagBag from /home/airflow/.local/lib/python3.9/site-packages/airflow/example_dags/example_display_name.py
[2025-05-18T12:48:56.066+0000] {processor.py:840} INFO - DAG(s) 'example_display_name' retrieved from /home/airflow/.local/lib/python3.9/site-packages/airflow/example_dags/example_display_name.py
[2025-05-18T12:48:57.006+0000] {logging_mixin.py:188} INFO - [2025-05-18T12:48:57.005+0000] {override.py:1832} ERROR - Creation of Permission View Error: (psycopg2.errors.UniqueViolation) duplicate key value violates unique constraint "serialized_dag_pkey"
DETAIL:  Key (dag_id)=(example_display_name) already exists.

[SQL: INSERT INTO serialized_dag (dag_id, fileloc, fileloc_hash, data, data_compressed, last_updated, dag_hash, processor_subdir) VALUES (%(dag_id)s, %(fileloc)s, %(fileloc_hash)s, %(data)s, %(data_compressed)s, %(last_updated)s, %(dag_hash)s, %(processor_subdir)s)]
[parameters: {'dag_id': 'example_display_name', 'fileloc': '/home/airflow/.local/lib/python3.9/site-packages/airflow/example_dags/example_display_name.py', 'fileloc_hash': 26460530616901155, 'data': '{"__version": 1, "dag": {"_default_view": "grid", "schedule_interval": null, "timezone": "UTC", "_dag_display_property_value": "Sample DAG with Displ ... (1725 characters truncated) ...  "airflow.decorators.python", "_operator_name": "@task", "_is_empty": false, "op_args": [], "op_kwargs": {}}], "dag_dependencies": [], "params": {}}}', 'data_compressed': None, 'last_updated': datetime.datetime(2025, 5, 18, 12, 48, 56, 226182, tzinfo=Timezone('UTC')), 'dag_hash': '746642706fecf704dd9d44e51da0821d', 'processor_subdir': '/home/project/airflow/dags'}]
(Background on this error at: https://sqlalche.me/e/14/gkpj)
[2025-05-18T12:48:57.028+0000] {logging_mixin.py:188} INFO - [2025-05-18T12:48:57.027+0000] {dag.py:3096} INFO - Sync 1 DAGs
[2025-05-18T12:48:57.128+0000] {logging_mixin.py:188} INFO - [2025-05-18T12:48:57.127+0000] {dag.py:3118} INFO - Creating ORM DAG for example_display_name
[2025-05-18T12:48:57.145+0000] {logging_mixin.py:188} INFO - [2025-05-18T12:48:57.145+0000] {dag.py:3954} INFO - Setting next_dagrun for example_display_name to None, run_after=None
[2025-05-18T12:48:57.327+0000] {processor.py:183} INFO - Processing /home/airflow/.local/lib/python3.9/site-packages/airflow/example_dags/example_display_name.py took 1.401 seconds
[2025-05-18T12:49:28.150+0000] {processor.py:161} INFO - Started process (PID=152) to work on /home/airflow/.local/lib/python3.9/site-packages/airflow/example_dags/example_display_name.py
[2025-05-18T12:49:28.151+0000] {processor.py:830} INFO - Processing file /home/airflow/.local/lib/python3.9/site-packages/airflow/example_dags/example_display_name.py for tasks to queue
[2025-05-18T12:49:28.153+0000] {logging_mixin.py:188} INFO - [2025-05-18T12:49:28.153+0000] {dagbag.py:545} INFO - Filling up the DagBag from /home/airflow/.local/lib/python3.9/site-packages/airflow/example_dags/example_display_name.py
[2025-05-18T12:49:28.186+0000] {processor.py:840} INFO - DAG(s) 'example_display_name' retrieved from /home/airflow/.local/lib/python3.9/site-packages/airflow/example_dags/example_display_name.py
[2025-05-18T12:49:28.576+0000] {logging_mixin.py:188} INFO - [2025-05-18T12:49:28.575+0000] {dag.py:3096} INFO - Sync 1 DAGs
[2025-05-18T12:49:28.625+0000] {logging_mixin.py:188} INFO - [2025-05-18T12:49:28.624+0000] {dag.py:3954} INFO - Setting next_dagrun for example_display_name to None, run_after=None
[2025-05-18T12:49:28.746+0000] {processor.py:183} INFO - Processing /home/airflow/.local/lib/python3.9/site-packages/airflow/example_dags/example_display_name.py took 0.618 seconds
[2025-05-18T12:49:59.306+0000] {processor.py:161} INFO - Started process (PID=218) to work on /home/airflow/.local/lib/python3.9/site-packages/airflow/example_dags/example_display_name.py
[2025-05-18T12:49:59.309+0000] {processor.py:830} INFO - Processing file /home/airflow/.local/lib/python3.9/site-packages/airflow/example_dags/example_display_name.py for tasks to queue
[2025-05-18T12:49:59.312+0000] {logging_mixin.py:188} INFO - [2025-05-18T12:49:59.312+0000] {dagbag.py:545} INFO - Filling up the DagBag from /home/airflow/.local/lib/python3.9/site-packages/airflow/example_dags/example_display_name.py
[2025-05-18T12:49:59.323+0000] {processor.py:840} INFO - DAG(s) 'example_display_name' retrieved from /home/airflow/.local/lib/python3.9/site-packages/airflow/example_dags/example_display_name.py
[2025-05-18T12:49:59.384+0000] {logging_mixin.py:188} INFO - [2025-05-18T12:49:59.372+0000] {dag.py:3096} INFO - Sync 1 DAGs
[2025-05-18T12:49:59.429+0000] {logging_mixin.py:188} INFO - [2025-05-18T12:49:59.428+0000] {dag.py:3954} INFO - Setting next_dagrun for example_display_name to None, run_after=None
[2025-05-18T12:49:59.476+0000] {processor.py:183} INFO - Processing /home/airflow/.local/lib/python3.9/site-packages/airflow/example_dags/example_display_name.py took 0.182 seconds
[2025-05-18T12:50:29.615+0000] {processor.py:161} INFO - Started process (PID=284) to work on /home/airflow/.local/lib/python3.9/site-packages/airflow/example_dags/example_display_name.py
[2025-05-18T12:50:29.617+0000] {processor.py:830} INFO - Processing file /home/airflow/.local/lib/python3.9/site-packages/airflow/example_dags/example_display_name.py for tasks to queue
[2025-05-18T12:50:29.619+0000] {logging_mixin.py:188} INFO - [2025-05-18T12:50:29.619+0000] {dagbag.py:545} INFO - Filling up the DagBag from /home/airflow/.local/lib/python3.9/site-packages/airflow/example_dags/example_display_name.py
[2025-05-18T12:50:29.627+0000] {processor.py:840} INFO - DAG(s) 'example_display_name' retrieved from /home/airflow/.local/lib/python3.9/site-packages/airflow/example_dags/example_display_name.py
[2025-05-18T12:50:29.655+0000] {logging_mixin.py:188} INFO - [2025-05-18T12:50:29.655+0000] {dag.py:3096} INFO - Sync 1 DAGs
[2025-05-18T12:50:29.674+0000] {logging_mixin.py:188} INFO - [2025-05-18T12:50:29.673+0000] {dag.py:3954} INFO - Setting next_dagrun for example_display_name to None, run_after=None
[2025-05-18T12:50:29.706+0000] {processor.py:183} INFO - Processing /home/airflow/.local/lib/python3.9/site-packages/airflow/example_dags/example_display_name.py took 0.099 seconds
[2025-05-18T12:50:59.868+0000] {processor.py:161} INFO - Started process (PID=349) to work on /home/airflow/.local/lib/python3.9/site-packages/airflow/example_dags/example_display_name.py
[2025-05-18T12:50:59.869+0000] {processor.py:830} INFO - Processing file /home/airflow/.local/lib/python3.9/site-packages/airflow/example_dags/example_display_name.py for tasks to queue
[2025-05-18T12:50:59.872+0000] {logging_mixin.py:188} INFO - [2025-05-18T12:50:59.871+0000] {dagbag.py:545} INFO - Filling up the DagBag from /home/airflow/.local/lib/python3.9/site-packages/airflow/example_dags/example_display_name.py
[2025-05-18T12:50:59.885+0000] {processor.py:840} INFO - DAG(s) 'example_display_name' retrieved from /home/airflow/.local/lib/python3.9/site-packages/airflow/example_dags/example_display_name.py
[2025-05-18T12:50:59.930+0000] {logging_mixin.py:188} INFO - [2025-05-18T12:50:59.929+0000] {dag.py:3096} INFO - Sync 1 DAGs
[2025-05-18T12:50:59.964+0000] {logging_mixin.py:188} INFO - [2025-05-18T12:50:59.952+0000] {dag.py:3954} INFO - Setting next_dagrun for example_display_name to None, run_after=None
[2025-05-18T12:50:59.996+0000] {processor.py:183} INFO - Processing /home/airflow/.local/lib/python3.9/site-packages/airflow/example_dags/example_display_name.py took 0.138 seconds
[2025-05-18T12:51:30.158+0000] {processor.py:161} INFO - Started process (PID=415) to work on /home/airflow/.local/lib/python3.9/site-packages/airflow/example_dags/example_display_name.py
[2025-05-18T12:51:30.160+0000] {processor.py:830} INFO - Processing file /home/airflow/.local/lib/python3.9/site-packages/airflow/example_dags/example_display_name.py for tasks to queue
[2025-05-18T12:51:30.162+0000] {logging_mixin.py:188} INFO - [2025-05-18T12:51:30.162+0000] {dagbag.py:545} INFO - Filling up the DagBag from /home/airflow/.local/lib/python3.9/site-packages/airflow/example_dags/example_display_name.py
[2025-05-18T12:51:30.171+0000] {processor.py:840} INFO - DAG(s) 'example_display_name' retrieved from /home/airflow/.local/lib/python3.9/site-packages/airflow/example_dags/example_display_name.py
[2025-05-18T12:51:30.207+0000] {logging_mixin.py:188} INFO - [2025-05-18T12:51:30.207+0000] {dag.py:3096} INFO - Sync 1 DAGs
[2025-05-18T12:51:30.226+0000] {logging_mixin.py:188} INFO - [2025-05-18T12:51:30.226+0000] {dag.py:3954} INFO - Setting next_dagrun for example_display_name to None, run_after=None
[2025-05-18T12:51:30.256+0000] {processor.py:183} INFO - Processing /home/airflow/.local/lib/python3.9/site-packages/airflow/example_dags/example_display_name.py took 0.107 seconds
[2025-05-18T12:52:00.355+0000] {processor.py:161} INFO - Started process (PID=481) to work on /home/airflow/.local/lib/python3.9/site-packages/airflow/example_dags/example_display_name.py
[2025-05-18T12:52:00.365+0000] {processor.py:830} INFO - Processing file /home/airflow/.local/lib/python3.9/site-packages/airflow/example_dags/example_display_name.py for tasks to queue
[2025-05-18T12:52:00.368+0000] {logging_mixin.py:188} INFO - [2025-05-18T12:52:00.367+0000] {dagbag.py:545} INFO - Filling up the DagBag from /home/airflow/.local/lib/python3.9/site-packages/airflow/example_dags/example_display_name.py
[2025-05-18T12:52:00.387+0000] {processor.py:840} INFO - DAG(s) 'example_display_name' retrieved from /home/airflow/.local/lib/python3.9/site-packages/airflow/example_dags/example_display_name.py
[2025-05-18T12:52:00.449+0000] {logging_mixin.py:188} INFO - [2025-05-18T12:52:00.448+0000] {dag.py:3096} INFO - Sync 1 DAGs
[2025-05-18T12:52:00.472+0000] {logging_mixin.py:188} INFO - [2025-05-18T12:52:00.471+0000] {dag.py:3954} INFO - Setting next_dagrun for example_display_name to None, run_after=None
[2025-05-18T12:52:00.510+0000] {processor.py:183} INFO - Processing /home/airflow/.local/lib/python3.9/site-packages/airflow/example_dags/example_display_name.py took 0.166 seconds
[2025-05-18T12:52:30.580+0000] {processor.py:161} INFO - Started process (PID=554) to work on /home/airflow/.local/lib/python3.9/site-packages/airflow/example_dags/example_display_name.py
[2025-05-18T12:52:30.581+0000] {processor.py:830} INFO - Processing file /home/airflow/.local/lib/python3.9/site-packages/airflow/example_dags/example_display_name.py for tasks to queue
[2025-05-18T12:52:30.584+0000] {logging_mixin.py:188} INFO - [2025-05-18T12:52:30.584+0000] {dagbag.py:545} INFO - Filling up the DagBag from /home/airflow/.local/lib/python3.9/site-packages/airflow/example_dags/example_display_name.py
[2025-05-18T12:52:30.593+0000] {processor.py:840} INFO - DAG(s) 'example_display_name' retrieved from /home/airflow/.local/lib/python3.9/site-packages/airflow/example_dags/example_display_name.py
[2025-05-18T12:52:30.631+0000] {logging_mixin.py:188} INFO - [2025-05-18T12:52:30.631+0000] {dag.py:3096} INFO - Sync 1 DAGs
[2025-05-18T12:52:30.664+0000] {logging_mixin.py:188} INFO - [2025-05-18T12:52:30.656+0000] {dag.py:3954} INFO - Setting next_dagrun for example_display_name to None, run_after=None
[2025-05-18T12:52:30.726+0000] {processor.py:183} INFO - Processing /home/airflow/.local/lib/python3.9/site-packages/airflow/example_dags/example_display_name.py took 0.156 seconds
[2025-05-18T12:53:01.200+0000] {processor.py:161} INFO - Started process (PID=620) to work on /home/airflow/.local/lib/python3.9/site-packages/airflow/example_dags/example_display_name.py
[2025-05-18T12:53:01.205+0000] {processor.py:830} INFO - Processing file /home/airflow/.local/lib/python3.9/site-packages/airflow/example_dags/example_display_name.py for tasks to queue
[2025-05-18T12:53:01.207+0000] {logging_mixin.py:188} INFO - [2025-05-18T12:53:01.207+0000] {dagbag.py:545} INFO - Filling up the DagBag from /home/airflow/.local/lib/python3.9/site-packages/airflow/example_dags/example_display_name.py
[2025-05-18T12:53:01.224+0000] {processor.py:840} INFO - DAG(s) 'example_display_name' retrieved from /home/airflow/.local/lib/python3.9/site-packages/airflow/example_dags/example_display_name.py
[2025-05-18T12:53:01.269+0000] {logging_mixin.py:188} INFO - [2025-05-18T12:53:01.269+0000] {dag.py:3096} INFO - Sync 1 DAGs
[2025-05-18T12:53:01.298+0000] {logging_mixin.py:188} INFO - [2025-05-18T12:53:01.297+0000] {dag.py:3954} INFO - Setting next_dagrun for example_display_name to None, run_after=None
[2025-05-18T12:53:01.346+0000] {processor.py:183} INFO - Processing /home/airflow/.local/lib/python3.9/site-packages/airflow/example_dags/example_display_name.py took 0.155 seconds
[2025-05-18T12:53:31.699+0000] {processor.py:161} INFO - Started process (PID=685) to work on /home/airflow/.local/lib/python3.9/site-packages/airflow/example_dags/example_display_name.py
[2025-05-18T12:53:31.700+0000] {processor.py:830} INFO - Processing file /home/airflow/.local/lib/python3.9/site-packages/airflow/example_dags/example_display_name.py for tasks to queue
[2025-05-18T12:53:31.703+0000] {logging_mixin.py:188} INFO - [2025-05-18T12:53:31.703+0000] {dagbag.py:545} INFO - Filling up the DagBag from /home/airflow/.local/lib/python3.9/site-packages/airflow/example_dags/example_display_name.py
[2025-05-18T12:53:31.718+0000] {processor.py:840} INFO - DAG(s) 'example_display_name' retrieved from /home/airflow/.local/lib/python3.9/site-packages/airflow/example_dags/example_display_name.py
[2025-05-18T12:53:31.751+0000] {logging_mixin.py:188} INFO - [2025-05-18T12:53:31.751+0000] {dag.py:3096} INFO - Sync 1 DAGs
[2025-05-18T12:53:31.776+0000] {logging_mixin.py:188} INFO - [2025-05-18T12:53:31.775+0000] {dag.py:3954} INFO - Setting next_dagrun for example_display_name to None, run_after=None
[2025-05-18T12:53:31.806+0000] {processor.py:183} INFO - Processing /home/airflow/.local/lib/python3.9/site-packages/airflow/example_dags/example_display_name.py took 0.118 seconds
[2025-05-18T12:54:02.031+0000] {processor.py:161} INFO - Started process (PID=752) to work on /home/airflow/.local/lib/python3.9/site-packages/airflow/example_dags/example_display_name.py
[2025-05-18T12:54:02.038+0000] {processor.py:830} INFO - Processing file /home/airflow/.local/lib/python3.9/site-packages/airflow/example_dags/example_display_name.py for tasks to queue
[2025-05-18T12:54:02.041+0000] {logging_mixin.py:188} INFO - [2025-05-18T12:54:02.040+0000] {dagbag.py:545} INFO - Filling up the DagBag from /home/airflow/.local/lib/python3.9/site-packages/airflow/example_dags/example_display_name.py
[2025-05-18T12:54:02.050+0000] {processor.py:840} INFO - DAG(s) 'example_display_name' retrieved from /home/airflow/.local/lib/python3.9/site-packages/airflow/example_dags/example_display_name.py
[2025-05-18T12:54:02.086+0000] {logging_mixin.py:188} INFO - [2025-05-18T12:54:02.086+0000] {dag.py:3096} INFO - Sync 1 DAGs
[2025-05-18T12:54:02.110+0000] {logging_mixin.py:188} INFO - [2025-05-18T12:54:02.109+0000] {dag.py:3954} INFO - Setting next_dagrun for example_display_name to None, run_after=None
[2025-05-18T12:54:02.136+0000] {processor.py:183} INFO - Processing /home/airflow/.local/lib/python3.9/site-packages/airflow/example_dags/example_display_name.py took 0.116 seconds
[2025-05-18T12:54:32.286+0000] {processor.py:161} INFO - Started process (PID=819) to work on /home/airflow/.local/lib/python3.9/site-packages/airflow/example_dags/example_display_name.py
[2025-05-18T12:54:32.287+0000] {processor.py:830} INFO - Processing file /home/airflow/.local/lib/python3.9/site-packages/airflow/example_dags/example_display_name.py for tasks to queue
[2025-05-18T12:54:32.290+0000] {logging_mixin.py:188} INFO - [2025-05-18T12:54:32.289+0000] {dagbag.py:545} INFO - Filling up the DagBag from /home/airflow/.local/lib/python3.9/site-packages/airflow/example_dags/example_display_name.py
[2025-05-18T12:54:32.299+0000] {processor.py:840} INFO - DAG(s) 'example_display_name' retrieved from /home/airflow/.local/lib/python3.9/site-packages/airflow/example_dags/example_display_name.py
[2025-05-18T12:54:32.332+0000] {logging_mixin.py:188} INFO - [2025-05-18T12:54:32.332+0000] {dag.py:3096} INFO - Sync 1 DAGs
[2025-05-18T12:54:32.366+0000] {logging_mixin.py:188} INFO - [2025-05-18T12:54:32.366+0000] {dag.py:3954} INFO - Setting next_dagrun for example_display_name to None, run_after=None
[2025-05-18T12:54:32.405+0000] {processor.py:183} INFO - Processing /home/airflow/.local/lib/python3.9/site-packages/airflow/example_dags/example_display_name.py took 0.129 seconds
[2025-05-18T12:55:02.752+0000] {processor.py:161} INFO - Started process (PID=893) to work on /home/airflow/.local/lib/python3.9/site-packages/airflow/example_dags/example_display_name.py
[2025-05-18T12:55:02.753+0000] {processor.py:830} INFO - Processing file /home/airflow/.local/lib/python3.9/site-packages/airflow/example_dags/example_display_name.py for tasks to queue
[2025-05-18T12:55:02.756+0000] {logging_mixin.py:188} INFO - [2025-05-18T12:55:02.756+0000] {dagbag.py:545} INFO - Filling up the DagBag from /home/airflow/.local/lib/python3.9/site-packages/airflow/example_dags/example_display_name.py
[2025-05-18T12:55:02.769+0000] {processor.py:840} INFO - DAG(s) 'example_display_name' retrieved from /home/airflow/.local/lib/python3.9/site-packages/airflow/example_dags/example_display_name.py
[2025-05-18T12:55:02.833+0000] {logging_mixin.py:188} INFO - [2025-05-18T12:55:02.833+0000] {dag.py:3096} INFO - Sync 1 DAGs
[2025-05-18T12:55:02.873+0000] {logging_mixin.py:188} INFO - [2025-05-18T12:55:02.872+0000] {dag.py:3954} INFO - Setting next_dagrun for example_display_name to None, run_after=None
[2025-05-18T12:55:02.933+0000] {processor.py:183} INFO - Processing /home/airflow/.local/lib/python3.9/site-packages/airflow/example_dags/example_display_name.py took 0.199 seconds
[2025-05-18T12:55:33.449+0000] {processor.py:161} INFO - Started process (PID=960) to work on /home/airflow/.local/lib/python3.9/site-packages/airflow/example_dags/example_display_name.py
[2025-05-18T12:55:33.451+0000] {processor.py:830} INFO - Processing file /home/airflow/.local/lib/python3.9/site-packages/airflow/example_dags/example_display_name.py for tasks to queue
[2025-05-18T12:55:33.453+0000] {logging_mixin.py:188} INFO - [2025-05-18T12:55:33.453+0000] {dagbag.py:545} INFO - Filling up the DagBag from /home/airflow/.local/lib/python3.9/site-packages/airflow/example_dags/example_display_name.py
[2025-05-18T12:55:33.470+0000] {processor.py:840} INFO - DAG(s) 'example_display_name' retrieved from /home/airflow/.local/lib/python3.9/site-packages/airflow/example_dags/example_display_name.py
[2025-05-18T12:55:33.525+0000] {logging_mixin.py:188} INFO - [2025-05-18T12:55:33.525+0000] {dag.py:3096} INFO - Sync 1 DAGs
[2025-05-18T12:55:33.569+0000] {logging_mixin.py:188} INFO - [2025-05-18T12:55:33.556+0000] {dag.py:3954} INFO - Setting next_dagrun for example_display_name to None, run_after=None
[2025-05-18T12:55:33.650+0000] {processor.py:183} INFO - Processing /home/airflow/.local/lib/python3.9/site-packages/airflow/example_dags/example_display_name.py took 0.218 seconds
[2025-05-18T12:56:03.778+0000] {processor.py:161} INFO - Started process (PID=1027) to work on /home/airflow/.local/lib/python3.9/site-packages/airflow/example_dags/example_display_name.py
[2025-05-18T12:56:03.785+0000] {processor.py:830} INFO - Processing file /home/airflow/.local/lib/python3.9/site-packages/airflow/example_dags/example_display_name.py for tasks to queue
[2025-05-18T12:56:03.787+0000] {logging_mixin.py:188} INFO - [2025-05-18T12:56:03.787+0000] {dagbag.py:545} INFO - Filling up the DagBag from /home/airflow/.local/lib/python3.9/site-packages/airflow/example_dags/example_display_name.py
[2025-05-18T12:56:03.796+0000] {processor.py:840} INFO - DAG(s) 'example_display_name' retrieved from /home/airflow/.local/lib/python3.9/site-packages/airflow/example_dags/example_display_name.py
[2025-05-18T12:56:03.845+0000] {logging_mixin.py:188} INFO - [2025-05-18T12:56:03.845+0000] {dag.py:3096} INFO - Sync 1 DAGs
[2025-05-18T12:56:03.866+0000] {logging_mixin.py:188} INFO - [2025-05-18T12:56:03.866+0000] {dag.py:3954} INFO - Setting next_dagrun for example_display_name to None, run_after=None
[2025-05-18T12:56:03.892+0000] {processor.py:183} INFO - Processing /home/airflow/.local/lib/python3.9/site-packages/airflow/example_dags/example_display_name.py took 0.124 seconds
[2025-05-18T12:56:33.967+0000] {processor.py:161} INFO - Started process (PID=1092) to work on /home/airflow/.local/lib/python3.9/site-packages/airflow/example_dags/example_display_name.py
[2025-05-18T12:56:33.969+0000] {processor.py:830} INFO - Processing file /home/airflow/.local/lib/python3.9/site-packages/airflow/example_dags/example_display_name.py for tasks to queue
[2025-05-18T12:56:33.971+0000] {logging_mixin.py:188} INFO - [2025-05-18T12:56:33.971+0000] {dagbag.py:545} INFO - Filling up the DagBag from /home/airflow/.local/lib/python3.9/site-packages/airflow/example_dags/example_display_name.py
[2025-05-18T12:56:33.981+0000] {processor.py:840} INFO - DAG(s) 'example_display_name' retrieved from /home/airflow/.local/lib/python3.9/site-packages/airflow/example_dags/example_display_name.py
[2025-05-18T12:56:34.021+0000] {logging_mixin.py:188} INFO - [2025-05-18T12:56:34.021+0000] {dag.py:3096} INFO - Sync 1 DAGs
[2025-05-18T12:56:34.050+0000] {logging_mixin.py:188} INFO - [2025-05-18T12:56:34.049+0000] {dag.py:3954} INFO - Setting next_dagrun for example_display_name to None, run_after=None
[2025-05-18T12:56:34.084+0000] {processor.py:183} INFO - Processing /home/airflow/.local/lib/python3.9/site-packages/airflow/example_dags/example_display_name.py took 0.128 seconds
