[2025-05-18T12:49:01.210+0000] {processor.py:161} INFO - Started process (PID=104) to work on /home/airflow/.local/lib/python3.9/site-packages/airflow/example_dags/example_branch_python_dop_operator_3.py
[2025-05-18T12:49:01.211+0000] {processor.py:830} INFO - Processing file /home/airflow/.local/lib/python3.9/site-packages/airflow/example_dags/example_branch_python_dop_operator_3.py for tasks to queue
[2025-05-18T12:49:01.213+0000] {logging_mixin.py:188} INFO - [2025-05-18T12:49:01.213+0000] {dagbag.py:545} INFO - Filling up the DagBag from /home/airflow/.local/lib/python3.9/site-packages/airflow/example_dags/example_branch_python_dop_operator_3.py
[2025-05-18T12:49:01.287+0000] {processor.py:840} INFO - DAG(s) 'example_branch_dop_operator_v3' retrieved from /home/airflow/.local/lib/python3.9/site-packages/airflow/example_dags/example_branch_python_dop_operator_3.py
[2025-05-18T12:49:01.410+0000] {logging_mixin.py:188} INFO - [2025-05-18T12:49:01.409+0000] {dag.py:3096} INFO - Sync 1 DAGs
[2025-05-18T12:49:01.505+0000] {logging_mixin.py:188} INFO - [2025-05-18T12:49:01.504+0000] {dag.py:3118} INFO - Creating ORM DAG for example_branch_dop_operator_v3
[2025-05-18T12:49:01.671+0000] {logging_mixin.py:188} INFO - [2025-05-18T12:49:01.671+0000] {dag.py:3954} INFO - Setting next_dagrun for example_branch_dop_operator_v3 to 2025-05-18 12:48:00+00:00, run_after=2025-05-18 12:49:00+00:00
[2025-05-18T12:49:01.966+0000] {processor.py:183} INFO - Processing /home/airflow/.local/lib/python3.9/site-packages/airflow/example_dags/example_branch_python_dop_operator_3.py took 0.815 seconds
[2025-05-18T12:49:33.153+0000] {processor.py:161} INFO - Started process (PID=170) to work on /home/airflow/.local/lib/python3.9/site-packages/airflow/example_dags/example_branch_python_dop_operator_3.py
[2025-05-18T12:49:33.165+0000] {processor.py:830} INFO - Processing file /home/airflow/.local/lib/python3.9/site-packages/airflow/example_dags/example_branch_python_dop_operator_3.py for tasks to queue
[2025-05-18T12:49:33.169+0000] {logging_mixin.py:188} INFO - [2025-05-18T12:49:33.168+0000] {dagbag.py:545} INFO - Filling up the DagBag from /home/airflow/.local/lib/python3.9/site-packages/airflow/example_dags/example_branch_python_dop_operator_3.py
[2025-05-18T12:49:33.207+0000] {processor.py:840} INFO - DAG(s) 'example_branch_dop_operator_v3' retrieved from /home/airflow/.local/lib/python3.9/site-packages/airflow/example_dags/example_branch_python_dop_operator_3.py
[2025-05-18T12:49:33.649+0000] {logging_mixin.py:188} INFO - [2025-05-18T12:49:33.648+0000] {dag.py:3096} INFO - Sync 1 DAGs
[2025-05-18T12:49:33.824+0000] {logging_mixin.py:188} INFO - [2025-05-18T12:49:33.808+0000] {dag.py:3954} INFO - Setting next_dagrun for example_branch_dop_operator_v3 to 2025-05-18 12:48:00+00:00, run_after=2025-05-18 12:49:00+00:00
[2025-05-18T12:49:33.908+0000] {processor.py:183} INFO - Processing /home/airflow/.local/lib/python3.9/site-packages/airflow/example_dags/example_branch_python_dop_operator_3.py took 0.777 seconds
[2025-05-18T12:50:04.328+0000] {processor.py:161} INFO - Started process (PID=229) to work on /home/airflow/.local/lib/python3.9/site-packages/airflow/example_dags/example_branch_python_dop_operator_3.py
[2025-05-18T12:50:04.329+0000] {processor.py:830} INFO - Processing file /home/airflow/.local/lib/python3.9/site-packages/airflow/example_dags/example_branch_python_dop_operator_3.py for tasks to queue
[2025-05-18T12:50:04.332+0000] {logging_mixin.py:188} INFO - [2025-05-18T12:50:04.331+0000] {dagbag.py:545} INFO - Filling up the DagBag from /home/airflow/.local/lib/python3.9/site-packages/airflow/example_dags/example_branch_python_dop_operator_3.py
[2025-05-18T12:50:04.343+0000] {processor.py:840} INFO - DAG(s) 'example_branch_dop_operator_v3' retrieved from /home/airflow/.local/lib/python3.9/site-packages/airflow/example_dags/example_branch_python_dop_operator_3.py
[2025-05-18T12:50:04.372+0000] {logging_mixin.py:188} INFO - [2025-05-18T12:50:04.372+0000] {dag.py:3096} INFO - Sync 1 DAGs
[2025-05-18T12:50:04.420+0000] {logging_mixin.py:188} INFO - [2025-05-18T12:50:04.420+0000] {dag.py:3954} INFO - Setting next_dagrun for example_branch_dop_operator_v3 to 2025-05-18 12:49:00+00:00, run_after=2025-05-18 12:50:00+00:00
[2025-05-18T12:50:04.442+0000] {processor.py:183} INFO - Processing /home/airflow/.local/lib/python3.9/site-packages/airflow/example_dags/example_branch_python_dop_operator_3.py took 0.129 seconds
[2025-05-18T12:50:34.709+0000] {processor.py:161} INFO - Started process (PID=302) to work on /home/airflow/.local/lib/python3.9/site-packages/airflow/example_dags/example_branch_python_dop_operator_3.py
[2025-05-18T12:50:34.710+0000] {processor.py:830} INFO - Processing file /home/airflow/.local/lib/python3.9/site-packages/airflow/example_dags/example_branch_python_dop_operator_3.py for tasks to queue
[2025-05-18T12:50:34.714+0000] {logging_mixin.py:188} INFO - [2025-05-18T12:50:34.713+0000] {dagbag.py:545} INFO - Filling up the DagBag from /home/airflow/.local/lib/python3.9/site-packages/airflow/example_dags/example_branch_python_dop_operator_3.py
[2025-05-18T12:50:34.745+0000] {processor.py:840} INFO - DAG(s) 'example_branch_dop_operator_v3' retrieved from /home/airflow/.local/lib/python3.9/site-packages/airflow/example_dags/example_branch_python_dop_operator_3.py
[2025-05-18T12:50:34.891+0000] {logging_mixin.py:188} INFO - [2025-05-18T12:50:34.891+0000] {dag.py:3096} INFO - Sync 1 DAGs
[2025-05-18T12:50:35.072+0000] {logging_mixin.py:188} INFO - [2025-05-18T12:50:35.071+0000] {dag.py:3954} INFO - Setting next_dagrun for example_branch_dop_operator_v3 to 2025-05-18 12:49:00+00:00, run_after=2025-05-18 12:50:00+00:00
[2025-05-18T12:50:35.188+0000] {processor.py:183} INFO - Processing /home/airflow/.local/lib/python3.9/site-packages/airflow/example_dags/example_branch_python_dop_operator_3.py took 0.496 seconds
[2025-05-18T12:51:05.459+0000] {processor.py:161} INFO - Started process (PID=368) to work on /home/airflow/.local/lib/python3.9/site-packages/airflow/example_dags/example_branch_python_dop_operator_3.py
[2025-05-18T12:51:05.461+0000] {processor.py:830} INFO - Processing file /home/airflow/.local/lib/python3.9/site-packages/airflow/example_dags/example_branch_python_dop_operator_3.py for tasks to queue
[2025-05-18T12:51:05.464+0000] {logging_mixin.py:188} INFO - [2025-05-18T12:51:05.463+0000] {dagbag.py:545} INFO - Filling up the DagBag from /home/airflow/.local/lib/python3.9/site-packages/airflow/example_dags/example_branch_python_dop_operator_3.py
[2025-05-18T12:51:05.476+0000] {processor.py:840} INFO - DAG(s) 'example_branch_dop_operator_v3' retrieved from /home/airflow/.local/lib/python3.9/site-packages/airflow/example_dags/example_branch_python_dop_operator_3.py
[2025-05-18T12:51:05.566+0000] {logging_mixin.py:188} INFO - [2025-05-18T12:51:05.566+0000] {dag.py:3096} INFO - Sync 1 DAGs
[2025-05-18T12:51:05.650+0000] {logging_mixin.py:188} INFO - [2025-05-18T12:51:05.650+0000] {dag.py:3954} INFO - Setting next_dagrun for example_branch_dop_operator_v3 to 2025-05-18 12:50:00+00:00, run_after=2025-05-18 12:51:00+00:00
[2025-05-18T12:51:05.727+0000] {processor.py:183} INFO - Processing /home/airflow/.local/lib/python3.9/site-packages/airflow/example_dags/example_branch_python_dop_operator_3.py took 0.277 seconds
[2025-05-18T12:51:35.813+0000] {processor.py:161} INFO - Started process (PID=434) to work on /home/airflow/.local/lib/python3.9/site-packages/airflow/example_dags/example_branch_python_dop_operator_3.py
[2025-05-18T12:51:35.814+0000] {processor.py:830} INFO - Processing file /home/airflow/.local/lib/python3.9/site-packages/airflow/example_dags/example_branch_python_dop_operator_3.py for tasks to queue
[2025-05-18T12:51:35.817+0000] {logging_mixin.py:188} INFO - [2025-05-18T12:51:35.817+0000] {dagbag.py:545} INFO - Filling up the DagBag from /home/airflow/.local/lib/python3.9/site-packages/airflow/example_dags/example_branch_python_dop_operator_3.py
[2025-05-18T12:51:35.832+0000] {processor.py:840} INFO - DAG(s) 'example_branch_dop_operator_v3' retrieved from /home/airflow/.local/lib/python3.9/site-packages/airflow/example_dags/example_branch_python_dop_operator_3.py
[2025-05-18T12:51:35.875+0000] {logging_mixin.py:188} INFO - [2025-05-18T12:51:35.874+0000] {dag.py:3096} INFO - Sync 1 DAGs
[2025-05-18T12:51:35.927+0000] {logging_mixin.py:188} INFO - [2025-05-18T12:51:35.927+0000] {dag.py:3954} INFO - Setting next_dagrun for example_branch_dop_operator_v3 to 2025-05-18 12:50:00+00:00, run_after=2025-05-18 12:51:00+00:00
[2025-05-18T12:51:35.971+0000] {processor.py:183} INFO - Processing /home/airflow/.local/lib/python3.9/site-packages/airflow/example_dags/example_branch_python_dop_operator_3.py took 0.166 seconds
[2025-05-18T12:52:06.936+0000] {processor.py:161} INFO - Started process (PID=500) to work on /home/airflow/.local/lib/python3.9/site-packages/airflow/example_dags/example_branch_python_dop_operator_3.py
[2025-05-18T12:52:06.945+0000] {processor.py:830} INFO - Processing file /home/airflow/.local/lib/python3.9/site-packages/airflow/example_dags/example_branch_python_dop_operator_3.py for tasks to queue
[2025-05-18T12:52:06.949+0000] {logging_mixin.py:188} INFO - [2025-05-18T12:52:06.948+0000] {dagbag.py:545} INFO - Filling up the DagBag from /home/airflow/.local/lib/python3.9/site-packages/airflow/example_dags/example_branch_python_dop_operator_3.py
[2025-05-18T12:52:06.971+0000] {processor.py:840} INFO - DAG(s) 'example_branch_dop_operator_v3' retrieved from /home/airflow/.local/lib/python3.9/site-packages/airflow/example_dags/example_branch_python_dop_operator_3.py
[2025-05-18T12:52:07.026+0000] {logging_mixin.py:188} INFO - [2025-05-18T12:52:07.026+0000] {dag.py:3096} INFO - Sync 1 DAGs
[2025-05-18T12:52:07.106+0000] {logging_mixin.py:188} INFO - [2025-05-18T12:52:07.106+0000] {dag.py:3954} INFO - Setting next_dagrun for example_branch_dop_operator_v3 to 2025-05-18 12:51:00+00:00, run_after=2025-05-18 12:52:00+00:00
[2025-05-18T12:52:07.190+0000] {processor.py:183} INFO - Processing /home/airflow/.local/lib/python3.9/site-packages/airflow/example_dags/example_branch_python_dop_operator_3.py took 0.264 seconds
[2025-05-18T12:52:37.758+0000] {processor.py:161} INFO - Started process (PID=566) to work on /home/airflow/.local/lib/python3.9/site-packages/airflow/example_dags/example_branch_python_dop_operator_3.py
[2025-05-18T12:52:37.759+0000] {processor.py:830} INFO - Processing file /home/airflow/.local/lib/python3.9/site-packages/airflow/example_dags/example_branch_python_dop_operator_3.py for tasks to queue
[2025-05-18T12:52:37.762+0000] {logging_mixin.py:188} INFO - [2025-05-18T12:52:37.762+0000] {dagbag.py:545} INFO - Filling up the DagBag from /home/airflow/.local/lib/python3.9/site-packages/airflow/example_dags/example_branch_python_dop_operator_3.py
[2025-05-18T12:52:37.773+0000] {processor.py:840} INFO - DAG(s) 'example_branch_dop_operator_v3' retrieved from /home/airflow/.local/lib/python3.9/site-packages/airflow/example_dags/example_branch_python_dop_operator_3.py
[2025-05-18T12:52:37.805+0000] {logging_mixin.py:188} INFO - [2025-05-18T12:52:37.805+0000] {dag.py:3096} INFO - Sync 1 DAGs
[2025-05-18T12:52:37.840+0000] {logging_mixin.py:188} INFO - [2025-05-18T12:52:37.839+0000] {dag.py:3954} INFO - Setting next_dagrun for example_branch_dop_operator_v3 to 2025-05-18 12:51:00+00:00, run_after=2025-05-18 12:52:00+00:00
[2025-05-18T12:52:37.874+0000] {processor.py:183} INFO - Processing /home/airflow/.local/lib/python3.9/site-packages/airflow/example_dags/example_branch_python_dop_operator_3.py took 0.125 seconds
[2025-05-18T12:53:08.548+0000] {processor.py:161} INFO - Started process (PID=632) to work on /home/airflow/.local/lib/python3.9/site-packages/airflow/example_dags/example_branch_python_dop_operator_3.py
[2025-05-18T12:53:08.550+0000] {processor.py:830} INFO - Processing file /home/airflow/.local/lib/python3.9/site-packages/airflow/example_dags/example_branch_python_dop_operator_3.py for tasks to queue
[2025-05-18T12:53:08.554+0000] {logging_mixin.py:188} INFO - [2025-05-18T12:53:08.553+0000] {dagbag.py:545} INFO - Filling up the DagBag from /home/airflow/.local/lib/python3.9/site-packages/airflow/example_dags/example_branch_python_dop_operator_3.py
[2025-05-18T12:53:08.571+0000] {processor.py:840} INFO - DAG(s) 'example_branch_dop_operator_v3' retrieved from /home/airflow/.local/lib/python3.9/site-packages/airflow/example_dags/example_branch_python_dop_operator_3.py
[2025-05-18T12:53:08.605+0000] {logging_mixin.py:188} INFO - [2025-05-18T12:53:08.605+0000] {dag.py:3096} INFO - Sync 1 DAGs
[2025-05-18T12:53:08.641+0000] {logging_mixin.py:188} INFO - [2025-05-18T12:53:08.641+0000] {dag.py:3954} INFO - Setting next_dagrun for example_branch_dop_operator_v3 to 2025-05-18 12:52:00+00:00, run_after=2025-05-18 12:53:00+00:00
[2025-05-18T12:53:08.691+0000] {processor.py:183} INFO - Processing /home/airflow/.local/lib/python3.9/site-packages/airflow/example_dags/example_branch_python_dop_operator_3.py took 0.153 seconds
[2025-05-18T12:53:39.010+0000] {processor.py:161} INFO - Started process (PID=704) to work on /home/airflow/.local/lib/python3.9/site-packages/airflow/example_dags/example_branch_python_dop_operator_3.py
[2025-05-18T12:53:39.012+0000] {processor.py:830} INFO - Processing file /home/airflow/.local/lib/python3.9/site-packages/airflow/example_dags/example_branch_python_dop_operator_3.py for tasks to queue
[2025-05-18T12:53:39.015+0000] {logging_mixin.py:188} INFO - [2025-05-18T12:53:39.014+0000] {dagbag.py:545} INFO - Filling up the DagBag from /home/airflow/.local/lib/python3.9/site-packages/airflow/example_dags/example_branch_python_dop_operator_3.py
[2025-05-18T12:53:39.032+0000] {processor.py:840} INFO - DAG(s) 'example_branch_dop_operator_v3' retrieved from /home/airflow/.local/lib/python3.9/site-packages/airflow/example_dags/example_branch_python_dop_operator_3.py
[2025-05-18T12:53:39.088+0000] {logging_mixin.py:188} INFO - [2025-05-18T12:53:39.087+0000] {dag.py:3096} INFO - Sync 1 DAGs
[2025-05-18T12:53:39.152+0000] {logging_mixin.py:188} INFO - [2025-05-18T12:53:39.152+0000] {dag.py:3954} INFO - Setting next_dagrun for example_branch_dop_operator_v3 to 2025-05-18 12:52:00+00:00, run_after=2025-05-18 12:53:00+00:00
[2025-05-18T12:53:39.206+0000] {processor.py:183} INFO - Processing /home/airflow/.local/lib/python3.9/site-packages/airflow/example_dags/example_branch_python_dop_operator_3.py took 0.214 seconds
[2025-05-18T12:54:09.316+0000] {processor.py:161} INFO - Started process (PID=771) to work on /home/airflow/.local/lib/python3.9/site-packages/airflow/example_dags/example_branch_python_dop_operator_3.py
[2025-05-18T12:54:09.318+0000] {processor.py:830} INFO - Processing file /home/airflow/.local/lib/python3.9/site-packages/airflow/example_dags/example_branch_python_dop_operator_3.py for tasks to queue
[2025-05-18T12:54:09.322+0000] {logging_mixin.py:188} INFO - [2025-05-18T12:54:09.322+0000] {dagbag.py:545} INFO - Filling up the DagBag from /home/airflow/.local/lib/python3.9/site-packages/airflow/example_dags/example_branch_python_dop_operator_3.py
[2025-05-18T12:54:09.335+0000] {processor.py:840} INFO - DAG(s) 'example_branch_dop_operator_v3' retrieved from /home/airflow/.local/lib/python3.9/site-packages/airflow/example_dags/example_branch_python_dop_operator_3.py
[2025-05-18T12:54:09.369+0000] {logging_mixin.py:188} INFO - [2025-05-18T12:54:09.369+0000] {dag.py:3096} INFO - Sync 1 DAGs
[2025-05-18T12:54:09.403+0000] {logging_mixin.py:188} INFO - [2025-05-18T12:54:09.402+0000] {dag.py:3954} INFO - Setting next_dagrun for example_branch_dop_operator_v3 to 2025-05-18 12:53:00+00:00, run_after=2025-05-18 12:54:00+00:00
[2025-05-18T12:54:09.427+0000] {processor.py:183} INFO - Processing /home/airflow/.local/lib/python3.9/site-packages/airflow/example_dags/example_branch_python_dop_operator_3.py took 0.122 seconds
[2025-05-18T12:54:39.671+0000] {processor.py:161} INFO - Started process (PID=838) to work on /home/airflow/.local/lib/python3.9/site-packages/airflow/example_dags/example_branch_python_dop_operator_3.py
[2025-05-18T12:54:39.672+0000] {processor.py:830} INFO - Processing file /home/airflow/.local/lib/python3.9/site-packages/airflow/example_dags/example_branch_python_dop_operator_3.py for tasks to queue
[2025-05-18T12:54:39.675+0000] {logging_mixin.py:188} INFO - [2025-05-18T12:54:39.674+0000] {dagbag.py:545} INFO - Filling up the DagBag from /home/airflow/.local/lib/python3.9/site-packages/airflow/example_dags/example_branch_python_dop_operator_3.py
[2025-05-18T12:54:39.695+0000] {processor.py:840} INFO - DAG(s) 'example_branch_dop_operator_v3' retrieved from /home/airflow/.local/lib/python3.9/site-packages/airflow/example_dags/example_branch_python_dop_operator_3.py
[2025-05-18T12:54:39.765+0000] {logging_mixin.py:188} INFO - [2025-05-18T12:54:39.765+0000] {dag.py:3096} INFO - Sync 1 DAGs
[2025-05-18T12:54:39.827+0000] {logging_mixin.py:188} INFO - [2025-05-18T12:54:39.827+0000] {dag.py:3954} INFO - Setting next_dagrun for example_branch_dop_operator_v3 to 2025-05-18 12:53:00+00:00, run_after=2025-05-18 12:54:00+00:00
[2025-05-18T12:54:39.868+0000] {processor.py:183} INFO - Processing /home/airflow/.local/lib/python3.9/site-packages/airflow/example_dags/example_branch_python_dop_operator_3.py took 0.212 seconds
[2025-05-18T12:55:10.357+0000] {processor.py:161} INFO - Started process (PID=905) to work on /home/airflow/.local/lib/python3.9/site-packages/airflow/example_dags/example_branch_python_dop_operator_3.py
[2025-05-18T12:55:10.358+0000] {processor.py:830} INFO - Processing file /home/airflow/.local/lib/python3.9/site-packages/airflow/example_dags/example_branch_python_dop_operator_3.py for tasks to queue
[2025-05-18T12:55:10.361+0000] {logging_mixin.py:188} INFO - [2025-05-18T12:55:10.361+0000] {dagbag.py:545} INFO - Filling up the DagBag from /home/airflow/.local/lib/python3.9/site-packages/airflow/example_dags/example_branch_python_dop_operator_3.py
[2025-05-18T12:55:10.372+0000] {processor.py:840} INFO - DAG(s) 'example_branch_dop_operator_v3' retrieved from /home/airflow/.local/lib/python3.9/site-packages/airflow/example_dags/example_branch_python_dop_operator_3.py
[2025-05-18T12:55:10.414+0000] {logging_mixin.py:188} INFO - [2025-05-18T12:55:10.413+0000] {dag.py:3096} INFO - Sync 1 DAGs
[2025-05-18T12:55:10.463+0000] {logging_mixin.py:188} INFO - [2025-05-18T12:55:10.463+0000] {dag.py:3954} INFO - Setting next_dagrun for example_branch_dop_operator_v3 to 2025-05-18 12:54:00+00:00, run_after=2025-05-18 12:55:00+00:00
[2025-05-18T12:55:10.509+0000] {processor.py:183} INFO - Processing /home/airflow/.local/lib/python3.9/site-packages/airflow/example_dags/example_branch_python_dop_operator_3.py took 0.162 seconds
[2025-05-18T12:55:40.593+0000] {processor.py:161} INFO - Started process (PID=972) to work on /home/airflow/.local/lib/python3.9/site-packages/airflow/example_dags/example_branch_python_dop_operator_3.py
[2025-05-18T12:55:40.594+0000] {processor.py:830} INFO - Processing file /home/airflow/.local/lib/python3.9/site-packages/airflow/example_dags/example_branch_python_dop_operator_3.py for tasks to queue
[2025-05-18T12:55:40.597+0000] {logging_mixin.py:188} INFO - [2025-05-18T12:55:40.597+0000] {dagbag.py:545} INFO - Filling up the DagBag from /home/airflow/.local/lib/python3.9/site-packages/airflow/example_dags/example_branch_python_dop_operator_3.py
[2025-05-18T12:55:40.608+0000] {processor.py:840} INFO - DAG(s) 'example_branch_dop_operator_v3' retrieved from /home/airflow/.local/lib/python3.9/site-packages/airflow/example_dags/example_branch_python_dop_operator_3.py
[2025-05-18T12:55:40.642+0000] {logging_mixin.py:188} INFO - [2025-05-18T12:55:40.642+0000] {dag.py:3096} INFO - Sync 1 DAGs
[2025-05-18T12:55:40.692+0000] {logging_mixin.py:188} INFO - [2025-05-18T12:55:40.692+0000] {dag.py:3954} INFO - Setting next_dagrun for example_branch_dop_operator_v3 to 2025-05-18 12:54:00+00:00, run_after=2025-05-18 12:55:00+00:00
[2025-05-18T12:55:40.715+0000] {processor.py:183} INFO - Processing /home/airflow/.local/lib/python3.9/site-packages/airflow/example_dags/example_branch_python_dop_operator_3.py took 0.132 seconds
[2025-05-18T12:56:11.233+0000] {processor.py:161} INFO - Started process (PID=1046) to work on /home/airflow/.local/lib/python3.9/site-packages/airflow/example_dags/example_branch_python_dop_operator_3.py
[2025-05-18T12:56:11.234+0000] {processor.py:830} INFO - Processing file /home/airflow/.local/lib/python3.9/site-packages/airflow/example_dags/example_branch_python_dop_operator_3.py for tasks to queue
[2025-05-18T12:56:11.246+0000] {logging_mixin.py:188} INFO - [2025-05-18T12:56:11.246+0000] {dagbag.py:545} INFO - Filling up the DagBag from /home/airflow/.local/lib/python3.9/site-packages/airflow/example_dags/example_branch_python_dop_operator_3.py
[2025-05-18T12:56:11.267+0000] {processor.py:840} INFO - DAG(s) 'example_branch_dop_operator_v3' retrieved from /home/airflow/.local/lib/python3.9/site-packages/airflow/example_dags/example_branch_python_dop_operator_3.py
[2025-05-18T12:56:11.316+0000] {logging_mixin.py:188} INFO - [2025-05-18T12:56:11.316+0000] {dag.py:3096} INFO - Sync 1 DAGs
[2025-05-18T12:56:11.370+0000] {logging_mixin.py:188} INFO - [2025-05-18T12:56:11.370+0000] {dag.py:3954} INFO - Setting next_dagrun for example_branch_dop_operator_v3 to 2025-05-18 12:55:00+00:00, run_after=2025-05-18 12:56:00+00:00
[2025-05-18T12:56:11.412+0000] {processor.py:183} INFO - Processing /home/airflow/.local/lib/python3.9/site-packages/airflow/example_dags/example_branch_python_dop_operator_3.py took 0.192 seconds
