[2025-05-18T12:49:03.489+0000] {processor.py:161} INFO - Started process (PID=110) to work on /home/airflow/.local/lib/python3.9/site-packages/airflow/example_dags/tutorial_dag.py
[2025-05-18T12:49:03.491+0000] {processor.py:830} INFO - Processing file /home/airflow/.local/lib/python3.9/site-packages/airflow/example_dags/tutorial_dag.py for tasks to queue
[2025-05-18T12:49:03.506+0000] {logging_mixin.py:188} INFO - [2025-05-18T12:49:03.505+0000] {dagbag.py:545} INFO - Filling up the DagBag from /home/airflow/.local/lib/python3.9/site-packages/airflow/example_dags/tutorial_dag.py
[2025-05-18T12:49:03.566+0000] {processor.py:840} INFO - DAG(s) 'tutorial_dag' retrieved from /home/airflow/.local/lib/python3.9/site-packages/airflow/example_dags/tutorial_dag.py
[2025-05-18T12:49:03.685+0000] {logging_mixin.py:188} INFO - [2025-05-18T12:49:03.685+0000] {dag.py:3096} INFO - Sync 1 DAGs
[2025-05-18T12:49:03.829+0000] {logging_mixin.py:188} INFO - [2025-05-18T12:49:03.829+0000] {dag.py:3118} INFO - Creating ORM DAG for tutorial_dag
[2025-05-18T12:49:03.830+0000] {logging_mixin.py:188} INFO - [2025-05-18T12:49:03.830+0000] {dag.py:3954} INFO - Setting next_dagrun for tutorial_dag to None, run_after=None
[2025-05-18T12:49:03.968+0000] {processor.py:183} INFO - Processing /home/airflow/.local/lib/python3.9/site-packages/airflow/example_dags/tutorial_dag.py took 0.515 seconds
[2025-05-18T12:49:36.349+0000] {processor.py:161} INFO - Started process (PID=176) to work on /home/airflow/.local/lib/python3.9/site-packages/airflow/example_dags/tutorial_dag.py
[2025-05-18T12:49:36.351+0000] {processor.py:830} INFO - Processing file /home/airflow/.local/lib/python3.9/site-packages/airflow/example_dags/tutorial_dag.py for tasks to queue
[2025-05-18T12:49:36.354+0000] {logging_mixin.py:188} INFO - [2025-05-18T12:49:36.353+0000] {dagbag.py:545} INFO - Filling up the DagBag from /home/airflow/.local/lib/python3.9/site-packages/airflow/example_dags/tutorial_dag.py
[2025-05-18T12:49:36.389+0000] {processor.py:840} INFO - DAG(s) 'tutorial_dag' retrieved from /home/airflow/.local/lib/python3.9/site-packages/airflow/example_dags/tutorial_dag.py
[2025-05-18T12:49:36.773+0000] {logging_mixin.py:188} INFO - [2025-05-18T12:49:36.772+0000] {dag.py:3096} INFO - Sync 1 DAGs
[2025-05-18T12:49:37.265+0000] {logging_mixin.py:188} INFO - [2025-05-18T12:49:37.265+0000] {dag.py:3954} INFO - Setting next_dagrun for tutorial_dag to None, run_after=None
[2025-05-18T12:49:37.368+0000] {processor.py:183} INFO - Processing /home/airflow/.local/lib/python3.9/site-packages/airflow/example_dags/tutorial_dag.py took 1.054 seconds
[2025-05-18T12:50:07.985+0000] {processor.py:161} INFO - Started process (PID=242) to work on /home/airflow/.local/lib/python3.9/site-packages/airflow/example_dags/tutorial_dag.py
[2025-05-18T12:50:07.987+0000] {processor.py:830} INFO - Processing file /home/airflow/.local/lib/python3.9/site-packages/airflow/example_dags/tutorial_dag.py for tasks to queue
[2025-05-18T12:50:08.007+0000] {logging_mixin.py:188} INFO - [2025-05-18T12:50:08.006+0000] {dagbag.py:545} INFO - Filling up the DagBag from /home/airflow/.local/lib/python3.9/site-packages/airflow/example_dags/tutorial_dag.py
[2025-05-18T12:50:08.015+0000] {processor.py:840} INFO - DAG(s) 'tutorial_dag' retrieved from /home/airflow/.local/lib/python3.9/site-packages/airflow/example_dags/tutorial_dag.py
[2025-05-18T12:50:08.113+0000] {logging_mixin.py:188} INFO - [2025-05-18T12:50:08.112+0000] {dag.py:3096} INFO - Sync 1 DAGs
[2025-05-18T12:50:08.147+0000] {logging_mixin.py:188} INFO - [2025-05-18T12:50:08.147+0000] {dag.py:3954} INFO - Setting next_dagrun for tutorial_dag to None, run_after=None
[2025-05-18T12:50:08.209+0000] {processor.py:183} INFO - Processing /home/airflow/.local/lib/python3.9/site-packages/airflow/example_dags/tutorial_dag.py took 0.297 seconds
[2025-05-18T12:50:38.605+0000] {processor.py:161} INFO - Started process (PID=308) to work on /home/airflow/.local/lib/python3.9/site-packages/airflow/example_dags/tutorial_dag.py
[2025-05-18T12:50:38.607+0000] {processor.py:830} INFO - Processing file /home/airflow/.local/lib/python3.9/site-packages/airflow/example_dags/tutorial_dag.py for tasks to queue
[2025-05-18T12:50:38.610+0000] {logging_mixin.py:188} INFO - [2025-05-18T12:50:38.610+0000] {dagbag.py:545} INFO - Filling up the DagBag from /home/airflow/.local/lib/python3.9/site-packages/airflow/example_dags/tutorial_dag.py
[2025-05-18T12:50:38.619+0000] {processor.py:840} INFO - DAG(s) 'tutorial_dag' retrieved from /home/airflow/.local/lib/python3.9/site-packages/airflow/example_dags/tutorial_dag.py
[2025-05-18T12:50:38.659+0000] {logging_mixin.py:188} INFO - [2025-05-18T12:50:38.659+0000] {dag.py:3096} INFO - Sync 1 DAGs
[2025-05-18T12:50:38.682+0000] {logging_mixin.py:188} INFO - [2025-05-18T12:50:38.681+0000] {dag.py:3954} INFO - Setting next_dagrun for tutorial_dag to None, run_after=None
[2025-05-18T12:50:38.715+0000] {processor.py:183} INFO - Processing /home/airflow/.local/lib/python3.9/site-packages/airflow/example_dags/tutorial_dag.py took 0.121 seconds
[2025-05-18T12:51:08.874+0000] {processor.py:161} INFO - Started process (PID=374) to work on /home/airflow/.local/lib/python3.9/site-packages/airflow/example_dags/tutorial_dag.py
[2025-05-18T12:51:08.876+0000] {processor.py:830} INFO - Processing file /home/airflow/.local/lib/python3.9/site-packages/airflow/example_dags/tutorial_dag.py for tasks to queue
[2025-05-18T12:51:08.878+0000] {logging_mixin.py:188} INFO - [2025-05-18T12:51:08.878+0000] {dagbag.py:545} INFO - Filling up the DagBag from /home/airflow/.local/lib/python3.9/site-packages/airflow/example_dags/tutorial_dag.py
[2025-05-18T12:51:08.887+0000] {processor.py:840} INFO - DAG(s) 'tutorial_dag' retrieved from /home/airflow/.local/lib/python3.9/site-packages/airflow/example_dags/tutorial_dag.py
[2025-05-18T12:51:08.925+0000] {logging_mixin.py:188} INFO - [2025-05-18T12:51:08.924+0000] {dag.py:3096} INFO - Sync 1 DAGs
[2025-05-18T12:51:08.943+0000] {logging_mixin.py:188} INFO - [2025-05-18T12:51:08.943+0000] {dag.py:3954} INFO - Setting next_dagrun for tutorial_dag to None, run_after=None
[2025-05-18T12:51:08.971+0000] {processor.py:183} INFO - Processing /home/airflow/.local/lib/python3.9/site-packages/airflow/example_dags/tutorial_dag.py took 0.107 seconds
[2025-05-18T12:51:39.336+0000] {processor.py:161} INFO - Started process (PID=440) to work on /home/airflow/.local/lib/python3.9/site-packages/airflow/example_dags/tutorial_dag.py
[2025-05-18T12:51:39.337+0000] {processor.py:830} INFO - Processing file /home/airflow/.local/lib/python3.9/site-packages/airflow/example_dags/tutorial_dag.py for tasks to queue
[2025-05-18T12:51:39.340+0000] {logging_mixin.py:188} INFO - [2025-05-18T12:51:39.339+0000] {dagbag.py:545} INFO - Filling up the DagBag from /home/airflow/.local/lib/python3.9/site-packages/airflow/example_dags/tutorial_dag.py
[2025-05-18T12:51:39.352+0000] {processor.py:840} INFO - DAG(s) 'tutorial_dag' retrieved from /home/airflow/.local/lib/python3.9/site-packages/airflow/example_dags/tutorial_dag.py
[2025-05-18T12:51:39.406+0000] {logging_mixin.py:188} INFO - [2025-05-18T12:51:39.405+0000] {dag.py:3096} INFO - Sync 1 DAGs
[2025-05-18T12:51:39.425+0000] {logging_mixin.py:188} INFO - [2025-05-18T12:51:39.424+0000] {dag.py:3954} INFO - Setting next_dagrun for tutorial_dag to None, run_after=None
[2025-05-18T12:51:39.468+0000] {processor.py:183} INFO - Processing /home/airflow/.local/lib/python3.9/site-packages/airflow/example_dags/tutorial_dag.py took 0.159 seconds
[2025-05-18T12:52:09.674+0000] {processor.py:161} INFO - Started process (PID=506) to work on /home/airflow/.local/lib/python3.9/site-packages/airflow/example_dags/tutorial_dag.py
[2025-05-18T12:52:09.675+0000] {processor.py:830} INFO - Processing file /home/airflow/.local/lib/python3.9/site-packages/airflow/example_dags/tutorial_dag.py for tasks to queue
[2025-05-18T12:52:09.687+0000] {logging_mixin.py:188} INFO - [2025-05-18T12:52:09.686+0000] {dagbag.py:545} INFO - Filling up the DagBag from /home/airflow/.local/lib/python3.9/site-packages/airflow/example_dags/tutorial_dag.py
[2025-05-18T12:52:09.695+0000] {processor.py:840} INFO - DAG(s) 'tutorial_dag' retrieved from /home/airflow/.local/lib/python3.9/site-packages/airflow/example_dags/tutorial_dag.py
[2025-05-18T12:52:09.750+0000] {logging_mixin.py:188} INFO - [2025-05-18T12:52:09.750+0000] {dag.py:3096} INFO - Sync 1 DAGs
[2025-05-18T12:52:09.794+0000] {logging_mixin.py:188} INFO - [2025-05-18T12:52:09.793+0000] {dag.py:3954} INFO - Setting next_dagrun for tutorial_dag to None, run_after=None
[2025-05-18T12:52:09.835+0000] {processor.py:183} INFO - Processing /home/airflow/.local/lib/python3.9/site-packages/airflow/example_dags/tutorial_dag.py took 0.182 seconds
[2025-05-18T12:52:40.200+0000] {processor.py:161} INFO - Started process (PID=572) to work on /home/airflow/.local/lib/python3.9/site-packages/airflow/example_dags/tutorial_dag.py
[2025-05-18T12:52:40.201+0000] {processor.py:830} INFO - Processing file /home/airflow/.local/lib/python3.9/site-packages/airflow/example_dags/tutorial_dag.py for tasks to queue
[2025-05-18T12:52:40.204+0000] {logging_mixin.py:188} INFO - [2025-05-18T12:52:40.203+0000] {dagbag.py:545} INFO - Filling up the DagBag from /home/airflow/.local/lib/python3.9/site-packages/airflow/example_dags/tutorial_dag.py
[2025-05-18T12:52:40.212+0000] {processor.py:840} INFO - DAG(s) 'tutorial_dag' retrieved from /home/airflow/.local/lib/python3.9/site-packages/airflow/example_dags/tutorial_dag.py
[2025-05-18T12:52:40.247+0000] {logging_mixin.py:188} INFO - [2025-05-18T12:52:40.246+0000] {dag.py:3096} INFO - Sync 1 DAGs
[2025-05-18T12:52:40.267+0000] {logging_mixin.py:188} INFO - [2025-05-18T12:52:40.267+0000] {dag.py:3954} INFO - Setting next_dagrun for tutorial_dag to None, run_after=None
[2025-05-18T12:52:40.298+0000] {processor.py:183} INFO - Processing /home/airflow/.local/lib/python3.9/site-packages/airflow/example_dags/tutorial_dag.py took 0.108 seconds
[2025-05-18T12:53:11.048+0000] {processor.py:161} INFO - Started process (PID=644) to work on /home/airflow/.local/lib/python3.9/site-packages/airflow/example_dags/tutorial_dag.py
[2025-05-18T12:53:11.050+0000] {processor.py:830} INFO - Processing file /home/airflow/.local/lib/python3.9/site-packages/airflow/example_dags/tutorial_dag.py for tasks to queue
[2025-05-18T12:53:11.052+0000] {logging_mixin.py:188} INFO - [2025-05-18T12:53:11.052+0000] {dagbag.py:545} INFO - Filling up the DagBag from /home/airflow/.local/lib/python3.9/site-packages/airflow/example_dags/tutorial_dag.py
[2025-05-18T12:53:11.070+0000] {processor.py:840} INFO - DAG(s) 'tutorial_dag' retrieved from /home/airflow/.local/lib/python3.9/site-packages/airflow/example_dags/tutorial_dag.py
[2025-05-18T12:53:11.167+0000] {logging_mixin.py:188} INFO - [2025-05-18T12:53:11.166+0000] {dag.py:3096} INFO - Sync 1 DAGs
[2025-05-18T12:53:11.193+0000] {logging_mixin.py:188} INFO - [2025-05-18T12:53:11.193+0000] {dag.py:3954} INFO - Setting next_dagrun for tutorial_dag to None, run_after=None
[2025-05-18T12:53:11.265+0000] {processor.py:183} INFO - Processing /home/airflow/.local/lib/python3.9/site-packages/airflow/example_dags/tutorial_dag.py took 0.236 seconds
[2025-05-18T12:53:42.071+0000] {processor.py:161} INFO - Started process (PID=711) to work on /home/airflow/.local/lib/python3.9/site-packages/airflow/example_dags/tutorial_dag.py
[2025-05-18T12:53:42.073+0000] {processor.py:830} INFO - Processing file /home/airflow/.local/lib/python3.9/site-packages/airflow/example_dags/tutorial_dag.py for tasks to queue
[2025-05-18T12:53:42.076+0000] {logging_mixin.py:188} INFO - [2025-05-18T12:53:42.075+0000] {dagbag.py:545} INFO - Filling up the DagBag from /home/airflow/.local/lib/python3.9/site-packages/airflow/example_dags/tutorial_dag.py
[2025-05-18T12:53:42.094+0000] {processor.py:840} INFO - DAG(s) 'tutorial_dag' retrieved from /home/airflow/.local/lib/python3.9/site-packages/airflow/example_dags/tutorial_dag.py
[2025-05-18T12:53:42.155+0000] {logging_mixin.py:188} INFO - [2025-05-18T12:53:42.154+0000] {dag.py:3096} INFO - Sync 1 DAGs
[2025-05-18T12:53:42.192+0000] {logging_mixin.py:188} INFO - [2025-05-18T12:53:42.192+0000] {dag.py:3954} INFO - Setting next_dagrun for tutorial_dag to None, run_after=None
[2025-05-18T12:53:42.253+0000] {processor.py:183} INFO - Processing /home/airflow/.local/lib/python3.9/site-packages/airflow/example_dags/tutorial_dag.py took 0.203 seconds
[2025-05-18T12:54:12.424+0000] {processor.py:161} INFO - Started process (PID=778) to work on /home/airflow/.local/lib/python3.9/site-packages/airflow/example_dags/tutorial_dag.py
[2025-05-18T12:54:12.426+0000] {processor.py:830} INFO - Processing file /home/airflow/.local/lib/python3.9/site-packages/airflow/example_dags/tutorial_dag.py for tasks to queue
[2025-05-18T12:54:12.429+0000] {logging_mixin.py:188} INFO - [2025-05-18T12:54:12.428+0000] {dagbag.py:545} INFO - Filling up the DagBag from /home/airflow/.local/lib/python3.9/site-packages/airflow/example_dags/tutorial_dag.py
[2025-05-18T12:54:12.446+0000] {processor.py:840} INFO - DAG(s) 'tutorial_dag' retrieved from /home/airflow/.local/lib/python3.9/site-packages/airflow/example_dags/tutorial_dag.py
[2025-05-18T12:54:12.493+0000] {logging_mixin.py:188} INFO - [2025-05-18T12:54:12.492+0000] {dag.py:3096} INFO - Sync 1 DAGs
[2025-05-18T12:54:12.520+0000] {logging_mixin.py:188} INFO - [2025-05-18T12:54:12.519+0000] {dag.py:3954} INFO - Setting next_dagrun for tutorial_dag to None, run_after=None
[2025-05-18T12:54:12.553+0000] {processor.py:183} INFO - Processing /home/airflow/.local/lib/python3.9/site-packages/airflow/example_dags/tutorial_dag.py took 0.142 seconds
[2025-05-18T12:54:42.628+0000] {processor.py:161} INFO - Started process (PID=845) to work on /home/airflow/.local/lib/python3.9/site-packages/airflow/example_dags/tutorial_dag.py
[2025-05-18T12:54:42.630+0000] {processor.py:830} INFO - Processing file /home/airflow/.local/lib/python3.9/site-packages/airflow/example_dags/tutorial_dag.py for tasks to queue
[2025-05-18T12:54:42.632+0000] {logging_mixin.py:188} INFO - [2025-05-18T12:54:42.632+0000] {dagbag.py:545} INFO - Filling up the DagBag from /home/airflow/.local/lib/python3.9/site-packages/airflow/example_dags/tutorial_dag.py
[2025-05-18T12:54:42.640+0000] {processor.py:840} INFO - DAG(s) 'tutorial_dag' retrieved from /home/airflow/.local/lib/python3.9/site-packages/airflow/example_dags/tutorial_dag.py
[2025-05-18T12:54:42.677+0000] {logging_mixin.py:188} INFO - [2025-05-18T12:54:42.676+0000] {dag.py:3096} INFO - Sync 1 DAGs
[2025-05-18T12:54:42.698+0000] {logging_mixin.py:188} INFO - [2025-05-18T12:54:42.697+0000] {dag.py:3954} INFO - Setting next_dagrun for tutorial_dag to None, run_after=None
[2025-05-18T12:54:42.735+0000] {processor.py:183} INFO - Processing /home/airflow/.local/lib/python3.9/site-packages/airflow/example_dags/tutorial_dag.py took 0.116 seconds
[2025-05-18T12:55:12.969+0000] {processor.py:161} INFO - Started process (PID=912) to work on /home/airflow/.local/lib/python3.9/site-packages/airflow/example_dags/tutorial_dag.py
[2025-05-18T12:55:12.970+0000] {processor.py:830} INFO - Processing file /home/airflow/.local/lib/python3.9/site-packages/airflow/example_dags/tutorial_dag.py for tasks to queue
[2025-05-18T12:55:12.973+0000] {logging_mixin.py:188} INFO - [2025-05-18T12:55:12.973+0000] {dagbag.py:545} INFO - Filling up the DagBag from /home/airflow/.local/lib/python3.9/site-packages/airflow/example_dags/tutorial_dag.py
[2025-05-18T12:55:12.980+0000] {processor.py:840} INFO - DAG(s) 'tutorial_dag' retrieved from /home/airflow/.local/lib/python3.9/site-packages/airflow/example_dags/tutorial_dag.py
[2025-05-18T12:55:13.011+0000] {logging_mixin.py:188} INFO - [2025-05-18T12:55:13.010+0000] {dag.py:3096} INFO - Sync 1 DAGs
[2025-05-18T12:55:13.028+0000] {logging_mixin.py:188} INFO - [2025-05-18T12:55:13.028+0000] {dag.py:3954} INFO - Setting next_dagrun for tutorial_dag to None, run_after=None
[2025-05-18T12:55:13.054+0000] {processor.py:183} INFO - Processing /home/airflow/.local/lib/python3.9/site-packages/airflow/example_dags/tutorial_dag.py took 0.095 seconds
[2025-05-18T12:55:43.264+0000] {processor.py:161} INFO - Started process (PID=986) to work on /home/airflow/.local/lib/python3.9/site-packages/airflow/example_dags/tutorial_dag.py
[2025-05-18T12:55:43.266+0000] {processor.py:830} INFO - Processing file /home/airflow/.local/lib/python3.9/site-packages/airflow/example_dags/tutorial_dag.py for tasks to queue
[2025-05-18T12:55:43.269+0000] {logging_mixin.py:188} INFO - [2025-05-18T12:55:43.269+0000] {dagbag.py:545} INFO - Filling up the DagBag from /home/airflow/.local/lib/python3.9/site-packages/airflow/example_dags/tutorial_dag.py
[2025-05-18T12:55:43.278+0000] {processor.py:840} INFO - DAG(s) 'tutorial_dag' retrieved from /home/airflow/.local/lib/python3.9/site-packages/airflow/example_dags/tutorial_dag.py
[2025-05-18T12:55:43.350+0000] {logging_mixin.py:188} INFO - [2025-05-18T12:55:43.350+0000] {dag.py:3096} INFO - Sync 1 DAGs
[2025-05-18T12:55:43.378+0000] {logging_mixin.py:188} INFO - [2025-05-18T12:55:43.378+0000] {dag.py:3954} INFO - Setting next_dagrun for tutorial_dag to None, run_after=None
[2025-05-18T12:55:43.436+0000] {processor.py:183} INFO - Processing /home/airflow/.local/lib/python3.9/site-packages/airflow/example_dags/tutorial_dag.py took 0.190 seconds
[2025-05-18T12:56:14.215+0000] {processor.py:161} INFO - Started process (PID=1053) to work on /home/airflow/.local/lib/python3.9/site-packages/airflow/example_dags/tutorial_dag.py
[2025-05-18T12:56:14.225+0000] {processor.py:830} INFO - Processing file /home/airflow/.local/lib/python3.9/site-packages/airflow/example_dags/tutorial_dag.py for tasks to queue
[2025-05-18T12:56:14.228+0000] {logging_mixin.py:188} INFO - [2025-05-18T12:56:14.227+0000] {dagbag.py:545} INFO - Filling up the DagBag from /home/airflow/.local/lib/python3.9/site-packages/airflow/example_dags/tutorial_dag.py
[2025-05-18T12:56:14.244+0000] {processor.py:840} INFO - DAG(s) 'tutorial_dag' retrieved from /home/airflow/.local/lib/python3.9/site-packages/airflow/example_dags/tutorial_dag.py
[2025-05-18T12:56:14.295+0000] {logging_mixin.py:188} INFO - [2025-05-18T12:56:14.294+0000] {dag.py:3096} INFO - Sync 1 DAGs
[2025-05-18T12:56:14.325+0000] {logging_mixin.py:188} INFO - [2025-05-18T12:56:14.325+0000] {dag.py:3954} INFO - Setting next_dagrun for tutorial_dag to None, run_after=None
[2025-05-18T12:56:14.372+0000] {processor.py:183} INFO - Processing /home/airflow/.local/lib/python3.9/site-packages/airflow/example_dags/tutorial_dag.py took 0.167 seconds
